+ oIFS=' 	
'
+ for xitem in "${@}"
+ IFS==
+ read -r key value
++ echo -e --search=10.10.10.10
++ sed -e '1s|^\(-\)\{1,\}||'
+ [[ search =~ ^(search|s)$ ]]
+ local target_pattern=10.10.10.10
+ [[ search =~ ^(source|o)$ ]]
+ [[ search =~ ^(target|t)$ ]]
+ [[ search =~ ^(logger|l)$ ]]
+ [[ search == \d\e\b\u\g ]]
+ [[ search == \d\r\y\-\r\u\n ]]
+ [[ search == \v\e\r\b\o\s\e ]]
+ for xitem in "${@}"
+ IFS==
+ read -r key value
++ echo -e '--source=object-group network MGMT-ACCESS--ZGV2b3BzLXJlc291cmNlcy5zaGVsbA--  description Management objects--ZGV2b3BzLXJlc291cmNlcy5zaGVsbA--  network-object host 192.168.0.1--ZGV2b3BzLXJlc291cmNlcy5zaGVsbA--  network-object host 192.168.0.100--ZGV2b3BzLXJlc291cmNlcy5zaGVsbA--  network-object host 10.10.10.10'
++ sed -e '1s|^\(-\)\{1,\}||'
+ [[ source =~ ^(search|s)$ ]]
+ [[ source =~ ^(source|o)$ ]]
+ local 'source_object=object-group network MGMT-ACCESS--ZGV2b3BzLXJlc291cmNlcy5zaGVsbA--  description Management objects--ZGV2b3BzLXJlc291cmNlcy5zaGVsbA--  network-object host 192.168.0.1--ZGV2b3BzLXJlc291cmNlcy5zaGVsbA--  network-object host 192.168.0.100--ZGV2b3BzLXJlc291cmNlcy5zaGVsbA--  network-object host 10.10.10.10'
+ [[ source =~ ^(target|t)$ ]]
+ [[ source =~ ^(logger|l)$ ]]
+ [[ source == \d\e\b\u\g ]]
+ [[ source == \d\r\y\-\r\u\n ]]
+ [[ source == \v\e\r\b\o\s\e ]]
+ for xitem in "${@}"
+ IFS==
+ read -r key value
++ echo -e --target=/var/folders/vp/4k9xy96d7zx8lhmgrr4khsj80000gn/T/tmp.90hwuJyGl8/access-sw1-west.list.objects
++ sed -e '1s|^\(-\)\{1,\}||'
+ [[ target =~ ^(search|s)$ ]]
+ [[ target =~ ^(source|o)$ ]]
+ [[ target =~ ^(target|t)$ ]]
+ local target_object=/var/folders/vp/4k9xy96d7zx8lhmgrr4khsj80000gn/T/tmp.90hwuJyGl8/access-sw1-west.list.objects
+ [[ target =~ ^(logger|l)$ ]]
+ [[ target == \d\e\b\u\g ]]
+ [[ target == \d\r\y\-\r\u\n ]]
+ [[ target == \v\e\r\b\o\s\e ]]
+ for xitem in "${@}"
+ IFS==
+ read -r key value
++ echo -e --logger=/var/folders/vp/4k9xy96d7zx8lhmgrr4khsj80000gn/T/tmp.90hwuJyGl8/configs-obj2json--10.10.10.10--cisco--access-sw1-west.console
++ sed -e '1s|^\(-\)\{1,\}||'
+ [[ logger =~ ^(search|s)$ ]]
+ [[ logger =~ ^(source|o)$ ]]
+ [[ logger =~ ^(target|t)$ ]]
+ [[ logger =~ ^(logger|l)$ ]]
+ local target_console=/var/folders/vp/4k9xy96d7zx8lhmgrr4khsj80000gn/T/tmp.90hwuJyGl8/configs-obj2json--10.10.10.10--cisco--access-sw1-west.console
+ [[ logger == \d\e\b\u\g ]]
+ [[ logger == \d\r\y\-\r\u\n ]]
+ [[ logger == \v\e\r\b\o\s\e ]]
+ IFS=' 	
'
+ [[ -z true ]]
+ [[ -z false ]]
+ [[ -z true ]]
+ local target_console=console/configs-obj2json.console
+ mapfile -t restored_block
++ printf '%s\n' 'object-group network MGMT-ACCESS
  description Management objects
  network-object host 192.168.0.1
  network-object host 192.168.0.100
  network-object host 10.10.10.10'
+ local 'object_header=object-group network MGMT-ACCESS'
+ local object_keyword type_value partner_value
+ read -a header_tokens
+ object_keyword=object-group
+ [[ object-group == \c\o\n\f\i\g ]]
+ ((  3 == 3  ))
+ type_value=network
+ partner_value=MGMT-ACCESS
+ data_sets=()
+ local -a data_sets
+ local description_value=false
+ for line in "${restored_block[@]}"
++ sed -E 's/^[[:space:]]*//;s/[[:space:]]*$//'
+ local 'trimmed=object-group network MGMT-ACCESS'
+ [[ -z object-group network MGMT-ACCESS ]]
+ [[ object-group network mgmt-access =~ ^description[[:space:]] ]]
+ [[ object-group network mgmt-access =~ ^edit[[:space:]]+".+" ]]
+ [[ object-group network mgmt-access =~ ^set[[:space:]]+comment[[:space:]] ]]
+ [[ object-group network mgmt-access == \n\e\x\t ]]
+ [[ object-group network mgmt-access == \e\n\d ]]
+ data_sets+=("${trimmed}")
+ for line in "${restored_block[@]}"
++ sed -E 's/^[[:space:]]*//;s/[[:space:]]*$//'
+ local 'trimmed=description Management objects'
+ [[ -z description Management objects ]]
+ [[ description management objects =~ ^description[[:space:]] ]]
++ sed -E 's/^description[[:space:]]+//'
+ description_value='Management objects'
+ continue
+ for line in "${restored_block[@]}"
++ sed -E 's/^[[:space:]]*//;s/[[:space:]]*$//'
+ local 'trimmed=network-object host 192.168.0.1'
+ [[ -z network-object host 192.168.0.1 ]]
+ [[ network-object host 192.168.0.1 =~ ^description[[:space:]] ]]
+ [[ network-object host 192.168.0.1 =~ ^edit[[:space:]]+".+" ]]
+ [[ network-object host 192.168.0.1 =~ ^set[[:space:]]+comment[[:space:]] ]]
+ [[ network-object host 192.168.0.1 == \n\e\x\t ]]
+ [[ network-object host 192.168.0.1 == \e\n\d ]]
+ data_sets+=("${trimmed}")
+ for line in "${restored_block[@]}"
++ sed -E 's/^[[:space:]]*//;s/[[:space:]]*$//'
+ local 'trimmed=network-object host 192.168.0.100'
+ [[ -z network-object host 192.168.0.100 ]]
+ [[ network-object host 192.168.0.100 =~ ^description[[:space:]] ]]
+ [[ network-object host 192.168.0.100 =~ ^edit[[:space:]]+".+" ]]
+ [[ network-object host 192.168.0.100 =~ ^set[[:space:]]+comment[[:space:]] ]]
+ [[ network-object host 192.168.0.100 == \n\e\x\t ]]
+ [[ network-object host 192.168.0.100 == \e\n\d ]]
+ data_sets+=("${trimmed}")
+ for line in "${restored_block[@]}"
++ sed -E 's/^[[:space:]]*//;s/[[:space:]]*$//'
+ local 'trimmed=network-object host 10.10.10.10'
+ [[ -z network-object host 10.10.10.10 ]]
+ [[ network-object host 10.10.10.10 =~ ^description[[:space:]] ]]
+ [[ network-object host 10.10.10.10 =~ ^edit[[:space:]]+".+" ]]
+ [[ network-object host 10.10.10.10 =~ ^set[[:space:]]+comment[[:space:]] ]]
+ [[ network-object host 10.10.10.10 == \n\e\x\t ]]
+ [[ network-object host 10.10.10.10 == \e\n\d ]]
+ data_sets+=("${trimmed}")
+ [[ object-group network MGMT-ACCESS == \o\b\j\e\c\t\-\g\r\o\u\p\ \n\e\t\w\o\r\k\ \M\G\M\T\-\A\C\C\E\S\S ]]
+ data_sets=("${data_sets[@]:1}")
+ items=()
+ local -a items
+ others=()
+ local -a others
+ for line in "${data_sets[@]}"
+ grep -Eq '(^|[^0-9.])10\.10\.10\.10([^0-9.]|$)'
+ others+=("$(sed -E 's/^[[:space:]]+//;s/[[:space:]]+$//' <<< "${line}")")
++ sed -E 's/^[[:space:]]+//;s/[[:space:]]+$//'
+ for line in "${data_sets[@]}"
+ grep -Eq '(^|[^0-9.])10\.10\.10\.10([^0-9.]|$)'
+ others+=("$(sed -E 's/^[[:space:]]+//;s/[[:space:]]+$//' <<< "${line}")")
++ sed -E 's/^[[:space:]]+//;s/[[:space:]]+$//'
+ for line in "${data_sets[@]}"
+ grep -Eq '(^|[^0-9.])10\.10\.10\.10([^0-9.]|$)'
+ items+=("$(sed -E 's/^[[:space:]]+//;s/[[:space:]]+$//' <<< "${line}")")
++ sed -E 's/^[[:space:]]+//;s/[[:space:]]+$//'
++ printf '%s\n' 'network-object host 10.10.10.10'
++ jq -R .
++ jq --slurp .
+ local 'items_json=[
  "network-object host 10.10.10.10"
]'
++ printf '%s\n' 'network-object host 192.168.0.1' 'network-object host 192.168.0.100'
++ sed '/^[[:space:]]*$/d'
++ jq -R .
++ jq --slurp .
+ local 'others_json=[
  "network-object host 192.168.0.1",
  "network-object host 192.168.0.100"
]'
+ local group_value=Unclassified
+ [[ true == true ]]
+ local object_key
++ awk '{print $NF}'
++ sed -E 's/[[:punct:]]*$//'
+ object_key=network
++ jq -r --arg key network 'map( select( .match[]? | contains( $key ) ) ) | .[0].group'
+ group_value=null
+ [[ -z null ]]
+ [[ null == \n\u\l\l ]]
++ jq -r --arg desc 'Management objects' 'map( select( .match[]? == $desc ) ) | .[0].group'
+ group_value=null
+ [[ -z null ]]
+ [[ null == \n\u\l\l ]]
+ group_value=Unclassified
++ jq -n --arg object object-group --arg type network --arg partner MGMT-ACCESS --arg description 'Management objects' --argjson items '[
  "network-object host 10.10.10.10"
]' --argjson others '[
  "network-object host 192.168.0.1",
  "network-object host 192.168.0.100"
]' --arg group Unclassified '{
          object: $object,
          type: ( $type // false ),
          partner: ( $partner | select(. != "" and . != "null" and . != "false") // false ),
          description: ( $description | select(. != "" and . != "null" and . != "false") // false ),
          items: $items,
          others: $others,
          group: $group
        }'
+ local 'target_json={
  "object": "object-group",
  "type": "network",
  "partner": "MGMT-ACCESS",
  "description": "Management objects",
  "items": [
    "network-object host 10.10.10.10"
  ],
  "others": [
    "network-object host 192.168.0.1",
    "network-object host 192.168.0.100"
  ],
  "group": "Unclassified"
}'
+ [[ true == true ]]
+ newline
+ local count=1
+ (( i = 0 ))
+ (( i < count ))
+ echo
+ (( i++ ))
+ (( i < count ))
+ for object in "${restored_block[@]}"
+ message 'object-group network MGMT-ACCESS'
+ [[ -n object-group network MGMT-ACCESS ]]
+ local 'message=object-group network MGMT-ACCESS'
+ echo -e 'object-group network MGMT-ACCESS'
+ for object in "${restored_block[@]}"
+ message '  description Management objects'
+ [[ -n   description Management objects ]]
+ local 'message=  description Management objects'
+ echo -e '  description Management objects'
+ for object in "${restored_block[@]}"
+ message '  network-object host 192.168.0.1'
+ [[ -n   network-object host 192.168.0.1 ]]
+ local 'message=  network-object host 192.168.0.1'
+ echo -e '  network-object host 192.168.0.1'
+ for object in "${restored_block[@]}"
+ message '  network-object host 192.168.0.100'
+ [[ -n   network-object host 192.168.0.100 ]]
+ local 'message=  network-object host 192.168.0.100'
+ echo -e '  network-object host 192.168.0.100'
+ for object in "${restored_block[@]}"
+ message '  network-object host 10.10.10.10'
+ [[ -n   network-object host 10.10.10.10 ]]
+ local 'message=  network-object host 10.10.10.10'
+ echo -e '  network-object host 10.10.10.10'
+ newline
+ local count=1
+ (( i = 0 ))
+ (( i < count ))
+ echo
+ (( i++ ))
+ (( i < count ))
+ message 'JSON Object (output):'
+ [[ -n JSON Object (output): ]]
+ local 'message=JSON Object (output):'
+ echo -e 'JSON Object (output):'
+ jq -r .
+ [[ -n {
  "object": "object-group",
  "type": "network",
  "partner": "MGMT-ACCESS",
  "description": "Management objects",
  "items": [
    "network-object host 10.10.10.10"
  ],
  "others": [
    "network-object host 192.168.0.1",
    "network-object host 192.168.0.100"
  ],
  "group": "Unclassified"
} ]]
+ jq -r .
+ cat -n /var/folders/vp/4k9xy96d7zx8lhmgrr4khsj80000gn/T/tmp.90hwuJyGl8/access-sw1-west.list.objects
     1	{
     2	  "object": "object-group",
     3	  "type": "network",
     4	  "partner": "MGMT-ACCESS",
     5	  "description": "Management objects",
     6	  "items": [
     7	    "network-object host 10.10.10.10"
     8	  ],
     9	  "others": [
    10	    "network-object host 192.168.0.1",
    11	    "network-object host 192.168.0.100"
    12	  ],
    13	  "group": "Unclassified"
    14	}
+ return 0
+ oIFS=' 	
'
+ for xitem in "${@}"
+ IFS==
+ read -r key value
++ echo -e --search=10.10.10.10
++ sed -e '1s|^\(-\)\{1,\}||'
+ [[ search =~ ^(search|s)$ ]]
+ local target_pattern=10.10.10.10
+ [[ search =~ ^(source|o)$ ]]
+ [[ search =~ ^(target|t)$ ]]
+ [[ search =~ ^(logger|l)$ ]]
+ [[ search == \d\e\b\u\g ]]
+ [[ search == \d\r\y\-\r\u\n ]]
+ [[ search == \v\e\r\b\o\s\e ]]
+ for xitem in "${@}"
+ IFS==
+ read -r key value
++ echo -e '--source=object-group network Mutant-WiFi--ZGV2b3BzLXJlc291cmNlcy5zaGVsbA--  description Controlled guest devices--ZGV2b3BzLXJlc291cmNlcy5zaGVsbA--  network-object host 10.10.10.10'
++ sed -e '1s|^\(-\)\{1,\}||'
+ [[ source =~ ^(search|s)$ ]]
+ [[ source =~ ^(source|o)$ ]]
+ local 'source_object=object-group network Mutant-WiFi--ZGV2b3BzLXJlc291cmNlcy5zaGVsbA--  description Controlled guest devices--ZGV2b3BzLXJlc291cmNlcy5zaGVsbA--  network-object host 10.10.10.10'
+ [[ source =~ ^(target|t)$ ]]
+ [[ source =~ ^(logger|l)$ ]]
+ [[ source == \d\e\b\u\g ]]
+ [[ source == \d\r\y\-\r\u\n ]]
+ [[ source == \v\e\r\b\o\s\e ]]
+ for xitem in "${@}"
+ IFS==
+ read -r key value
++ echo -e --target=/var/folders/vp/4k9xy96d7zx8lhmgrr4khsj80000gn/T/tmp.90hwuJyGl8/access-sw1-west.list.objects
++ sed -e '1s|^\(-\)\{1,\}||'
+ [[ target =~ ^(search|s)$ ]]
+ [[ target =~ ^(source|o)$ ]]
+ [[ target =~ ^(target|t)$ ]]
+ local target_object=/var/folders/vp/4k9xy96d7zx8lhmgrr4khsj80000gn/T/tmp.90hwuJyGl8/access-sw1-west.list.objects
+ [[ target =~ ^(logger|l)$ ]]
+ [[ target == \d\e\b\u\g ]]
+ [[ target == \d\r\y\-\r\u\n ]]
+ [[ target == \v\e\r\b\o\s\e ]]
+ for xitem in "${@}"
+ IFS==
+ read -r key value
++ echo -e --logger=/var/folders/vp/4k9xy96d7zx8lhmgrr4khsj80000gn/T/tmp.90hwuJyGl8/configs-obj2json--10.10.10.10--cisco--access-sw1-west.console
++ sed -e '1s|^\(-\)\{1,\}||'
+ [[ logger =~ ^(search|s)$ ]]
+ [[ logger =~ ^(source|o)$ ]]
+ [[ logger =~ ^(target|t)$ ]]
+ [[ logger =~ ^(logger|l)$ ]]
+ local target_console=/var/folders/vp/4k9xy96d7zx8lhmgrr4khsj80000gn/T/tmp.90hwuJyGl8/configs-obj2json--10.10.10.10--cisco--access-sw1-west.console
+ [[ logger == \d\e\b\u\g ]]
+ [[ logger == \d\r\y\-\r\u\n ]]
+ [[ logger == \v\e\r\b\o\s\e ]]
+ IFS=' 	
'
+ [[ -z true ]]
+ [[ -z false ]]
+ [[ -z true ]]
+ local target_console=console/configs-obj2json.console
+ mapfile -t restored_block
++ printf '%s\n' 'object-group network Mutant-WiFi
  description Controlled guest devices
  network-object host 10.10.10.10'
+ local 'object_header=object-group network Mutant-WiFi'
+ local object_keyword type_value partner_value
+ read -a header_tokens
+ object_keyword=object-group
+ [[ object-group == \c\o\n\f\i\g ]]
+ ((  3 == 3  ))
+ type_value=network
+ partner_value=Mutant-WiFi
+ data_sets=()
+ local -a data_sets
+ local description_value=false
+ for line in "${restored_block[@]}"
++ sed -E 's/^[[:space:]]*//;s/[[:space:]]*$//'
+ local 'trimmed=object-group network Mutant-WiFi'
+ [[ -z object-group network Mutant-WiFi ]]
+ [[ object-group network mutant-wifi =~ ^description[[:space:]] ]]
+ [[ object-group network mutant-wifi =~ ^edit[[:space:]]+".+" ]]
+ [[ object-group network mutant-wifi =~ ^set[[:space:]]+comment[[:space:]] ]]
+ [[ object-group network mutant-wifi == \n\e\x\t ]]
+ [[ object-group network mutant-wifi == \e\n\d ]]
+ data_sets+=("${trimmed}")
+ for line in "${restored_block[@]}"
++ sed -E 's/^[[:space:]]*//;s/[[:space:]]*$//'
+ local 'trimmed=description Controlled guest devices'
+ [[ -z description Controlled guest devices ]]
+ [[ description controlled guest devices =~ ^description[[:space:]] ]]
++ sed -E 's/^description[[:space:]]+//'
+ description_value='Controlled guest devices'
+ continue
+ for line in "${restored_block[@]}"
++ sed -E 's/^[[:space:]]*//;s/[[:space:]]*$//'
+ local 'trimmed=network-object host 10.10.10.10'
+ [[ -z network-object host 10.10.10.10 ]]
+ [[ network-object host 10.10.10.10 =~ ^description[[:space:]] ]]
+ [[ network-object host 10.10.10.10 =~ ^edit[[:space:]]+".+" ]]
+ [[ network-object host 10.10.10.10 =~ ^set[[:space:]]+comment[[:space:]] ]]
+ [[ network-object host 10.10.10.10 == \n\e\x\t ]]
+ [[ network-object host 10.10.10.10 == \e\n\d ]]
+ data_sets+=("${trimmed}")
+ [[ object-group network Mutant-WiFi == \o\b\j\e\c\t\-\g\r\o\u\p\ \n\e\t\w\o\r\k\ \M\u\t\a\n\t\-\W\i\F\i ]]
+ data_sets=("${data_sets[@]:1}")
+ items=()
+ local -a items
+ others=()
+ local -a others
+ for line in "${data_sets[@]}"
+ grep -Eq '(^|[^0-9.])10\.10\.10\.10([^0-9.]|$)'
+ items+=("$(sed -E 's/^[[:space:]]+//;s/[[:space:]]+$//' <<< "${line}")")
++ sed -E 's/^[[:space:]]+//;s/[[:space:]]+$//'
++ printf '%s\n' 'network-object host 10.10.10.10'
++ jq -R .
++ jq --slurp .
+ local 'items_json=[
  "network-object host 10.10.10.10"
]'
++ printf '%s\n'
++ sed '/^[[:space:]]*$/d'
++ jq -R .
++ jq --slurp .
+ local 'others_json=[]'
+ local group_value=Unclassified
+ [[ true == true ]]
+ local object_key
++ awk '{print $NF}'
++ sed -E 's/[[:punct:]]*$//'
+ object_key=network
++ jq -r --arg key network 'map( select( .match[]? | contains( $key ) ) ) | .[0].group'
+ group_value=null
+ [[ -z null ]]
+ [[ null == \n\u\l\l ]]
++ jq -r --arg desc 'Controlled guest devices' 'map( select( .match[]? == $desc ) ) | .[0].group'
+ group_value=null
+ [[ -z null ]]
+ [[ null == \n\u\l\l ]]
+ group_value=Unclassified
++ jq -n --arg object object-group --arg type network --arg partner Mutant-WiFi --arg description 'Controlled guest devices' --argjson items '[
  "network-object host 10.10.10.10"
]' --argjson others '[]' --arg group Unclassified '{
          object: $object,
          type: ( $type // false ),
          partner: ( $partner | select(. != "" and . != "null" and . != "false") // false ),
          description: ( $description | select(. != "" and . != "null" and . != "false") // false ),
          items: $items,
          others: $others,
          group: $group
        }'
+ local 'target_json={
  "object": "object-group",
  "type": "network",
  "partner": "Mutant-WiFi",
  "description": "Controlled guest devices",
  "items": [
    "network-object host 10.10.10.10"
  ],
  "others": [],
  "group": "Unclassified"
}'
+ [[ true == true ]]
+ newline
+ local count=1
+ (( i = 0 ))
+ (( i < count ))
+ echo
+ (( i++ ))
+ (( i < count ))
+ for object in "${restored_block[@]}"
+ message 'object-group network Mutant-WiFi'
+ [[ -n object-group network Mutant-WiFi ]]
+ local 'message=object-group network Mutant-WiFi'
+ echo -e 'object-group network Mutant-WiFi'
+ for object in "${restored_block[@]}"
+ message '  description Controlled guest devices'
+ [[ -n   description Controlled guest devices ]]
+ local 'message=  description Controlled guest devices'
+ echo -e '  description Controlled guest devices'
+ for object in "${restored_block[@]}"
+ message '  network-object host 10.10.10.10'
+ [[ -n   network-object host 10.10.10.10 ]]
+ local 'message=  network-object host 10.10.10.10'
+ echo -e '  network-object host 10.10.10.10'
+ newline
+ local count=1
+ (( i = 0 ))
+ (( i < count ))
+ echo
+ (( i++ ))
+ (( i < count ))
+ message 'JSON Object (output):'
+ [[ -n JSON Object (output): ]]
+ local 'message=JSON Object (output):'
+ echo -e 'JSON Object (output):'
+ jq -r .
+ [[ -n {
  "object": "object-group",
  "type": "network",
  "partner": "Mutant-WiFi",
  "description": "Controlled guest devices",
  "items": [
    "network-object host 10.10.10.10"
  ],
  "others": [],
  "group": "Unclassified"
} ]]
+ jq -r .
+ cat -n /var/folders/vp/4k9xy96d7zx8lhmgrr4khsj80000gn/T/tmp.90hwuJyGl8/access-sw1-west.list.objects
     1	{
     2	  "object": "object-group",
     3	  "type": "network",
     4	  "partner": "MGMT-ACCESS",
     5	  "description": "Management objects",
     6	  "items": [
     7	    "network-object host 10.10.10.10"
     8	  ],
     9	  "others": [
    10	    "network-object host 192.168.0.1",
    11	    "network-object host 192.168.0.100"
    12	  ],
    13	  "group": "Unclassified"
    14	}
    15	{
    16	  "object": "interface",
    17	  "type": "Vlan1",
    18	  "partner": false,
    19	  "description": "Management Interface",
    20	  "items": [
    21	    "ip address 192.168.0.1 255.255.255.0"
    22	  ],
    23	  "others": [],
    24	  "group": "Business-Unit-Networks"
    25	}
    26	{
    27	  "object": "object-group",
    28	  "type": "network",
    29	  "partner": "Mutant-WiFi",
    30	  "description": "Controlled guest devices",
    31	  "items": [
    32	    "network-object host 10.10.10.10"
    33	  ],
    34	  "others": [],
    35	  "group": "Unclassified"
    36	}
+ return 0
