+ oIFS=' 	
'
+ for xitem in "${@}"
+ IFS==
+ read -r key value
++ echo -e --search=10.10.10.10
++ sed -e '1s|^\(-\)\{1,\}||'
+ [[ search =~ ^(search|s)$ ]]
+ local target_pattern=10.10.10.10
+ [[ search =~ ^(source|o)$ ]]
+ [[ search =~ ^(target|t)$ ]]
+ [[ search =~ ^(logger|l)$ ]]
+ [[ search == \d\e\b\u\g ]]
+ [[ search == \d\r\y\-\r\u\n ]]
+ [[ search == \v\e\r\b\o\s\e ]]
+ for xitem in "${@}"
+ IFS==
+ read -r key value
++ echo -e '--source=interface GigabitEthernet0/0--ZGV2b3BzLXJlc291cmNlcy5zaGVsbA--  nameif guest--ZGV2b3BzLXJlc291cmNlcy5zaGVsbA--  ip address 10.10.10.10 255.255.255.0--ZGV2b3BzLXJlc291cmNlcy5zaGVsbA--  description Guest access interface'
++ sed -e '1s|^\(-\)\{1,\}||'
+ [[ source =~ ^(search|s)$ ]]
+ [[ source =~ ^(source|o)$ ]]
+ local 'source_object=interface GigabitEthernet0/0--ZGV2b3BzLXJlc291cmNlcy5zaGVsbA--  nameif guest--ZGV2b3BzLXJlc291cmNlcy5zaGVsbA--  ip address 10.10.10.10 255.255.255.0--ZGV2b3BzLXJlc291cmNlcy5zaGVsbA--  description Guest access interface'
+ [[ source =~ ^(target|t)$ ]]
+ [[ source =~ ^(logger|l)$ ]]
+ [[ source == \d\e\b\u\g ]]
+ [[ source == \d\r\y\-\r\u\n ]]
+ [[ source == \v\e\r\b\o\s\e ]]
+ for xitem in "${@}"
+ IFS==
+ read -r key value
++ echo -e --target=/var/folders/vp/4k9xy96d7zx8lhmgrr4khsj80000gn/T/tmp.CiEK7yRWrn/dmz-fw2-backup.list.objects
++ sed -e '1s|^\(-\)\{1,\}||'
+ [[ target =~ ^(search|s)$ ]]
+ [[ target =~ ^(source|o)$ ]]
+ [[ target =~ ^(target|t)$ ]]
+ local target_object=/var/folders/vp/4k9xy96d7zx8lhmgrr4khsj80000gn/T/tmp.CiEK7yRWrn/dmz-fw2-backup.list.objects
+ [[ target =~ ^(logger|l)$ ]]
+ [[ target == \d\e\b\u\g ]]
+ [[ target == \d\r\y\-\r\u\n ]]
+ [[ target == \v\e\r\b\o\s\e ]]
+ for xitem in "${@}"
+ IFS==
+ read -r key value
++ echo -e --logger=/var/folders/vp/4k9xy96d7zx8lhmgrr4khsj80000gn/T/tmp.CiEK7yRWrn/configs-obj2json--10.10.10.10--cisco--dmz-fw2-backup.console
++ sed -e '1s|^\(-\)\{1,\}||'
+ [[ logger =~ ^(search|s)$ ]]
+ [[ logger =~ ^(source|o)$ ]]
+ [[ logger =~ ^(target|t)$ ]]
+ [[ logger =~ ^(logger|l)$ ]]
+ local target_console=/var/folders/vp/4k9xy96d7zx8lhmgrr4khsj80000gn/T/tmp.CiEK7yRWrn/configs-obj2json--10.10.10.10--cisco--dmz-fw2-backup.console
+ [[ logger == \d\e\b\u\g ]]
+ [[ logger == \d\r\y\-\r\u\n ]]
+ [[ logger == \v\e\r\b\o\s\e ]]
+ IFS=' 	
'
+ [[ -z true ]]
+ [[ -z false ]]
+ [[ -z true ]]
+ local target_console=console/configs-obj2json.console
+ mapfile -t restored_block
++ printf '%s\n' 'interface GigabitEthernet0/0
  nameif guest
  ip address 10.10.10.10 255.255.255.0
  description Guest access interface'
+ local 'object_header=interface GigabitEthernet0/0'
+ local object_keyword type_value partner_value
+ read -a header_tokens
+ object_keyword=interface
+ [[ interface == \c\o\n\f\i\g ]]
+ ((  2 == 3  ))
+ ((  2 > 3  ))
+ type_value=GigabitEthernet0/0
+ partner_value=false
+ data_sets=()
+ local -a data_sets
+ local description_value=false
+ for line in "${restored_block[@]}"
++ sed -E 's/^[[:space:]]*//;s/[[:space:]]*$//'
+ local 'trimmed=interface GigabitEthernet0/0'
+ [[ -z interface GigabitEthernet0/0 ]]
+ [[ interface gigabitethernet0/0 =~ ^description[[:space:]] ]]
+ [[ interface gigabitethernet0/0 =~ ^edit[[:space:]]+".+" ]]
+ [[ interface gigabitethernet0/0 =~ ^set[[:space:]]+comment[[:space:]] ]]
+ [[ interface gigabitethernet0/0 == \n\e\x\t ]]
+ [[ interface gigabitethernet0/0 == \e\n\d ]]
+ data_sets+=("${trimmed}")
+ for line in "${restored_block[@]}"
++ sed -E 's/^[[:space:]]*//;s/[[:space:]]*$//'
+ local 'trimmed=nameif guest'
+ [[ -z nameif guest ]]
+ [[ nameif guest =~ ^description[[:space:]] ]]
+ [[ nameif guest =~ ^edit[[:space:]]+".+" ]]
+ [[ nameif guest =~ ^set[[:space:]]+comment[[:space:]] ]]
+ [[ nameif guest == \n\e\x\t ]]
+ [[ nameif guest == \e\n\d ]]
+ data_sets+=("${trimmed}")
+ for line in "${restored_block[@]}"
++ sed -E 's/^[[:space:]]*//;s/[[:space:]]*$//'
+ local 'trimmed=ip address 10.10.10.10 255.255.255.0'
+ [[ -z ip address 10.10.10.10 255.255.255.0 ]]
+ [[ ip address 10.10.10.10 255.255.255.0 =~ ^description[[:space:]] ]]
+ [[ ip address 10.10.10.10 255.255.255.0 =~ ^edit[[:space:]]+".+" ]]
+ [[ ip address 10.10.10.10 255.255.255.0 =~ ^set[[:space:]]+comment[[:space:]] ]]
+ [[ ip address 10.10.10.10 255.255.255.0 == \n\e\x\t ]]
+ [[ ip address 10.10.10.10 255.255.255.0 == \e\n\d ]]
+ data_sets+=("${trimmed}")
+ for line in "${restored_block[@]}"
++ sed -E 's/^[[:space:]]*//;s/[[:space:]]*$//'
+ local 'trimmed=description Guest access interface'
+ [[ -z description Guest access interface ]]
+ [[ description guest access interface =~ ^description[[:space:]] ]]
++ sed -E 's/^description[[:space:]]+//'
+ description_value='Guest access interface'
+ continue
+ [[ interface GigabitEthernet0/0 == \i\n\t\e\r\f\a\c\e\ \G\i\g\a\b\i\t\E\t\h\e\r\n\e\t\0\/\0 ]]
+ data_sets=("${data_sets[@]:1}")
+ items=()
+ local -a items
+ others=()
+ local -a others
+ for line in "${data_sets[@]}"
+ grep -Eq '(^|[^0-9.])10\.10\.10\.10([^0-9.]|$)'
+ others+=("$(sed -E 's/^[[:space:]]+//;s/[[:space:]]+$//' <<< "${line}")")
++ sed -E 's/^[[:space:]]+//;s/[[:space:]]+$//'
+ for line in "${data_sets[@]}"
+ grep -Eq '(^|[^0-9.])10\.10\.10\.10([^0-9.]|$)'
+ items+=("$(sed -E 's/^[[:space:]]+//;s/[[:space:]]+$//' <<< "${line}")")
++ sed -E 's/^[[:space:]]+//;s/[[:space:]]+$//'
++ printf '%s\n' 'ip address 10.10.10.10 255.255.255.0'
++ jq -R .
++ jq --slurp .
+ local 'items_json=[
  "ip address 10.10.10.10 255.255.255.0"
]'
++ printf '%s\n' 'nameif guest'
++ sed '/^[[:space:]]*$/d'
++ jq -R .
++ jq --slurp .
+ local 'others_json=[
  "nameif guest"
]'
+ local group_value=Unclassified
+ [[ true == true ]]
+ local object_key
++ awk '{print $NF}'
++ sed -E 's/[[:punct:]]*$//'
+ object_key=GigabitEthernet0/0
++ jq -r --arg key GigabitEthernet0/0 'map( select( .match[]? | contains( $key ) ) ) | .[0].group'
+ group_value=null
+ [[ -z null ]]
+ [[ null == \n\u\l\l ]]
++ jq -r --arg desc 'Guest access interface' 'map( select( .match[]? == $desc ) ) | .[0].group'
+ group_value=null
+ [[ -z null ]]
+ [[ null == \n\u\l\l ]]
+ group_value=Unclassified
++ jq -n --arg object interface --arg type GigabitEthernet0/0 --arg partner false --arg description 'Guest access interface' --argjson items '[
  "ip address 10.10.10.10 255.255.255.0"
]' --argjson others '[
  "nameif guest"
]' --arg group Unclassified '{
          object: $object,
          type: ( $type // false ),
          partner: ( $partner | select(. != "" and . != "null" and . != "false") // false ),
          description: ( $description | select(. != "" and . != "null" and . != "false") // false ),
          items: $items,
          others: $others,
          group: $group
        }'
+ local 'target_json={
  "object": "interface",
  "type": "GigabitEthernet0/0",
  "partner": false,
  "description": "Guest access interface",
  "items": [
    "ip address 10.10.10.10 255.255.255.0"
  ],
  "others": [
    "nameif guest"
  ],
  "group": "Unclassified"
}'
+ [[ true == true ]]
+ newline
+ local count=1
+ (( i = 0 ))
+ (( i < count ))
+ echo
+ (( i++ ))
+ (( i < count ))
+ for object in "${restored_block[@]}"
+ message 'interface GigabitEthernet0/0'
+ [[ -n interface GigabitEthernet0/0 ]]
+ local 'message=interface GigabitEthernet0/0'
+ echo -e 'interface GigabitEthernet0/0'
+ for object in "${restored_block[@]}"
+ message '  nameif guest'
+ [[ -n   nameif guest ]]
+ local 'message=  nameif guest'
+ echo -e '  nameif guest'
+ for object in "${restored_block[@]}"
+ message '  ip address 10.10.10.10 255.255.255.0'
+ [[ -n   ip address 10.10.10.10 255.255.255.0 ]]
+ local 'message=  ip address 10.10.10.10 255.255.255.0'
+ echo -e '  ip address 10.10.10.10 255.255.255.0'
+ for object in "${restored_block[@]}"
+ message '  description Guest access interface'
+ [[ -n   description Guest access interface ]]
+ local 'message=  description Guest access interface'
+ echo -e '  description Guest access interface'
+ newline
+ local count=1
+ (( i = 0 ))
+ (( i < count ))
+ echo
+ (( i++ ))
+ (( i < count ))
+ message 'JSON Object (output):'
+ [[ -n JSON Object (output): ]]
+ local 'message=JSON Object (output):'
+ echo -e 'JSON Object (output):'
+ jq -r .
+ [[ -n {
  "object": "interface",
  "type": "GigabitEthernet0/0",
  "partner": false,
  "description": "Guest access interface",
  "items": [
    "ip address 10.10.10.10 255.255.255.0"
  ],
  "others": [
    "nameif guest"
  ],
  "group": "Unclassified"
} ]]
+ jq -r .
+ cat -n /var/folders/vp/4k9xy96d7zx8lhmgrr4khsj80000gn/T/tmp.CiEK7yRWrn/dmz-fw2-backup.list.objects
     1	{
     2	  "object": "interface",
     3	  "type": "GigabitEthernet0/0",
     4	  "partner": false,
     5	  "description": "Guest access interface",
     6	  "items": [
     7	    "ip address 10.10.10.10 255.255.255.0"
     8	  ],
     9	  "others": [
    10	    "nameif guest"
    11	  ],
    12	  "group": "Unclassified"
    13	}
+ return 0
+ oIFS=' 	
'
+ for xitem in "${@}"
+ IFS==
+ read -r key value
++ echo -e --search=10.10.10.10
++ sed -e '1s|^\(-\)\{1,\}||'
+ [[ search =~ ^(search|s)$ ]]
+ local target_pattern=10.10.10.10
+ [[ search =~ ^(source|o)$ ]]
+ [[ search =~ ^(target|t)$ ]]
+ [[ search =~ ^(logger|l)$ ]]
+ [[ search == \d\e\b\u\g ]]
+ [[ search == \d\r\y\-\r\u\n ]]
+ [[ search == \v\e\r\b\o\s\e ]]
+ for xitem in "${@}"
+ IFS==
+ read -r key value
++ echo -e '--source=object network Shield-WiFi-Alias--ZGV2b3BzLXJlc291cmNlcy5zaGVsbA--  host 10.10.10.10--ZGV2b3BzLXJlc291cmNlcy5zaGVsbA--  description Guest NAT'
++ sed -e '1s|^\(-\)\{1,\}||'
+ [[ source =~ ^(search|s)$ ]]
+ [[ source =~ ^(source|o)$ ]]
+ local 'source_object=object network Shield-WiFi-Alias--ZGV2b3BzLXJlc291cmNlcy5zaGVsbA--  host 10.10.10.10--ZGV2b3BzLXJlc291cmNlcy5zaGVsbA--  description Guest NAT'
+ [[ source =~ ^(target|t)$ ]]
+ [[ source =~ ^(logger|l)$ ]]
+ [[ source == \d\e\b\u\g ]]
+ [[ source == \d\r\y\-\r\u\n ]]
+ [[ source == \v\e\r\b\o\s\e ]]
+ for xitem in "${@}"
+ IFS==
+ read -r key value
++ echo -e --target=/var/folders/vp/4k9xy96d7zx8lhmgrr4khsj80000gn/T/tmp.CiEK7yRWrn/dmz-fw2-backup.list.objects
++ sed -e '1s|^\(-\)\{1,\}||'
+ [[ target =~ ^(search|s)$ ]]
+ [[ target =~ ^(source|o)$ ]]
+ [[ target =~ ^(target|t)$ ]]
+ local target_object=/var/folders/vp/4k9xy96d7zx8lhmgrr4khsj80000gn/T/tmp.CiEK7yRWrn/dmz-fw2-backup.list.objects
+ [[ target =~ ^(logger|l)$ ]]
+ [[ target == \d\e\b\u\g ]]
+ [[ target == \d\r\y\-\r\u\n ]]
+ [[ target == \v\e\r\b\o\s\e ]]
+ for xitem in "${@}"
+ IFS==
+ read -r key value
++ echo -e --logger=/var/folders/vp/4k9xy96d7zx8lhmgrr4khsj80000gn/T/tmp.CiEK7yRWrn/configs-obj2json--10.10.10.10--cisco--dmz-fw2-backup.console
++ sed -e '1s|^\(-\)\{1,\}||'
+ [[ logger =~ ^(search|s)$ ]]
+ [[ logger =~ ^(source|o)$ ]]
+ [[ logger =~ ^(target|t)$ ]]
+ [[ logger =~ ^(logger|l)$ ]]
+ local target_console=/var/folders/vp/4k9xy96d7zx8lhmgrr4khsj80000gn/T/tmp.CiEK7yRWrn/configs-obj2json--10.10.10.10--cisco--dmz-fw2-backup.console
+ [[ logger == \d\e\b\u\g ]]
+ [[ logger == \d\r\y\-\r\u\n ]]
+ [[ logger == \v\e\r\b\o\s\e ]]
+ IFS=' 	
'
+ [[ -z true ]]
+ [[ -z false ]]
+ [[ -z true ]]
+ local target_console=console/configs-obj2json.console
+ mapfile -t restored_block
++ printf '%s\n' 'object network Shield-WiFi-Alias
  host 10.10.10.10
  description Guest NAT'
+ local 'object_header=object network Shield-WiFi-Alias'
+ local object_keyword type_value partner_value
+ read -a header_tokens
+ object_keyword=object
+ [[ object == \c\o\n\f\i\g ]]
+ ((  3 == 3  ))
+ type_value=network
+ partner_value=Shield-WiFi-Alias
+ data_sets=()
+ local -a data_sets
+ local description_value=false
+ for line in "${restored_block[@]}"
++ sed -E 's/^[[:space:]]*//;s/[[:space:]]*$//'
+ local 'trimmed=object network Shield-WiFi-Alias'
+ [[ -z object network Shield-WiFi-Alias ]]
+ [[ object network shield-wifi-alias =~ ^description[[:space:]] ]]
+ [[ object network shield-wifi-alias =~ ^edit[[:space:]]+".+" ]]
+ [[ object network shield-wifi-alias =~ ^set[[:space:]]+comment[[:space:]] ]]
+ [[ object network shield-wifi-alias == \n\e\x\t ]]
+ [[ object network shield-wifi-alias == \e\n\d ]]
+ data_sets+=("${trimmed}")
+ for line in "${restored_block[@]}"
++ sed -E 's/^[[:space:]]*//;s/[[:space:]]*$//'
+ local 'trimmed=host 10.10.10.10'
+ [[ -z host 10.10.10.10 ]]
+ [[ host 10.10.10.10 =~ ^description[[:space:]] ]]
+ [[ host 10.10.10.10 =~ ^edit[[:space:]]+".+" ]]
+ [[ host 10.10.10.10 =~ ^set[[:space:]]+comment[[:space:]] ]]
+ [[ host 10.10.10.10 == \n\e\x\t ]]
+ [[ host 10.10.10.10 == \e\n\d ]]
+ data_sets+=("${trimmed}")
+ for line in "${restored_block[@]}"
++ sed -E 's/^[[:space:]]*//;s/[[:space:]]*$//'
+ local 'trimmed=description Guest NAT'
+ [[ -z description Guest NAT ]]
+ [[ description guest nat =~ ^description[[:space:]] ]]
++ sed -E 's/^description[[:space:]]+//'
+ description_value='Guest NAT'
+ continue
+ [[ object network Shield-WiFi-Alias == \o\b\j\e\c\t\ \n\e\t\w\o\r\k\ \S\h\i\e\l\d\-\W\i\F\i\-\A\l\i\a\s ]]
+ data_sets=("${data_sets[@]:1}")
+ items=()
+ local -a items
+ others=()
+ local -a others
+ for line in "${data_sets[@]}"
+ grep -Eq '(^|[^0-9.])10\.10\.10\.10([^0-9.]|$)'
+ items+=("$(sed -E 's/^[[:space:]]+//;s/[[:space:]]+$//' <<< "${line}")")
++ sed -E 's/^[[:space:]]+//;s/[[:space:]]+$//'
++ printf '%s\n' 'host 10.10.10.10'
++ jq -R .
++ jq --slurp .
+ local 'items_json=[
  "host 10.10.10.10"
]'
++ printf '%s\n'
++ sed '/^[[:space:]]*$/d'
++ jq -R .
++ jq --slurp .
+ local 'others_json=[]'
+ local group_value=Unclassified
+ [[ true == true ]]
+ local object_key
++ awk '{print $NF}'
++ sed -E 's/[[:punct:]]*$//'
+ object_key=network
++ jq -r --arg key network 'map( select( .match[]? | contains( $key ) ) ) | .[0].group'
+ group_value=null
+ [[ -z null ]]
+ [[ null == \n\u\l\l ]]
++ jq -r --arg desc 'Guest NAT' 'map( select( .match[]? == $desc ) ) | .[0].group'
+ group_value=null
+ [[ -z null ]]
+ [[ null == \n\u\l\l ]]
+ group_value=Unclassified
++ jq -n --arg object object --arg type network --arg partner Shield-WiFi-Alias --arg description 'Guest NAT' --argjson items '[
  "host 10.10.10.10"
]' --argjson others '[]' --arg group Unclassified '{
          object: $object,
          type: ( $type // false ),
          partner: ( $partner | select(. != "" and . != "null" and . != "false") // false ),
          description: ( $description | select(. != "" and . != "null" and . != "false") // false ),
          items: $items,
          others: $others,
          group: $group
        }'
+ local 'target_json={
  "object": "object",
  "type": "network",
  "partner": "Shield-WiFi-Alias",
  "description": "Guest NAT",
  "items": [
    "host 10.10.10.10"
  ],
  "others": [],
  "group": "Unclassified"
}'
+ [[ true == true ]]
+ newline
+ local count=1
+ (( i = 0 ))
+ (( i < count ))
+ echo
+ (( i++ ))
+ (( i < count ))
+ for object in "${restored_block[@]}"
+ message 'object network Shield-WiFi-Alias'
+ [[ -n object network Shield-WiFi-Alias ]]
+ local 'message=object network Shield-WiFi-Alias'
+ echo -e 'object network Shield-WiFi-Alias'
+ for object in "${restored_block[@]}"
+ message '  host 10.10.10.10'
+ [[ -n   host 10.10.10.10 ]]
+ local 'message=  host 10.10.10.10'
+ echo -e '  host 10.10.10.10'
+ for object in "${restored_block[@]}"
+ message '  description Guest NAT'
+ [[ -n   description Guest NAT ]]
+ local 'message=  description Guest NAT'
+ echo -e '  description Guest NAT'
+ newline
+ local count=1
+ (( i = 0 ))
+ (( i < count ))
+ echo
+ (( i++ ))
+ (( i < count ))
+ message 'JSON Object (output):'
+ [[ -n JSON Object (output): ]]
+ local 'message=JSON Object (output):'
+ echo -e 'JSON Object (output):'
+ jq -r .
+ [[ -n {
  "object": "object",
  "type": "network",
  "partner": "Shield-WiFi-Alias",
  "description": "Guest NAT",
  "items": [
    "host 10.10.10.10"
  ],
  "others": [],
  "group": "Unclassified"
} ]]
+ jq -r .
+ cat -n /var/folders/vp/4k9xy96d7zx8lhmgrr4khsj80000gn/T/tmp.CiEK7yRWrn/dmz-fw2-backup.list.objects
     1	{
     2	  "object": "interface",
     3	  "type": "GigabitEthernet0/0",
     4	  "partner": false,
     5	  "description": "Guest access interface",
     6	  "items": [
     7	    "ip address 10.10.10.10 255.255.255.0"
     8	  ],
     9	  "others": [
    10	    "nameif guest"
    11	  ],
    12	  "group": "Unclassified"
    13	}
    14	{
    15	  "object": "object-group",
    16	  "type": "network",
    17	  "partner": "Watchtower-DMZ",
    18	  "description": "Global secure relay",
    19	  "items": [
    20	    "network-object host 192.0.2.50"
    21	  ],
    22	  "others": [],
    23	  "group": "Unclassified"
    24	}
    25	{
    26	  "object": "object",
    27	  "type": "network",
    28	  "partner": "Shield-WiFi-Alias",
    29	  "description": "Guest NAT",
    30	  "items": [
    31	    "host 10.10.10.10"
    32	  ],
    33	  "others": [],
    34	  "group": "Unclassified"
    35	}
+ return 0
+ oIFS=' 	
'
+ for xitem in "${@}"
+ IFS==
+ read -r key value
++ echo -e --search=10.10.10.10
++ sed -e '1s|^\(-\)\{1,\}||'
+ [[ search =~ ^(search|s)$ ]]
+ local target_pattern=10.10.10.10
+ [[ search =~ ^(source|o)$ ]]
+ [[ search =~ ^(target|t)$ ]]
+ [[ search =~ ^(logger|l)$ ]]
+ [[ search == \d\e\b\u\g ]]
+ [[ search == \d\r\y\-\r\u\n ]]
+ [[ search == \v\e\r\b\o\s\e ]]
+ for xitem in "${@}"
+ IFS==
+ read -r key value
++ echo -e '--source=object-group network Sector-Wireless--ZGV2b3BzLXJlc291cmNlcy5zaGVsbA--  description Staff WiFi clients--ZGV2b3BzLXJlc291cmNlcy5zaGVsbA--  network-object host 192.168.100.100--ZGV2b3BzLXJlc291cmNlcy5zaGVsbA--  network-object host 10.10.10.10'
++ sed -e '1s|^\(-\)\{1,\}||'
+ [[ source =~ ^(search|s)$ ]]
+ [[ source =~ ^(source|o)$ ]]
+ local 'source_object=object-group network Sector-Wireless--ZGV2b3BzLXJlc291cmNlcy5zaGVsbA--  description Staff WiFi clients--ZGV2b3BzLXJlc291cmNlcy5zaGVsbA--  network-object host 192.168.100.100--ZGV2b3BzLXJlc291cmNlcy5zaGVsbA--  network-object host 10.10.10.10'
+ [[ source =~ ^(target|t)$ ]]
+ [[ source =~ ^(logger|l)$ ]]
+ [[ source == \d\e\b\u\g ]]
+ [[ source == \d\r\y\-\r\u\n ]]
+ [[ source == \v\e\r\b\o\s\e ]]
+ for xitem in "${@}"
+ IFS==
+ read -r key value
++ echo -e --target=/var/folders/vp/4k9xy96d7zx8lhmgrr4khsj80000gn/T/tmp.CiEK7yRWrn/dmz-fw2-backup.list.objects
++ sed -e '1s|^\(-\)\{1,\}||'
+ [[ target =~ ^(search|s)$ ]]
+ [[ target =~ ^(source|o)$ ]]
+ [[ target =~ ^(target|t)$ ]]
+ local target_object=/var/folders/vp/4k9xy96d7zx8lhmgrr4khsj80000gn/T/tmp.CiEK7yRWrn/dmz-fw2-backup.list.objects
+ [[ target =~ ^(logger|l)$ ]]
+ [[ target == \d\e\b\u\g ]]
+ [[ target == \d\r\y\-\r\u\n ]]
+ [[ target == \v\e\r\b\o\s\e ]]
+ for xitem in "${@}"
+ IFS==
+ read -r key value
++ echo -e --logger=/var/folders/vp/4k9xy96d7zx8lhmgrr4khsj80000gn/T/tmp.CiEK7yRWrn/configs-obj2json--10.10.10.10--cisco--dmz-fw2-backup.console
++ sed -e '1s|^\(-\)\{1,\}||'
+ [[ logger =~ ^(search|s)$ ]]
+ [[ logger =~ ^(source|o)$ ]]
+ [[ logger =~ ^(target|t)$ ]]
+ [[ logger =~ ^(logger|l)$ ]]
+ local target_console=/var/folders/vp/4k9xy96d7zx8lhmgrr4khsj80000gn/T/tmp.CiEK7yRWrn/configs-obj2json--10.10.10.10--cisco--dmz-fw2-backup.console
+ [[ logger == \d\e\b\u\g ]]
+ [[ logger == \d\r\y\-\r\u\n ]]
+ [[ logger == \v\e\r\b\o\s\e ]]
+ IFS=' 	
'
+ [[ -z true ]]
+ [[ -z false ]]
+ [[ -z true ]]
+ local target_console=console/configs-obj2json.console
+ mapfile -t restored_block
++ printf '%s\n' 'object-group network Sector-Wireless
  description Staff WiFi clients
  network-object host 192.168.100.100
  network-object host 10.10.10.10'
+ local 'object_header=object-group network Sector-Wireless'
+ local object_keyword type_value partner_value
+ read -a header_tokens
+ object_keyword=object-group
+ [[ object-group == \c\o\n\f\i\g ]]
+ ((  3 == 3  ))
+ type_value=network
+ partner_value=Sector-Wireless
+ data_sets=()
+ local -a data_sets
+ local description_value=false
+ for line in "${restored_block[@]}"
++ sed -E 's/^[[:space:]]*//;s/[[:space:]]*$//'
+ local 'trimmed=object-group network Sector-Wireless'
+ [[ -z object-group network Sector-Wireless ]]
+ [[ object-group network sector-wireless =~ ^description[[:space:]] ]]
+ [[ object-group network sector-wireless =~ ^edit[[:space:]]+".+" ]]
+ [[ object-group network sector-wireless =~ ^set[[:space:]]+comment[[:space:]] ]]
+ [[ object-group network sector-wireless == \n\e\x\t ]]
+ [[ object-group network sector-wireless == \e\n\d ]]
+ data_sets+=("${trimmed}")
+ for line in "${restored_block[@]}"
++ sed -E 's/^[[:space:]]*//;s/[[:space:]]*$//'
+ local 'trimmed=description Staff WiFi clients'
+ [[ -z description Staff WiFi clients ]]
+ [[ description staff wifi clients =~ ^description[[:space:]] ]]
++ sed -E 's/^description[[:space:]]+//'
+ description_value='Staff WiFi clients'
+ continue
+ for line in "${restored_block[@]}"
++ sed -E 's/^[[:space:]]*//;s/[[:space:]]*$//'
+ local 'trimmed=network-object host 192.168.100.100'
+ [[ -z network-object host 192.168.100.100 ]]
+ [[ network-object host 192.168.100.100 =~ ^description[[:space:]] ]]
+ [[ network-object host 192.168.100.100 =~ ^edit[[:space:]]+".+" ]]
+ [[ network-object host 192.168.100.100 =~ ^set[[:space:]]+comment[[:space:]] ]]
+ [[ network-object host 192.168.100.100 == \n\e\x\t ]]
+ [[ network-object host 192.168.100.100 == \e\n\d ]]
+ data_sets+=("${trimmed}")
+ for line in "${restored_block[@]}"
++ sed -E 's/^[[:space:]]*//;s/[[:space:]]*$//'
+ local 'trimmed=network-object host 10.10.10.10'
+ [[ -z network-object host 10.10.10.10 ]]
+ [[ network-object host 10.10.10.10 =~ ^description[[:space:]] ]]
+ [[ network-object host 10.10.10.10 =~ ^edit[[:space:]]+".+" ]]
+ [[ network-object host 10.10.10.10 =~ ^set[[:space:]]+comment[[:space:]] ]]
+ [[ network-object host 10.10.10.10 == \n\e\x\t ]]
+ [[ network-object host 10.10.10.10 == \e\n\d ]]
+ data_sets+=("${trimmed}")
+ [[ object-group network Sector-Wireless == \o\b\j\e\c\t\-\g\r\o\u\p\ \n\e\t\w\o\r\k\ \S\e\c\t\o\r\-\W\i\r\e\l\e\s\s ]]
+ data_sets=("${data_sets[@]:1}")
+ items=()
+ local -a items
+ others=()
+ local -a others
+ for line in "${data_sets[@]}"
+ grep -Eq '(^|[^0-9.])10\.10\.10\.10([^0-9.]|$)'
+ others+=("$(sed -E 's/^[[:space:]]+//;s/[[:space:]]+$//' <<< "${line}")")
++ sed -E 's/^[[:space:]]+//;s/[[:space:]]+$//'
+ for line in "${data_sets[@]}"
+ grep -Eq '(^|[^0-9.])10\.10\.10\.10([^0-9.]|$)'
+ items+=("$(sed -E 's/^[[:space:]]+//;s/[[:space:]]+$//' <<< "${line}")")
++ sed -E 's/^[[:space:]]+//;s/[[:space:]]+$//'
++ printf '%s\n' 'network-object host 10.10.10.10'
++ jq -R .
++ jq --slurp .
+ local 'items_json=[
  "network-object host 10.10.10.10"
]'
++ printf '%s\n' 'network-object host 192.168.100.100'
++ sed '/^[[:space:]]*$/d'
++ jq -R .
++ jq --slurp .
+ local 'others_json=[
  "network-object host 192.168.100.100"
]'
+ local group_value=Unclassified
+ [[ true == true ]]
+ local object_key
++ awk '{print $NF}'
++ sed -E 's/[[:punct:]]*$//'
+ object_key=network
++ jq -r --arg key network 'map( select( .match[]? | contains( $key ) ) ) | .[0].group'
+ group_value=null
+ [[ -z null ]]
+ [[ null == \n\u\l\l ]]
++ jq -r --arg desc 'Staff WiFi clients' 'map( select( .match[]? == $desc ) ) | .[0].group'
+ group_value=null
+ [[ -z null ]]
+ [[ null == \n\u\l\l ]]
+ group_value=Unclassified
++ jq -n --arg object object-group --arg type network --arg partner Sector-Wireless --arg description 'Staff WiFi clients' --argjson items '[
  "network-object host 10.10.10.10"
]' --argjson others '[
  "network-object host 192.168.100.100"
]' --arg group Unclassified '{
          object: $object,
          type: ( $type // false ),
          partner: ( $partner | select(. != "" and . != "null" and . != "false") // false ),
          description: ( $description | select(. != "" and . != "null" and . != "false") // false ),
          items: $items,
          others: $others,
          group: $group
        }'
+ local 'target_json={
  "object": "object-group",
  "type": "network",
  "partner": "Sector-Wireless",
  "description": "Staff WiFi clients",
  "items": [
    "network-object host 10.10.10.10"
  ],
  "others": [
    "network-object host 192.168.100.100"
  ],
  "group": "Unclassified"
}'
+ [[ true == true ]]
+ newline
+ local count=1
+ (( i = 0 ))
+ (( i < count ))
+ echo
+ (( i++ ))
+ (( i < count ))
+ for object in "${restored_block[@]}"
+ message 'object-group network Sector-Wireless'
+ [[ -n object-group network Sector-Wireless ]]
+ local 'message=object-group network Sector-Wireless'
+ echo -e 'object-group network Sector-Wireless'
+ for object in "${restored_block[@]}"
+ message '  description Staff WiFi clients'
+ [[ -n   description Staff WiFi clients ]]
+ local 'message=  description Staff WiFi clients'
+ echo -e '  description Staff WiFi clients'
+ for object in "${restored_block[@]}"
+ message '  network-object host 192.168.100.100'
+ [[ -n   network-object host 192.168.100.100 ]]
+ local 'message=  network-object host 192.168.100.100'
+ echo -e '  network-object host 192.168.100.100'
+ for object in "${restored_block[@]}"
+ message '  network-object host 10.10.10.10'
+ [[ -n   network-object host 10.10.10.10 ]]
+ local 'message=  network-object host 10.10.10.10'
+ echo -e '  network-object host 10.10.10.10'
+ newline
+ local count=1
+ (( i = 0 ))
+ (( i < count ))
+ echo
+ (( i++ ))
+ (( i < count ))
+ message 'JSON Object (output):'
+ [[ -n JSON Object (output): ]]
+ local 'message=JSON Object (output):'
+ echo -e 'JSON Object (output):'
+ jq -r .
+ [[ -n {
  "object": "object-group",
  "type": "network",
  "partner": "Sector-Wireless",
  "description": "Staff WiFi clients",
  "items": [
    "network-object host 10.10.10.10"
  ],
  "others": [
    "network-object host 192.168.100.100"
  ],
  "group": "Unclassified"
} ]]
+ jq -r .
+ cat -n /var/folders/vp/4k9xy96d7zx8lhmgrr4khsj80000gn/T/tmp.CiEK7yRWrn/dmz-fw2-backup.list.objects
     1	{
     2	  "object": "interface",
     3	  "type": "GigabitEthernet0/0",
     4	  "partner": false,
     5	  "description": "Guest access interface",
     6	  "items": [
     7	    "ip address 10.10.10.10 255.255.255.0"
     8	  ],
     9	  "others": [
    10	    "nameif guest"
    11	  ],
    12	  "group": "Unclassified"
    13	}
    14	{
    15	  "object": "object-group",
    16	  "type": "network",
    17	  "partner": "Watchtower-DMZ",
    18	  "description": "Global secure relay",
    19	  "items": [
    20	    "network-object host 192.0.2.50"
    21	  ],
    22	  "others": [],
    23	  "group": "Unclassified"
    24	}
    25	{
    26	  "object": "object",
    27	  "type": "network",
    28	  "partner": "Shield-WiFi-Alias",
    29	  "description": "Guest NAT",
    30	  "items": [
    31	    "host 10.10.10.10"
    32	  ],
    33	  "others": [],
    34	  "group": "Unclassified"
    35	}
    36	{
    37	  "object": "object-group",
    38	  "type": "network",
    39	  "partner": "Sector-Wireless",
    40	  "description": "Staff WiFi clients",
    41	  "items": [
    42	    "network-object host 10.10.10.10"
    43	  ],
    44	  "others": [
    45	    "network-object host 192.168.100.100"
    46	  ],
    47	  "group": "Unclassified"
    48	}
+ return 0
