+ oIFS=' 	
'
+ for xitem in "${@}"
+ IFS==
+ read -r key value
++ echo -e --search=10.10.10.10
++ sed -e '1s|^\(-\)\{1,\}||'
+ [[ search =~ ^(search|s)$ ]]
+ local target_pattern=10.10.10.10
+ [[ search =~ ^(source|o)$ ]]
+ [[ search =~ ^(target|t)$ ]]
+ [[ search =~ ^(logger|l)$ ]]
+ [[ search == \d\e\b\u\g ]]
+ [[ search == \d\r\y\-\r\u\n ]]
+ [[ search == \v\e\r\b\o\s\e ]]
+ for xitem in "${@}"
+ IFS==
+ read -r key value
++ echo -e '--source=object-group network Shield-WiFi--ZGV2b3BzLXJlc291cmNlcy5zaGVsbA--  description Shield-controlled wireless network--ZGV2b3BzLXJlc291cmNlcy5zaGVsbA--  network-object host 10.10.10.10--ZGV2b3BzLXJlc291cmNlcy5zaGVsbA--  network-object 192.168.100.0 255.255.255.0'
++ sed -e '1s|^\(-\)\{1,\}||'
+ [[ source =~ ^(search|s)$ ]]
+ [[ source =~ ^(source|o)$ ]]
+ local 'source_object=object-group network Shield-WiFi--ZGV2b3BzLXJlc291cmNlcy5zaGVsbA--  description Shield-controlled wireless network--ZGV2b3BzLXJlc291cmNlcy5zaGVsbA--  network-object host 10.10.10.10--ZGV2b3BzLXJlc291cmNlcy5zaGVsbA--  network-object 192.168.100.0 255.255.255.0'
+ [[ source =~ ^(target|t)$ ]]
+ [[ source =~ ^(logger|l)$ ]]
+ [[ source == \d\e\b\u\g ]]
+ [[ source == \d\r\y\-\r\u\n ]]
+ [[ source == \v\e\r\b\o\s\e ]]
+ for xitem in "${@}"
+ IFS==
+ read -r key value
++ echo -e --target=/var/folders/vp/4k9xy96d7zx8lhmgrr4khsj80000gn/T/tmp.90hwuJyGl8/fw3.list.objects
++ sed -e '1s|^\(-\)\{1,\}||'
+ [[ target =~ ^(search|s)$ ]]
+ [[ target =~ ^(source|o)$ ]]
+ [[ target =~ ^(target|t)$ ]]
+ local target_object=/var/folders/vp/4k9xy96d7zx8lhmgrr4khsj80000gn/T/tmp.90hwuJyGl8/fw3.list.objects
+ [[ target =~ ^(logger|l)$ ]]
+ [[ target == \d\e\b\u\g ]]
+ [[ target == \d\r\y\-\r\u\n ]]
+ [[ target == \v\e\r\b\o\s\e ]]
+ for xitem in "${@}"
+ IFS==
+ read -r key value
++ echo -e --logger=/var/folders/vp/4k9xy96d7zx8lhmgrr4khsj80000gn/T/tmp.90hwuJyGl8/configs-obj2json--10.10.10.10--misc--fw3.console
++ sed -e '1s|^\(-\)\{1,\}||'
+ [[ logger =~ ^(search|s)$ ]]
+ [[ logger =~ ^(source|o)$ ]]
+ [[ logger =~ ^(target|t)$ ]]
+ [[ logger =~ ^(logger|l)$ ]]
+ local target_console=/var/folders/vp/4k9xy96d7zx8lhmgrr4khsj80000gn/T/tmp.90hwuJyGl8/configs-obj2json--10.10.10.10--misc--fw3.console
+ [[ logger == \d\e\b\u\g ]]
+ [[ logger == \d\r\y\-\r\u\n ]]
+ [[ logger == \v\e\r\b\o\s\e ]]
+ IFS=' 	
'
+ [[ -z true ]]
+ [[ -z false ]]
+ [[ -z true ]]
+ local target_console=console/configs-obj2json.console
+ mapfile -t restored_block
++ printf '%s\n' 'object-group network Shield-WiFi
  description Shield-controlled wireless network
  network-object host 10.10.10.10
  network-object 192.168.100.0 255.255.255.0'
+ local 'object_header=object-group network Shield-WiFi'
+ local object_keyword type_value partner_value
+ read -a header_tokens
+ object_keyword=object-group
+ [[ object-group == \c\o\n\f\i\g ]]
+ ((  3 == 3  ))
+ type_value=network
+ partner_value=Shield-WiFi
+ data_sets=()
+ local -a data_sets
+ local description_value=false
+ for line in "${restored_block[@]}"
++ sed -E 's/^[[:space:]]*//;s/[[:space:]]*$//'
+ local 'trimmed=object-group network Shield-WiFi'
+ [[ -z object-group network Shield-WiFi ]]
+ [[ object-group network shield-wifi =~ ^description[[:space:]] ]]
+ [[ object-group network shield-wifi =~ ^edit[[:space:]]+".+" ]]
+ [[ object-group network shield-wifi =~ ^set[[:space:]]+comment[[:space:]] ]]
+ [[ object-group network shield-wifi == \n\e\x\t ]]
+ [[ object-group network shield-wifi == \e\n\d ]]
+ data_sets+=("${trimmed}")
+ for line in "${restored_block[@]}"
++ sed -E 's/^[[:space:]]*//;s/[[:space:]]*$//'
+ local 'trimmed=description Shield-controlled wireless network'
+ [[ -z description Shield-controlled wireless network ]]
+ [[ description shield-controlled wireless network =~ ^description[[:space:]] ]]
++ sed -E 's/^description[[:space:]]+//'
+ description_value='Shield-controlled wireless network'
+ continue
+ for line in "${restored_block[@]}"
++ sed -E 's/^[[:space:]]*//;s/[[:space:]]*$//'
+ local 'trimmed=network-object host 10.10.10.10'
+ [[ -z network-object host 10.10.10.10 ]]
+ [[ network-object host 10.10.10.10 =~ ^description[[:space:]] ]]
+ [[ network-object host 10.10.10.10 =~ ^edit[[:space:]]+".+" ]]
+ [[ network-object host 10.10.10.10 =~ ^set[[:space:]]+comment[[:space:]] ]]
+ [[ network-object host 10.10.10.10 == \n\e\x\t ]]
+ [[ network-object host 10.10.10.10 == \e\n\d ]]
+ data_sets+=("${trimmed}")
+ for line in "${restored_block[@]}"
++ sed -E 's/^[[:space:]]*//;s/[[:space:]]*$//'
+ local 'trimmed=network-object 192.168.100.0 255.255.255.0'
+ [[ -z network-object 192.168.100.0 255.255.255.0 ]]
+ [[ network-object 192.168.100.0 255.255.255.0 =~ ^description[[:space:]] ]]
+ [[ network-object 192.168.100.0 255.255.255.0 =~ ^edit[[:space:]]+".+" ]]
+ [[ network-object 192.168.100.0 255.255.255.0 =~ ^set[[:space:]]+comment[[:space:]] ]]
+ [[ network-object 192.168.100.0 255.255.255.0 == \n\e\x\t ]]
+ [[ network-object 192.168.100.0 255.255.255.0 == \e\n\d ]]
+ data_sets+=("${trimmed}")
+ [[ object-group network Shield-WiFi == \o\b\j\e\c\t\-\g\r\o\u\p\ \n\e\t\w\o\r\k\ \S\h\i\e\l\d\-\W\i\F\i ]]
+ data_sets=("${data_sets[@]:1}")
+ items=()
+ local -a items
+ others=()
+ local -a others
+ for line in "${data_sets[@]}"
+ grep -Eq '(^|[^0-9.])10\.10\.10\.10([^0-9.]|$)'
+ items+=("$(sed -E 's/^[[:space:]]+//;s/[[:space:]]+$//' <<< "${line}")")
++ sed -E 's/^[[:space:]]+//;s/[[:space:]]+$//'
+ for line in "${data_sets[@]}"
+ grep -Eq '(^|[^0-9.])10\.10\.10\.10([^0-9.]|$)'
+ others+=("$(sed -E 's/^[[:space:]]+//;s/[[:space:]]+$//' <<< "${line}")")
++ sed -E 's/^[[:space:]]+//;s/[[:space:]]+$//'
++ printf '%s\n' 'network-object host 10.10.10.10'
++ jq -R .
++ jq --slurp .
+ local 'items_json=[
  "network-object host 10.10.10.10"
]'
++ printf '%s\n' 'network-object 192.168.100.0 255.255.255.0'
++ sed '/^[[:space:]]*$/d'
++ jq -R .
++ jq --slurp .
+ local 'others_json=[
  "network-object 192.168.100.0 255.255.255.0"
]'
+ local group_value=Unclassified
+ [[ true == true ]]
+ local object_key
++ awk '{print $NF}'
++ sed -E 's/[[:punct:]]*$//'
+ object_key=network
++ jq -r --arg key network 'map( select( .match[]? | contains( $key ) ) ) | .[0].group'
+ group_value=null
+ [[ -z null ]]
+ [[ null == \n\u\l\l ]]
++ jq -r --arg desc 'Shield-controlled wireless network' 'map( select( .match[]? == $desc ) ) | .[0].group'
+ group_value=null
+ [[ -z null ]]
+ [[ null == \n\u\l\l ]]
+ group_value=Unclassified
++ jq -n --arg object object-group --arg type network --arg partner Shield-WiFi --arg description 'Shield-controlled wireless network' --argjson items '[
  "network-object host 10.10.10.10"
]' --argjson others '[
  "network-object 192.168.100.0 255.255.255.0"
]' --arg group Unclassified '{
          object: $object,
          type: ( $type // false ),
          partner: ( $partner | select(. != "" and . != "null" and . != "false") // false ),
          description: ( $description | select(. != "" and . != "null" and . != "false") // false ),
          items: $items,
          others: $others,
          group: $group
        }'
+ local 'target_json={
  "object": "object-group",
  "type": "network",
  "partner": "Shield-WiFi",
  "description": "Shield-controlled wireless network",
  "items": [
    "network-object host 10.10.10.10"
  ],
  "others": [
    "network-object 192.168.100.0 255.255.255.0"
  ],
  "group": "Unclassified"
}'
+ [[ true == true ]]
+ newline
+ local count=1
+ (( i = 0 ))
+ (( i < count ))
+ echo
+ (( i++ ))
+ (( i < count ))
+ for object in "${restored_block[@]}"
+ message 'object-group network Shield-WiFi'
+ [[ -n object-group network Shield-WiFi ]]
+ local 'message=object-group network Shield-WiFi'
+ echo -e 'object-group network Shield-WiFi'
+ for object in "${restored_block[@]}"
+ message '  description Shield-controlled wireless network'
+ [[ -n   description Shield-controlled wireless network ]]
+ local 'message=  description Shield-controlled wireless network'
+ echo -e '  description Shield-controlled wireless network'
+ for object in "${restored_block[@]}"
+ message '  network-object host 10.10.10.10'
+ [[ -n   network-object host 10.10.10.10 ]]
+ local 'message=  network-object host 10.10.10.10'
+ echo -e '  network-object host 10.10.10.10'
+ for object in "${restored_block[@]}"
+ message '  network-object 192.168.100.0 255.255.255.0'
+ [[ -n   network-object 192.168.100.0 255.255.255.0 ]]
+ local 'message=  network-object 192.168.100.0 255.255.255.0'
+ echo -e '  network-object 192.168.100.0 255.255.255.0'
+ newline
+ local count=1
+ (( i = 0 ))
+ (( i < count ))
+ echo
+ (( i++ ))
+ (( i < count ))
+ message 'JSON Object (output):'
+ [[ -n JSON Object (output): ]]
+ local 'message=JSON Object (output):'
+ echo -e 'JSON Object (output):'
+ jq -r .
+ [[ -n {
  "object": "object-group",
  "type": "network",
  "partner": "Shield-WiFi",
  "description": "Shield-controlled wireless network",
  "items": [
    "network-object host 10.10.10.10"
  ],
  "others": [
    "network-object 192.168.100.0 255.255.255.0"
  ],
  "group": "Unclassified"
} ]]
+ jq -r .
+ cat -n /var/folders/vp/4k9xy96d7zx8lhmgrr4khsj80000gn/T/tmp.90hwuJyGl8/fw3.list.objects
     1	{
     2	  "object": "object-group",
     3	  "type": "network",
     4	  "partner": "Panther-Edge",
     5	  "description": "Internet-facing proxy systems",
     6	  "items": [
     7	    "network-object host 172.16.0.5"
     8	  ],
     9	  "others": [
    10	    "network-object host 203.0.113.25"
    11	  ],
    12	  "group": "Unclassified"
    13	}
    14	{
    15	  "object": "object-group",
    16	  "type": "network",
    17	  "partner": "Wakanda-Core",
    18	  "description": "National Core Routing Zone",
    19	  "items": [
    20	    "network-object host 10.0.2.3"
    21	  ],
    22	  "others": [
    23	    "network-object host 192.168.1.10",
    24	    "network-object 10.0.0.0 255.255.255.0"
    25	  ],
    26	  "group": "Unclassified"
    27	}
    28	{
    29	  "object": "object-group",
    30	  "type": "network",
    31	  "partner": "Shield-WiFi",
    32	  "description": "Shield-controlled wireless network",
    33	  "items": [
    34	    "network-object host 10.10.10.10"
    35	  ],
    36	  "others": [
    37	    "network-object 192.168.100.0 255.255.255.0"
    38	  ],
    39	  "group": "Unclassified"
    40	}
+ return 0
+ oIFS=' 	
'
+ for xitem in "${@}"
+ IFS==
+ read -r key value
++ echo -e --search=10.10.10.10
++ sed -e '1s|^\(-\)\{1,\}||'
+ [[ search =~ ^(search|s)$ ]]
+ local target_pattern=10.10.10.10
+ [[ search =~ ^(source|o)$ ]]
+ [[ search =~ ^(target|t)$ ]]
+ [[ search =~ ^(logger|l)$ ]]
+ [[ search == \d\e\b\u\g ]]
+ [[ search == \d\r\y\-\r\u\n ]]
+ [[ search == \v\e\r\b\o\s\e ]]
+ for xitem in "${@}"
+ IFS==
+ read -r key value
++ echo -e '--source=object network Shield-WiFi-Alias--ZGV2b3BzLXJlc291cmNlcy5zaGVsbA--  host 10.10.10.10--ZGV2b3BzLXJlc291cmNlcy5zaGVsbA--  description Guest NAT'
++ sed -e '1s|^\(-\)\{1,\}||'
+ [[ source =~ ^(search|s)$ ]]
+ [[ source =~ ^(source|o)$ ]]
+ local 'source_object=object network Shield-WiFi-Alias--ZGV2b3BzLXJlc291cmNlcy5zaGVsbA--  host 10.10.10.10--ZGV2b3BzLXJlc291cmNlcy5zaGVsbA--  description Guest NAT'
+ [[ source =~ ^(target|t)$ ]]
+ [[ source =~ ^(logger|l)$ ]]
+ [[ source == \d\e\b\u\g ]]
+ [[ source == \d\r\y\-\r\u\n ]]
+ [[ source == \v\e\r\b\o\s\e ]]
+ for xitem in "${@}"
+ IFS==
+ read -r key value
++ echo -e --target=/var/folders/vp/4k9xy96d7zx8lhmgrr4khsj80000gn/T/tmp.90hwuJyGl8/fw3.list.objects
++ sed -e '1s|^\(-\)\{1,\}||'
+ [[ target =~ ^(search|s)$ ]]
+ [[ target =~ ^(source|o)$ ]]
+ [[ target =~ ^(target|t)$ ]]
+ local target_object=/var/folders/vp/4k9xy96d7zx8lhmgrr4khsj80000gn/T/tmp.90hwuJyGl8/fw3.list.objects
+ [[ target =~ ^(logger|l)$ ]]
+ [[ target == \d\e\b\u\g ]]
+ [[ target == \d\r\y\-\r\u\n ]]
+ [[ target == \v\e\r\b\o\s\e ]]
+ for xitem in "${@}"
+ IFS==
+ read -r key value
++ echo -e --logger=/var/folders/vp/4k9xy96d7zx8lhmgrr4khsj80000gn/T/tmp.90hwuJyGl8/configs-obj2json--10.10.10.10--misc--fw3.console
++ sed -e '1s|^\(-\)\{1,\}||'
+ [[ logger =~ ^(search|s)$ ]]
+ [[ logger =~ ^(source|o)$ ]]
+ [[ logger =~ ^(target|t)$ ]]
+ [[ logger =~ ^(logger|l)$ ]]
+ local target_console=/var/folders/vp/4k9xy96d7zx8lhmgrr4khsj80000gn/T/tmp.90hwuJyGl8/configs-obj2json--10.10.10.10--misc--fw3.console
+ [[ logger == \d\e\b\u\g ]]
+ [[ logger == \d\r\y\-\r\u\n ]]
+ [[ logger == \v\e\r\b\o\s\e ]]
+ IFS=' 	
'
+ [[ -z true ]]
+ [[ -z false ]]
+ [[ -z true ]]
+ local target_console=console/configs-obj2json.console
+ mapfile -t restored_block
++ printf '%s\n' 'object network Shield-WiFi-Alias
  host 10.10.10.10
  description Guest NAT'
+ local 'object_header=object network Shield-WiFi-Alias'
+ local object_keyword type_value partner_value
+ read -a header_tokens
+ object_keyword=object
+ [[ object == \c\o\n\f\i\g ]]
+ ((  3 == 3  ))
+ type_value=network
+ partner_value=Shield-WiFi-Alias
+ data_sets=()
+ local -a data_sets
+ local description_value=false
+ for line in "${restored_block[@]}"
++ sed -E 's/^[[:space:]]*//;s/[[:space:]]*$//'
+ local 'trimmed=object network Shield-WiFi-Alias'
+ [[ -z object network Shield-WiFi-Alias ]]
+ [[ object network shield-wifi-alias =~ ^description[[:space:]] ]]
+ [[ object network shield-wifi-alias =~ ^edit[[:space:]]+".+" ]]
+ [[ object network shield-wifi-alias =~ ^set[[:space:]]+comment[[:space:]] ]]
+ [[ object network shield-wifi-alias == \n\e\x\t ]]
+ [[ object network shield-wifi-alias == \e\n\d ]]
+ data_sets+=("${trimmed}")
+ for line in "${restored_block[@]}"
++ sed -E 's/^[[:space:]]*//;s/[[:space:]]*$//'
+ local 'trimmed=host 10.10.10.10'
+ [[ -z host 10.10.10.10 ]]
+ [[ host 10.10.10.10 =~ ^description[[:space:]] ]]
+ [[ host 10.10.10.10 =~ ^edit[[:space:]]+".+" ]]
+ [[ host 10.10.10.10 =~ ^set[[:space:]]+comment[[:space:]] ]]
+ [[ host 10.10.10.10 == \n\e\x\t ]]
+ [[ host 10.10.10.10 == \e\n\d ]]
+ data_sets+=("${trimmed}")
+ for line in "${restored_block[@]}"
++ sed -E 's/^[[:space:]]*//;s/[[:space:]]*$//'
+ local 'trimmed=description Guest NAT'
+ [[ -z description Guest NAT ]]
+ [[ description guest nat =~ ^description[[:space:]] ]]
++ sed -E 's/^description[[:space:]]+//'
+ description_value='Guest NAT'
+ continue
+ [[ object network Shield-WiFi-Alias == \o\b\j\e\c\t\ \n\e\t\w\o\r\k\ \S\h\i\e\l\d\-\W\i\F\i\-\A\l\i\a\s ]]
+ data_sets=("${data_sets[@]:1}")
+ items=()
+ local -a items
+ others=()
+ local -a others
+ for line in "${data_sets[@]}"
+ grep -Eq '(^|[^0-9.])10\.10\.10\.10([^0-9.]|$)'
+ items+=("$(sed -E 's/^[[:space:]]+//;s/[[:space:]]+$//' <<< "${line}")")
++ sed -E 's/^[[:space:]]+//;s/[[:space:]]+$//'
++ printf '%s\n' 'host 10.10.10.10'
++ jq -R .
++ jq --slurp .
+ local 'items_json=[
  "host 10.10.10.10"
]'
++ printf '%s\n'
++ sed '/^[[:space:]]*$/d'
++ jq -R .
++ jq --slurp .
+ local 'others_json=[]'
+ local group_value=Unclassified
+ [[ true == true ]]
+ local object_key
++ awk '{print $NF}'
++ sed -E 's/[[:punct:]]*$//'
+ object_key=network
++ jq -r --arg key network 'map( select( .match[]? | contains( $key ) ) ) | .[0].group'
+ group_value=null
+ [[ -z null ]]
+ [[ null == \n\u\l\l ]]
++ jq -r --arg desc 'Guest NAT' 'map( select( .match[]? == $desc ) ) | .[0].group'
+ group_value=null
+ [[ -z null ]]
+ [[ null == \n\u\l\l ]]
+ group_value=Unclassified
++ jq -n --arg object object --arg type network --arg partner Shield-WiFi-Alias --arg description 'Guest NAT' --argjson items '[
  "host 10.10.10.10"
]' --argjson others '[]' --arg group Unclassified '{
          object: $object,
          type: ( $type // false ),
          partner: ( $partner | select(. != "" and . != "null" and . != "false") // false ),
          description: ( $description | select(. != "" and . != "null" and . != "false") // false ),
          items: $items,
          others: $others,
          group: $group
        }'
+ local 'target_json={
  "object": "object",
  "type": "network",
  "partner": "Shield-WiFi-Alias",
  "description": "Guest NAT",
  "items": [
    "host 10.10.10.10"
  ],
  "others": [],
  "group": "Unclassified"
}'
+ [[ true == true ]]
+ newline
+ local count=1
+ (( i = 0 ))
+ (( i < count ))
+ echo
+ (( i++ ))
+ (( i < count ))
+ for object in "${restored_block[@]}"
+ message 'object network Shield-WiFi-Alias'
+ [[ -n object network Shield-WiFi-Alias ]]
+ local 'message=object network Shield-WiFi-Alias'
+ echo -e 'object network Shield-WiFi-Alias'
+ for object in "${restored_block[@]}"
+ message '  host 10.10.10.10'
+ [[ -n   host 10.10.10.10 ]]
+ local 'message=  host 10.10.10.10'
+ echo -e '  host 10.10.10.10'
+ for object in "${restored_block[@]}"
+ message '  description Guest NAT'
+ [[ -n   description Guest NAT ]]
+ local 'message=  description Guest NAT'
+ echo -e '  description Guest NAT'
+ newline
+ local count=1
+ (( i = 0 ))
+ (( i < count ))
+ echo
+ (( i++ ))
+ (( i < count ))
+ message 'JSON Object (output):'
+ [[ -n JSON Object (output): ]]
+ local 'message=JSON Object (output):'
+ echo -e 'JSON Object (output):'
+ jq -r .
+ [[ -n {
  "object": "object",
  "type": "network",
  "partner": "Shield-WiFi-Alias",
  "description": "Guest NAT",
  "items": [
    "host 10.10.10.10"
  ],
  "others": [],
  "group": "Unclassified"
} ]]
+ jq -r .
+ cat -n /var/folders/vp/4k9xy96d7zx8lhmgrr4khsj80000gn/T/tmp.90hwuJyGl8/fw3.list.objects
     1	{
     2	  "object": "object-group",
     3	  "type": "network",
     4	  "partner": "Panther-Edge",
     5	  "description": "Internet-facing proxy systems",
     6	  "items": [
     7	    "network-object host 172.16.0.5"
     8	  ],
     9	  "others": [
    10	    "network-object host 203.0.113.25"
    11	  ],
    12	  "group": "Unclassified"
    13	}
    14	{
    15	  "object": "object-group",
    16	  "type": "network",
    17	  "partner": "Wakanda-Core",
    18	  "description": "National Core Routing Zone",
    19	  "items": [
    20	    "network-object host 10.0.2.3"
    21	  ],
    22	  "others": [
    23	    "network-object host 192.168.1.10",
    24	    "network-object 10.0.0.0 255.255.255.0"
    25	  ],
    26	  "group": "Unclassified"
    27	}
    28	{
    29	  "object": "object-group",
    30	  "type": "network",
    31	  "partner": "Shield-WiFi",
    32	  "description": "Shield-controlled wireless network",
    33	  "items": [
    34	    "network-object host 10.10.10.10"
    35	  ],
    36	  "others": [
    37	    "network-object 192.168.100.0 255.255.255.0"
    38	  ],
    39	  "group": "Unclassified"
    40	}
    41	{
    42	  "object": "object",
    43	  "type": "network",
    44	  "partner": "Edge-Terminal",
    45	  "description": "Internet firewall handoff",
    46	  "items": [
    47	    "host 172.16.0.5"
    48	  ],
    49	  "others": [],
    50	  "group": "Unclassified"
    51	}
    52	{
    53	  "object": "object",
    54	  "type": "network",
    55	  "partner": "Panther-Gateway",
    56	  "description": "Secure outbound concentrator",
    57	  "items": [
    58	    "host 10.0.2.3"
    59	  ],
    60	  "others": [],
    61	  "group": "Unclassified"
    62	}
    63	{
    64	  "object": "object",
    65	  "type": "network",
    66	  "partner": "Shield-WiFi-Alias",
    67	  "description": "Guest NAT",
    68	  "items": [
    69	    "host 10.10.10.10"
    70	  ],
    71	  "others": [],
    72	  "group": "Unclassified"
    73	}
+ return 0
