+ oIFS=' 	
'
+ for xitem in "${@}"
+ IFS==
+ read -r key value
++ echo -e --search=172.18.1.20
++ sed -e '1s|^\(-\)\{1,\}||'
+ [[ search =~ ^(search|s)$ ]]
+ local target_pattern=172.18.1.20
+ [[ search =~ ^(source|o)$ ]]
+ [[ search =~ ^(target|t)$ ]]
+ [[ search =~ ^(logger|l)$ ]]
+ [[ search == \d\e\b\u\g ]]
+ [[ search == \d\r\y\-\r\u\n ]]
+ [[ search == \v\e\r\b\o\s\e ]]
+ for xitem in "${@}"
+ IFS==
+ read -r key value
++ echo -e '--source=object-group network Fortress-Wireless--ZGV2b3BzLXJlc291cmNlcy5zaGVsbA--  description Secure wireless access layer--ZGV2b3BzLXJlc291cmNlcy5zaGVsbA--  network-object host 172.18.1.20--ZGV2b3BzLXJlc291cmNlcy5zaGVsbA--  network-object host 192.168.1.10'
++ sed -e '1s|^\(-\)\{1,\}||'
+ [[ source =~ ^(search|s)$ ]]
+ [[ source =~ ^(source|o)$ ]]
+ local 'source_object=object-group network Fortress-Wireless--ZGV2b3BzLXJlc291cmNlcy5zaGVsbA--  description Secure wireless access layer--ZGV2b3BzLXJlc291cmNlcy5zaGVsbA--  network-object host 172.18.1.20--ZGV2b3BzLXJlc291cmNlcy5zaGVsbA--  network-object host 192.168.1.10'
+ [[ source =~ ^(target|t)$ ]]
+ [[ source =~ ^(logger|l)$ ]]
+ [[ source == \d\e\b\u\g ]]
+ [[ source == \d\r\y\-\r\u\n ]]
+ [[ source == \v\e\r\b\o\s\e ]]
+ for xitem in "${@}"
+ IFS==
+ read -r key value
++ echo -e --target=/var/folders/vp/4k9xy96d7zx8lhmgrr4khsj80000gn/T/tmp.90hwuJyGl8/fw1.list.objects
++ sed -e '1s|^\(-\)\{1,\}||'
+ [[ target =~ ^(search|s)$ ]]
+ [[ target =~ ^(source|o)$ ]]
+ [[ target =~ ^(target|t)$ ]]
+ local target_object=/var/folders/vp/4k9xy96d7zx8lhmgrr4khsj80000gn/T/tmp.90hwuJyGl8/fw1.list.objects
+ [[ target =~ ^(logger|l)$ ]]
+ [[ target == \d\e\b\u\g ]]
+ [[ target == \d\r\y\-\r\u\n ]]
+ [[ target == \v\e\r\b\o\s\e ]]
+ for xitem in "${@}"
+ IFS==
+ read -r key value
++ echo -e --logger=/var/folders/vp/4k9xy96d7zx8lhmgrr4khsj80000gn/T/tmp.90hwuJyGl8/configs-obj2json--172.18.1.20--misc--fw1.console
++ sed -e '1s|^\(-\)\{1,\}||'
+ [[ logger =~ ^(search|s)$ ]]
+ [[ logger =~ ^(source|o)$ ]]
+ [[ logger =~ ^(target|t)$ ]]
+ [[ logger =~ ^(logger|l)$ ]]
+ local target_console=/var/folders/vp/4k9xy96d7zx8lhmgrr4khsj80000gn/T/tmp.90hwuJyGl8/configs-obj2json--172.18.1.20--misc--fw1.console
+ [[ logger == \d\e\b\u\g ]]
+ [[ logger == \d\r\y\-\r\u\n ]]
+ [[ logger == \v\e\r\b\o\s\e ]]
+ IFS=' 	
'
+ [[ -z true ]]
+ [[ -z false ]]
+ [[ -z true ]]
+ local target_console=console/configs-obj2json.console
+ mapfile -t restored_block
++ printf '%s\n' 'object-group network Fortress-Wireless
  description Secure wireless access layer
  network-object host 172.18.1.20
  network-object host 192.168.1.10'
+ local 'object_header=object-group network Fortress-Wireless'
+ local object_keyword type_value partner_value
+ read -a header_tokens
+ object_keyword=object-group
+ [[ object-group == \c\o\n\f\i\g ]]
+ ((  3 == 3  ))
+ type_value=network
+ partner_value=Fortress-Wireless
+ data_sets=()
+ local -a data_sets
+ local description_value=false
+ for line in "${restored_block[@]}"
++ sed -E 's/^[[:space:]]*//;s/[[:space:]]*$//'
+ local 'trimmed=object-group network Fortress-Wireless'
+ [[ -z object-group network Fortress-Wireless ]]
+ [[ object-group network fortress-wireless =~ ^description[[:space:]] ]]
+ [[ object-group network fortress-wireless =~ ^edit[[:space:]]+".+" ]]
+ [[ object-group network fortress-wireless =~ ^set[[:space:]]+comment[[:space:]] ]]
+ [[ object-group network fortress-wireless == \n\e\x\t ]]
+ [[ object-group network fortress-wireless == \e\n\d ]]
+ data_sets+=("${trimmed}")
+ for line in "${restored_block[@]}"
++ sed -E 's/^[[:space:]]*//;s/[[:space:]]*$//'
+ local 'trimmed=description Secure wireless access layer'
+ [[ -z description Secure wireless access layer ]]
+ [[ description secure wireless access layer =~ ^description[[:space:]] ]]
++ sed -E 's/^description[[:space:]]+//'
+ description_value='Secure wireless access layer'
+ continue
+ for line in "${restored_block[@]}"
++ sed -E 's/^[[:space:]]*//;s/[[:space:]]*$//'
+ local 'trimmed=network-object host 172.18.1.20'
+ [[ -z network-object host 172.18.1.20 ]]
+ [[ network-object host 172.18.1.20 =~ ^description[[:space:]] ]]
+ [[ network-object host 172.18.1.20 =~ ^edit[[:space:]]+".+" ]]
+ [[ network-object host 172.18.1.20 =~ ^set[[:space:]]+comment[[:space:]] ]]
+ [[ network-object host 172.18.1.20 == \n\e\x\t ]]
+ [[ network-object host 172.18.1.20 == \e\n\d ]]
+ data_sets+=("${trimmed}")
+ for line in "${restored_block[@]}"
++ sed -E 's/^[[:space:]]*//;s/[[:space:]]*$//'
+ local 'trimmed=network-object host 192.168.1.10'
+ [[ -z network-object host 192.168.1.10 ]]
+ [[ network-object host 192.168.1.10 =~ ^description[[:space:]] ]]
+ [[ network-object host 192.168.1.10 =~ ^edit[[:space:]]+".+" ]]
+ [[ network-object host 192.168.1.10 =~ ^set[[:space:]]+comment[[:space:]] ]]
+ [[ network-object host 192.168.1.10 == \n\e\x\t ]]
+ [[ network-object host 192.168.1.10 == \e\n\d ]]
+ data_sets+=("${trimmed}")
+ [[ object-group network Fortress-Wireless == \o\b\j\e\c\t\-\g\r\o\u\p\ \n\e\t\w\o\r\k\ \F\o\r\t\r\e\s\s\-\W\i\r\e\l\e\s\s ]]
+ data_sets=("${data_sets[@]:1}")
+ items=()
+ local -a items
+ others=()
+ local -a others
+ for line in "${data_sets[@]}"
+ grep -Eq '(^|[^0-9.])172\.18\.1\.20([^0-9.]|$)'
+ items+=("$(sed -E 's/^[[:space:]]+//;s/[[:space:]]+$//' <<< "${line}")")
++ sed -E 's/^[[:space:]]+//;s/[[:space:]]+$//'
+ for line in "${data_sets[@]}"
+ grep -Eq '(^|[^0-9.])172\.18\.1\.20([^0-9.]|$)'
+ others+=("$(sed -E 's/^[[:space:]]+//;s/[[:space:]]+$//' <<< "${line}")")
++ sed -E 's/^[[:space:]]+//;s/[[:space:]]+$//'
++ printf '%s\n' 'network-object host 172.18.1.20'
++ jq -R .
++ jq --slurp .
+ local 'items_json=[
  "network-object host 172.18.1.20"
]'
++ printf '%s\n' 'network-object host 192.168.1.10'
++ sed '/^[[:space:]]*$/d'
++ jq -R .
++ jq --slurp .
+ local 'others_json=[
  "network-object host 192.168.1.10"
]'
+ local group_value=Unclassified
+ [[ true == true ]]
+ local object_key
++ awk '{print $NF}'
++ sed -E 's/[[:punct:]]*$//'
+ object_key=network
++ jq -r --arg key network 'map( select( .match[]? | contains( $key ) ) ) | .[0].group'
+ group_value=null
+ [[ -z null ]]
+ [[ null == \n\u\l\l ]]
++ jq -r --arg desc 'Secure wireless access layer' 'map( select( .match[]? == $desc ) ) | .[0].group'
+ group_value=null
+ [[ -z null ]]
+ [[ null == \n\u\l\l ]]
+ group_value=Unclassified
++ jq -n --arg object object-group --arg type network --arg partner Fortress-Wireless --arg description 'Secure wireless access layer' --argjson items '[
  "network-object host 172.18.1.20"
]' --argjson others '[
  "network-object host 192.168.1.10"
]' --arg group Unclassified '{
          object: $object,
          type: ( $type // false ),
          partner: ( $partner | select(. != "" and . != "null" and . != "false") // false ),
          description: ( $description | select(. != "" and . != "null" and . != "false") // false ),
          items: $items,
          others: $others,
          group: $group
        }'
+ local 'target_json={
  "object": "object-group",
  "type": "network",
  "partner": "Fortress-Wireless",
  "description": "Secure wireless access layer",
  "items": [
    "network-object host 172.18.1.20"
  ],
  "others": [
    "network-object host 192.168.1.10"
  ],
  "group": "Unclassified"
}'
+ [[ true == true ]]
+ newline
+ local count=1
+ (( i = 0 ))
+ (( i < count ))
+ echo
+ (( i++ ))
+ (( i < count ))
+ for object in "${restored_block[@]}"
+ message 'object-group network Fortress-Wireless'
+ [[ -n object-group network Fortress-Wireless ]]
+ local 'message=object-group network Fortress-Wireless'
+ echo -e 'object-group network Fortress-Wireless'
+ for object in "${restored_block[@]}"
+ message '  description Secure wireless access layer'
+ [[ -n   description Secure wireless access layer ]]
+ local 'message=  description Secure wireless access layer'
+ echo -e '  description Secure wireless access layer'
+ for object in "${restored_block[@]}"
+ message '  network-object host 172.18.1.20'
+ [[ -n   network-object host 172.18.1.20 ]]
+ local 'message=  network-object host 172.18.1.20'
+ echo -e '  network-object host 172.18.1.20'
+ for object in "${restored_block[@]}"
+ message '  network-object host 192.168.1.10'
+ [[ -n   network-object host 192.168.1.10 ]]
+ local 'message=  network-object host 192.168.1.10'
+ echo -e '  network-object host 192.168.1.10'
+ newline
+ local count=1
+ (( i = 0 ))
+ (( i < count ))
+ echo
+ (( i++ ))
+ (( i < count ))
+ message 'JSON Object (output):'
+ [[ -n JSON Object (output): ]]
+ local 'message=JSON Object (output):'
+ echo -e 'JSON Object (output):'
+ jq -r .
+ [[ -n {
  "object": "object-group",
  "type": "network",
  "partner": "Fortress-Wireless",
  "description": "Secure wireless access layer",
  "items": [
    "network-object host 172.18.1.20"
  ],
  "others": [
    "network-object host 192.168.1.10"
  ],
  "group": "Unclassified"
} ]]
+ jq -r .
+ cat -n /var/folders/vp/4k9xy96d7zx8lhmgrr4khsj80000gn/T/tmp.90hwuJyGl8/fw1.list.objects
     1	{
     2	  "object": "object-group",
     3	  "type": "network",
     4	  "partner": "Metropolis-Internal",
     5	  "description": "Core internal LAN for application clusters",
     6	  "items": [
     7	    "network-object host 10.0.2.3"
     8	  ],
     9	  "others": [
    10	    "network-object 192.168.2.0 255.255.255.0",
    11	    "network-object host 192.168.2.12"
    12	  ],
    13	  "group": "Unclassified"
    14	}
    15	{
    16	  "object": "object-group",
    17	  "type": "network",
    18	  "partner": "Fortress-Wireless",
    19	  "description": "Secure wireless access layer",
    20	  "items": [
    21	    "network-object host 172.18.1.20"
    22	  ],
    23	  "others": [
    24	    "network-object host 192.168.1.10"
    25	  ],
    26	  "group": "Unclassified"
    27	}
+ return 0
