+ oIFS=' 	
'
+ for xitem in "${@}"
+ IFS==
+ read -r key value
++ echo -e --config=cisco/.objects/dmz-fw2-backup.list
++ sed -e '1s|^\(-\)\{1,\}||'
+ [[ config =~ ^(config|c)$ ]]
+ export config_filename=cisco/.objects/dmz-fw2-backup.list
+ config_filename=cisco/.objects/dmz-fw2-backup.list
+ [[ config =~ ^(search|s)$ ]]
+ [[ config =~ ^(listing|g)$ ]]
+ [[ config =~ ^(output|o)$ ]]
+ [[ config =~ ^(logger|l)$ ]]
+ [[ config == \d\e\b\u\g ]]
+ [[ config == \d\r\y\-\r\u\n ]]
+ [[ config == \v\e\r\b\o\s\e ]]
+ for xitem in "${@}"
+ IFS==
+ read -r key value
++ echo -e --search=10.10.10.10
++ sed -e '1s|^\(-\)\{1,\}||'
+ [[ search =~ ^(config|c)$ ]]
+ [[ search =~ ^(search|s)$ ]]
+ local target_pattern=10.10.10.10
+ [[ search =~ ^(listing|g)$ ]]
+ [[ search =~ ^(output|o)$ ]]
+ [[ search =~ ^(logger|l)$ ]]
+ [[ search == \d\e\b\u\g ]]
+ [[ search == \d\r\y\-\r\u\n ]]
+ [[ search == \v\e\r\b\o\s\e ]]
+ for xitem in "${@}"
+ IFS==
+ read -r key value
++ echo -e --listing=targets/10.10.10.10.json
++ sed -e '1s|^\(-\)\{1,\}||'
+ [[ listing =~ ^(config|c)$ ]]
+ [[ listing =~ ^(search|s)$ ]]
+ [[ listing =~ ^(listing|g)$ ]]
+ local target_listing=targets/10.10.10.10.json
+ [[ listing =~ ^(output|o)$ ]]
+ [[ listing =~ ^(logger|l)$ ]]
+ [[ listing == \d\e\b\u\g ]]
+ [[ listing == \d\r\y\-\r\u\n ]]
+ [[ listing == \v\e\r\b\o\s\e ]]
+ for xitem in "${@}"
+ IFS==
+ read -r key value
++ echo -e --output=/var/folders/vp/4k9xy96d7zx8lhmgrr4khsj80000gn/T/tmp.CiEK7yRWrn/10.10.10.10/fragments--dmz-fw2-backup.list--2907.json
++ sed -e '1s|^\(-\)\{1,\}||'
+ [[ output =~ ^(config|c)$ ]]
+ [[ output =~ ^(search|s)$ ]]
+ [[ output =~ ^(listing|g)$ ]]
+ [[ output =~ ^(output|o)$ ]]
+ local json_output=/var/folders/vp/4k9xy96d7zx8lhmgrr4khsj80000gn/T/tmp.CiEK7yRWrn/10.10.10.10/fragments--dmz-fw2-backup.list--2907.json
+ [[ output =~ ^(logger|l)$ ]]
+ [[ output == \d\e\b\u\g ]]
+ [[ output == \d\r\y\-\r\u\n ]]
+ [[ output == \v\e\r\b\o\s\e ]]
+ for xitem in "${@}"
+ IFS==
+ read -r key value
++ echo -e --logger=/var/folders/vp/4k9xy96d7zx8lhmgrr4khsj80000gn/T/tmp.CiEK7yRWrn/dmz-fw2-backup.console
++ sed -e '1s|^\(-\)\{1,\}||'
+ [[ logger =~ ^(config|c)$ ]]
+ [[ logger =~ ^(search|s)$ ]]
+ [[ logger =~ ^(listing|g)$ ]]
+ [[ logger =~ ^(output|o)$ ]]
+ [[ logger =~ ^(logger|l)$ ]]
+ local target_console=/var/folders/vp/4k9xy96d7zx8lhmgrr4khsj80000gn/T/tmp.CiEK7yRWrn/dmz-fw2-backup.console
+ [[ logger == \d\e\b\u\g ]]
+ [[ logger == \d\r\y\-\r\u\n ]]
+ [[ logger == \v\e\r\b\o\s\e ]]
+ IFS=' 	
'
+ [[ -z true ]]
+ [[ -z false ]]
+ [[ -z true ]]
+ [[ -z /var/folders/vp/4k9xy96d7zx8lhmgrr4khsj80000gn/T/tmp.CiEK7yRWrn/dmz-fw2-backup.console ]]
+ local target_console=console/configs-extract.console
++ basename cisco/.objects/dmz-fw2-backup.list
+ local target_object=/var/folders/vp/4k9xy96d7zx8lhmgrr4khsj80000gn/T/tmp.CiEK7yRWrn/dmz-fw2-backup.list.objects
+ :
+ mapfile -t imported_content
++ sed '/^\s*$/d' reports/10.10.10.10/cisco/.objects/dmz-fw2-backup.list
+ message 'Divisor: [--ZGV2b3BzLXJlc291cmNlcy5zaGVsbA--]'
+ [[ -n Divisor: [--ZGV2b3BzLXJlc291cmNlcy5zaGVsbA--] ]]
+ local 'message=Divisor: [--ZGV2b3BzLXJlc291cmNlcy5zaGVsbA--]'
+ echo -e 'Divisor: [--ZGV2b3BzLXJlc291cmNlcy5zaGVsbA--]'
+ cat -vet
Divisor: [--ZGV2b3BzLXJlc291cmNlcy5zaGVsbA--]$
+ [[ true == true ]]
+ message 'Imported Configuration(s): '
+ [[ -n Imported Configuration(s):  ]]
+ local 'message=Imported Configuration(s): '
+ echo -e 'Imported Configuration(s): '
Imported Configuration(s): 
+ newline
+ local count=1
+ (( i = 0 ))
+ (( i < count ))
+ echo

+ (( i++ ))
+ (( i < count ))
+ for object in "${imported_content[@]}"
+ message 'interface GigabitEthernet0/0--ZGV2b3BzLXJlc291cmNlcy5zaGVsbA--  nameif guest--ZGV2b3BzLXJlc291cmNlcy5zaGVsbA--  ip address 10.10.10.10 255.255.255.0--ZGV2b3BzLXJlc291cmNlcy5zaGVsbA--  description Guest access interface'
+ [[ -n interface GigabitEthernet0/0--ZGV2b3BzLXJlc291cmNlcy5zaGVsbA--  nameif guest--ZGV2b3BzLXJlc291cmNlcy5zaGVsbA--  ip address 10.10.10.10 255.255.255.0--ZGV2b3BzLXJlc291cmNlcy5zaGVsbA--  description Guest access interface ]]
+ local 'message=interface GigabitEthernet0/0--ZGV2b3BzLXJlc291cmNlcy5zaGVsbA--  nameif guest--ZGV2b3BzLXJlc291cmNlcy5zaGVsbA--  ip address 10.10.10.10 255.255.255.0--ZGV2b3BzLXJlc291cmNlcy5zaGVsbA--  description Guest access interface'
+ echo -e 'interface GigabitEthernet0/0--ZGV2b3BzLXJlc291cmNlcy5zaGVsbA--  nameif guest--ZGV2b3BzLXJlc291cmNlcy5zaGVsbA--  ip address 10.10.10.10 255.255.255.0--ZGV2b3BzLXJlc291cmNlcy5zaGVsbA--  description Guest access interface'
+ for object in "${imported_content[@]}"
+ message 'object network Shield-WiFi-Alias--ZGV2b3BzLXJlc291cmNlcy5zaGVsbA--  host 10.10.10.10--ZGV2b3BzLXJlc291cmNlcy5zaGVsbA--  description Guest NAT'
+ [[ -n object network Shield-WiFi-Alias--ZGV2b3BzLXJlc291cmNlcy5zaGVsbA--  host 10.10.10.10--ZGV2b3BzLXJlc291cmNlcy5zaGVsbA--  description Guest NAT ]]
+ local 'message=object network Shield-WiFi-Alias--ZGV2b3BzLXJlc291cmNlcy5zaGVsbA--  host 10.10.10.10--ZGV2b3BzLXJlc291cmNlcy5zaGVsbA--  description Guest NAT'
+ echo -e 'object network Shield-WiFi-Alias--ZGV2b3BzLXJlc291cmNlcy5zaGVsbA--  host 10.10.10.10--ZGV2b3BzLXJlc291cmNlcy5zaGVsbA--  description Guest NAT'
+ for object in "${imported_content[@]}"
+ message 'object-group network Sector-Wireless--ZGV2b3BzLXJlc291cmNlcy5zaGVsbA--  description Staff WiFi clients--ZGV2b3BzLXJlc291cmNlcy5zaGVsbA--  network-object host 192.168.100.100--ZGV2b3BzLXJlc291cmNlcy5zaGVsbA--  network-object host 10.10.10.10'
+ [[ -n object-group network Sector-Wireless--ZGV2b3BzLXJlc291cmNlcy5zaGVsbA--  description Staff WiFi clients--ZGV2b3BzLXJlc291cmNlcy5zaGVsbA--  network-object host 192.168.100.100--ZGV2b3BzLXJlc291cmNlcy5zaGVsbA--  network-object host 10.10.10.10 ]]
+ local 'message=object-group network Sector-Wireless--ZGV2b3BzLXJlc291cmNlcy5zaGVsbA--  description Staff WiFi clients--ZGV2b3BzLXJlc291cmNlcy5zaGVsbA--  network-object host 192.168.100.100--ZGV2b3BzLXJlc291cmNlcy5zaGVsbA--  network-object host 10.10.10.10'
+ echo -e 'object-group network Sector-Wireless--ZGV2b3BzLXJlc291cmNlcy5zaGVsbA--  description Staff WiFi clients--ZGV2b3BzLXJlc291cmNlcy5zaGVsbA--  network-object host 192.168.100.100--ZGV2b3BzLXJlc291cmNlcy5zaGVsbA--  network-object host 10.10.10.10'
+ cat -n
     1	interface GigabitEthernet0/0--ZGV2b3BzLXJlc291cmNlcy5zaGVsbA--  nameif guest--ZGV2b3BzLXJlc291cmNlcy5zaGVsbA--  ip address 10.10.10.10 255.255.255.0--ZGV2b3BzLXJlc291cmNlcy5zaGVsbA--  description Guest access interface
     2	object network Shield-WiFi-Alias--ZGV2b3BzLXJlc291cmNlcy5zaGVsbA--  host 10.10.10.10--ZGV2b3BzLXJlc291cmNlcy5zaGVsbA--  description Guest NAT
     3	object-group network Sector-Wireless--ZGV2b3BzLXJlc291cmNlcy5zaGVsbA--  description Staff WiFi clients--ZGV2b3BzLXJlc291cmNlcy5zaGVsbA--  network-object host 192.168.100.100--ZGV2b3BzLXJlc291cmNlcy5zaGVsbA--  network-object host 10.10.10.10
+ local configs_obj2json__script=configs-obj2json
+ local obj2json_location=jobs/configs-obj2json/10.10.10.10
+ mkdir -p jobs/configs-obj2json/10.10.10.10
++ basename cisco/.objects/dmz-fw2-backup.list
+ local cfg_basename=dmz-fw2-backup.list
+ local logging_filename=dmz-fw2-backup
+ expanded_content=()
+ local -a expanded_content
+ for block in "${imported_content[@]}"
+ [[ interface GigabitEthernet0/0--ZGV2b3BzLXJlc291cmNlcy5zaGVsbA--  nameif guest--ZGV2b3BzLXJlc291cmNlcy5zaGVsbA--  ip address 10.10.10.10 255.255.255.0--ZGV2b3BzLXJlc291cmNlcy5zaGVsbA--  description Guest access interface =~ ^config[[:space:]] ]]
+ expanded_content+=("${block}")
+ for block in "${imported_content[@]}"
+ [[ object network Shield-WiFi-Alias--ZGV2b3BzLXJlc291cmNlcy5zaGVsbA--  host 10.10.10.10--ZGV2b3BzLXJlc291cmNlcy5zaGVsbA--  description Guest NAT =~ ^config[[:space:]] ]]
+ expanded_content+=("${block}")
+ for block in "${imported_content[@]}"
+ [[ object-group network Sector-Wireless--ZGV2b3BzLXJlc291cmNlcy5zaGVsbA--  description Staff WiFi clients--ZGV2b3BzLXJlc291cmNlcy5zaGVsbA--  network-object host 192.168.100.100--ZGV2b3BzLXJlc291cmNlcy5zaGVsbA--  network-object host 10.10.10.10 =~ ^config[[:space:]] ]]
+ expanded_content+=("${block}")
+ imported_content=("${expanded_content[@]}")
+ for serialized_object in "${imported_content[@]}"
+ local rel_path=cisco/.objects/dmz-fw2-backup.list
+ local device_location=cisco
+ local device_filename=dmz-fw2-backup.list
+ local objects_dir=reports/10.10.10.10/cisco
+ local objects_file=reports/10.10.10.10/cisco/dmz-fw2-backup.list
+ local configs_obj2json__console=/var/folders/vp/4k9xy96d7zx8lhmgrr4khsj80000gn/T/tmp.CiEK7yRWrn/configs-obj2json
+ configs_obj2json__console+=--10.10.10.10--cisco--dmz-fw2-backup.console
+ local configs_obj2json__logger=/var/folders/vp/4k9xy96d7zx8lhmgrr4khsj80000gn/T/tmp.CiEK7yRWrn/dmz-fw2-backup
+ configs_obj2json --search=10.10.10.10 '--source=interface GigabitEthernet0/0--ZGV2b3BzLXJlc291cmNlcy5zaGVsbA--  nameif guest--ZGV2b3BzLXJlc291cmNlcy5zaGVsbA--  ip address 10.10.10.10 255.255.255.0--ZGV2b3BzLXJlc291cmNlcy5zaGVsbA--  description Guest access interface' --target=/var/folders/vp/4k9xy96d7zx8lhmgrr4khsj80000gn/T/tmp.CiEK7yRWrn/dmz-fw2-backup.list.objects --logger=/var/folders/vp/4k9xy96d7zx8lhmgrr4khsj80000gn/T/tmp.CiEK7yRWrn/configs-obj2json--10.10.10.10--cisco--dmz-fw2-backup.console
+ [[ -s /var/folders/vp/4k9xy96d7zx8lhmgrr4khsj80000gn/T/tmp.CiEK7yRWrn/dmz-fw2-backup.list.objects ]]
+ companion_config=('reports/10.10.10.10/cisco/dmz-fw2-backup.cfg')
+ local companion_config
++ awk '
                BEGIN { in_json = 0 }
                /^[[:space:]]*{/ { in_json = 1 }
                in_json { print }
                /^[[:space:]]*}/ { exit }
              ' reports/10.10.10.10/cisco/dmz-fw2-backup.cfg
++ jq .
+ local 'specs_block={
  "vendor": "cisco",
  "model": "ASA",
  "version": "9.12(4)",
  "domain": "global.dmz.example.net",
  "hostname": "dmz-fw2-backup"
}'
+++ basename -s .list dmz-fw2-backup.list
++ jq --slurp --arg site cisco --arg device dmz-fw2-backup --argjson specs '{
  "vendor": "cisco",
  "model": "ASA",
  "version": "9.12(4)",
  "domain": "global.dmz.example.net",
  "hostname": "dmz-fw2-backup"
}' '{
              site: ( $site | gsub("^.*/"; "") ),
              specs: $specs,
              device: $device,
              objects: .
            }' /var/folders/vp/4k9xy96d7zx8lhmgrr4khsj80000gn/T/tmp.CiEK7yRWrn/dmz-fw2-backup.list.objects
+ wrapped_block='{
  "site": "cisco",
  "specs": {
    "vendor": "cisco",
    "model": "ASA",
    "version": "9.12(4)",
    "domain": "global.dmz.example.net",
    "hostname": "dmz-fw2-backup"
  },
  "device": "dmz-fw2-backup",
  "objects": [
    {
      "object": "interface",
      "type": "GigabitEthernet0/0",
      "partner": false,
      "description": "Guest access interface",
      "items": [
        "ip address 10.10.10.10 255.255.255.0"
      ],
      "others": [
        "nameif guest"
      ],
      "group": "Unclassified"
    },
    {
      "object": "object-group",
      "type": "network",
      "partner": "Watchtower-DMZ",
      "description": "Global secure relay",
      "items": [
        "network-object host 192.0.2.50"
      ],
      "others": [],
      "group": "Unclassified"
    }
  ]
}'
+ [[ true == true ]]
+ jq -e .
++ dirname /var/folders/vp/4k9xy96d7zx8lhmgrr4khsj80000gn/T/tmp.CiEK7yRWrn/10.10.10.10/fragments--dmz-fw2-backup.list--2907.json
+ mkdir -p /var/folders/vp/4k9xy96d7zx8lhmgrr4khsj80000gn/T/tmp.CiEK7yRWrn/10.10.10.10
+ printf '%s\n' '{
  "site": "cisco",
  "specs": {
    "vendor": "cisco",
    "model": "ASA",
    "version": "9.12(4)",
    "domain": "global.dmz.example.net",
    "hostname": "dmz-fw2-backup"
  },
  "device": "dmz-fw2-backup",
  "objects": [
    {
      "object": "interface",
      "type": "GigabitEthernet0/0",
      "partner": false,
      "description": "Guest access interface",
      "items": [
        "ip address 10.10.10.10 255.255.255.0"
      ],
      "others": [
        "nameif guest"
      ],
      "group": "Unclassified"
    },
    {
      "object": "object-group",
      "type": "network",
      "partner": "Watchtower-DMZ",
      "description": "Global secure relay",
      "items": [
        "network-object host 192.0.2.50"
      ],
      "others": [],
      "group": "Unclassified"
    }
  ]
}'
+ for serialized_object in "${imported_content[@]}"
+ local rel_path=cisco/.objects/dmz-fw2-backup.list
+ local device_location=cisco
+ local device_filename=dmz-fw2-backup.list
+ local objects_dir=reports/10.10.10.10/cisco
+ local objects_file=reports/10.10.10.10/cisco/dmz-fw2-backup.list
+ local configs_obj2json__console=/var/folders/vp/4k9xy96d7zx8lhmgrr4khsj80000gn/T/tmp.CiEK7yRWrn/configs-obj2json
+ configs_obj2json__console+=--10.10.10.10--cisco--dmz-fw2-backup.console
+ local configs_obj2json__logger=/var/folders/vp/4k9xy96d7zx8lhmgrr4khsj80000gn/T/tmp.CiEK7yRWrn/dmz-fw2-backup
+ configs_obj2json --search=10.10.10.10 '--source=object network Shield-WiFi-Alias--ZGV2b3BzLXJlc291cmNlcy5zaGVsbA--  host 10.10.10.10--ZGV2b3BzLXJlc291cmNlcy5zaGVsbA--  description Guest NAT' --target=/var/folders/vp/4k9xy96d7zx8lhmgrr4khsj80000gn/T/tmp.CiEK7yRWrn/dmz-fw2-backup.list.objects --logger=/var/folders/vp/4k9xy96d7zx8lhmgrr4khsj80000gn/T/tmp.CiEK7yRWrn/configs-obj2json--10.10.10.10--cisco--dmz-fw2-backup.console
+ [[ -s /var/folders/vp/4k9xy96d7zx8lhmgrr4khsj80000gn/T/tmp.CiEK7yRWrn/dmz-fw2-backup.list.objects ]]
+ companion_config=('reports/10.10.10.10/cisco/dmz-fw2-backup.cfg')
+ local companion_config
++ awk '
                BEGIN { in_json = 0 }
                /^[[:space:]]*{/ { in_json = 1 }
                in_json { print }
                /^[[:space:]]*}/ { exit }
              ' reports/10.10.10.10/cisco/dmz-fw2-backup.cfg
++ jq .
+ local 'specs_block={
  "vendor": "cisco",
  "model": "ASA",
  "version": "9.12(4)",
  "domain": "global.dmz.example.net",
  "hostname": "dmz-fw2-backup"
}'
+++ basename -s .list dmz-fw2-backup.list
++ jq --slurp --arg site cisco --arg device dmz-fw2-backup --argjson specs '{
  "vendor": "cisco",
  "model": "ASA",
  "version": "9.12(4)",
  "domain": "global.dmz.example.net",
  "hostname": "dmz-fw2-backup"
}' '{
              site: ( $site | gsub("^.*/"; "") ),
              specs: $specs,
              device: $device,
              objects: .
            }' /var/folders/vp/4k9xy96d7zx8lhmgrr4khsj80000gn/T/tmp.CiEK7yRWrn/dmz-fw2-backup.list.objects
+ wrapped_block='{
  "site": "cisco",
  "specs": {
    "vendor": "cisco",
    "model": "ASA",
    "version": "9.12(4)",
    "domain": "global.dmz.example.net",
    "hostname": "dmz-fw2-backup"
  },
  "device": "dmz-fw2-backup",
  "objects": [
    {
      "object": "interface",
      "type": "GigabitEthernet0/0",
      "partner": false,
      "description": "Guest access interface",
      "items": [
        "ip address 10.10.10.10 255.255.255.0"
      ],
      "others": [
        "nameif guest"
      ],
      "group": "Unclassified"
    },
    {
      "object": "object-group",
      "type": "network",
      "partner": "Watchtower-DMZ",
      "description": "Global secure relay",
      "items": [
        "network-object host 192.0.2.50"
      ],
      "others": [],
      "group": "Unclassified"
    },
    {
      "object": "object",
      "type": "network",
      "partner": "Shield-WiFi-Alias",
      "description": "Guest NAT",
      "items": [
        "host 10.10.10.10"
      ],
      "others": [],
      "group": "Unclassified"
    }
  ]
}'
+ [[ true == true ]]
+ jq -e .
++ dirname /var/folders/vp/4k9xy96d7zx8lhmgrr4khsj80000gn/T/tmp.CiEK7yRWrn/10.10.10.10/fragments--dmz-fw2-backup.list--2907.json
+ mkdir -p /var/folders/vp/4k9xy96d7zx8lhmgrr4khsj80000gn/T/tmp.CiEK7yRWrn/10.10.10.10
+ printf '%s\n' '{
  "site": "cisco",
  "specs": {
    "vendor": "cisco",
    "model": "ASA",
    "version": "9.12(4)",
    "domain": "global.dmz.example.net",
    "hostname": "dmz-fw2-backup"
  },
  "device": "dmz-fw2-backup",
  "objects": [
    {
      "object": "interface",
      "type": "GigabitEthernet0/0",
      "partner": false,
      "description": "Guest access interface",
      "items": [
        "ip address 10.10.10.10 255.255.255.0"
      ],
      "others": [
        "nameif guest"
      ],
      "group": "Unclassified"
    },
    {
      "object": "object-group",
      "type": "network",
      "partner": "Watchtower-DMZ",
      "description": "Global secure relay",
      "items": [
        "network-object host 192.0.2.50"
      ],
      "others": [],
      "group": "Unclassified"
    },
    {
      "object": "object",
      "type": "network",
      "partner": "Shield-WiFi-Alias",
      "description": "Guest NAT",
      "items": [
        "host 10.10.10.10"
      ],
      "others": [],
      "group": "Unclassified"
    }
  ]
}'
+ for serialized_object in "${imported_content[@]}"
+ local rel_path=cisco/.objects/dmz-fw2-backup.list
+ local device_location=cisco
+ local device_filename=dmz-fw2-backup.list
+ local objects_dir=reports/10.10.10.10/cisco
+ local objects_file=reports/10.10.10.10/cisco/dmz-fw2-backup.list
+ local configs_obj2json__console=/var/folders/vp/4k9xy96d7zx8lhmgrr4khsj80000gn/T/tmp.CiEK7yRWrn/configs-obj2json
+ configs_obj2json__console+=--10.10.10.10--cisco--dmz-fw2-backup.console
+ local configs_obj2json__logger=/var/folders/vp/4k9xy96d7zx8lhmgrr4khsj80000gn/T/tmp.CiEK7yRWrn/dmz-fw2-backup
+ configs_obj2json --search=10.10.10.10 '--source=object-group network Sector-Wireless--ZGV2b3BzLXJlc291cmNlcy5zaGVsbA--  description Staff WiFi clients--ZGV2b3BzLXJlc291cmNlcy5zaGVsbA--  network-object host 192.168.100.100--ZGV2b3BzLXJlc291cmNlcy5zaGVsbA--  network-object host 10.10.10.10' --target=/var/folders/vp/4k9xy96d7zx8lhmgrr4khsj80000gn/T/tmp.CiEK7yRWrn/dmz-fw2-backup.list.objects --logger=/var/folders/vp/4k9xy96d7zx8lhmgrr4khsj80000gn/T/tmp.CiEK7yRWrn/configs-obj2json--10.10.10.10--cisco--dmz-fw2-backup.console
+ [[ -s /var/folders/vp/4k9xy96d7zx8lhmgrr4khsj80000gn/T/tmp.CiEK7yRWrn/dmz-fw2-backup.list.objects ]]
+ companion_config=('reports/10.10.10.10/cisco/dmz-fw2-backup.cfg')
+ local companion_config
++ awk '
                BEGIN { in_json = 0 }
                /^[[:space:]]*{/ { in_json = 1 }
                in_json { print }
                /^[[:space:]]*}/ { exit }
              ' reports/10.10.10.10/cisco/dmz-fw2-backup.cfg
++ jq .
+ local 'specs_block={
  "vendor": "cisco",
  "model": "ASA",
  "version": "9.12(4)",
  "domain": "global.dmz.example.net",
  "hostname": "dmz-fw2-backup"
}'
+++ basename -s .list dmz-fw2-backup.list
++ jq --slurp --arg site cisco --arg device dmz-fw2-backup --argjson specs '{
  "vendor": "cisco",
  "model": "ASA",
  "version": "9.12(4)",
  "domain": "global.dmz.example.net",
  "hostname": "dmz-fw2-backup"
}' '{
              site: ( $site | gsub("^.*/"; "") ),
              specs: $specs,
              device: $device,
              objects: .
            }' /var/folders/vp/4k9xy96d7zx8lhmgrr4khsj80000gn/T/tmp.CiEK7yRWrn/dmz-fw2-backup.list.objects
+ wrapped_block='{
  "site": "cisco",
  "specs": {
    "vendor": "cisco",
    "model": "ASA",
    "version": "9.12(4)",
    "domain": "global.dmz.example.net",
    "hostname": "dmz-fw2-backup"
  },
  "device": "dmz-fw2-backup",
  "objects": [
    {
      "object": "interface",
      "type": "GigabitEthernet0/0",
      "partner": false,
      "description": "Guest access interface",
      "items": [
        "ip address 10.10.10.10 255.255.255.0"
      ],
      "others": [
        "nameif guest"
      ],
      "group": "Unclassified"
    },
    {
      "object": "object-group",
      "type": "network",
      "partner": "Watchtower-DMZ",
      "description": "Global secure relay",
      "items": [
        "network-object host 192.0.2.50"
      ],
      "others": [],
      "group": "Unclassified"
    },
    {
      "object": "object",
      "type": "network",
      "partner": "Shield-WiFi-Alias",
      "description": "Guest NAT",
      "items": [
        "host 10.10.10.10"
      ],
      "others": [],
      "group": "Unclassified"
    },
    {
      "object": "object-group",
      "type": "network",
      "partner": "Sector-Wireless",
      "description": "Staff WiFi clients",
      "items": [
        "network-object host 10.10.10.10"
      ],
      "others": [
        "network-object host 192.168.100.100"
      ],
      "group": "Unclassified"
    }
  ]
}'
+ [[ true == true ]]
+ jq -e .
++ dirname /var/folders/vp/4k9xy96d7zx8lhmgrr4khsj80000gn/T/tmp.CiEK7yRWrn/10.10.10.10/fragments--dmz-fw2-backup.list--2907.json
+ mkdir -p /var/folders/vp/4k9xy96d7zx8lhmgrr4khsj80000gn/T/tmp.CiEK7yRWrn/10.10.10.10
+ printf '%s\n' '{
  "site": "cisco",
  "specs": {
    "vendor": "cisco",
    "model": "ASA",
    "version": "9.12(4)",
    "domain": "global.dmz.example.net",
    "hostname": "dmz-fw2-backup"
  },
  "device": "dmz-fw2-backup",
  "objects": [
    {
      "object": "interface",
      "type": "GigabitEthernet0/0",
      "partner": false,
      "description": "Guest access interface",
      "items": [
        "ip address 10.10.10.10 255.255.255.0"
      ],
      "others": [
        "nameif guest"
      ],
      "group": "Unclassified"
    },
    {
      "object": "object-group",
      "type": "network",
      "partner": "Watchtower-DMZ",
      "description": "Global secure relay",
      "items": [
        "network-object host 192.0.2.50"
      ],
      "others": [],
      "group": "Unclassified"
    },
    {
      "object": "object",
      "type": "network",
      "partner": "Shield-WiFi-Alias",
      "description": "Guest NAT",
      "items": [
        "host 10.10.10.10"
      ],
      "others": [],
      "group": "Unclassified"
    },
    {
      "object": "object-group",
      "type": "network",
      "partner": "Sector-Wireless",
      "description": "Staff WiFi clients",
      "items": [
        "network-object host 10.10.10.10"
      ],
      "others": [
        "network-object host 192.168.100.100"
      ],
      "group": "Unclassified"
    }
  ]
}'
+ local configs_obj2json__console=console/configs-obj2json.console
+ local 'search_pattern=/var/folders/vp/4k9xy96d7zx8lhmgrr4khsj80000gn/T/tmp.CiEK7yRWrn/configs-obj2json--10.10.10.10--*.console'
+ :
+ for obj_console in ${search_pattern}
+ [[ -f /var/folders/vp/4k9xy96d7zx8lhmgrr4khsj80000gn/T/tmp.CiEK7yRWrn/configs-obj2json--10.10.10.10--*.console ]]
+ cp -v console/configs-obj2json.console console/configs-obj2json.console
cp: console/configs-obj2json.console and console/configs-obj2json.console are identical (not copied).
