+ oIFS=' 	
'
+ for xitem in "${@}"
+ IFS==
+ read -r key value
++ echo -e --search=172.16.0.5
++ sed -e '1s|^\(-\)\{1,\}||'
+ [[ search =~ ^(search|s)$ ]]
+ local target_pattern=172.16.0.5
+ [[ search =~ ^(source|o)$ ]]
+ [[ search =~ ^(target|t)$ ]]
+ [[ search =~ ^(logger|l)$ ]]
+ [[ search == \d\e\b\u\g ]]
+ [[ search == \d\r\y\-\r\u\n ]]
+ [[ search == \v\e\r\b\o\s\e ]]
+ for xitem in "${@}"
+ IFS==
+ read -r key value
++ echo -e '--source=object-group network Panther-Edge--ZGV2b3BzLXJlc291cmNlcy5zaGVsbA--  description Internet-facing proxy systems--ZGV2b3BzLXJlc291cmNlcy5zaGVsbA--  network-object host 203.0.113.25--ZGV2b3BzLXJlc291cmNlcy5zaGVsbA--  network-object host 172.16.0.5'
++ sed -e '1s|^\(-\)\{1,\}||'
+ [[ source =~ ^(search|s)$ ]]
+ [[ source =~ ^(source|o)$ ]]
+ local 'source_object=object-group network Panther-Edge--ZGV2b3BzLXJlc291cmNlcy5zaGVsbA--  description Internet-facing proxy systems--ZGV2b3BzLXJlc291cmNlcy5zaGVsbA--  network-object host 203.0.113.25--ZGV2b3BzLXJlc291cmNlcy5zaGVsbA--  network-object host 172.16.0.5'
+ [[ source =~ ^(target|t)$ ]]
+ [[ source =~ ^(logger|l)$ ]]
+ [[ source == \d\e\b\u\g ]]
+ [[ source == \d\r\y\-\r\u\n ]]
+ [[ source == \v\e\r\b\o\s\e ]]
+ for xitem in "${@}"
+ IFS==
+ read -r key value
++ echo -e --target=/var/folders/vp/4k9xy96d7zx8lhmgrr4khsj80000gn/T/tmp.X0CG1HZyIo/perimeter-fw1.list.objects
++ sed -e '1s|^\(-\)\{1,\}||'
+ [[ target =~ ^(search|s)$ ]]
+ [[ target =~ ^(source|o)$ ]]
+ [[ target =~ ^(target|t)$ ]]
+ local target_object=/var/folders/vp/4k9xy96d7zx8lhmgrr4khsj80000gn/T/tmp.X0CG1HZyIo/perimeter-fw1.list.objects
+ [[ target =~ ^(logger|l)$ ]]
+ [[ target == \d\e\b\u\g ]]
+ [[ target == \d\r\y\-\r\u\n ]]
+ [[ target == \v\e\r\b\o\s\e ]]
+ for xitem in "${@}"
+ IFS==
+ read -r key value
++ echo -e --logger=/var/folders/vp/4k9xy96d7zx8lhmgrr4khsj80000gn/T/tmp.X0CG1HZyIo/configs-obj2json--172.16.0.5--cisco--perimeter-fw1.console
++ sed -e '1s|^\(-\)\{1,\}||'
+ [[ logger =~ ^(search|s)$ ]]
+ [[ logger =~ ^(source|o)$ ]]
+ [[ logger =~ ^(target|t)$ ]]
+ [[ logger =~ ^(logger|l)$ ]]
+ local target_console=/var/folders/vp/4k9xy96d7zx8lhmgrr4khsj80000gn/T/tmp.X0CG1HZyIo/configs-obj2json--172.16.0.5--cisco--perimeter-fw1.console
+ [[ logger == \d\e\b\u\g ]]
+ [[ logger == \d\r\y\-\r\u\n ]]
+ [[ logger == \v\e\r\b\o\s\e ]]
+ IFS=' 	
'
+ [[ -z true ]]
+ [[ -z false ]]
+ [[ -z true ]]
+ local target_console=console/configs-obj2json.console
+ mapfile -t restored_block
++ printf '%s\n' 'object-group network Panther-Edge
  description Internet-facing proxy systems
  network-object host 203.0.113.25
  network-object host 172.16.0.5'
+ local 'object_header=object-group network Panther-Edge'
+ local object_keyword type_value partner_value
+ read -a header_tokens
+ object_keyword=object-group
+ [[ object-group == \c\o\n\f\i\g ]]
+ ((  3 == 3  ))
+ type_value=network
+ partner_value=Panther-Edge
+ data_sets=()
+ local -a data_sets
+ local description_value=false
+ for line in "${restored_block[@]}"
++ sed -E 's/^[[:space:]]*//;s/[[:space:]]*$//'
+ local 'trimmed=object-group network Panther-Edge'
+ [[ -z object-group network Panther-Edge ]]
+ [[ object-group network panther-edge =~ ^description[[:space:]] ]]
+ [[ object-group network panther-edge =~ ^edit[[:space:]]+".+" ]]
+ [[ object-group network panther-edge =~ ^set[[:space:]]+comment[[:space:]] ]]
+ [[ object-group network panther-edge == \n\e\x\t ]]
+ [[ object-group network panther-edge == \e\n\d ]]
+ data_sets+=("${trimmed}")
+ for line in "${restored_block[@]}"
++ sed -E 's/^[[:space:]]*//;s/[[:space:]]*$//'
+ local 'trimmed=description Internet-facing proxy systems'
+ [[ -z description Internet-facing proxy systems ]]
+ [[ description internet-facing proxy systems =~ ^description[[:space:]] ]]
++ sed -E 's/^description[[:space:]]+//'
+ description_value='Internet-facing proxy systems'
+ continue
+ for line in "${restored_block[@]}"
++ sed -E 's/^[[:space:]]*//;s/[[:space:]]*$//'
+ local 'trimmed=network-object host 203.0.113.25'
+ [[ -z network-object host 203.0.113.25 ]]
+ [[ network-object host 203.0.113.25 =~ ^description[[:space:]] ]]
+ [[ network-object host 203.0.113.25 =~ ^edit[[:space:]]+".+" ]]
+ [[ network-object host 203.0.113.25 =~ ^set[[:space:]]+comment[[:space:]] ]]
+ [[ network-object host 203.0.113.25 == \n\e\x\t ]]
+ [[ network-object host 203.0.113.25 == \e\n\d ]]
+ data_sets+=("${trimmed}")
+ for line in "${restored_block[@]}"
++ sed -E 's/^[[:space:]]*//;s/[[:space:]]*$//'
+ local 'trimmed=network-object host 172.16.0.5'
+ [[ -z network-object host 172.16.0.5 ]]
+ [[ network-object host 172.16.0.5 =~ ^description[[:space:]] ]]
+ [[ network-object host 172.16.0.5 =~ ^edit[[:space:]]+".+" ]]
+ [[ network-object host 172.16.0.5 =~ ^set[[:space:]]+comment[[:space:]] ]]
+ [[ network-object host 172.16.0.5 == \n\e\x\t ]]
+ [[ network-object host 172.16.0.5 == \e\n\d ]]
+ data_sets+=("${trimmed}")
+ [[ object-group network Panther-Edge == \o\b\j\e\c\t\-\g\r\o\u\p\ \n\e\t\w\o\r\k\ \P\a\n\t\h\e\r\-\E\d\g\e ]]
+ data_sets=("${data_sets[@]:1}")
+ items=()
+ local -a items
+ others=()
+ local -a others
+ for line in "${data_sets[@]}"
+ grep -Eq '(^|[^0-9.])172\.16\.0\.5([^0-9.]|$)'
+ others+=("$(sed -E 's/^[[:space:]]+//;s/[[:space:]]+$//' <<< "${line}")")
++ sed -E 's/^[[:space:]]+//;s/[[:space:]]+$//'
+ for line in "${data_sets[@]}"
+ grep -Eq '(^|[^0-9.])172\.16\.0\.5([^0-9.]|$)'
+ items+=("$(sed -E 's/^[[:space:]]+//;s/[[:space:]]+$//' <<< "${line}")")
++ sed -E 's/^[[:space:]]+//;s/[[:space:]]+$//'
++ printf '%s\n' 'network-object host 172.16.0.5'
++ jq -R .
++ jq --slurp .
+ local 'items_json=[
  "network-object host 172.16.0.5"
]'
++ printf '%s\n' 'network-object host 203.0.113.25'
++ sed '/^[[:space:]]*$/d'
++ jq -R .
++ jq --slurp .
+ local 'others_json=[
  "network-object host 203.0.113.25"
]'
+ local group_value=Unclassified
+ [[ true == true ]]
+ local object_key
++ awk '{print $NF}'
++ sed -E 's/[[:punct:]]*$//'
+ object_key=network
++ jq -r --arg key network 'map( select( .match[]? | contains( $key ) ) ) | .[0].group'
+ group_value=null
+ [[ -z null ]]
+ [[ null == \n\u\l\l ]]
++ jq -r --arg desc 'Internet-facing proxy systems' 'map( select( .match[]? == $desc ) ) | .[0].group'
+ group_value=null
+ [[ -z null ]]
+ [[ null == \n\u\l\l ]]
+ group_value=Unclassified
++ jq -n --arg object object-group --arg type network --arg partner Panther-Edge --arg description 'Internet-facing proxy systems' --argjson items '[
  "network-object host 172.16.0.5"
]' --argjson others '[
  "network-object host 203.0.113.25"
]' --arg group Unclassified '{
          object: $object,
          type: ( $type // false ),
          partner: ( $partner | select(. != "" and . != "null" and . != "false") // false ),
          description: ( $description | select(. != "" and . != "null" and . != "false") // false ),
          items: $items,
          others: $others,
          group: $group
        }'
+ local 'target_json={
  "object": "object-group",
  "type": "network",
  "partner": "Panther-Edge",
  "description": "Internet-facing proxy systems",
  "items": [
    "network-object host 172.16.0.5"
  ],
  "others": [
    "network-object host 203.0.113.25"
  ],
  "group": "Unclassified"
}'
+ [[ true == true ]]
+ newline
+ local count=1
+ (( i = 0 ))
+ (( i < count ))
+ echo
+ (( i++ ))
+ (( i < count ))
+ for object in "${restored_block[@]}"
+ message 'object-group network Panther-Edge'
+ [[ -n object-group network Panther-Edge ]]
+ local 'message=object-group network Panther-Edge'
+ echo -e 'object-group network Panther-Edge'
+ for object in "${restored_block[@]}"
+ message '  description Internet-facing proxy systems'
+ [[ -n   description Internet-facing proxy systems ]]
+ local 'message=  description Internet-facing proxy systems'
+ echo -e '  description Internet-facing proxy systems'
+ for object in "${restored_block[@]}"
+ message '  network-object host 203.0.113.25'
+ [[ -n   network-object host 203.0.113.25 ]]
+ local 'message=  network-object host 203.0.113.25'
+ echo -e '  network-object host 203.0.113.25'
+ for object in "${restored_block[@]}"
+ message '  network-object host 172.16.0.5'
+ [[ -n   network-object host 172.16.0.5 ]]
+ local 'message=  network-object host 172.16.0.5'
+ echo -e '  network-object host 172.16.0.5'
+ newline
+ local count=1
+ (( i = 0 ))
+ (( i < count ))
+ echo
+ (( i++ ))
+ (( i < count ))
+ message 'JSON Object (output):'
+ [[ -n JSON Object (output): ]]
+ local 'message=JSON Object (output):'
+ echo -e 'JSON Object (output):'
+ jq -r .
+ [[ -n {
  "object": "object-group",
  "type": "network",
  "partner": "Panther-Edge",
  "description": "Internet-facing proxy systems",
  "items": [
    "network-object host 172.16.0.5"
  ],
  "others": [
    "network-object host 203.0.113.25"
  ],
  "group": "Unclassified"
} ]]
+ jq -r .
+ cat -n /var/folders/vp/4k9xy96d7zx8lhmgrr4khsj80000gn/T/tmp.X0CG1HZyIo/perimeter-fw1.list.objects
     1	{
     2	  "object": "interface",
     3	  "type": "GigabitEthernet0/1",
     4	  "partner": false,
     5	  "description": "Internal Network Interface",
     6	  "items": [
     7	    "ip address 10.0.0.1 255.255.255.0"
     8	  ],
     9	  "others": [
    10	    "nameif inside",
    11	    "security-level 100"
    12	  ],
    13	  "group": "Unclassified"
    14	}
    15	{
    16	  "object": "object-group",
    17	  "type": "network",
    18	  "partner": "Panther-Edge",
    19	  "description": "Internet-facing proxy systems",
    20	  "items": [
    21	    "network-object host 172.16.0.5"
    22	  ],
    23	  "others": [
    24	    "network-object host 203.0.113.25"
    25	  ],
    26	  "group": "Unclassified"
    27	}
+ return 0
+ oIFS=' 	
'
+ for xitem in "${@}"
+ IFS==
+ read -r key value
++ echo -e --search=172.16.0.5
++ sed -e '1s|^\(-\)\{1,\}||'
+ [[ search =~ ^(search|s)$ ]]
+ local target_pattern=172.16.0.5
+ [[ search =~ ^(source|o)$ ]]
+ [[ search =~ ^(target|t)$ ]]
+ [[ search =~ ^(logger|l)$ ]]
+ [[ search == \d\e\b\u\g ]]
+ [[ search == \d\r\y\-\r\u\n ]]
+ [[ search == \v\e\r\b\o\s\e ]]
+ for xitem in "${@}"
+ IFS==
+ read -r key value
++ echo -e '--source=object network Magneto-Core--ZGV2b3BzLXJlc291cmNlcy5zaGVsbA--  host 172.16.0.5--ZGV2b3BzLXJlc291cmNlcy5zaGVsbA--  description WAN firewall entry point'
++ sed -e '1s|^\(-\)\{1,\}||'
+ [[ source =~ ^(search|s)$ ]]
+ [[ source =~ ^(source|o)$ ]]
+ local 'source_object=object network Magneto-Core--ZGV2b3BzLXJlc291cmNlcy5zaGVsbA--  host 172.16.0.5--ZGV2b3BzLXJlc291cmNlcy5zaGVsbA--  description WAN firewall entry point'
+ [[ source =~ ^(target|t)$ ]]
+ [[ source =~ ^(logger|l)$ ]]
+ [[ source == \d\e\b\u\g ]]
+ [[ source == \d\r\y\-\r\u\n ]]
+ [[ source == \v\e\r\b\o\s\e ]]
+ for xitem in "${@}"
+ IFS==
+ read -r key value
++ echo -e --target=/var/folders/vp/4k9xy96d7zx8lhmgrr4khsj80000gn/T/tmp.X0CG1HZyIo/perimeter-fw1.list.objects
++ sed -e '1s|^\(-\)\{1,\}||'
+ [[ target =~ ^(search|s)$ ]]
+ [[ target =~ ^(source|o)$ ]]
+ [[ target =~ ^(target|t)$ ]]
+ local target_object=/var/folders/vp/4k9xy96d7zx8lhmgrr4khsj80000gn/T/tmp.X0CG1HZyIo/perimeter-fw1.list.objects
+ [[ target =~ ^(logger|l)$ ]]
+ [[ target == \d\e\b\u\g ]]
+ [[ target == \d\r\y\-\r\u\n ]]
+ [[ target == \v\e\r\b\o\s\e ]]
+ for xitem in "${@}"
+ IFS==
+ read -r key value
++ echo -e --logger=/var/folders/vp/4k9xy96d7zx8lhmgrr4khsj80000gn/T/tmp.X0CG1HZyIo/configs-obj2json--172.16.0.5--cisco--perimeter-fw1.console
++ sed -e '1s|^\(-\)\{1,\}||'
+ [[ logger =~ ^(search|s)$ ]]
+ [[ logger =~ ^(source|o)$ ]]
+ [[ logger =~ ^(target|t)$ ]]
+ [[ logger =~ ^(logger|l)$ ]]
+ local target_console=/var/folders/vp/4k9xy96d7zx8lhmgrr4khsj80000gn/T/tmp.X0CG1HZyIo/configs-obj2json--172.16.0.5--cisco--perimeter-fw1.console
+ [[ logger == \d\e\b\u\g ]]
+ [[ logger == \d\r\y\-\r\u\n ]]
+ [[ logger == \v\e\r\b\o\s\e ]]
+ IFS=' 	
'
+ [[ -z true ]]
+ [[ -z false ]]
+ [[ -z true ]]
+ local target_console=console/configs-obj2json.console
+ mapfile -t restored_block
++ printf '%s\n' 'object network Magneto-Core
  host 172.16.0.5
  description WAN firewall entry point'
+ local 'object_header=object network Magneto-Core'
+ local object_keyword type_value partner_value
+ read -a header_tokens
+ object_keyword=object
+ [[ object == \c\o\n\f\i\g ]]
+ ((  3 == 3  ))
+ type_value=network
+ partner_value=Magneto-Core
+ data_sets=()
+ local -a data_sets
+ local description_value=false
+ for line in "${restored_block[@]}"
++ sed -E 's/^[[:space:]]*//;s/[[:space:]]*$//'
+ local 'trimmed=object network Magneto-Core'
+ [[ -z object network Magneto-Core ]]
+ [[ object network magneto-core =~ ^description[[:space:]] ]]
+ [[ object network magneto-core =~ ^edit[[:space:]]+".+" ]]
+ [[ object network magneto-core =~ ^set[[:space:]]+comment[[:space:]] ]]
+ [[ object network magneto-core == \n\e\x\t ]]
+ [[ object network magneto-core == \e\n\d ]]
+ data_sets+=("${trimmed}")
+ for line in "${restored_block[@]}"
++ sed -E 's/^[[:space:]]*//;s/[[:space:]]*$//'
+ local 'trimmed=host 172.16.0.5'
+ [[ -z host 172.16.0.5 ]]
+ [[ host 172.16.0.5 =~ ^description[[:space:]] ]]
+ [[ host 172.16.0.5 =~ ^edit[[:space:]]+".+" ]]
+ [[ host 172.16.0.5 =~ ^set[[:space:]]+comment[[:space:]] ]]
+ [[ host 172.16.0.5 == \n\e\x\t ]]
+ [[ host 172.16.0.5 == \e\n\d ]]
+ data_sets+=("${trimmed}")
+ for line in "${restored_block[@]}"
++ sed -E 's/^[[:space:]]*//;s/[[:space:]]*$//'
+ local 'trimmed=description WAN firewall entry point'
+ [[ -z description WAN firewall entry point ]]
+ [[ description wan firewall entry point =~ ^description[[:space:]] ]]
++ sed -E 's/^description[[:space:]]+//'
+ description_value='WAN firewall entry point'
+ continue
+ [[ object network Magneto-Core == \o\b\j\e\c\t\ \n\e\t\w\o\r\k\ \M\a\g\n\e\t\o\-\C\o\r\e ]]
+ data_sets=("${data_sets[@]:1}")
+ items=()
+ local -a items
+ others=()
+ local -a others
+ for line in "${data_sets[@]}"
+ grep -Eq '(^|[^0-9.])172\.16\.0\.5([^0-9.]|$)'
+ items+=("$(sed -E 's/^[[:space:]]+//;s/[[:space:]]+$//' <<< "${line}")")
++ sed -E 's/^[[:space:]]+//;s/[[:space:]]+$//'
++ printf '%s\n' 'host 172.16.0.5'
++ jq -R .
++ jq --slurp .
+ local 'items_json=[
  "host 172.16.0.5"
]'
++ printf '%s\n'
++ sed '/^[[:space:]]*$/d'
++ jq -R .
++ jq --slurp .
+ local 'others_json=[]'
+ local group_value=Unclassified
+ [[ true == true ]]
+ local object_key
++ awk '{print $NF}'
++ sed -E 's/[[:punct:]]*$//'
+ object_key=network
++ jq -r --arg key network 'map( select( .match[]? | contains( $key ) ) ) | .[0].group'
+ group_value=null
+ [[ -z null ]]
+ [[ null == \n\u\l\l ]]
++ jq -r --arg desc 'WAN firewall entry point' 'map( select( .match[]? == $desc ) ) | .[0].group'
+ group_value=null
+ [[ -z null ]]
+ [[ null == \n\u\l\l ]]
+ group_value=Unclassified
++ jq -n --arg object object --arg type network --arg partner Magneto-Core --arg description 'WAN firewall entry point' --argjson items '[
  "host 172.16.0.5"
]' --argjson others '[]' --arg group Unclassified '{
          object: $object,
          type: ( $type // false ),
          partner: ( $partner | select(. != "" and . != "null" and . != "false") // false ),
          description: ( $description | select(. != "" and . != "null" and . != "false") // false ),
          items: $items,
          others: $others,
          group: $group
        }'
+ local 'target_json={
  "object": "object",
  "type": "network",
  "partner": "Magneto-Core",
  "description": "WAN firewall entry point",
  "items": [
    "host 172.16.0.5"
  ],
  "others": [],
  "group": "Unclassified"
}'
+ [[ true == true ]]
+ newline
+ local count=1
+ (( i = 0 ))
+ (( i < count ))
+ echo
+ (( i++ ))
+ (( i < count ))
+ for object in "${restored_block[@]}"
+ message 'object network Magneto-Core'
+ [[ -n object network Magneto-Core ]]
+ local 'message=object network Magneto-Core'
+ echo -e 'object network Magneto-Core'
+ for object in "${restored_block[@]}"
+ message '  host 172.16.0.5'
+ [[ -n   host 172.16.0.5 ]]
+ local 'message=  host 172.16.0.5'
+ echo -e '  host 172.16.0.5'
+ for object in "${restored_block[@]}"
+ message '  description WAN firewall entry point'
+ [[ -n   description WAN firewall entry point ]]
+ local 'message=  description WAN firewall entry point'
+ echo -e '  description WAN firewall entry point'
+ newline
+ local count=1
+ (( i = 0 ))
+ (( i < count ))
+ echo
+ (( i++ ))
+ (( i < count ))
+ message 'JSON Object (output):'
+ [[ -n JSON Object (output): ]]
+ local 'message=JSON Object (output):'
+ echo -e 'JSON Object (output):'
+ jq -r .
+ [[ -n {
  "object": "object",
  "type": "network",
  "partner": "Magneto-Core",
  "description": "WAN firewall entry point",
  "items": [
    "host 172.16.0.5"
  ],
  "others": [],
  "group": "Unclassified"
} ]]
+ jq -r .
+ cat -n /var/folders/vp/4k9xy96d7zx8lhmgrr4khsj80000gn/T/tmp.X0CG1HZyIo/perimeter-fw1.list.objects
     1	{
     2	  "object": "interface",
     3	  "type": "GigabitEthernet0/1",
     4	  "partner": false,
     5	  "description": "Internal Network Interface",
     6	  "items": [
     7	    "ip address 10.0.0.1 255.255.255.0"
     8	  ],
     9	  "others": [
    10	    "nameif inside",
    11	    "security-level 100"
    12	  ],
    13	  "group": "Unclassified"
    14	}
    15	{
    16	  "object": "object-group",
    17	  "type": "network",
    18	  "partner": "Panther-Edge",
    19	  "description": "Internet-facing proxy systems",
    20	  "items": [
    21	    "network-object host 172.16.0.5"
    22	  ],
    23	  "others": [
    24	    "network-object host 203.0.113.25"
    25	  ],
    26	  "group": "Unclassified"
    27	}
    28	{
    29	  "object": "object-group",
    30	  "type": "network",
    31	  "partner": "Avengers-DMZ",
    32	  "description": "Public access layer",
    33	  "items": [
    34	    "network-object host 192.0.2.50"
    35	  ],
    36	  "others": [
    37	    "network-object host 203.0.113.25",
    38	    "network-object 192.168.2.0 255.255.255.0"
    39	  ],
    40	  "group": "Unclassified"
    41	}
    42	{
    43	  "object": "object",
    44	  "type": "network",
    45	  "partner": "Stark-Tower",
    46	  "description": "Core services gateway",
    47	  "items": [
    48	    "host 10.0.0.1"
    49	  ],
    50	  "others": [],
    51	  "group": "Unclassified"
    52	}
    53	{
    54	  "object": "object",
    55	  "type": "network",
    56	  "partner": "Magneto-Core",
    57	  "description": "WAN firewall entry point",
    58	  "items": [
    59	    "host 172.16.0.5"
    60	  ],
    61	  "others": [],
    62	  "group": "Unclassified"
    63	}
+ return 0
