[INFO] Date: 2025-05-28 08:53:17

[INFO] Script: ./scripts/parse-listings.shell
[INFO] PID: 71526

[INFO] User: emvaldes
[INFO] Host: emvaldes-imac-desktop.local
[INFO] OS: darwin23.4.0
[INFO] Shell: 5.2.37(1)-release

System Information Metrics:

System Uptime:                         1:03
System Load (1/5/15 min):             2.07 1.97 2.21
CPU Cores (logical):                  16
CPU Architecture:                     x86_64
Memory - Total:                       128.00 GB
Memory - Free:                        102.43 GB
Disk - Root (/):                      894Gi total, 305Gi free

[INFO] Logging Output Directory: .logs
[INFO] Temp Directory: /var/folders/vp/4k9xy96d7zx8lhmgrr4khsj80000gn/T/tmp.Ky914ZXS8d

Parsed Input Parameters (CLI Flags):

Batch size (configs per batch):       3
Enable group classification:          true
Source Configs directory:             configs
Target Configs directory:             .cache/resources
Device filter (file or inline):       false
Default Configs Listing file:         .cache/configs.list
Export format (JSON/CSV):             reports/reports.csv
Allowed file extensions:              cfg conf cnf
Delay between background jobs:        0.1
IP address input (file or inline):    ips.list
Enable logging:                       true
Parallel threads:                     100
Translation matrix file:              matrix.json
Reports output directory:             reports
Target site folders:                  false
Enable IP format validation:          false

Display help:                         false
Enable debug mode:                    true
Dry run mode:                         false
Enable verbose output:                true

Loaded (default) IPs addresses (count): 17

  - 10.0.0.1
  - 10.0.1.2
  - 10.0.2.3
  - 10.10.10.10
  - 172.16.0.5
  - 172.16.1.6
  - 172.18.1.20
  - 172.31.255.254
  - 192.0.2.50
  - 192.168.0.1
  - 192.168.0.100
  - 192.168.1.10
  - 192.168.1.11
  - 192.168.2.12
  - 192.168.100.100
  - 198.51.100.75
  - 203.0.113.25

Devices-Filtering configurations is not required: false

Discovered Config Files (count): 28

  - cisco/access-sw1-west.cfg
  - cisco/access-switch-07.cfg
  - cisco/branch-fw-03.cfg
  - cisco/branch-fw-snmp.cfg
  - cisco/branch-isr-02.cfg
  - cisco/campus-sw-access01.cfg
  - cisco/core-fw-dmz-01.cfg
  - cisco/core-router-01.cfg
  - cisco/datacenter-fw-core.cfg
  - cisco/dmz-fw2-backup.cfg
  - cisco/hq-core-rtr-02.cfg
  - cisco/hq-core-rtr.cfg
  - cisco/perimeter-fw1.cfg
  - fortinet/fg-branch-vpn-01.cfg
  - fortinet/fg-campus-core.cfg
  - fortinet/fg-datacenter-east.cfg
  - fortinet/fg-fw-dmz-01.cfg
  - fortinet/fg-lab-test-fw.cfg
  - fortinet/fg-testing-config.cfg
  - misc/fw1.cfg
  - misc/fw2.cfg
  - misc/fw3.cfg
  - misc/fw5.cfg
  - misc/fw6.cfg
  - misc/switch1.conf
  - misc/switch2.conf
  - misc/switch3.conf
  - misc/switch4.conf

Cached Configs List: .cache/configs.list

     1	configs/cisco/access-sw1-west.cfg
     2	configs/cisco/access-switch-07.cfg
     3	configs/cisco/branch-fw-03.cfg
     4	configs/cisco/branch-fw-snmp.cfg
     5	configs/cisco/branch-isr-02.cfg
     6	configs/cisco/campus-sw-access01.cfg
     7	configs/cisco/core-fw-dmz-01.cfg
     8	configs/cisco/core-router-01.cfg
     9	configs/cisco/datacenter-fw-core.cfg
    10	configs/cisco/dmz-fw2-backup.cfg
    11	configs/cisco/hq-core-rtr-02.cfg
    12	configs/cisco/hq-core-rtr.cfg
    13	configs/cisco/perimeter-fw1.cfg
    14	configs/fortinet/fg-branch-vpn-01.cfg
    15	configs/fortinet/fg-campus-core.cfg
    16	configs/fortinet/fg-datacenter-east.cfg
    17	configs/fortinet/fg-fw-dmz-01.cfg
    18	configs/fortinet/fg-lab-test-fw.cfg
    19	configs/fortinet/fg-testing-config.cfg
    20	configs/misc/fw1.cfg
    21	configs/misc/fw2.cfg
    22	configs/misc/fw3.cfg
    23	configs/misc/fw5.cfg
    24	configs/misc/fw6.cfg
    25	configs/misc/switch1.conf
    26	configs/misc/switch2.conf
    27	configs/misc/switch3.conf
    28	configs/misc/switch4.conf

Processing Addresses: [ 1 → 10 ]
Processing IPs Range: [ 10.0.0.1 → 192.168.0.1 ]

Progress / Completed: 1/2 (50%) → 17 IPs

Site Folders:

  - cisco
  - fortinet
  - misc

Batch processing (outer):
Batch size: 3

Location Name:  cisco
Location Index: 1/3

Total Configs:  13

  - cisco/access-sw1-west.cfg
  - cisco/access-switch-07.cfg
  - cisco/branch-fw-03.cfg
  - cisco/branch-fw-snmp.cfg
  - cisco/branch-isr-02.cfg
  - cisco/campus-sw-access01.cfg
  - cisco/core-fw-dmz-01.cfg
  - cisco/core-router-01.cfg
  - cisco/datacenter-fw-core.cfg
  - cisco/dmz-fw2-backup.cfg
  - cisco/hq-core-rtr-02.cfg
  - cisco/hq-core-rtr.cfg
  - cisco/perimeter-fw1.cfg

Batch processing (inner):
Batch ID: MTc0ODQ0NzU5

Batch Index:    1/5
Batch Suffix:   1748447599-23034
Batch FileName: configs--MTc0ODQ0NzU5-1748447599-23034.list
Batch Configs:  /var/folders/vp/4k9xy96d7zx8lhmgrr4khsj80000gn/T/tmp.Ky914ZXS8d/configs--MTc0ODQ0NzU5-1748447599-23034.list

File: configs--MTc0ODQ0NzU5-1748447599-23034.list
Parent: /var/folders/vp/4k9xy96d7zx8lhmgrr4khsj80000gn/T/tmp.Ky914ZXS8d
Size: 127 bytes
Blocks/Inode: 8 / 240385028
Mode: -rw-r--r--
UID/GID: 501 / 20
Access: May 28 08:53:19 2025
Modify: May 28 08:53:19 2025
Change: May 28 08:53:19 2025

Batch Size:     3
Batch Ranges:   1 -> 3

  - cisco/access-sw1-west.cfg
  - cisco/access-switch-07.cfg
  - cisco/branch-fw-03.cfg

[EXECUTE]   matching_configs
[PARAMETER] source_configs_list:
            /var/folders/vp/4k9xy96d7zx8lhmgrr4khsj80000gn/T/tmp.Ky914ZXS8d/configs--MTc0ODQ0NzU5-1748447599-23034.list

.cache/resources/cisco/access-sw1-west.cfg
.cache/resources/cisco/access-switch-07.cfg

Matched IPs to [cisco] configs (2):
-------------------------------------
PID    | IP Address      => Config(s)
-------------------------------------
72622  | 10.10.10.10     => access-sw1-west.cfg + access-switch-07.cfg
72608  | 192.168.0.1     => access-sw1-west.cfg + access-switch-07.cfg

Unmapped IPs (count): 15

Background Jobs -> Managed Configs:
PID   | IP Address (2)
-------------------------
72677 | 192.168.0.1
72680 | 10.10.10.10

- cisco/access-sw1-west.cfg ( 2 fragments ) -> targets/10.10.10.10.json
  • object: object-group ( type: network MGMT-ACCESS )
  • object: object-group ( type: network Mutant-WiFi )
- cisco/access-switch-07.cfg ( 1 fragments ) -> targets/10.10.10.10.json
  • object: object-group ( type: network Mutant-WiFi )

{
  "target": "10.10.10.10",
  "configs": [
    {
      "site": "cisco",
      "device": "access-sw1-west.cfg",
      "objects": [
        {
          "object": "object-group",
          "type": "network MGMT-ACCESS",
          "partner": "MGMT-ACCESS",
          "description": "Management objects",
          "items": [
            "network-object host 10.10.10.10"
          ],
          "sets": {
            "network-object": 3
          },
          "group": "Unclassified"
        }
      ]
    },
    {
      "site": "cisco",
      "device": "access-sw1-west.cfg",
      "objects": [
        {
          "object": "object-group",
          "type": "network Mutant-WiFi",
          "partner": "Mutant-WiFi",
          "description": "Controlled guest devices",
          "items": [
            "network-object host 10.10.10.10"
          ],
          "sets": {
            "network-object": 1
          },
          "group": "Unclassified"
        }
      ]
    },
    {
      "site": "cisco",
      "device": "access-switch-07.cfg",
      "objects": [
        {
          "object": "object-group",
          "type": "network Mutant-WiFi",
          "partner": "Mutant-WiFi",
          "description": "Controlled guest devices",
          "items": [
            "network-object host 10.10.10.10"
          ],
          "sets": {
            "network-object": 1
          },
          "group": "Unclassified"
        }
      ]
    }
  ]
}

Merged [ targets/10.10.10.10.json ] → reports/10.10.10.10/10.10.10.10.json

- cisco/access-sw1-west.cfg ( 2 fragments ) -> targets/192.168.0.1.json
  • object: interface ( type: Vlan1 )
  • object: object-group ( type: network MGMT-ACCESS )
- cisco/access-switch-07.cfg ( 2 fragments ) -> targets/192.168.0.1.json
  • object: interface ( type: Vlan1 )
  • object: object-group ( type: network MGMT-ACCESS )

{
  "target": "192.168.0.1",
  "configs": [
    {
      "site": "cisco",
      "device": "access-sw1-west.cfg",
      "objects": [
        {
          "object": "interface",
          "type": "Vlan1",
          "partner": false,
          "description": "Management Interface",
          "items": [
            "ip address 192.168.0.1 255.255.255.0"
          ],
          "sets": {
            "ip": 1
          },
          "group": "Business-Unit-Networks"
        }
      ]
    },
    {
      "site": "cisco",
      "device": "access-sw1-west.cfg",
      "objects": [
        {
          "object": "object-group",
          "type": "network MGMT-ACCESS",
          "partner": "MGMT-ACCESS",
          "description": "Management objects",
          "items": [
            "network-object host 192.168.0.1"
          ],
          "sets": {
            "network-object": 3
          },
          "group": "Unclassified"
        }
      ]
    },
    {
      "site": "cisco",
      "device": "access-switch-07.cfg",
      "objects": [
        {
          "object": "interface",
          "type": "Vlan1",
          "partner": false,
          "description": "Management Interface",
          "items": [
            "ip address 192.168.0.1 255.255.255.0"
          ],
          "sets": {
            "ip": 1
          },
          "group": "Business-Unit-Networks"
        }
      ]
    },
    {
      "site": "cisco",
      "device": "access-switch-07.cfg",
      "objects": [
        {
          "object": "object-group",
          "type": "network MGMT-ACCESS",
          "partner": "MGMT-ACCESS",
          "description": "Management subnet objects",
          "items": [
            "network-object host 192.168.0.1"
          ],
          "sets": {
            "network-object": 3
          },
          "group": "Unclassified"
        }
      ]
    }
  ]
}

Merged [ targets/192.168.0.1.json ] → reports/192.168.0.1/192.168.0.1.json

Batch processing (inner):
Batch ID: MTc0ODQ0NzYw

Batch Index:    2/5
Batch Suffix:   1748447601-30598
Batch FileName: configs--MTc0ODQ0NzYw-1748447601-30598.list
Batch Configs:  /var/folders/vp/4k9xy96d7zx8lhmgrr4khsj80000gn/T/tmp.Ky914ZXS8d/configs--MTc0ODQ0NzYw-1748447601-30598.list

File: configs--MTc0ODQ0NzYw-1748447601-30598.list
Parent: /var/folders/vp/4k9xy96d7zx8lhmgrr4khsj80000gn/T/tmp.Ky914ZXS8d
Size: 129 bytes
Blocks/Inode: 8 / 240385101
Mode: -rw-r--r--
UID/GID: 501 / 20
Access: May 28 08:53:21 2025
Modify: May 28 08:53:21 2025
Change: May 28 08:53:21 2025

Batch Size:     3
Batch Ranges:   4 -> 6

  - cisco/branch-fw-snmp.cfg
  - cisco/branch-isr-02.cfg
  - cisco/campus-sw-access01.cfg

[EXECUTE]   matching_configs
[PARAMETER] source_configs_list:
            /var/folders/vp/4k9xy96d7zx8lhmgrr4khsj80000gn/T/tmp.Ky914ZXS8d/configs--MTc0ODQ0NzYw-1748447601-30598.list

.cache/resources/cisco/campus-sw-access01.cfg

Matched IPs to [cisco] configs (2):
-------------------------------------
PID    | IP Address      => Config(s)
-------------------------------------
73385  | 192.168.0.1     => campus-sw-access01.cfg
73399  | 10.10.10.10     => campus-sw-access01.cfg

Unmapped IPs (count): 15

Background Jobs -> Managed Configs:
PID   | IP Address (2)
-------------------------
73436 | 192.168.0.1
73439 | 10.10.10.10

- cisco/campus-sw-access01.cfg ( 1 fragments ) -> targets/10.10.10.10.json
  • object: object-group ( type: network Floor-Networks )

{
  "target": "10.10.10.10",
  "configs": [
    {
      "site": "cisco",
      "device": "campus-sw-access01.cfg",
      "objects": [
        {
          "object": "object-group",
          "type": "network Floor-Networks",
          "partner": "Floor-Networks",
          "description": "End-user and service devices",
          "items": [
            "network-object host 10.10.10.10"
          ],
          "sets": {
            "network-object": 3
          },
          "group": "Unclassified"
        }
      ]
    }
  ]
}

Merged [ targets/10.10.10.10.json ] → reports/10.10.10.10/10.10.10.10.json

- cisco/campus-sw-access01.cfg ( 2 fragments ) -> targets/192.168.0.1.json
  • object: interface ( type: Vlan1 )
  • object: object-group ( type: network Floor-Networks )

{
  "target": "192.168.0.1",
  "configs": [
    {
      "site": "cisco",
      "device": "campus-sw-access01.cfg",
      "objects": [
        {
          "object": "interface",
          "type": "Vlan1",
          "partner": false,
          "description": "Switch Mgmt",
          "items": [
            "ip address 192.168.0.1 255.255.255.0"
          ],
          "sets": {
            "ip": 1
          },
          "group": "Business-Unit-Networks"
        }
      ]
    },
    {
      "site": "cisco",
      "device": "campus-sw-access01.cfg",
      "objects": [
        {
          "object": "object-group",
          "type": "network Floor-Networks",
          "partner": "Floor-Networks",
          "description": "End-user and service devices",
          "items": [
            "network-object host 192.168.0.1"
          ],
          "sets": {
            "network-object": 3
          },
          "group": "Unclassified"
        }
      ]
    }
  ]
}

Merged [ targets/192.168.0.1.json ] → reports/192.168.0.1/192.168.0.1.json

Batch processing (inner):
Batch ID: MTc0ODQ0NzYw

Batch Index:    3/5
Batch Suffix:   1748447602-7974
Batch FileName: configs--MTc0ODQ0NzYw-1748447602-7974.list
Batch Configs:  /var/folders/vp/4k9xy96d7zx8lhmgrr4khsj80000gn/T/tmp.Ky914ZXS8d/configs--MTc0ODQ0NzYw-1748447602-7974.list

File: configs--MTc0ODQ0NzYw-1748447602-7974.list
Parent: /var/folders/vp/4k9xy96d7zx8lhmgrr4khsj80000gn/T/tmp.Ky914ZXS8d
Size: 130 bytes
Blocks/Inode: 8 / 240385176
Mode: -rw-r--r--
UID/GID: 501 / 20
Access: May 28 08:53:22 2025
Modify: May 28 08:53:22 2025
Change: May 28 08:53:22 2025

Batch Size:     3
Batch Ranges:   7 -> 9

  - cisco/core-fw-dmz-01.cfg
  - cisco/core-router-01.cfg
  - cisco/datacenter-fw-core.cfg

[EXECUTE]   matching_configs
[PARAMETER] source_configs_list:
            /var/folders/vp/4k9xy96d7zx8lhmgrr4khsj80000gn/T/tmp.Ky914ZXS8d/configs--MTc0ODQ0NzYw-1748447602-7974.list


Matched IPs to [cisco] configs (0):
-------------------------------------
PID    | IP Address      => Config(s)
-------------------------------------

Unmapped IPs (count): 17

Background Jobs -> Managed Configs:
PID   | IP Address (0)
-------------------------

Batch processing (inner):
Batch ID: MTc0ODQ0NzYw

Batch Index:    4/5
Batch Suffix:   1748447602-11744
Batch FileName: configs--MTc0ODQ0NzYw-1748447602-11744.list
Batch Configs:  /var/folders/vp/4k9xy96d7zx8lhmgrr4khsj80000gn/T/tmp.Ky914ZXS8d/configs--MTc0ODQ0NzYw-1748447602-11744.list

File: configs--MTc0ODQ0NzYw-1748447602-11744.list
Parent: /var/folders/vp/4k9xy96d7zx8lhmgrr4khsj80000gn/T/tmp.Ky914ZXS8d
Size: 123 bytes
Blocks/Inode: 8 / 240385178
Mode: -rw-r--r--
UID/GID: 501 / 20
Access: May 28 08:53:22 2025
Modify: May 28 08:53:22 2025
Change: May 28 08:53:22 2025

Batch Size:     3
Batch Ranges:   10 -> 12

  - cisco/dmz-fw2-backup.cfg
  - cisco/hq-core-rtr-02.cfg
  - cisco/hq-core-rtr.cfg

[EXECUTE]   matching_configs
[PARAMETER] source_configs_list:
            /var/folders/vp/4k9xy96d7zx8lhmgrr4khsj80000gn/T/tmp.Ky914ZXS8d/configs--MTc0ODQ0NzYw-1748447602-11744.list


Matched IPs to [cisco] configs (0):
-------------------------------------
PID    | IP Address      => Config(s)
-------------------------------------

Unmapped IPs (count): 17

Background Jobs -> Managed Configs:
PID   | IP Address (0)
-------------------------

Batch processing (inner):
Batch ID: MTc0ODQ0NzYw

Batch Index:    5/5
Batch Suffix:   1748447602-10637
Batch FileName: configs--MTc0ODQ0NzYw-1748447602-10637.list
Batch Configs:  /var/folders/vp/4k9xy96d7zx8lhmgrr4khsj80000gn/T/tmp.Ky914ZXS8d/configs--MTc0ODQ0NzYw-1748447602-10637.list

File: configs--MTc0ODQ0NzYw-1748447602-10637.list
Parent: /var/folders/vp/4k9xy96d7zx8lhmgrr4khsj80000gn/T/tmp.Ky914ZXS8d
Size: 41 bytes
Blocks/Inode: 8 / 240385180
Mode: -rw-r--r--
UID/GID: 501 / 20
Access: May 28 08:53:22 2025
Modify: May 28 08:53:22 2025
Change: May 28 08:53:22 2025

Batch Size:     1
Batch Ranges:   13 -> 13

  - cisco/perimeter-fw1.cfg

[EXECUTE]   matching_configs
[PARAMETER] source_configs_list:
            /var/folders/vp/4k9xy96d7zx8lhmgrr4khsj80000gn/T/tmp.Ky914ZXS8d/configs--MTc0ODQ0NzYw-1748447602-10637.list


Matched IPs to [cisco] configs (0):
-------------------------------------
PID    | IP Address      => Config(s)
-------------------------------------

Unmapped IPs (count): 17

Background Jobs -> Managed Configs:
PID   | IP Address (0)
-------------------------

Location Name:  fortinet
Location Index: 2/3

Total Configs:  6

  - fortinet/fg-branch-vpn-01.cfg
  - fortinet/fg-campus-core.cfg
  - fortinet/fg-datacenter-east.cfg
  - fortinet/fg-fw-dmz-01.cfg
  - fortinet/fg-lab-test-fw.cfg
  - fortinet/fg-testing-config.cfg

Batch processing (inner):
Batch ID: MTc0ODQ0NzYw

Batch Index:    1/2
Batch Suffix:   1748447602-9723
Batch FileName: configs--MTc0ODQ0NzYw-1748447602-9723.list
Batch Configs:  /var/folders/vp/4k9xy96d7zx8lhmgrr4khsj80000gn/T/tmp.Ky914ZXS8d/configs--MTc0ODQ0NzYw-1748447602-9723.list

File: configs--MTc0ODQ0NzYw-1748447602-9723.list
Parent: /var/folders/vp/4k9xy96d7zx8lhmgrr4khsj80000gn/T/tmp.Ky914ZXS8d
Size: 141 bytes
Blocks/Inode: 8 / 240385185
Mode: -rw-r--r--
UID/GID: 501 / 20
Access: May 28 08:53:22 2025
Modify: May 28 08:53:22 2025
Change: May 28 08:53:22 2025

Batch Size:     3
Batch Ranges:   1 -> 3

  - fortinet/fg-branch-vpn-01.cfg
  - fortinet/fg-campus-core.cfg
  - fortinet/fg-datacenter-east.cfg

[EXECUTE]   matching_configs
[PARAMETER] source_configs_list:
            /var/folders/vp/4k9xy96d7zx8lhmgrr4khsj80000gn/T/tmp.Ky914ZXS8d/configs--MTc0ODQ0NzYw-1748447602-9723.list


Matched IPs to [fortinet] configs (0):
-------------------------------------
PID    | IP Address      => Config(s)
-------------------------------------

Unmapped IPs (count): 17

Background Jobs -> Managed Configs:
PID   | IP Address (0)
-------------------------

Batch processing (inner):
Batch ID: MTc0ODQ0NzYw

Batch Index:    2/2
Batch Suffix:   1748447602-25810
Batch FileName: configs--MTc0ODQ0NzYw-1748447602-25810.list
Batch Configs:  /var/folders/vp/4k9xy96d7zx8lhmgrr4khsj80000gn/T/tmp.Ky914ZXS8d/configs--MTc0ODQ0NzYw-1748447602-25810.list

File: configs--MTc0ODQ0NzYw-1748447602-25810.list
Parent: /var/folders/vp/4k9xy96d7zx8lhmgrr4khsj80000gn/T/tmp.Ky914ZXS8d
Size: 136 bytes
Blocks/Inode: 8 / 240385192
Mode: -rw-r--r--
UID/GID: 501 / 20
Access: May 28 08:53:22 2025
Modify: May 28 08:53:22 2025
Change: May 28 08:53:22 2025

Batch Size:     3
Batch Ranges:   4 -> 6

  - fortinet/fg-fw-dmz-01.cfg
  - fortinet/fg-lab-test-fw.cfg
  - fortinet/fg-testing-config.cfg

[EXECUTE]   matching_configs
[PARAMETER] source_configs_list:
            /var/folders/vp/4k9xy96d7zx8lhmgrr4khsj80000gn/T/tmp.Ky914ZXS8d/configs--MTc0ODQ0NzYw-1748447602-25810.list


Matched IPs to [fortinet] configs (0):
-------------------------------------
PID    | IP Address      => Config(s)
-------------------------------------

Unmapped IPs (count): 17

Background Jobs -> Managed Configs:
PID   | IP Address (0)
-------------------------

Location Name:  misc
Location Index: 3/3

Total Configs:  5

  - misc/fw1.cfg
  - misc/fw2.cfg
  - misc/fw3.cfg
  - misc/fw5.cfg
  - misc/fw6.cfg

Batch processing (inner):
Batch ID: MTc0ODQ0NzYw

Batch Index:    1/2
Batch Suffix:   1748447602-15216
Batch FileName: configs--MTc0ODQ0NzYw-1748447602-15216.list
Batch Configs:  /var/folders/vp/4k9xy96d7zx8lhmgrr4khsj80000gn/T/tmp.Ky914ZXS8d/configs--MTc0ODQ0NzYw-1748447602-15216.list

File: configs--MTc0ODQ0NzYw-1748447602-15216.list
Parent: /var/folders/vp/4k9xy96d7zx8lhmgrr4khsj80000gn/T/tmp.Ky914ZXS8d
Size: 90 bytes
Blocks/Inode: 8 / 240385204
Mode: -rw-r--r--
UID/GID: 501 / 20
Access: May 28 08:53:22 2025
Modify: May 28 08:53:22 2025
Change: May 28 08:53:22 2025

Batch Size:     3
Batch Ranges:   1 -> 3

  - misc/fw1.cfg
  - misc/fw2.cfg
  - misc/fw3.cfg

[EXECUTE]   matching_configs
[PARAMETER] source_configs_list:
            /var/folders/vp/4k9xy96d7zx8lhmgrr4khsj80000gn/T/tmp.Ky914ZXS8d/configs--MTc0ODQ0NzYw-1748447602-15216.list


Matched IPs to [misc] configs (0):
-------------------------------------
PID    | IP Address      => Config(s)
-------------------------------------

Unmapped IPs (count): 17

Background Jobs -> Managed Configs:
PID   | IP Address (0)
-------------------------

Batch processing (inner):
Batch ID: MTc0ODQ0NzYw

Batch Index:    2/2
Batch Suffix:   1748447603-13401
Batch FileName: configs--MTc0ODQ0NzYw-1748447603-13401.list
Batch Configs:  /var/folders/vp/4k9xy96d7zx8lhmgrr4khsj80000gn/T/tmp.Ky914ZXS8d/configs--MTc0ODQ0NzYw-1748447603-13401.list

File: configs--MTc0ODQ0NzYw-1748447603-13401.list
Parent: /var/folders/vp/4k9xy96d7zx8lhmgrr4khsj80000gn/T/tmp.Ky914ZXS8d
Size: 60 bytes
Blocks/Inode: 8 / 240385213
Mode: -rw-r--r--
UID/GID: 501 / 20
Access: May 28 08:53:23 2025
Modify: May 28 08:53:23 2025
Change: May 28 08:53:23 2025

Batch Size:     2
Batch Ranges:   4 -> 5

  - misc/fw5.cfg
  - misc/fw6.cfg

[EXECUTE]   matching_configs
[PARAMETER] source_configs_list:
            /var/folders/vp/4k9xy96d7zx8lhmgrr4khsj80000gn/T/tmp.Ky914ZXS8d/configs--MTc0ODQ0NzYw-1748447603-13401.list


Matched IPs to [misc] configs (0):
-------------------------------------
PID    | IP Address      => Config(s)
-------------------------------------

Unmapped IPs (count): 17

Background Jobs -> Managed Configs:
PID   | IP Address (0)
-------------------------

Processing Addresses: [ 11 → 17 ]
Processing IPs Range: [ 192.168.0.100 → 203.0.113.25 ]

Progress / Completed: 2/2 (100%) → 17 IPs

Site Folders:

  - cisco
  - fortinet
  - misc

Batch processing (outer):
Batch size: 3

Location Name:  cisco
Location Index: 1/3

Total Configs:  13

  - cisco/access-sw1-west.cfg
  - cisco/access-switch-07.cfg
  - cisco/branch-fw-03.cfg
  - cisco/branch-fw-snmp.cfg
  - cisco/branch-isr-02.cfg
  - cisco/campus-sw-access01.cfg
  - cisco/core-fw-dmz-01.cfg
  - cisco/core-router-01.cfg
  - cisco/datacenter-fw-core.cfg
  - cisco/dmz-fw2-backup.cfg
  - cisco/hq-core-rtr-02.cfg
  - cisco/hq-core-rtr.cfg
  - cisco/perimeter-fw1.cfg

Batch processing (inner):
Batch ID: MTc0ODQ0NzYw

Batch Index:    1/5
Batch Suffix:   1748447603-25219
Batch FileName: configs--MTc0ODQ0NzYw-1748447603-25219.list
Batch Configs:  /var/folders/vp/4k9xy96d7zx8lhmgrr4khsj80000gn/T/tmp.Ky914ZXS8d/configs--MTc0ODQ0NzYw-1748447603-25219.list

File: configs--MTc0ODQ0NzYw-1748447603-25219.list
Parent: /var/folders/vp/4k9xy96d7zx8lhmgrr4khsj80000gn/T/tmp.Ky914ZXS8d
Size: 127 bytes
Blocks/Inode: 8 / 240385223
Mode: -rw-r--r--
UID/GID: 501 / 20
Access: May 28 08:53:23 2025
Modify: May 28 08:53:23 2025
Change: May 28 08:53:23 2025

Batch Size:     3
Batch Ranges:   1 -> 3

  - cisco/access-sw1-west.cfg
  - cisco/access-switch-07.cfg
  - cisco/branch-fw-03.cfg

[EXECUTE]   matching_configs
[PARAMETER] source_configs_list:
            /var/folders/vp/4k9xy96d7zx8lhmgrr4khsj80000gn/T/tmp.Ky914ZXS8d/configs--MTc0ODQ0NzYw-1748447603-25219.list

.cache/resources/cisco/access-sw1-west.cfg
.cache/resources/cisco/access-switch-07.cfg
.cache/resources/cisco/branch-fw-03.cfg

Matched IPs to [cisco] configs (4):
-------------------------------------
PID    | IP Address      => Config(s)
-------------------------------------
74498  | 198.51.100.75   => branch-fw-03.cfg
74442  | 192.168.100.100 => access-switch-07.cfg
74476  | 192.168.0.100   => access-sw1-west.cfg + access-switch-07.cfg
74456  | 192.168.2.12    => branch-fw-03.cfg

Unmapped IPs (count): 13

Background Jobs -> Managed Configs:
PID   | IP Address (4)
-------------------------
74557 | 192.168.2.12
74554 | 192.168.100.100
74566 | 198.51.100.75
74561 | 192.168.0.100

- cisco/access-switch-07.cfg ( 1 fragments ) -> targets/192.168.100.100.json
  • object: object-group ( type: network Titan-Wireless )

{
  "target": "192.168.100.100",
  "configs": [
    {
      "site": "cisco",
      "device": "access-switch-07.cfg",
      "objects": [
        {
          "object": "object-group",
          "type": "network Titan-Wireless",
          "partner": "Titan-Wireless",
          "description": "Young heroes WiFi",
          "items": [
            "network-object host 192.168.100.100"
          ],
          "sets": {
            "network-object": 1
          },
          "group": "Unclassified"
        }
      ]
    }
  ]
}

Merged [ targets/192.168.100.100.json ] → reports/192.168.100.100/192.168.100.100.json

- cisco/branch-fw-03.cfg ( 3 fragments ) -> targets/192.168.2.12.json
  • object: interface ( type: GigabitEthernet0/1 )
  • object: object ( type: network Hydra-Core )
  • object: object-group ( type: network Hydra-Edge )

{
  "target": "192.168.2.12",
  "configs": [
    {
      "site": "cisco",
      "device": "branch-fw-03.cfg",
      "objects": [
        {
          "object": "interface",
          "type": "GigabitEthernet0/1",
          "partner": false,
          "description": "Office LAN",
          "items": [
            "ip address 192.168.2.12 255.255.255.0"
          ],
          "sets": {
            "security-level": 1,
            "ip": 1,
            "nameif": 1
          },
          "group": "Unclassified"
        }
      ]
    },
    {
      "site": "cisco",
      "device": "branch-fw-03.cfg",
      "objects": [
        {
          "object": "object",
          "type": "network Hydra-Core",
          "partner": "Hydra-Core",
          "description": "Local Application Server",
          "items": [
            "host 192.168.2.12"
          ],
          "sets": {
            "host": 1
          },
          "group": "Unclassified"
        }
      ]
    },
    {
      "site": "cisco",
      "device": "branch-fw-03.cfg",
      "objects": [
        {
          "object": "object-group",
          "type": "network Hydra-Edge",
          "partner": "Hydra-Edge",
          "description": "Remote site uplink",
          "items": [
            "network-object host 192.168.2.12"
          ],
          "sets": {
            "network-object": 2
          },
          "group": "Unclassified"
        }
      ]
    }
  ]
}

Merged [ targets/192.168.2.12.json ] → reports/192.168.2.12/192.168.2.12.json

- cisco/branch-fw-03.cfg ( 3 fragments ) -> targets/198.51.100.75.json
  • object: interface ( type: GigabitEthernet0/0 )
  • object: object ( type: network Hydra-Link )
  • object: object-group ( type: network Hydra-Edge )

{
  "target": "198.51.100.75",
  "configs": [
    {
      "site": "cisco",
      "device": "branch-fw-03.cfg",
      "objects": [
        {
          "object": "interface",
          "type": "GigabitEthernet0/0",
          "partner": false,
          "description": "ISP Link",
          "items": [
            "ip address 198.51.100.75 255.255.255.0"
          ],
          "sets": {
            "security-level": 1,
            "ip": 1,
            "nameif": 1
          },
          "group": "Unclassified"
        }
      ]
    },
    {
      "site": "cisco",
      "device": "branch-fw-03.cfg",
      "objects": [
        {
          "object": "object",
          "type": "network Hydra-Link",
          "partner": "Hydra-Link",
          "description": "Public NAT IP",
          "items": [
            "host 198.51.100.75"
          ],
          "sets": {
            "host": 1
          },
          "group": "Unclassified"
        }
      ]
    },
    {
      "site": "cisco",
      "device": "branch-fw-03.cfg",
      "objects": [
        {
          "object": "object-group",
          "type": "network Hydra-Edge",
          "partner": "Hydra-Edge",
          "description": "Remote site uplink",
          "items": [
            "network-object host 198.51.100.75"
          ],
          "sets": {
            "network-object": 2
          },
          "group": "Unclassified"
        }
      ]
    }
  ]
}

Merged [ targets/198.51.100.75.json ] → reports/198.51.100.75/198.51.100.75.json

- cisco/access-sw1-west.cfg ( 2 fragments ) -> targets/192.168.0.100.json
  • object: interface ( type: Vlan100 )
  • object: object-group ( type: network MGMT-ACCESS )
- cisco/access-switch-07.cfg ( 2 fragments ) -> targets/192.168.0.100.json
  • object: interface ( type: Vlan10 )
  • object: object-group ( type: network MGMT-ACCESS )

{
  "target": "192.168.0.100",
  "configs": [
    {
      "site": "cisco",
      "device": "access-sw1-west.cfg",
      "objects": [
        {
          "object": "interface",
          "type": "Vlan100",
          "partner": false,
          "description": "Guest VLAN Gateway",
          "items": [
            "ip address 192.168.0.100 255.255.255.0"
          ],
          "sets": {
            "ip": 1
          },
          "group": "Unclassified"
        }
      ]
    },
    {
      "site": "cisco",
      "device": "access-sw1-west.cfg",
      "objects": [
        {
          "object": "object-group",
          "type": "network MGMT-ACCESS",
          "partner": "MGMT-ACCESS",
          "description": "Management objects",
          "items": [
            "network-object host 192.168.0.100"
          ],
          "sets": {
            "network-object": 3
          },
          "group": "Unclassified"
        }
      ]
    },
    {
      "site": "cisco",
      "device": "access-switch-07.cfg",
      "objects": [
        {
          "object": "interface",
          "type": "Vlan10",
          "partner": false,
          "description": "Guest VLAN Gateway",
          "items": [
            "ip address 192.168.0.100 255.255.255.0"
          ],
          "sets": {
            "ip": 1
          },
          "group": "Unclassified"
        }
      ]
    },
    {
      "site": "cisco",
      "device": "access-switch-07.cfg",
      "objects": [
        {
          "object": "object-group",
          "type": "network MGMT-ACCESS",
          "partner": "MGMT-ACCESS",
          "description": "Management subnet objects",
          "items": [
            "network-object host 192.168.0.100"
          ],
          "sets": {
            "network-object": 3
          },
          "group": "Unclassified"
        }
      ]
    }
  ]
}

Merged [ targets/192.168.0.100.json ] → reports/192.168.0.100/192.168.0.100.json

Batch processing (inner):
Batch ID: MTc0ODQ0NzYw

Batch Index:    2/5
Batch Suffix:   1748447604-11494
Batch FileName: configs--MTc0ODQ0NzYw-1748447604-11494.list
Batch Configs:  /var/folders/vp/4k9xy96d7zx8lhmgrr4khsj80000gn/T/tmp.Ky914ZXS8d/configs--MTc0ODQ0NzYw-1748447604-11494.list

File: configs--MTc0ODQ0NzYw-1748447604-11494.list
Parent: /var/folders/vp/4k9xy96d7zx8lhmgrr4khsj80000gn/T/tmp.Ky914ZXS8d
Size: 129 bytes
Blocks/Inode: 8 / 240385313
Mode: -rw-r--r--
UID/GID: 501 / 20
Access: May 28 08:53:24 2025
Modify: May 28 08:53:24 2025
Change: May 28 08:53:24 2025

Batch Size:     3
Batch Ranges:   4 -> 6

  - cisco/branch-fw-snmp.cfg
  - cisco/branch-isr-02.cfg
  - cisco/campus-sw-access01.cfg

[EXECUTE]   matching_configs
[PARAMETER] source_configs_list:
            /var/folders/vp/4k9xy96d7zx8lhmgrr4khsj80000gn/T/tmp.Ky914ZXS8d/configs--MTc0ODQ0NzYw-1748447604-11494.list

.cache/resources/cisco/branch-fw-snmp.cfg
.cache/resources/cisco/branch-isr-02.cfg
.cache/resources/cisco/campus-sw-access01.cfg

Matched IPs to [cisco] configs (3):
-------------------------------------
PID    | IP Address      => Config(s)
-------------------------------------
75698  | 192.168.0.100   => campus-sw-access01.cfg
75684  | 192.168.2.12    => branch-fw-snmp.cfg + branch-isr-02.cfg
75717  | 198.51.100.75   => branch-isr-02.cfg

Unmapped IPs (count): 14

Background Jobs -> Managed Configs:
PID   | IP Address (3)
-------------------------
75777 | 198.51.100.75
75770 | 192.168.2.12
75773 | 192.168.0.100

- cisco/campus-sw-access01.cfg ( 1 fragments ) -> targets/192.168.0.100.json
  • object: object-group ( type: network Floor-Networks )

{
  "target": "192.168.0.100",
  "configs": [
    {
      "site": "cisco",
      "device": "campus-sw-access01.cfg",
      "objects": [
        {
          "object": "object-group",
          "type": "network Floor-Networks",
          "partner": "Floor-Networks",
          "description": "End-user and service devices",
          "items": [
            "network-object host 192.168.0.100"
          ],
          "sets": {
            "network-object": 3
          },
          "group": "Unclassified"
        }
      ]
    }
  ]
}

Merged [ targets/192.168.0.100.json ] → reports/192.168.0.100/192.168.0.100.json

- cisco/branch-isr-02.cfg ( 2 fragments ) -> targets/198.51.100.75.json
  • object: object ( type: network Hydra-Link )
  • object: object-group ( type: network Hydra-Edge )

{
  "target": "198.51.100.75",
  "configs": [
    {
      "site": "cisco",
      "device": "branch-isr-02.cfg",
      "objects": [
        {
          "object": "object",
          "type": "network Hydra-Link",
          "partner": "Hydra-Link",
          "description": "Branch NAT egress",
          "items": [
            "host 198.51.100.75"
          ],
          "sets": {
            "host": 1
          },
          "group": "Unclassified"
        }
      ]
    },
    {
      "site": "cisco",
      "device": "branch-isr-02.cfg",
      "objects": [
        {
          "object": "object-group",
          "type": "network Hydra-Edge",
          "partner": "Hydra-Edge",
          "description": "Remote site uplink",
          "items": [
            "network-object host 198.51.100.75"
          ],
          "sets": {
            "network-object": 2
          },
          "group": "Unclassified"
        }
      ]
    }
  ]
}

Merged [ targets/198.51.100.75.json ] → reports/198.51.100.75/198.51.100.75.json

- cisco/branch-fw-snmp.cfg ( 2 fragments ) -> targets/192.168.2.12.json
  • object: interface ( type: GigabitEthernet0/1 )
  • object: object ( type: network Hydra-Core )
- cisco/branch-isr-02.cfg ( 1 fragments ) -> targets/192.168.2.12.json
  • object: object-group ( type: network Hydra-Edge )

{
  "target": "192.168.2.12",
  "configs": [
    {
      "site": "cisco",
      "device": "branch-fw-snmp.cfg",
      "objects": [
        {
          "object": "interface",
          "type": "GigabitEthernet0/1",
          "partner": false,
          "description": false,
          "items": [
            "ip address 192.168.2.12 255.255.255.0"
          ],
          "sets": {
            "ip": 1,
            "nameif": 1
          },
          "group": "Unclassified"
        }
      ]
    },
    {
      "site": "cisco",
      "device": "branch-fw-snmp.cfg",
      "objects": [
        {
          "object": "object",
          "type": "network Hydra-Core",
          "partner": "Hydra-Core",
          "description": "Branch App Gateway",
          "items": [
            "host 192.168.2.12"
          ],
          "sets": {
            "host": 1
          },
          "group": "Unclassified"
        }
      ]
    },
    {
      "site": "cisco",
      "device": "branch-isr-02.cfg",
      "objects": [
        {
          "object": "object-group",
          "type": "network Hydra-Edge",
          "partner": "Hydra-Edge",
          "description": "Remote site uplink",
          "items": [
            "network-object host 192.168.2.12"
          ],
          "sets": {
            "network-object": 2
          },
          "group": "Unclassified"
        }
      ]
    }
  ]
}

Merged [ targets/192.168.2.12.json ] → reports/192.168.2.12/192.168.2.12.json

Batch processing (inner):
Batch ID: MTc0ODQ0NzYw

Batch Index:    3/5
Batch Suffix:   1748447605-23185
Batch FileName: configs--MTc0ODQ0NzYw-1748447605-23185.list
Batch Configs:  /var/folders/vp/4k9xy96d7zx8lhmgrr4khsj80000gn/T/tmp.Ky914ZXS8d/configs--MTc0ODQ0NzYw-1748447605-23185.list

File: configs--MTc0ODQ0NzYw-1748447605-23185.list
Parent: /var/folders/vp/4k9xy96d7zx8lhmgrr4khsj80000gn/T/tmp.Ky914ZXS8d
Size: 130 bytes
Blocks/Inode: 8 / 240385406
Mode: -rw-r--r--
UID/GID: 501 / 20
Access: May 28 08:53:25 2025
Modify: May 28 08:53:26 2025
Change: May 28 08:53:26 2025

Batch Size:     3
Batch Ranges:   7 -> 9

  - cisco/core-fw-dmz-01.cfg
  - cisco/core-router-01.cfg
  - cisco/datacenter-fw-core.cfg

[EXECUTE]   matching_configs
[PARAMETER] source_configs_list:
            /var/folders/vp/4k9xy96d7zx8lhmgrr4khsj80000gn/T/tmp.Ky914ZXS8d/configs--MTc0ODQ0NzYw-1748447605-23185.list

.cache/resources/cisco/core-fw-dmz-01.cfg

Matched IPs to [cisco] configs (1):
-------------------------------------
PID    | IP Address      => Config(s)
-------------------------------------
76485  | 198.51.100.75   => core-fw-dmz-01.cfg

Unmapped IPs (count): 16

Background Jobs -> Managed Configs:
PID   | IP Address (1)
-------------------------
76510 | 198.51.100.75

- cisco/core-fw-dmz-01.cfg ( 2 fragments ) -> targets/198.51.100.75.json
  • object: object-group ( type: network Wayne-DMZ )
  • object: object ( type: network Gotham-VPN )

{
  "target": "198.51.100.75",
  "configs": [
    {
      "site": "cisco",
      "device": "core-fw-dmz-01.cfg",
      "objects": [
        {
          "object": "object-group",
          "type": "network Wayne-DMZ",
          "partner": "Wayne-DMZ",
          "description": "External public resources",
          "items": [
            "network-object host 198.51.100.75"
          ],
          "sets": {
            "network-object": 2
          },
          "group": "Unclassified"
        }
      ]
    },
    {
      "site": "cisco",
      "device": "core-fw-dmz-01.cfg",
      "objects": [
        {
          "object": "object",
          "type": "network Gotham-VPN",
          "partner": "Gotham-VPN",
          "description": "Encrypted edge gateway",
          "items": [
            "host 198.51.100.75"
          ],
          "sets": {
            "host": 1
          },
          "group": "Unclassified"
        }
      ]
    }
  ]
}

Merged [ targets/198.51.100.75.json ] → reports/198.51.100.75/198.51.100.75.json

Batch processing (inner):
Batch ID: MTc0ODQ0NzYw

Batch Index:    4/5
Batch Suffix:   1748447607-2725
Batch FileName: configs--MTc0ODQ0NzYw-1748447607-2725.list
Batch Configs:  /var/folders/vp/4k9xy96d7zx8lhmgrr4khsj80000gn/T/tmp.Ky914ZXS8d/configs--MTc0ODQ0NzYw-1748447607-2725.list

File: configs--MTc0ODQ0NzYw-1748447607-2725.list
Parent: /var/folders/vp/4k9xy96d7zx8lhmgrr4khsj80000gn/T/tmp.Ky914ZXS8d
Size: 123 bytes
Blocks/Inode: 8 / 240385450
Mode: -rw-r--r--
UID/GID: 501 / 20
Access: May 28 08:53:27 2025
Modify: May 28 08:53:27 2025
Change: May 28 08:53:27 2025

Batch Size:     3
Batch Ranges:   10 -> 12

  - cisco/dmz-fw2-backup.cfg
  - cisco/hq-core-rtr-02.cfg
  - cisco/hq-core-rtr.cfg

[EXECUTE]   matching_configs
[PARAMETER] source_configs_list:
            /var/folders/vp/4k9xy96d7zx8lhmgrr4khsj80000gn/T/tmp.Ky914ZXS8d/configs--MTc0ODQ0NzYw-1748447607-2725.list

.cache/resources/cisco/dmz-fw2-backup.cfg

Matched IPs to [cisco] configs (1):
-------------------------------------
PID    | IP Address      => Config(s)
-------------------------------------
76794  | 198.51.100.75   => dmz-fw2-backup.cfg

Unmapped IPs (count): 16

Background Jobs -> Managed Configs:
PID   | IP Address (1)
-------------------------
76819 | 198.51.100.75

- cisco/dmz-fw2-backup.cfg ( 1 fragments ) -> targets/198.51.100.75.json
  • object: interface ( type: GigabitEthernet0/2 )

{
  "target": "198.51.100.75",
  "configs": [
    {
      "site": "cisco",
      "device": "dmz-fw2-backup.cfg",
      "objects": [
        {
          "object": "interface",
          "type": "GigabitEthernet0/2",
          "partner": false,
          "description": "Outbound Internet NAT interface",
          "items": [
            "ip address 198.51.100.75 255.255.255.0"
          ],
          "sets": {
            "ip": 1,
            "nameif": 1
          },
          "group": "Unclassified"
        }
      ]
    }
  ]
}

Merged [ targets/198.51.100.75.json ] → reports/198.51.100.75/198.51.100.75.json

Batch processing (inner):
Batch ID: MTc0ODQ0NzYw

Batch Index:    5/5
Batch Suffix:   1748447607-4019
Batch FileName: configs--MTc0ODQ0NzYw-1748447607-4019.list
Batch Configs:  /var/folders/vp/4k9xy96d7zx8lhmgrr4khsj80000gn/T/tmp.Ky914ZXS8d/configs--MTc0ODQ0NzYw-1748447607-4019.list

File: configs--MTc0ODQ0NzYw-1748447607-4019.list
Parent: /var/folders/vp/4k9xy96d7zx8lhmgrr4khsj80000gn/T/tmp.Ky914ZXS8d
Size: 41 bytes
Blocks/Inode: 8 / 240385490
Mode: -rw-r--r--
UID/GID: 501 / 20
Access: May 28 08:53:27 2025
Modify: May 28 08:53:27 2025
Change: May 28 08:53:27 2025

Batch Size:     1
Batch Ranges:   13 -> 13

  - cisco/perimeter-fw1.cfg

[EXECUTE]   matching_configs
[PARAMETER] source_configs_list:
            /var/folders/vp/4k9xy96d7zx8lhmgrr4khsj80000gn/T/tmp.Ky914ZXS8d/configs--MTc0ODQ0NzYw-1748447607-4019.list


Matched IPs to [cisco] configs (0):
-------------------------------------
PID    | IP Address      => Config(s)
-------------------------------------

Unmapped IPs (count): 17

Background Jobs -> Managed Configs:
PID   | IP Address (0)
-------------------------

Location Name:  fortinet
Location Index: 2/3

Total Configs:  6

  - fortinet/fg-branch-vpn-01.cfg
  - fortinet/fg-campus-core.cfg
  - fortinet/fg-datacenter-east.cfg
  - fortinet/fg-fw-dmz-01.cfg
  - fortinet/fg-lab-test-fw.cfg
  - fortinet/fg-testing-config.cfg

Batch processing (inner):
Batch ID: MTc0ODQ0NzYw

Batch Index:    1/2
Batch Suffix:   1748447608-28460
Batch FileName: configs--MTc0ODQ0NzYw-1748447608-28460.list
Batch Configs:  /var/folders/vp/4k9xy96d7zx8lhmgrr4khsj80000gn/T/tmp.Ky914ZXS8d/configs--MTc0ODQ0NzYw-1748447608-28460.list

File: configs--MTc0ODQ0NzYw-1748447608-28460.list
Parent: /var/folders/vp/4k9xy96d7zx8lhmgrr4khsj80000gn/T/tmp.Ky914ZXS8d
Size: 141 bytes
Blocks/Inode: 8 / 240385501
Mode: -rw-r--r--
UID/GID: 501 / 20
Access: May 28 08:53:28 2025
Modify: May 28 08:53:28 2025
Change: May 28 08:53:28 2025

Batch Size:     3
Batch Ranges:   1 -> 3

  - fortinet/fg-branch-vpn-01.cfg
  - fortinet/fg-campus-core.cfg
  - fortinet/fg-datacenter-east.cfg

[EXECUTE]   matching_configs
[PARAMETER] source_configs_list:
            /var/folders/vp/4k9xy96d7zx8lhmgrr4khsj80000gn/T/tmp.Ky914ZXS8d/configs--MTc0ODQ0NzYw-1748447608-28460.list


Matched IPs to [fortinet] configs (0):
-------------------------------------
PID    | IP Address      => Config(s)
-------------------------------------

Unmapped IPs (count): 17

Background Jobs -> Managed Configs:
PID   | IP Address (0)
-------------------------

Batch processing (inner):
Batch ID: MTc0ODQ0NzYw

Batch Index:    2/2
Batch Suffix:   1748447608-16843
Batch FileName: configs--MTc0ODQ0NzYw-1748447608-16843.list
Batch Configs:  /var/folders/vp/4k9xy96d7zx8lhmgrr4khsj80000gn/T/tmp.Ky914ZXS8d/configs--MTc0ODQ0NzYw-1748447608-16843.list

File: configs--MTc0ODQ0NzYw-1748447608-16843.list
Parent: /var/folders/vp/4k9xy96d7zx8lhmgrr4khsj80000gn/T/tmp.Ky914ZXS8d
Size: 136 bytes
Blocks/Inode: 8 / 240385503
Mode: -rw-r--r--
UID/GID: 501 / 20
Access: May 28 08:53:28 2025
Modify: May 28 08:53:28 2025
Change: May 28 08:53:28 2025

Batch Size:     3
Batch Ranges:   4 -> 6

  - fortinet/fg-fw-dmz-01.cfg
  - fortinet/fg-lab-test-fw.cfg
  - fortinet/fg-testing-config.cfg

[EXECUTE]   matching_configs
[PARAMETER] source_configs_list:
            /var/folders/vp/4k9xy96d7zx8lhmgrr4khsj80000gn/T/tmp.Ky914ZXS8d/configs--MTc0ODQ0NzYw-1748447608-16843.list


Matched IPs to [fortinet] configs (0):
-------------------------------------
PID    | IP Address      => Config(s)
-------------------------------------

Unmapped IPs (count): 17

Background Jobs -> Managed Configs:
PID   | IP Address (0)
-------------------------

Location Name:  misc
Location Index: 3/3

Total Configs:  5

  - misc/fw1.cfg
  - misc/fw2.cfg
  - misc/fw3.cfg
  - misc/fw5.cfg
  - misc/fw6.cfg

Batch processing (inner):
Batch ID: MTc0ODQ0NzYw

Batch Index:    1/2
Batch Suffix:   1748447608-27043
Batch FileName: configs--MTc0ODQ0NzYw-1748447608-27043.list
Batch Configs:  /var/folders/vp/4k9xy96d7zx8lhmgrr4khsj80000gn/T/tmp.Ky914ZXS8d/configs--MTc0ODQ0NzYw-1748447608-27043.list

File: configs--MTc0ODQ0NzYw-1748447608-27043.list
Parent: /var/folders/vp/4k9xy96d7zx8lhmgrr4khsj80000gn/T/tmp.Ky914ZXS8d
Size: 90 bytes
Blocks/Inode: 8 / 240385514
Mode: -rw-r--r--
UID/GID: 501 / 20
Access: May 28 08:53:28 2025
Modify: May 28 08:53:28 2025
Change: May 28 08:53:28 2025

Batch Size:     3
Batch Ranges:   1 -> 3

  - misc/fw1.cfg
  - misc/fw2.cfg
  - misc/fw3.cfg

[EXECUTE]   matching_configs
[PARAMETER] source_configs_list:
            /var/folders/vp/4k9xy96d7zx8lhmgrr4khsj80000gn/T/tmp.Ky914ZXS8d/configs--MTc0ODQ0NzYw-1748447608-27043.list


Matched IPs to [misc] configs (0):
-------------------------------------
PID    | IP Address      => Config(s)
-------------------------------------

Unmapped IPs (count): 17

Background Jobs -> Managed Configs:
PID   | IP Address (0)
-------------------------

Batch processing (inner):
Batch ID: MTc0ODQ0NzYw

Batch Index:    2/2
Batch Suffix:   1748447608-13158
Batch FileName: configs--MTc0ODQ0NzYw-1748447608-13158.list
Batch Configs:  /var/folders/vp/4k9xy96d7zx8lhmgrr4khsj80000gn/T/tmp.Ky914ZXS8d/configs--MTc0ODQ0NzYw-1748447608-13158.list

File: configs--MTc0ODQ0NzYw-1748447608-13158.list
Parent: /var/folders/vp/4k9xy96d7zx8lhmgrr4khsj80000gn/T/tmp.Ky914ZXS8d
Size: 60 bytes
Blocks/Inode: 8 / 240385518
Mode: -rw-r--r--
UID/GID: 501 / 20
Access: May 28 08:53:28 2025
Modify: May 28 08:53:28 2025
Change: May 28 08:53:28 2025

Batch Size:     2
Batch Ranges:   4 -> 5

  - misc/fw5.cfg
  - misc/fw6.cfg

[EXECUTE]   matching_configs
[PARAMETER] source_configs_list:
            /var/folders/vp/4k9xy96d7zx8lhmgrr4khsj80000gn/T/tmp.Ky914ZXS8d/configs--MTc0ODQ0NzYw-1748447608-13158.list


Matched IPs to [misc] configs (0):
-------------------------------------
PID    | IP Address      => Config(s)
-------------------------------------

Unmapped IPs (count): 17

Background Jobs -> Managed Configs:
PID   | IP Address (0)
-------------------------

Post-processing: Normalizing JSON files
---------------------------------------
Grouped by site: .cache/targets

  - 10.10.10.10.json
  - 192.168.0.1.json
  - 192.168.0.100.json
  - 192.168.100.100.json
  - 192.168.2.12.json
  - 198.51.100.75.json

CSV Report Summary (tabulated):
-------------------------------
     1	target,site,device,object,type,items,partner,description,group
     2	"10.10.10.10","cisco","access-sw1-west.cfg","object-group","network MGMT-ACCESS","network-object host 10.10.10.10","MGMT-ACCESS","Management objects","Unclassified"
     3	"10.10.10.10","cisco","access-sw1-west.cfg","object-group","network Mutant-WiFi","network-object host 10.10.10.10","Mutant-WiFi","Controlled guest devices","Unclassified"
     4	"10.10.10.10","cisco","access-switch-07.cfg","object-group","network Mutant-WiFi","network-object host 10.10.10.10","Mutant-WiFi","Controlled guest devices","Unclassified"
     5	"10.10.10.10","cisco","campus-sw-access01.cfg","object-group","network Floor-Networks","network-object host 10.10.10.10","Floor-Networks","End-user and service devices","Unclassified"
     6	"192.168.0.1","cisco","access-sw1-west.cfg","interface","Vlan1","ip address 192.168.0.1 255.255.255.0","none","Management Interface","Business-Unit-Networks"
     7	"192.168.0.1","cisco","access-sw1-west.cfg","object-group","network MGMT-ACCESS","network-object host 192.168.0.1","MGMT-ACCESS","Management objects","Unclassified"
     8	"192.168.0.1","cisco","access-switch-07.cfg","interface","Vlan1","ip address 192.168.0.1 255.255.255.0","none","Management Interface","Business-Unit-Networks"
     9	"192.168.0.1","cisco","access-switch-07.cfg","object-group","network MGMT-ACCESS","network-object host 192.168.0.1","MGMT-ACCESS","Management subnet objects","Unclassified"
    10	"192.168.0.1","cisco","campus-sw-access01.cfg","interface","Vlan1","ip address 192.168.0.1 255.255.255.0","none","Switch Mgmt","Business-Unit-Networks"
    11	"192.168.0.1","cisco","campus-sw-access01.cfg","object-group","network Floor-Networks","network-object host 192.168.0.1","Floor-Networks","End-user and service devices","Unclassified"
    12	"192.168.0.100","cisco","access-sw1-west.cfg","interface","Vlan100","ip address 192.168.0.100 255.255.255.0","none","Guest VLAN Gateway","Unclassified"
    13	"192.168.0.100","cisco","access-sw1-west.cfg","object-group","network MGMT-ACCESS","network-object host 192.168.0.100","MGMT-ACCESS","Management objects","Unclassified"
    14	"192.168.0.100","cisco","access-switch-07.cfg","interface","Vlan10","ip address 192.168.0.100 255.255.255.0","none","Guest VLAN Gateway","Unclassified"
    15	"192.168.0.100","cisco","access-switch-07.cfg","object-group","network MGMT-ACCESS","network-object host 192.168.0.100","MGMT-ACCESS","Management subnet objects","Unclassified"
    16	"192.168.0.100","cisco","campus-sw-access01.cfg","object-group","network Floor-Networks","network-object host 192.168.0.100","Floor-Networks","End-user and service devices","Unclassified"
    17	"192.168.100.100","cisco","access-switch-07.cfg","object-group","network Titan-Wireless","network-object host 192.168.100.100","Titan-Wireless","Young heroes WiFi","Unclassified"
    18	"192.168.2.12","cisco","branch-fw-03.cfg","interface","GigabitEthernet0/1","ip address 192.168.2.12 255.255.255.0","none","Office LAN","Unclassified"
    19	"192.168.2.12","cisco","branch-fw-03.cfg","object","network Hydra-Core","host 192.168.2.12","Hydra-Core","Local Application Server","Unclassified"
    20	"192.168.2.12","cisco","branch-fw-03.cfg","object-group","network Hydra-Edge","network-object host 192.168.2.12","Hydra-Edge","Remote site uplink","Unclassified"
    21	"192.168.2.12","cisco","branch-fw-snmp.cfg","interface","GigabitEthernet0/1","ip address 192.168.2.12 255.255.255.0","none","none","Unclassified"
    22	"192.168.2.12","cisco","branch-fw-snmp.cfg","object","network Hydra-Core","host 192.168.2.12","Hydra-Core","Branch App Gateway","Unclassified"
    23	"192.168.2.12","cisco","branch-isr-02.cfg","object-group","network Hydra-Edge","network-object host 192.168.2.12","Hydra-Edge","Remote site uplink","Unclassified"
    24	"198.51.100.75","cisco","branch-fw-03.cfg","interface","GigabitEthernet0/0","ip address 198.51.100.75 255.255.255.0","none","ISP Link","Unclassified"
    25	"198.51.100.75","cisco","branch-fw-03.cfg","object","network Hydra-Link","host 198.51.100.75","Hydra-Link","Public NAT IP","Unclassified"
    26	"198.51.100.75","cisco","branch-fw-03.cfg","object-group","network Hydra-Edge","network-object host 198.51.100.75","Hydra-Edge","Remote site uplink","Unclassified"
    27	"198.51.100.75","cisco","branch-isr-02.cfg","object","network Hydra-Link","host 198.51.100.75","Hydra-Link","Branch NAT egress","Unclassified"
    28	"198.51.100.75","cisco","branch-isr-02.cfg","object-group","network Hydra-Edge","network-object host 198.51.100.75","Hydra-Edge","Remote site uplink","Unclassified"
    29	"198.51.100.75","cisco","core-fw-dmz-01.cfg","object","network Gotham-VPN","host 198.51.100.75","Gotham-VPN","Encrypted edge gateway","Unclassified"
    30	"198.51.100.75","cisco","core-fw-dmz-01.cfg","object-group","network Wayne-DMZ","network-object host 198.51.100.75","Wayne-DMZ","External public resources","Unclassified"
    31	"198.51.100.75","cisco","dmz-fw2-backup.cfg","interface","GigabitEthernet0/2","ip address 198.51.100.75 255.255.255.0","none","Outbound Internet NAT interface","Unclassified"

Session Summary:
-------------------------------
Started at: 2025-05-28 08:53:17
[INFO] Total runtime: 00:00:11

