+ oIFS=' 	
'
+ for xitem in "${@}"
+ IFS==
+ read -r key value
++ echo -e --search=192.0.2.50
++ sed -e '1s|^\(-\)\{1,\}||'
+ [[ search =~ ^(search|s)$ ]]
+ local target_pattern=192.0.2.50
+ [[ search =~ ^(source|o)$ ]]
+ [[ search =~ ^(target|t)$ ]]
+ [[ search =~ ^(logger|l)$ ]]
+ [[ search == \d\e\b\u\g ]]
+ [[ search == \d\r\y\-\r\u\n ]]
+ [[ search == \v\e\r\b\o\s\e ]]
+ for xitem in "${@}"
+ IFS==
+ read -r key value
++ echo -e '--source=object-group network Watchtower-DMZ--ZGV2b3BzLXJlc291cmNlcy5zaGVsbA--  description Global secure relay--ZGV2b3BzLXJlc291cmNlcy5zaGVsbA--  network-object host 192.0.2.50'
++ sed -e '1s|^\(-\)\{1,\}||'
+ [[ source =~ ^(search|s)$ ]]
+ [[ source =~ ^(source|o)$ ]]
+ local 'source_object=object-group network Watchtower-DMZ--ZGV2b3BzLXJlc291cmNlcy5zaGVsbA--  description Global secure relay--ZGV2b3BzLXJlc291cmNlcy5zaGVsbA--  network-object host 192.0.2.50'
+ [[ source =~ ^(target|t)$ ]]
+ [[ source =~ ^(logger|l)$ ]]
+ [[ source == \d\e\b\u\g ]]
+ [[ source == \d\r\y\-\r\u\n ]]
+ [[ source == \v\e\r\b\o\s\e ]]
+ for xitem in "${@}"
+ IFS==
+ read -r key value
++ echo -e --target=/var/folders/vp/4k9xy96d7zx8lhmgrr4khsj80000gn/T/tmp.thUdFZFM2F/dmz-fw2-backup.list.objects
++ sed -e '1s|^\(-\)\{1,\}||'
+ [[ target =~ ^(search|s)$ ]]
+ [[ target =~ ^(source|o)$ ]]
+ [[ target =~ ^(target|t)$ ]]
+ local target_object=/var/folders/vp/4k9xy96d7zx8lhmgrr4khsj80000gn/T/tmp.thUdFZFM2F/dmz-fw2-backup.list.objects
+ [[ target =~ ^(logger|l)$ ]]
+ [[ target == \d\e\b\u\g ]]
+ [[ target == \d\r\y\-\r\u\n ]]
+ [[ target == \v\e\r\b\o\s\e ]]
+ for xitem in "${@}"
+ IFS==
+ read -r key value
++ echo -e --logger=/var/folders/vp/4k9xy96d7zx8lhmgrr4khsj80000gn/T/tmp.thUdFZFM2F/configs-obj2json--192.0.2.50--cisco--dmz-fw2-backup.console
++ sed -e '1s|^\(-\)\{1,\}||'
+ [[ logger =~ ^(search|s)$ ]]
+ [[ logger =~ ^(source|o)$ ]]
+ [[ logger =~ ^(target|t)$ ]]
+ [[ logger =~ ^(logger|l)$ ]]
+ local target_console=/var/folders/vp/4k9xy96d7zx8lhmgrr4khsj80000gn/T/tmp.thUdFZFM2F/configs-obj2json--192.0.2.50--cisco--dmz-fw2-backup.console
+ [[ logger == \d\e\b\u\g ]]
+ [[ logger == \d\r\y\-\r\u\n ]]
+ [[ logger == \v\e\r\b\o\s\e ]]
+ IFS=' 	
'
+ [[ -z true ]]
+ [[ -z false ]]
+ [[ -z true ]]
+ local target_console=console/configs-obj2json.console
+ mapfile -t restored_block
++ printf '%s\n' 'object-group network Watchtower-DMZ
  description Global secure relay
  network-object host 192.0.2.50'
+ local 'object_header=object-group network Watchtower-DMZ'
+ local object_keyword type_value partner_value
+ read -a header_tokens
+ object_keyword=object-group
+ [[ object-group == \c\o\n\f\i\g ]]
+ ((  3 == 3  ))
+ type_value=network
+ partner_value=Watchtower-DMZ
+ data_sets=()
+ local -a data_sets
+ local description_value=false
+ for line in "${restored_block[@]}"
++ sed -E 's/^[[:space:]]*//;s/[[:space:]]*$//'
+ local 'trimmed=object-group network Watchtower-DMZ'
+ [[ -z object-group network Watchtower-DMZ ]]
+ [[ object-group network watchtower-dmz =~ ^description[[:space:]] ]]
+ [[ object-group network watchtower-dmz =~ ^edit[[:space:]]+".+" ]]
+ [[ object-group network watchtower-dmz =~ ^set[[:space:]]+comment[[:space:]] ]]
+ [[ object-group network watchtower-dmz == \n\e\x\t ]]
+ [[ object-group network watchtower-dmz == \e\n\d ]]
+ data_sets+=("${trimmed}")
+ for line in "${restored_block[@]}"
++ sed -E 's/^[[:space:]]*//;s/[[:space:]]*$//'
+ local 'trimmed=description Global secure relay'
+ [[ -z description Global secure relay ]]
+ [[ description global secure relay =~ ^description[[:space:]] ]]
++ sed -E 's/^description[[:space:]]+//'
+ description_value='Global secure relay'
+ continue
+ for line in "${restored_block[@]}"
++ sed -E 's/^[[:space:]]*//;s/[[:space:]]*$//'
+ local 'trimmed=network-object host 192.0.2.50'
+ [[ -z network-object host 192.0.2.50 ]]
+ [[ network-object host 192.0.2.50 =~ ^description[[:space:]] ]]
+ [[ network-object host 192.0.2.50 =~ ^edit[[:space:]]+".+" ]]
+ [[ network-object host 192.0.2.50 =~ ^set[[:space:]]+comment[[:space:]] ]]
+ [[ network-object host 192.0.2.50 == \n\e\x\t ]]
+ [[ network-object host 192.0.2.50 == \e\n\d ]]
+ data_sets+=("${trimmed}")
+ [[ object-group network Watchtower-DMZ == \o\b\j\e\c\t\-\g\r\o\u\p\ \n\e\t\w\o\r\k\ \W\a\t\c\h\t\o\w\e\r\-\D\M\Z ]]
+ data_sets=("${data_sets[@]:1}")
+ items=()
+ local -a items
+ others=()
+ local -a others
+ for line in "${data_sets[@]}"
+ grep -Eq '(^|[^0-9.])192\.0\.2\.50([^0-9.]|$)'
+ items+=("$(sed -E 's/^[[:space:]]+//;s/[[:space:]]+$//' <<< "${line}")")
++ sed -E 's/^[[:space:]]+//;s/[[:space:]]+$//'
++ printf '%s\n' 'network-object host 192.0.2.50'
++ jq -R .
++ jq --slurp .
+ local 'items_json=[
  "network-object host 192.0.2.50"
]'
++ printf '%s\n'
++ sed '/^[[:space:]]*$/d'
++ jq -R .
++ jq --slurp .
+ local 'others_json=[]'
+ local group_value=Unclassified
+ [[ true == true ]]
+ local object_key
++ awk '{print $NF}'
++ sed -E 's/[[:punct:]]*$//'
+ object_key=network
++ jq -r --arg key network 'map( select( .match[]? | contains( $key ) ) ) | .[0].group'
+ group_value=null
+ [[ -z null ]]
+ [[ null == \n\u\l\l ]]
++ jq -r --arg desc 'Global secure relay' 'map( select( .match[]? == $desc ) ) | .[0].group'
+ group_value=null
+ [[ -z null ]]
+ [[ null == \n\u\l\l ]]
+ group_value=Unclassified
++ jq -n --arg object object-group --arg type network --arg partner Watchtower-DMZ --arg description 'Global secure relay' --argjson items '[
  "network-object host 192.0.2.50"
]' --argjson others '[]' --arg group Unclassified '{
          object: $object,
          type: ( $type // false ),
          partner: ( $partner | select(. != "" and . != "null" and . != "false") // false ),
          description: ( $description | select(. != "" and . != "null" and . != "false") // false ),
          items: $items,
          others: $others,
          group: $group
        }'
+ local 'target_json={
  "object": "object-group",
  "type": "network",
  "partner": "Watchtower-DMZ",
  "description": "Global secure relay",
  "items": [
    "network-object host 192.0.2.50"
  ],
  "others": [],
  "group": "Unclassified"
}'
+ [[ true == true ]]
+ newline
+ local count=1
+ (( i = 0 ))
+ (( i < count ))
+ echo
+ (( i++ ))
+ (( i < count ))
+ for object in "${restored_block[@]}"
+ message 'object-group network Watchtower-DMZ'
+ [[ -n object-group network Watchtower-DMZ ]]
+ local 'message=object-group network Watchtower-DMZ'
+ echo -e 'object-group network Watchtower-DMZ'
+ for object in "${restored_block[@]}"
+ message '  description Global secure relay'
+ [[ -n   description Global secure relay ]]
+ local 'message=  description Global secure relay'
+ echo -e '  description Global secure relay'
+ for object in "${restored_block[@]}"
+ message '  network-object host 192.0.2.50'
+ [[ -n   network-object host 192.0.2.50 ]]
+ local 'message=  network-object host 192.0.2.50'
+ echo -e '  network-object host 192.0.2.50'
+ newline
+ local count=1
+ (( i = 0 ))
+ (( i < count ))
+ echo
+ (( i++ ))
+ (( i < count ))
+ message 'JSON Object (output):'
+ [[ -n JSON Object (output): ]]
+ local 'message=JSON Object (output):'
+ echo -e 'JSON Object (output):'
+ jq -r .
+ [[ -n {
  "object": "object-group",
  "type": "network",
  "partner": "Watchtower-DMZ",
  "description": "Global secure relay",
  "items": [
    "network-object host 192.0.2.50"
  ],
  "others": [],
  "group": "Unclassified"
} ]]
+ jq -r .
+ cat -n /var/folders/vp/4k9xy96d7zx8lhmgrr4khsj80000gn/T/tmp.thUdFZFM2F/dmz-fw2-backup.list.objects
     1	{
     2	  "object": "interface",
     3	  "type": "GigabitEthernet0/0",
     4	  "partner": false,
     5	  "description": "Guest access interface",
     6	  "items": [
     7	    "ip address 10.10.10.10 255.255.255.0"
     8	  ],
     9	  "others": [
    10	    "nameif guest"
    11	  ],
    12	  "group": "Unclassified"
    13	}
    14	{
    15	  "object": "object-group",
    16	  "type": "network",
    17	  "partner": "Watchtower-DMZ",
    18	  "description": "Global secure relay",
    19	  "items": [
    20	    "network-object host 192.0.2.50"
    21	  ],
    22	  "others": [],
    23	  "group": "Unclassified"
    24	}
+ return 0
