+ oIFS=' 	
'
+ for xitem in "${@}"
+ IFS==
+ read -r key value
++ echo -e --config=reports/192.168.100.100/cisco/.objects/dmz-fw2-backup.list
++ sed -e '1s|^\(-\)\{1,\}||'
+ [[ config =~ ^(config|c)$ ]]
+ export config_filename=reports/192.168.100.100/cisco/.objects/dmz-fw2-backup.list
+ config_filename=reports/192.168.100.100/cisco/.objects/dmz-fw2-backup.list
+ [[ config =~ ^(search|s)$ ]]
+ [[ config =~ ^(listing|g)$ ]]
+ [[ config =~ ^(output|o)$ ]]
+ [[ config =~ ^(logger|l)$ ]]
+ [[ config == \d\e\b\u\g ]]
+ [[ config == \d\r\y\-\r\u\n ]]
+ [[ config == \v\e\r\b\o\s\e ]]
+ for xitem in "${@}"
+ IFS==
+ read -r key value
++ echo -e --search=192.168.100.100
++ sed -e '1s|^\(-\)\{1,\}||'
+ [[ search =~ ^(config|c)$ ]]
+ [[ search =~ ^(search|s)$ ]]
+ local target_pattern=192.168.100.100
+ [[ search =~ ^(listing|g)$ ]]
+ [[ search =~ ^(output|o)$ ]]
+ [[ search =~ ^(logger|l)$ ]]
+ [[ search == \d\e\b\u\g ]]
+ [[ search == \d\r\y\-\r\u\n ]]
+ [[ search == \v\e\r\b\o\s\e ]]
+ for xitem in "${@}"
+ IFS==
+ read -r key value
++ echo -e --listing=targets/192.168.100.100.json
++ sed -e '1s|^\(-\)\{1,\}||'
+ [[ listing =~ ^(config|c)$ ]]
+ [[ listing =~ ^(search|s)$ ]]
+ [[ listing =~ ^(listing|g)$ ]]
+ local target_listing=targets/192.168.100.100.json
+ [[ listing =~ ^(output|o)$ ]]
+ [[ listing =~ ^(logger|l)$ ]]
+ [[ listing == \d\e\b\u\g ]]
+ [[ listing == \d\r\y\-\r\u\n ]]
+ [[ listing == \v\e\r\b\o\s\e ]]
+ for xitem in "${@}"
+ IFS==
+ read -r key value
++ echo -e --output=/var/folders/vp/4k9xy96d7zx8lhmgrr4khsj80000gn/T/tmp.thUdFZFM2F/192.168.100.100/fragments--dmz-fw2-backup.list--25877.json
++ sed -e '1s|^\(-\)\{1,\}||'
+ [[ output =~ ^(config|c)$ ]]
+ [[ output =~ ^(search|s)$ ]]
+ [[ output =~ ^(listing|g)$ ]]
+ [[ output =~ ^(output|o)$ ]]
+ local json_output=/var/folders/vp/4k9xy96d7zx8lhmgrr4khsj80000gn/T/tmp.thUdFZFM2F/192.168.100.100/fragments--dmz-fw2-backup.list--25877.json
+ [[ output =~ ^(logger|l)$ ]]
+ [[ output == \d\e\b\u\g ]]
+ [[ output == \d\r\y\-\r\u\n ]]
+ [[ output == \v\e\r\b\o\s\e ]]
+ for xitem in "${@}"
+ IFS==
+ read -r key value
++ echo -e --logger=/var/folders/vp/4k9xy96d7zx8lhmgrr4khsj80000gn/T/tmp.thUdFZFM2F/dmz-fw2-backup.console
++ sed -e '1s|^\(-\)\{1,\}||'
+ [[ logger =~ ^(config|c)$ ]]
+ [[ logger =~ ^(search|s)$ ]]
+ [[ logger =~ ^(listing|g)$ ]]
+ [[ logger =~ ^(output|o)$ ]]
+ [[ logger =~ ^(logger|l)$ ]]
+ local target_console=/var/folders/vp/4k9xy96d7zx8lhmgrr4khsj80000gn/T/tmp.thUdFZFM2F/dmz-fw2-backup.console
+ [[ logger == \d\e\b\u\g ]]
+ [[ logger == \d\r\y\-\r\u\n ]]
+ [[ logger == \v\e\r\b\o\s\e ]]
+ IFS=' 	
'
+ [[ -z true ]]
+ [[ -z false ]]
+ [[ -z true ]]
+ [[ -z /var/folders/vp/4k9xy96d7zx8lhmgrr4khsj80000gn/T/tmp.thUdFZFM2F/dmz-fw2-backup.console ]]
+ local target_console=console/configs-extract.console
++ basename reports/192.168.100.100/cisco/.objects/dmz-fw2-backup.list
+ local target_object=/var/folders/vp/4k9xy96d7zx8lhmgrr4khsj80000gn/T/tmp.thUdFZFM2F/dmz-fw2-backup.list.objects
+ :
+ mapfile -t imported_content
++ sed '/^\s*$/d' reports/192.168.100.100/cisco/.objects/dmz-fw2-backup.list
+ message 'Divisor: [--ZGV2b3BzLXJlc291cmNlcy5zaGVsbA--]'
+ [[ -n Divisor: [--ZGV2b3BzLXJlc291cmNlcy5zaGVsbA--] ]]
+ local 'message=Divisor: [--ZGV2b3BzLXJlc291cmNlcy5zaGVsbA--]'
+ echo -e 'Divisor: [--ZGV2b3BzLXJlc291cmNlcy5zaGVsbA--]'
+ cat -vet
Divisor: [--ZGV2b3BzLXJlc291cmNlcy5zaGVsbA--]$
+ [[ true == true ]]
+ message 'Imported Configuration(s): '
+ [[ -n Imported Configuration(s):  ]]
+ local 'message=Imported Configuration(s): '
+ echo -e 'Imported Configuration(s): '
Imported Configuration(s): 
+ newline
+ local count=1
+ (( i = 0 ))
+ (( i < count ))
+ echo

+ (( i++ ))
+ (( i < count ))
+ for object in "${imported_content[@]}"
+ message 'interface GigabitEthernet0/1--ZGV2b3BzLXJlc291cmNlcy5zaGVsbA--  nameif inside--ZGV2b3BzLXJlc291cmNlcy5zaGVsbA--  ip address 192.168.100.100 255.255.255.0--ZGV2b3BzLXJlc291cmNlcy5zaGVsbA--  description Inside LAN segment'
+ [[ -n interface GigabitEthernet0/1--ZGV2b3BzLXJlc291cmNlcy5zaGVsbA--  nameif inside--ZGV2b3BzLXJlc291cmNlcy5zaGVsbA--  ip address 192.168.100.100 255.255.255.0--ZGV2b3BzLXJlc291cmNlcy5zaGVsbA--  description Inside LAN segment ]]
+ local 'message=interface GigabitEthernet0/1--ZGV2b3BzLXJlc291cmNlcy5zaGVsbA--  nameif inside--ZGV2b3BzLXJlc291cmNlcy5zaGVsbA--  ip address 192.168.100.100 255.255.255.0--ZGV2b3BzLXJlc291cmNlcy5zaGVsbA--  description Inside LAN segment'
+ echo -e 'interface GigabitEthernet0/1--ZGV2b3BzLXJlc291cmNlcy5zaGVsbA--  nameif inside--ZGV2b3BzLXJlc291cmNlcy5zaGVsbA--  ip address 192.168.100.100 255.255.255.0--ZGV2b3BzLXJlc291cmNlcy5zaGVsbA--  description Inside LAN segment'
+ for object in "${imported_content[@]}"
+ message 'object network Titan-WLAN-Host--ZGV2b3BzLXJlc291cmNlcy5zaGVsbA--  host 192.168.100.100--ZGV2b3BzLXJlc291cmNlcy5zaGVsbA--  description Backup inside NAT IP'
+ [[ -n object network Titan-WLAN-Host--ZGV2b3BzLXJlc291cmNlcy5zaGVsbA--  host 192.168.100.100--ZGV2b3BzLXJlc291cmNlcy5zaGVsbA--  description Backup inside NAT IP ]]
+ local 'message=object network Titan-WLAN-Host--ZGV2b3BzLXJlc291cmNlcy5zaGVsbA--  host 192.168.100.100--ZGV2b3BzLXJlc291cmNlcy5zaGVsbA--  description Backup inside NAT IP'
+ echo -e 'object network Titan-WLAN-Host--ZGV2b3BzLXJlc291cmNlcy5zaGVsbA--  host 192.168.100.100--ZGV2b3BzLXJlc291cmNlcy5zaGVsbA--  description Backup inside NAT IP'
+ for object in "${imported_content[@]}"
+ message 'object-group network Sector-Wireless--ZGV2b3BzLXJlc291cmNlcy5zaGVsbA--  description Staff WiFi clients--ZGV2b3BzLXJlc291cmNlcy5zaGVsbA--  network-object host 192.168.100.100--ZGV2b3BzLXJlc291cmNlcy5zaGVsbA--  network-object host 10.10.10.10'
+ [[ -n object-group network Sector-Wireless--ZGV2b3BzLXJlc291cmNlcy5zaGVsbA--  description Staff WiFi clients--ZGV2b3BzLXJlc291cmNlcy5zaGVsbA--  network-object host 192.168.100.100--ZGV2b3BzLXJlc291cmNlcy5zaGVsbA--  network-object host 10.10.10.10 ]]
+ local 'message=object-group network Sector-Wireless--ZGV2b3BzLXJlc291cmNlcy5zaGVsbA--  description Staff WiFi clients--ZGV2b3BzLXJlc291cmNlcy5zaGVsbA--  network-object host 192.168.100.100--ZGV2b3BzLXJlc291cmNlcy5zaGVsbA--  network-object host 10.10.10.10'
+ echo -e 'object-group network Sector-Wireless--ZGV2b3BzLXJlc291cmNlcy5zaGVsbA--  description Staff WiFi clients--ZGV2b3BzLXJlc291cmNlcy5zaGVsbA--  network-object host 192.168.100.100--ZGV2b3BzLXJlc291cmNlcy5zaGVsbA--  network-object host 10.10.10.10'
+ cat -n
     1	interface GigabitEthernet0/1--ZGV2b3BzLXJlc291cmNlcy5zaGVsbA--  nameif inside--ZGV2b3BzLXJlc291cmNlcy5zaGVsbA--  ip address 192.168.100.100 255.255.255.0--ZGV2b3BzLXJlc291cmNlcy5zaGVsbA--  description Inside LAN segment
     2	object network Titan-WLAN-Host--ZGV2b3BzLXJlc291cmNlcy5zaGVsbA--  host 192.168.100.100--ZGV2b3BzLXJlc291cmNlcy5zaGVsbA--  description Backup inside NAT IP
     3	object-group network Sector-Wireless--ZGV2b3BzLXJlc291cmNlcy5zaGVsbA--  description Staff WiFi clients--ZGV2b3BzLXJlc291cmNlcy5zaGVsbA--  network-object host 192.168.100.100--ZGV2b3BzLXJlc291cmNlcy5zaGVsbA--  network-object host 10.10.10.10
+ local configs_obj2json__script=configs-obj2json
+ local obj2json_location=jobs/configs-obj2json/192.168.100.100
+ mkdir -p jobs/configs-obj2json/192.168.100.100
++ basename reports/192.168.100.100/cisco/.objects/dmz-fw2-backup.list
+ local cfg_basename=dmz-fw2-backup.list
+ local logging_filename=dmz-fw2-backup
+ expanded_content=()
+ local -a expanded_content
+ for block in "${imported_content[@]}"
+ [[ interface GigabitEthernet0/1--ZGV2b3BzLXJlc291cmNlcy5zaGVsbA--  nameif inside--ZGV2b3BzLXJlc291cmNlcy5zaGVsbA--  ip address 192.168.100.100 255.255.255.0--ZGV2b3BzLXJlc291cmNlcy5zaGVsbA--  description Inside LAN segment =~ ^config[[:space:]] ]]
+ expanded_content+=("${block}")
+ for block in "${imported_content[@]}"
+ [[ object network Titan-WLAN-Host--ZGV2b3BzLXJlc291cmNlcy5zaGVsbA--  host 192.168.100.100--ZGV2b3BzLXJlc291cmNlcy5zaGVsbA--  description Backup inside NAT IP =~ ^config[[:space:]] ]]
+ expanded_content+=("${block}")
+ for block in "${imported_content[@]}"
+ [[ object-group network Sector-Wireless--ZGV2b3BzLXJlc291cmNlcy5zaGVsbA--  description Staff WiFi clients--ZGV2b3BzLXJlc291cmNlcy5zaGVsbA--  network-object host 192.168.100.100--ZGV2b3BzLXJlc291cmNlcy5zaGVsbA--  network-object host 10.10.10.10 =~ ^config[[:space:]] ]]
+ expanded_content+=("${block}")
+ imported_content=("${expanded_content[@]}")
+ for serialized_object in "${imported_content[@]}"
+ local rel_path=cisco/.objects/dmz-fw2-backup.list
+ local device_location=cisco
+ local device_filename=dmz-fw2-backup.list
+ local objects_dir=reports/192.168.100.100/cisco
+ local objects_file=reports/192.168.100.100/cisco/dmz-fw2-backup.list
+ local configs_obj2json__console=/var/folders/vp/4k9xy96d7zx8lhmgrr4khsj80000gn/T/tmp.thUdFZFM2F/configs-obj2json
+ configs_obj2json__console+=--192.168.100.100--cisco--dmz-fw2-backup.console
+ local configs_obj2json__logger=/var/folders/vp/4k9xy96d7zx8lhmgrr4khsj80000gn/T/tmp.thUdFZFM2F/dmz-fw2-backup
+ configs_obj2json --search=192.168.100.100 '--source=interface GigabitEthernet0/1--ZGV2b3BzLXJlc291cmNlcy5zaGVsbA--  nameif inside--ZGV2b3BzLXJlc291cmNlcy5zaGVsbA--  ip address 192.168.100.100 255.255.255.0--ZGV2b3BzLXJlc291cmNlcy5zaGVsbA--  description Inside LAN segment' --target=/var/folders/vp/4k9xy96d7zx8lhmgrr4khsj80000gn/T/tmp.thUdFZFM2F/dmz-fw2-backup.list.objects --logger=/var/folders/vp/4k9xy96d7zx8lhmgrr4khsj80000gn/T/tmp.thUdFZFM2F/configs-obj2json--192.168.100.100--cisco--dmz-fw2-backup.console
+ [[ -s /var/folders/vp/4k9xy96d7zx8lhmgrr4khsj80000gn/T/tmp.thUdFZFM2F/dmz-fw2-backup.list.objects ]]
+ companion_config=('reports/192.168.100.100/cisco/dmz-fw2-backup.cfg')
+ local companion_config
++ awk '
                BEGIN { in_json = 0 }
                /^[[:space:]]*{/ { in_json = 1 }
                in_json { print }
                /^[[:space:]]*}/ { exit }
              ' reports/192.168.100.100/cisco/dmz-fw2-backup.cfg
++ jq .
+ local 'specs_block={
  "vendor": "cisco",
  "model": "ASA",
  "version": "9.12(4)",
  "domain": "global.dmz.example.net",
  "hostname": "dmz-fw2-backup"
}'
+++ basename -s .list dmz-fw2-backup.list
++ jq --slurp --arg site cisco --arg device dmz-fw2-backup --argjson specs '{
  "vendor": "cisco",
  "model": "ASA",
  "version": "9.12(4)",
  "domain": "global.dmz.example.net",
  "hostname": "dmz-fw2-backup"
}' '{
              site: ( $site | gsub("^.*/"; "") ),
              specs: $specs,
              device: $device,
              objects: .
            }' /var/folders/vp/4k9xy96d7zx8lhmgrr4khsj80000gn/T/tmp.thUdFZFM2F/dmz-fw2-backup.list.objects
+ wrapped_block='{
  "site": "cisco",
  "specs": {
    "vendor": "cisco",
    "model": "ASA",
    "version": "9.12(4)",
    "domain": "global.dmz.example.net",
    "hostname": "dmz-fw2-backup"
  },
  "device": "dmz-fw2-backup",
  "objects": [
    {
      "object": "interface",
      "type": "GigabitEthernet0/1",
      "partner": false,
      "description": "Inside LAN segment",
      "items": [
        "ip address 192.168.100.100 255.255.255.0"
      ],
      "others": [
        "nameif inside"
      ],
      "group": "Unclassified"
    },
    {
      "object": "object",
      "type": "network",
      "partner": "Sentinel-NAT",
      "description": "Corporate NAT edge",
      "items": [
        "host 203.0.113.25"
      ],
      "others": [],
      "group": "Unclassified"
    },
    {
      "object": "interface",
      "type": "GigabitEthernet0/2",
      "partner": false,
      "description": "Outbound Internet NAT interface",
      "items": [
        "ip address 198.51.100.75 255.255.255.0"
      ],
      "others": [
        "nameif outside"
      ],
      "group": "Unclassified"
    }
  ]
}'
+ [[ true == true ]]
+ jq -e .
++ dirname /var/folders/vp/4k9xy96d7zx8lhmgrr4khsj80000gn/T/tmp.thUdFZFM2F/192.168.100.100/fragments--dmz-fw2-backup.list--25877.json
+ mkdir -p /var/folders/vp/4k9xy96d7zx8lhmgrr4khsj80000gn/T/tmp.thUdFZFM2F/192.168.100.100
+ printf '%s\n' '{
  "site": "cisco",
  "specs": {
    "vendor": "cisco",
    "model": "ASA",
    "version": "9.12(4)",
    "domain": "global.dmz.example.net",
    "hostname": "dmz-fw2-backup"
  },
  "device": "dmz-fw2-backup",
  "objects": [
    {
      "object": "interface",
      "type": "GigabitEthernet0/1",
      "partner": false,
      "description": "Inside LAN segment",
      "items": [
        "ip address 192.168.100.100 255.255.255.0"
      ],
      "others": [
        "nameif inside"
      ],
      "group": "Unclassified"
    },
    {
      "object": "object",
      "type": "network",
      "partner": "Sentinel-NAT",
      "description": "Corporate NAT edge",
      "items": [
        "host 203.0.113.25"
      ],
      "others": [],
      "group": "Unclassified"
    },
    {
      "object": "interface",
      "type": "GigabitEthernet0/2",
      "partner": false,
      "description": "Outbound Internet NAT interface",
      "items": [
        "ip address 198.51.100.75 255.255.255.0"
      ],
      "others": [
        "nameif outside"
      ],
      "group": "Unclassified"
    }
  ]
}'
+ for serialized_object in "${imported_content[@]}"
+ local rel_path=cisco/.objects/dmz-fw2-backup.list
+ local device_location=cisco
+ local device_filename=dmz-fw2-backup.list
+ local objects_dir=reports/192.168.100.100/cisco
+ local objects_file=reports/192.168.100.100/cisco/dmz-fw2-backup.list
+ local configs_obj2json__console=/var/folders/vp/4k9xy96d7zx8lhmgrr4khsj80000gn/T/tmp.thUdFZFM2F/configs-obj2json
+ configs_obj2json__console+=--192.168.100.100--cisco--dmz-fw2-backup.console
+ local configs_obj2json__logger=/var/folders/vp/4k9xy96d7zx8lhmgrr4khsj80000gn/T/tmp.thUdFZFM2F/dmz-fw2-backup
+ configs_obj2json --search=192.168.100.100 '--source=object network Titan-WLAN-Host--ZGV2b3BzLXJlc291cmNlcy5zaGVsbA--  host 192.168.100.100--ZGV2b3BzLXJlc291cmNlcy5zaGVsbA--  description Backup inside NAT IP' --target=/var/folders/vp/4k9xy96d7zx8lhmgrr4khsj80000gn/T/tmp.thUdFZFM2F/dmz-fw2-backup.list.objects --logger=/var/folders/vp/4k9xy96d7zx8lhmgrr4khsj80000gn/T/tmp.thUdFZFM2F/configs-obj2json--192.168.100.100--cisco--dmz-fw2-backup.console
+ [[ -s /var/folders/vp/4k9xy96d7zx8lhmgrr4khsj80000gn/T/tmp.thUdFZFM2F/dmz-fw2-backup.list.objects ]]
+ companion_config=('reports/192.168.100.100/cisco/dmz-fw2-backup.cfg')
+ local companion_config
++ awk '
                BEGIN { in_json = 0 }
                /^[[:space:]]*{/ { in_json = 1 }
                in_json { print }
                /^[[:space:]]*}/ { exit }
              ' reports/192.168.100.100/cisco/dmz-fw2-backup.cfg
++ jq .
+ local 'specs_block={
  "vendor": "cisco",
  "model": "ASA",
  "version": "9.12(4)",
  "domain": "global.dmz.example.net",
  "hostname": "dmz-fw2-backup"
}'
+++ basename -s .list dmz-fw2-backup.list
++ jq --slurp --arg site cisco --arg device dmz-fw2-backup --argjson specs '{
  "vendor": "cisco",
  "model": "ASA",
  "version": "9.12(4)",
  "domain": "global.dmz.example.net",
  "hostname": "dmz-fw2-backup"
}' '{
              site: ( $site | gsub("^.*/"; "") ),
              specs: $specs,
              device: $device,
              objects: .
            }' /var/folders/vp/4k9xy96d7zx8lhmgrr4khsj80000gn/T/tmp.thUdFZFM2F/dmz-fw2-backup.list.objects
+ wrapped_block='{
  "site": "cisco",
  "specs": {
    "vendor": "cisco",
    "model": "ASA",
    "version": "9.12(4)",
    "domain": "global.dmz.example.net",
    "hostname": "dmz-fw2-backup"
  },
  "device": "dmz-fw2-backup",
  "objects": [
    {
      "object": "interface",
      "type": "GigabitEthernet0/1",
      "partner": false,
      "description": "Inside LAN segment",
      "items": [
        "ip address 192.168.100.100 255.255.255.0"
      ],
      "others": [
        "nameif inside"
      ],
      "group": "Unclassified"
    },
    {
      "object": "object",
      "type": "network",
      "partner": "Sentinel-NAT",
      "description": "Corporate NAT edge",
      "items": [
        "host 203.0.113.25"
      ],
      "others": [],
      "group": "Unclassified"
    },
    {
      "object": "interface",
      "type": "GigabitEthernet0/2",
      "partner": false,
      "description": "Outbound Internet NAT interface",
      "items": [
        "ip address 198.51.100.75 255.255.255.0"
      ],
      "others": [
        "nameif outside"
      ],
      "group": "Unclassified"
    },
    {
      "object": "object",
      "type": "network",
      "partner": "Titan-WLAN-Host",
      "description": "Backup inside NAT IP",
      "items": [
        "host 192.168.100.100"
      ],
      "others": [],
      "group": "Unclassified"
    }
  ]
}'
+ [[ true == true ]]
+ jq -e .
++ dirname /var/folders/vp/4k9xy96d7zx8lhmgrr4khsj80000gn/T/tmp.thUdFZFM2F/192.168.100.100/fragments--dmz-fw2-backup.list--25877.json
+ mkdir -p /var/folders/vp/4k9xy96d7zx8lhmgrr4khsj80000gn/T/tmp.thUdFZFM2F/192.168.100.100
+ printf '%s\n' '{
  "site": "cisco",
  "specs": {
    "vendor": "cisco",
    "model": "ASA",
    "version": "9.12(4)",
    "domain": "global.dmz.example.net",
    "hostname": "dmz-fw2-backup"
  },
  "device": "dmz-fw2-backup",
  "objects": [
    {
      "object": "interface",
      "type": "GigabitEthernet0/1",
      "partner": false,
      "description": "Inside LAN segment",
      "items": [
        "ip address 192.168.100.100 255.255.255.0"
      ],
      "others": [
        "nameif inside"
      ],
      "group": "Unclassified"
    },
    {
      "object": "object",
      "type": "network",
      "partner": "Sentinel-NAT",
      "description": "Corporate NAT edge",
      "items": [
        "host 203.0.113.25"
      ],
      "others": [],
      "group": "Unclassified"
    },
    {
      "object": "interface",
      "type": "GigabitEthernet0/2",
      "partner": false,
      "description": "Outbound Internet NAT interface",
      "items": [
        "ip address 198.51.100.75 255.255.255.0"
      ],
      "others": [
        "nameif outside"
      ],
      "group": "Unclassified"
    },
    {
      "object": "object",
      "type": "network",
      "partner": "Titan-WLAN-Host",
      "description": "Backup inside NAT IP",
      "items": [
        "host 192.168.100.100"
      ],
      "others": [],
      "group": "Unclassified"
    }
  ]
}'
+ for serialized_object in "${imported_content[@]}"
+ local rel_path=cisco/.objects/dmz-fw2-backup.list
+ local device_location=cisco
+ local device_filename=dmz-fw2-backup.list
+ local objects_dir=reports/192.168.100.100/cisco
+ local objects_file=reports/192.168.100.100/cisco/dmz-fw2-backup.list
+ local configs_obj2json__console=/var/folders/vp/4k9xy96d7zx8lhmgrr4khsj80000gn/T/tmp.thUdFZFM2F/configs-obj2json
+ configs_obj2json__console+=--192.168.100.100--cisco--dmz-fw2-backup.console
+ local configs_obj2json__logger=/var/folders/vp/4k9xy96d7zx8lhmgrr4khsj80000gn/T/tmp.thUdFZFM2F/dmz-fw2-backup
+ configs_obj2json --search=192.168.100.100 '--source=object-group network Sector-Wireless--ZGV2b3BzLXJlc291cmNlcy5zaGVsbA--  description Staff WiFi clients--ZGV2b3BzLXJlc291cmNlcy5zaGVsbA--  network-object host 192.168.100.100--ZGV2b3BzLXJlc291cmNlcy5zaGVsbA--  network-object host 10.10.10.10' --target=/var/folders/vp/4k9xy96d7zx8lhmgrr4khsj80000gn/T/tmp.thUdFZFM2F/dmz-fw2-backup.list.objects --logger=/var/folders/vp/4k9xy96d7zx8lhmgrr4khsj80000gn/T/tmp.thUdFZFM2F/configs-obj2json--192.168.100.100--cisco--dmz-fw2-backup.console
+ [[ -s /var/folders/vp/4k9xy96d7zx8lhmgrr4khsj80000gn/T/tmp.thUdFZFM2F/dmz-fw2-backup.list.objects ]]
+ companion_config=('reports/192.168.100.100/cisco/dmz-fw2-backup.cfg')
+ local companion_config
++ awk '
                BEGIN { in_json = 0 }
                /^[[:space:]]*{/ { in_json = 1 }
                in_json { print }
                /^[[:space:]]*}/ { exit }
              ' reports/192.168.100.100/cisco/dmz-fw2-backup.cfg
++ jq .
+ local 'specs_block={
  "vendor": "cisco",
  "model": "ASA",
  "version": "9.12(4)",
  "domain": "global.dmz.example.net",
  "hostname": "dmz-fw2-backup"
}'
+++ basename -s .list dmz-fw2-backup.list
++ jq --slurp --arg site cisco --arg device dmz-fw2-backup --argjson specs '{
  "vendor": "cisco",
  "model": "ASA",
  "version": "9.12(4)",
  "domain": "global.dmz.example.net",
  "hostname": "dmz-fw2-backup"
}' '{
              site: ( $site | gsub("^.*/"; "") ),
              specs: $specs,
              device: $device,
              objects: .
            }' /var/folders/vp/4k9xy96d7zx8lhmgrr4khsj80000gn/T/tmp.thUdFZFM2F/dmz-fw2-backup.list.objects
+ wrapped_block='{
  "site": "cisco",
  "specs": {
    "vendor": "cisco",
    "model": "ASA",
    "version": "9.12(4)",
    "domain": "global.dmz.example.net",
    "hostname": "dmz-fw2-backup"
  },
  "device": "dmz-fw2-backup",
  "objects": [
    {
      "object": "interface",
      "type": "GigabitEthernet0/1",
      "partner": false,
      "description": "Inside LAN segment",
      "items": [
        "ip address 192.168.100.100 255.255.255.0"
      ],
      "others": [
        "nameif inside"
      ],
      "group": "Unclassified"
    },
    {
      "object": "object",
      "type": "network",
      "partner": "Sentinel-NAT",
      "description": "Corporate NAT edge",
      "items": [
        "host 203.0.113.25"
      ],
      "others": [],
      "group": "Unclassified"
    },
    {
      "object": "interface",
      "type": "GigabitEthernet0/2",
      "partner": false,
      "description": "Outbound Internet NAT interface",
      "items": [
        "ip address 198.51.100.75 255.255.255.0"
      ],
      "others": [
        "nameif outside"
      ],
      "group": "Unclassified"
    },
    {
      "object": "object",
      "type": "network",
      "partner": "Titan-WLAN-Host",
      "description": "Backup inside NAT IP",
      "items": [
        "host 192.168.100.100"
      ],
      "others": [],
      "group": "Unclassified"
    },
    {
      "object": "object-group",
      "type": "network",
      "partner": "Sector-Wireless",
      "description": "Staff WiFi clients",
      "items": [
        "network-object host 192.168.100.100"
      ],
      "others": [
        "network-object host 10.10.10.10"
      ],
      "group": "Unclassified"
    }
  ]
}'
+ [[ true == true ]]
+ jq -e .
++ dirname /var/folders/vp/4k9xy96d7zx8lhmgrr4khsj80000gn/T/tmp.thUdFZFM2F/192.168.100.100/fragments--dmz-fw2-backup.list--25877.json
+ mkdir -p /var/folders/vp/4k9xy96d7zx8lhmgrr4khsj80000gn/T/tmp.thUdFZFM2F/192.168.100.100
+ printf '%s\n' '{
  "site": "cisco",
  "specs": {
    "vendor": "cisco",
    "model": "ASA",
    "version": "9.12(4)",
    "domain": "global.dmz.example.net",
    "hostname": "dmz-fw2-backup"
  },
  "device": "dmz-fw2-backup",
  "objects": [
    {
      "object": "interface",
      "type": "GigabitEthernet0/1",
      "partner": false,
      "description": "Inside LAN segment",
      "items": [
        "ip address 192.168.100.100 255.255.255.0"
      ],
      "others": [
        "nameif inside"
      ],
      "group": "Unclassified"
    },
    {
      "object": "object",
      "type": "network",
      "partner": "Sentinel-NAT",
      "description": "Corporate NAT edge",
      "items": [
        "host 203.0.113.25"
      ],
      "others": [],
      "group": "Unclassified"
    },
    {
      "object": "interface",
      "type": "GigabitEthernet0/2",
      "partner": false,
      "description": "Outbound Internet NAT interface",
      "items": [
        "ip address 198.51.100.75 255.255.255.0"
      ],
      "others": [
        "nameif outside"
      ],
      "group": "Unclassified"
    },
    {
      "object": "object",
      "type": "network",
      "partner": "Titan-WLAN-Host",
      "description": "Backup inside NAT IP",
      "items": [
        "host 192.168.100.100"
      ],
      "others": [],
      "group": "Unclassified"
    },
    {
      "object": "object-group",
      "type": "network",
      "partner": "Sector-Wireless",
      "description": "Staff WiFi clients",
      "items": [
        "network-object host 192.168.100.100"
      ],
      "others": [
        "network-object host 10.10.10.10"
      ],
      "group": "Unclassified"
    }
  ]
}'
+ local configs_obj2json__console=console/configs-obj2json.console
+ local 'search_pattern=/var/folders/vp/4k9xy96d7zx8lhmgrr4khsj80000gn/T/tmp.thUdFZFM2F/configs-obj2json--192.168.100.100--*.console'
+ :
+ for obj_console in ${search_pattern}
+ [[ -f /var/folders/vp/4k9xy96d7zx8lhmgrr4khsj80000gn/T/tmp.thUdFZFM2F/configs-obj2json--192.168.100.100--*.console ]]
+ cp -v console/configs-obj2json.console console/configs-obj2json.console
cp: console/configs-obj2json.console and console/configs-obj2json.console are identical (not copied).
