
Source Configuration files:
  - configs/cisco/fw1.cfg
  - configs/misc/switch.conf

Source Configuration files:
  - configs/cisco/fw1.cfg
  - configs/misc/switch.conf

Source Configuration files:
  - configs/cisco/fw1.cfg
  - configs/misc/switch.conf

Source Configuration files:
  - configs/cisco/fw1.cfg
  - configs/misc/switch.conf

Source Configuration files:
  - configs/cisco/fw1.cfg
  - configs/misc/switch.conf

Source Configuration files:
  - configs/cisco/fw1.cfg
  - configs/misc/switch.conf

Source Configuration files:
  - configs/cisco/fw1.cfg
  - configs/misc/switch.conf

Source Configuration files:
  - configs/cisco/fw1.cfg
  - configs/misc/switch.conf

Source Configuration files:
  - configs/cisco/fw1.cfg
  - configs/misc/switch.conf

Source Configuration files:
  - configs/cisco/fw1.cfg
  - configs/misc/switch.conf

Source Configuration files:
  - configs/cisco/fw1.cfg
  - configs/misc/switch.conf

(08) Valid IP Address: 172.31.255.254

Config: configs/misc/switch.conf

interface Vlan1
 ip address 172.31.255.254 255.255.255.0

{
  "target": "172.31.255.254",
  "configs": [
    {
      "config": "configs/misc/switch.conf",
      "objects": [
        {
          "type": "",
          "name": false,
          "description": false,
          "caption": null
        }
      ]
    }
  ]
}

Source Configuration files:
  - configs/cisco/fw1.cfg
  - configs/misc/switch.conf

(10) Valid IP Address: 192.168.1.10

Config: configs/cisco/fw1.cfg

object network Server-192-168-1-10
 host 192.168.1.10
 description Main Application Server

{
  "target": "192.168.1.10",
  "configs": [
    {
      "config": "configs/cisco/fw1.cfg",
      "objects": [
        {
          "type": "",
          "name": false,
          "description": false,
          "caption": null
        }
      ]
    }
  ]
}

Source Configuration files:
  - configs/cisco/fw1.cfg
  - configs/misc/switch.conf

(15) Valid IP Address: 203.0.113.25

Config: configs/cisco/fw1.cfg

object network External-203-0-113-25
 host 203.0.113.25

{
  "target": "203.0.113.25",
  "configs": [
    {
      "config": "configs/cisco/fw1.cfg",
      "objects": [
        {
          "type": "",
          "name": false,
          "description": false,
          "caption": null
        }
      ]
    }
  ]
}

Source Configuration files:
  - configs/cisco/fw1.cfg
  - configs/misc/switch.conf

(02) Valid IP Address: 10.0.1.2

Config: configs/cisco/fw1.cfg

Source Configuration files:

  - configs/cisco/fw1.cfg
object-group network BU1-NETWORK
  - configs/misc/switch.conf
 description Corporate HQ Subnets

 network-object host 10.0.0.1
(01) Valid IP Address: 10.0.0.1
 network-object host 10.0.1.2

 network-object 192.168.1.0 255.255.255.0
Config: configs/cisco/fw1.cfg


Config: configs/misc/switch.conf
object-group network BU1-NETWORK

 description Corporate HQ Subnets
interface Vlan2
 network-object host 10.0.0.1
 ip address 10.0.1.2 255.255.255.0
 network-object host 10.0.1.2

 network-object 192.168.1.0 255.255.255.0
{

  "target": "10.0.1.2",
access-list OUTSIDE extended permit ip host 10.0.0.1 any
  "configs": [

    {
Config: configs/misc/switch.conf
      "config": "configs/cisco/fw1.cfg",

      "objects": [
object-group network SOME-THING
        {
  description Local Office Subnets
          "type": "",
  network-object host 10.0.0.1
          "name": false,
  network-object 192.168.12.0 255.255.255.0
          "description": false,

          "caption": null
{
        }
  "target": "10.0.0.1",
      ]
  "configs": [
    },
    {
    {
      "config": "configs/cisco/fw1.cfg",
      "config": "configs/misc/switch.conf",
      "objects": [
      "objects": [
        {
        {
          "type": "",
          "type": "",
          "name": false,
          "name": false,
          "description": false,
          "description": false,
          "caption": null
          "caption": null
        }
        }
      ]
      ]
    },
    }
    {
  ]
      "config": "configs/misc/switch.conf",
}
      "objects": [
        {
          "type": "",
          "name": false,
          "description": false,
          "caption": null
        }
      ]
    }
  ]
}
