+ oIFS=' 	
'
+ for xitem in "${@}"
+ IFS==
+ read -r key value
++ echo -e --search=192.168.1.11
++ sed -e '1s|^\(-\)\{1,\}||'
+ [[ search =~ ^(search|s)$ ]]
+ local target_pattern=192.168.1.11
+ [[ search =~ ^(source|o)$ ]]
+ [[ search =~ ^(target|t)$ ]]
+ [[ search =~ ^(logger|l)$ ]]
+ [[ search == \d\e\b\u\g ]]
+ [[ search == \d\r\y\-\r\u\n ]]
+ [[ search == \v\e\r\b\o\s\e ]]
+ for xitem in "${@}"
+ IFS==
+ read -r key value
++ echo -e '--source=object-group network Lantern-DMZ--ZGV2b3BzLXJlc291cmNlcy5zaGVsbA--  description Protected but public-facing zone--ZGV2b3BzLXJlc291cmNlcy5zaGVsbA--  network-object host 172.18.1.20--ZGV2b3BzLXJlc291cmNlcy5zaGVsbA--  network-object host 192.168.1.11'
++ sed -e '1s|^\(-\)\{1,\}||'
+ [[ source =~ ^(search|s)$ ]]
+ [[ source =~ ^(source|o)$ ]]
+ local 'source_object=object-group network Lantern-DMZ--ZGV2b3BzLXJlc291cmNlcy5zaGVsbA--  description Protected but public-facing zone--ZGV2b3BzLXJlc291cmNlcy5zaGVsbA--  network-object host 172.18.1.20--ZGV2b3BzLXJlc291cmNlcy5zaGVsbA--  network-object host 192.168.1.11'
+ [[ source =~ ^(target|t)$ ]]
+ [[ source =~ ^(logger|l)$ ]]
+ [[ source == \d\e\b\u\g ]]
+ [[ source == \d\r\y\-\r\u\n ]]
+ [[ source == \v\e\r\b\o\s\e ]]
+ for xitem in "${@}"
+ IFS==
+ read -r key value
++ echo -e --target=/var/folders/vp/4k9xy96d7zx8lhmgrr4khsj80000gn/T/tmp.90hwuJyGl8/branch-isr-02.list.objects
++ sed -e '1s|^\(-\)\{1,\}||'
+ [[ target =~ ^(search|s)$ ]]
+ [[ target =~ ^(source|o)$ ]]
+ [[ target =~ ^(target|t)$ ]]
+ local target_object=/var/folders/vp/4k9xy96d7zx8lhmgrr4khsj80000gn/T/tmp.90hwuJyGl8/branch-isr-02.list.objects
+ [[ target =~ ^(logger|l)$ ]]
+ [[ target == \d\e\b\u\g ]]
+ [[ target == \d\r\y\-\r\u\n ]]
+ [[ target == \v\e\r\b\o\s\e ]]
+ for xitem in "${@}"
+ IFS==
+ read -r key value
++ echo -e --logger=/var/folders/vp/4k9xy96d7zx8lhmgrr4khsj80000gn/T/tmp.90hwuJyGl8/configs-obj2json--192.168.1.11--cisco--branch-isr-02.console
++ sed -e '1s|^\(-\)\{1,\}||'
+ [[ logger =~ ^(search|s)$ ]]
+ [[ logger =~ ^(source|o)$ ]]
+ [[ logger =~ ^(target|t)$ ]]
+ [[ logger =~ ^(logger|l)$ ]]
+ local target_console=/var/folders/vp/4k9xy96d7zx8lhmgrr4khsj80000gn/T/tmp.90hwuJyGl8/configs-obj2json--192.168.1.11--cisco--branch-isr-02.console
+ [[ logger == \d\e\b\u\g ]]
+ [[ logger == \d\r\y\-\r\u\n ]]
+ [[ logger == \v\e\r\b\o\s\e ]]
+ IFS=' 	
'
+ [[ -z true ]]
+ [[ -z false ]]
+ [[ -z true ]]
+ local target_console=console/configs-obj2json.console
+ mapfile -t restored_block
++ printf '%s\n' 'object-group network Lantern-DMZ
  description Protected but public-facing zone
  network-object host 172.18.1.20
  network-object host 192.168.1.11'
+ local 'object_header=object-group network Lantern-DMZ'
+ local object_keyword type_value partner_value
+ read -a header_tokens
+ object_keyword=object-group
+ [[ object-group == \c\o\n\f\i\g ]]
+ ((  3 == 3  ))
+ type_value=network
+ partner_value=Lantern-DMZ
+ data_sets=()
+ local -a data_sets
+ local description_value=false
+ for line in "${restored_block[@]}"
++ sed -E 's/^[[:space:]]*//;s/[[:space:]]*$//'
+ local 'trimmed=object-group network Lantern-DMZ'
+ [[ -z object-group network Lantern-DMZ ]]
+ [[ object-group network lantern-dmz =~ ^description[[:space:]] ]]
+ [[ object-group network lantern-dmz =~ ^edit[[:space:]]+".+" ]]
+ [[ object-group network lantern-dmz =~ ^set[[:space:]]+comment[[:space:]] ]]
+ [[ object-group network lantern-dmz == \n\e\x\t ]]
+ [[ object-group network lantern-dmz == \e\n\d ]]
+ data_sets+=("${trimmed}")
+ for line in "${restored_block[@]}"
++ sed -E 's/^[[:space:]]*//;s/[[:space:]]*$//'
+ local 'trimmed=description Protected but public-facing zone'
+ [[ -z description Protected but public-facing zone ]]
+ [[ description protected but public-facing zone =~ ^description[[:space:]] ]]
++ sed -E 's/^description[[:space:]]+//'
+ description_value='Protected but public-facing zone'
+ continue
+ for line in "${restored_block[@]}"
++ sed -E 's/^[[:space:]]*//;s/[[:space:]]*$//'
+ local 'trimmed=network-object host 172.18.1.20'
+ [[ -z network-object host 172.18.1.20 ]]
+ [[ network-object host 172.18.1.20 =~ ^description[[:space:]] ]]
+ [[ network-object host 172.18.1.20 =~ ^edit[[:space:]]+".+" ]]
+ [[ network-object host 172.18.1.20 =~ ^set[[:space:]]+comment[[:space:]] ]]
+ [[ network-object host 172.18.1.20 == \n\e\x\t ]]
+ [[ network-object host 172.18.1.20 == \e\n\d ]]
+ data_sets+=("${trimmed}")
+ for line in "${restored_block[@]}"
++ sed -E 's/^[[:space:]]*//;s/[[:space:]]*$//'
+ local 'trimmed=network-object host 192.168.1.11'
+ [[ -z network-object host 192.168.1.11 ]]
+ [[ network-object host 192.168.1.11 =~ ^description[[:space:]] ]]
+ [[ network-object host 192.168.1.11 =~ ^edit[[:space:]]+".+" ]]
+ [[ network-object host 192.168.1.11 =~ ^set[[:space:]]+comment[[:space:]] ]]
+ [[ network-object host 192.168.1.11 == \n\e\x\t ]]
+ [[ network-object host 192.168.1.11 == \e\n\d ]]
+ data_sets+=("${trimmed}")
+ [[ object-group network Lantern-DMZ == \o\b\j\e\c\t\-\g\r\o\u\p\ \n\e\t\w\o\r\k\ \L\a\n\t\e\r\n\-\D\M\Z ]]
+ data_sets=("${data_sets[@]:1}")
+ items=()
+ local -a items
+ others=()
+ local -a others
+ for line in "${data_sets[@]}"
+ grep -Eq '(^|[^0-9.])192\.168\.1\.11([^0-9.]|$)'
+ others+=("$(sed -E 's/^[[:space:]]+//;s/[[:space:]]+$//' <<< "${line}")")
++ sed -E 's/^[[:space:]]+//;s/[[:space:]]+$//'
+ for line in "${data_sets[@]}"
+ grep -Eq '(^|[^0-9.])192\.168\.1\.11([^0-9.]|$)'
+ items+=("$(sed -E 's/^[[:space:]]+//;s/[[:space:]]+$//' <<< "${line}")")
++ sed -E 's/^[[:space:]]+//;s/[[:space:]]+$//'
++ printf '%s\n' 'network-object host 192.168.1.11'
++ jq -R .
++ jq --slurp .
+ local 'items_json=[
  "network-object host 192.168.1.11"
]'
++ printf '%s\n' 'network-object host 172.18.1.20'
++ sed '/^[[:space:]]*$/d'
++ jq -R .
++ jq --slurp .
+ local 'others_json=[
  "network-object host 172.18.1.20"
]'
+ local group_value=Unclassified
+ [[ true == true ]]
+ local object_key
++ awk '{print $NF}'
++ sed -E 's/[[:punct:]]*$//'
+ object_key=network
++ jq -r --arg key network 'map( select( .match[]? | contains( $key ) ) ) | .[0].group'
+ group_value=null
+ [[ -z null ]]
+ [[ null == \n\u\l\l ]]
++ jq -r --arg desc 'Protected but public-facing zone' 'map( select( .match[]? == $desc ) ) | .[0].group'
+ group_value=null
+ [[ -z null ]]
+ [[ null == \n\u\l\l ]]
+ group_value=Unclassified
++ jq -n --arg object object-group --arg type network --arg partner Lantern-DMZ --arg description 'Protected but public-facing zone' --argjson items '[
  "network-object host 192.168.1.11"
]' --argjson others '[
  "network-object host 172.18.1.20"
]' --arg group Unclassified '{
          object: $object,
          type: ( $type // false ),
          partner: ( $partner | select(. != "" and . != "null" and . != "false") // false ),
          description: ( $description | select(. != "" and . != "null" and . != "false") // false ),
          items: $items,
          others: $others,
          group: $group
        }'
+ local 'target_json={
  "object": "object-group",
  "type": "network",
  "partner": "Lantern-DMZ",
  "description": "Protected but public-facing zone",
  "items": [
    "network-object host 192.168.1.11"
  ],
  "others": [
    "network-object host 172.18.1.20"
  ],
  "group": "Unclassified"
}'
+ [[ true == true ]]
+ newline
+ local count=1
+ (( i = 0 ))
+ (( i < count ))
+ echo
+ (( i++ ))
+ (( i < count ))
+ for object in "${restored_block[@]}"
+ message 'object-group network Lantern-DMZ'
+ [[ -n object-group network Lantern-DMZ ]]
+ local 'message=object-group network Lantern-DMZ'
+ echo -e 'object-group network Lantern-DMZ'
+ for object in "${restored_block[@]}"
+ message '  description Protected but public-facing zone'
+ [[ -n   description Protected but public-facing zone ]]
+ local 'message=  description Protected but public-facing zone'
+ echo -e '  description Protected but public-facing zone'
+ for object in "${restored_block[@]}"
+ message '  network-object host 172.18.1.20'
+ [[ -n   network-object host 172.18.1.20 ]]
+ local 'message=  network-object host 172.18.1.20'
+ echo -e '  network-object host 172.18.1.20'
+ for object in "${restored_block[@]}"
+ message '  network-object host 192.168.1.11'
+ [[ -n   network-object host 192.168.1.11 ]]
+ local 'message=  network-object host 192.168.1.11'
+ echo -e '  network-object host 192.168.1.11'
+ newline
+ local count=1
+ (( i = 0 ))
+ (( i < count ))
+ echo
+ (( i++ ))
+ (( i < count ))
+ message 'JSON Object (output):'
+ [[ -n JSON Object (output): ]]
+ local 'message=JSON Object (output):'
+ echo -e 'JSON Object (output):'
+ jq -r .
+ [[ -n {
  "object": "object-group",
  "type": "network",
  "partner": "Lantern-DMZ",
  "description": "Protected but public-facing zone",
  "items": [
    "network-object host 192.168.1.11"
  ],
  "others": [
    "network-object host 172.18.1.20"
  ],
  "group": "Unclassified"
} ]]
+ jq -r .
+ cat -n /var/folders/vp/4k9xy96d7zx8lhmgrr4khsj80000gn/T/tmp.90hwuJyGl8/branch-isr-02.list.objects
     1	{
     2	  "object": "object",
     3	  "type": "network",
     4	  "partner": "Hydra-Link",
     5	  "description": "Branch NAT egress",
     6	  "items": [
     7	    "host 198.51.100.75"
     8	  ],
     9	  "others": [],
    10	  "group": "Unclassified"
    11	}
    12	{
    13	  "object": "interface",
    14	  "type": "GigabitEthernet0/0/1",
    15	  "partner": false,
    16	  "description": "Workstation LAN",
    17	  "items": [
    18	    "ip address 192.168.2.12 255.255.255.0"
    19	  ],
    20	  "others": [],
    21	  "group": "Unclassified"
    22	}
    23	{
    24	  "object": "object-group",
    25	  "type": "network",
    26	  "partner": "Lantern-DMZ",
    27	  "description": "Protected but public-facing zone",
    28	  "items": [
    29	    "network-object host 192.168.1.11"
    30	  ],
    31	  "others": [
    32	    "network-object host 172.18.1.20"
    33	  ],
    34	  "group": "Unclassified"
    35	}
+ return 0
