+ oIFS=' 	
'
+ for xitem in "${@}"
+ IFS==
+ read -r key value
++ echo -e --search=10.0.0.1
++ sed -e '1s|^\(-\)\{1,\}||'
+ [[ search =~ ^(search|s)$ ]]
+ local target_pattern=10.0.0.1
+ [[ search =~ ^(source|o)$ ]]
+ [[ search =~ ^(target|t)$ ]]
+ [[ search =~ ^(logger|l)$ ]]
+ [[ search == \d\e\b\u\g ]]
+ [[ search == \d\r\y\-\r\u\n ]]
+ [[ search == \v\e\r\b\o\s\e ]]
+ for xitem in "${@}"
+ IFS==
+ read -r key value
++ echo -e '--source=interface GigabitEthernet0/1--ZGV2b3BzLXJlc291cmNlcy5zaGVsbA--  nameif inside--ZGV2b3BzLXJlc291cmNlcy5zaGVsbA--  security-level 100--ZGV2b3BzLXJlc291cmNlcy5zaGVsbA--  ip address 10.0.0.1 255.255.255.0--ZGV2b3BzLXJlc291cmNlcy5zaGVsbA--  description Internal Network Interface'
++ sed -e '1s|^\(-\)\{1,\}||'
+ [[ source =~ ^(search|s)$ ]]
+ [[ source =~ ^(source|o)$ ]]
+ local 'source_object=interface GigabitEthernet0/1--ZGV2b3BzLXJlc291cmNlcy5zaGVsbA--  nameif inside--ZGV2b3BzLXJlc291cmNlcy5zaGVsbA--  security-level 100--ZGV2b3BzLXJlc291cmNlcy5zaGVsbA--  ip address 10.0.0.1 255.255.255.0--ZGV2b3BzLXJlc291cmNlcy5zaGVsbA--  description Internal Network Interface'
+ [[ source =~ ^(target|t)$ ]]
+ [[ source =~ ^(logger|l)$ ]]
+ [[ source == \d\e\b\u\g ]]
+ [[ source == \d\r\y\-\r\u\n ]]
+ [[ source == \v\e\r\b\o\s\e ]]
+ for xitem in "${@}"
+ IFS==
+ read -r key value
++ echo -e --target=/var/folders/vp/4k9xy96d7zx8lhmgrr4khsj80000gn/T/tmp.z4fH2RWwOh/perimeter-fw1.list.objects
++ sed -e '1s|^\(-\)\{1,\}||'
+ [[ target =~ ^(search|s)$ ]]
+ [[ target =~ ^(source|o)$ ]]
+ [[ target =~ ^(target|t)$ ]]
+ local target_object=/var/folders/vp/4k9xy96d7zx8lhmgrr4khsj80000gn/T/tmp.z4fH2RWwOh/perimeter-fw1.list.objects
+ [[ target =~ ^(logger|l)$ ]]
+ [[ target == \d\e\b\u\g ]]
+ [[ target == \d\r\y\-\r\u\n ]]
+ [[ target == \v\e\r\b\o\s\e ]]
+ for xitem in "${@}"
+ IFS==
+ read -r key value
++ echo -e --logger=/var/folders/vp/4k9xy96d7zx8lhmgrr4khsj80000gn/T/tmp.z4fH2RWwOh/configs-obj2json--10.0.0.1--cisco--perimeter-fw1.console
++ sed -e '1s|^\(-\)\{1,\}||'
+ [[ logger =~ ^(search|s)$ ]]
+ [[ logger =~ ^(source|o)$ ]]
+ [[ logger =~ ^(target|t)$ ]]
+ [[ logger =~ ^(logger|l)$ ]]
+ local target_console=/var/folders/vp/4k9xy96d7zx8lhmgrr4khsj80000gn/T/tmp.z4fH2RWwOh/configs-obj2json--10.0.0.1--cisco--perimeter-fw1.console
+ [[ logger == \d\e\b\u\g ]]
+ [[ logger == \d\r\y\-\r\u\n ]]
+ [[ logger == \v\e\r\b\o\s\e ]]
+ IFS=' 	
'
+ [[ -z true ]]
+ [[ -z false ]]
+ [[ -z true ]]
+ local target_console=console/configs-obj2json.console
+ mapfile -t restored_block
++ printf '%s\n' 'interface GigabitEthernet0/1
  nameif inside
  security-level 100
  ip address 10.0.0.1 255.255.255.0
  description Internal Network Interface'
+ local 'object_header=interface GigabitEthernet0/1'
+ local object_keyword type_value partner_value
+ read -a header_tokens
+ object_keyword=interface
+ [[ interface == \c\o\n\f\i\g ]]
+ ((  2 == 3  ))
+ ((  2 > 3  ))
+ type_value=GigabitEthernet0/1
+ partner_value=false
+ data_sets=()
+ local -a data_sets
+ local description_value=false
+ for line in "${restored_block[@]}"
++ sed -E 's/^[[:space:]]*//;s/[[:space:]]*$//'
+ local 'trimmed=interface GigabitEthernet0/1'
+ [[ -z interface GigabitEthernet0/1 ]]
+ [[ interface gigabitethernet0/1 =~ ^description[[:space:]] ]]
+ [[ interface gigabitethernet0/1 =~ ^edit[[:space:]]+".+" ]]
+ [[ interface gigabitethernet0/1 =~ ^set[[:space:]]+comment[[:space:]] ]]
+ [[ interface gigabitethernet0/1 == \n\e\x\t ]]
+ [[ interface gigabitethernet0/1 == \e\n\d ]]
+ data_sets+=("${trimmed}")
+ for line in "${restored_block[@]}"
++ sed -E 's/^[[:space:]]*//;s/[[:space:]]*$//'
+ local 'trimmed=nameif inside'
+ [[ -z nameif inside ]]
+ [[ nameif inside =~ ^description[[:space:]] ]]
+ [[ nameif inside =~ ^edit[[:space:]]+".+" ]]
+ [[ nameif inside =~ ^set[[:space:]]+comment[[:space:]] ]]
+ [[ nameif inside == \n\e\x\t ]]
+ [[ nameif inside == \e\n\d ]]
+ data_sets+=("${trimmed}")
+ for line in "${restored_block[@]}"
++ sed -E 's/^[[:space:]]*//;s/[[:space:]]*$//'
+ local 'trimmed=security-level 100'
+ [[ -z security-level 100 ]]
+ [[ security-level 100 =~ ^description[[:space:]] ]]
+ [[ security-level 100 =~ ^edit[[:space:]]+".+" ]]
+ [[ security-level 100 =~ ^set[[:space:]]+comment[[:space:]] ]]
+ [[ security-level 100 == \n\e\x\t ]]
+ [[ security-level 100 == \e\n\d ]]
+ data_sets+=("${trimmed}")
+ for line in "${restored_block[@]}"
++ sed -E 's/^[[:space:]]*//;s/[[:space:]]*$//'
+ local 'trimmed=ip address 10.0.0.1 255.255.255.0'
+ [[ -z ip address 10.0.0.1 255.255.255.0 ]]
+ [[ ip address 10.0.0.1 255.255.255.0 =~ ^description[[:space:]] ]]
+ [[ ip address 10.0.0.1 255.255.255.0 =~ ^edit[[:space:]]+".+" ]]
+ [[ ip address 10.0.0.1 255.255.255.0 =~ ^set[[:space:]]+comment[[:space:]] ]]
+ [[ ip address 10.0.0.1 255.255.255.0 == \n\e\x\t ]]
+ [[ ip address 10.0.0.1 255.255.255.0 == \e\n\d ]]
+ data_sets+=("${trimmed}")
+ for line in "${restored_block[@]}"
++ sed -E 's/^[[:space:]]*//;s/[[:space:]]*$//'
+ local 'trimmed=description Internal Network Interface'
+ [[ -z description Internal Network Interface ]]
+ [[ description internal network interface =~ ^description[[:space:]] ]]
++ sed -E 's/^description[[:space:]]+//'
+ description_value='Internal Network Interface'
+ continue
+ [[ interface GigabitEthernet0/1 == \i\n\t\e\r\f\a\c\e\ \G\i\g\a\b\i\t\E\t\h\e\r\n\e\t\0\/\1 ]]
+ data_sets=("${data_sets[@]:1}")
+ items=()
+ local -a items
+ others=()
+ local -a others
+ for line in "${data_sets[@]}"
+ grep -Eq '(^|[^0-9.])10\.0\.0\.1([^0-9.]|$)'
+ others+=("$(sed -E 's/^[[:space:]]+//;s/[[:space:]]+$//' <<< "${line}")")
++ sed -E 's/^[[:space:]]+//;s/[[:space:]]+$//'
+ for line in "${data_sets[@]}"
+ grep -Eq '(^|[^0-9.])10\.0\.0\.1([^0-9.]|$)'
+ others+=("$(sed -E 's/^[[:space:]]+//;s/[[:space:]]+$//' <<< "${line}")")
++ sed -E 's/^[[:space:]]+//;s/[[:space:]]+$//'
+ for line in "${data_sets[@]}"
+ grep -Eq '(^|[^0-9.])10\.0\.0\.1([^0-9.]|$)'
+ items+=("$(sed -E 's/^[[:space:]]+//;s/[[:space:]]+$//' <<< "${line}")")
++ sed -E 's/^[[:space:]]+//;s/[[:space:]]+$//'
++ printf '%s\n' 'ip address 10.0.0.1 255.255.255.0'
++ jq -R .
++ jq --slurp .
+ local 'items_json=[
  "ip address 10.0.0.1 255.255.255.0"
]'
++ printf '%s\n' 'nameif inside' 'security-level 100'
++ sed '/^[[:space:]]*$/d'
++ jq -R .
++ jq --slurp .
+ local 'others_json=[
  "nameif inside",
  "security-level 100"
]'
+ local group_value=Unclassified
+ [[ true == true ]]
+ local object_key
++ awk '{print $NF}'
++ sed -E 's/[[:punct:]]*$//'
+ object_key=GigabitEthernet0/1
++ jq -r --arg key GigabitEthernet0/1 'map( select( .match[]? | contains( $key ) ) ) | .[0].group'
+ group_value=null
+ [[ -z null ]]
+ [[ null == \n\u\l\l ]]
++ jq -r --arg desc 'Internal Network Interface' 'map( select( .match[]? == $desc ) ) | .[0].group'
+ group_value=null
+ [[ -z null ]]
+ [[ null == \n\u\l\l ]]
+ group_value=Unclassified
++ jq -n --arg object interface --arg type GigabitEthernet0/1 --arg partner false --arg description 'Internal Network Interface' --argjson items '[
  "ip address 10.0.0.1 255.255.255.0"
]' --argjson others '[
  "nameif inside",
  "security-level 100"
]' --arg group Unclassified '{
          object: $object,
          type: ( $type // false ),
          partner: ( $partner | select(. != "" and . != "null" and . != "false") // false ),
          description: ( $description | select(. != "" and . != "null" and . != "false") // false ),
          items: $items,
          others: $others,
          group: $group
        }'
+ local 'target_json={
  "object": "interface",
  "type": "GigabitEthernet0/1",
  "partner": false,
  "description": "Internal Network Interface",
  "items": [
    "ip address 10.0.0.1 255.255.255.0"
  ],
  "others": [
    "nameif inside",
    "security-level 100"
  ],
  "group": "Unclassified"
}'
+ [[ true == true ]]
+ newline
+ local count=1
+ (( i = 0 ))
+ (( i < count ))
+ echo
+ (( i++ ))
+ (( i < count ))
+ for object in "${restored_block[@]}"
+ message 'interface GigabitEthernet0/1'
+ [[ -n interface GigabitEthernet0/1 ]]
+ local 'message=interface GigabitEthernet0/1'
+ echo -e 'interface GigabitEthernet0/1'
+ for object in "${restored_block[@]}"
+ message '  nameif inside'
+ [[ -n   nameif inside ]]
+ local 'message=  nameif inside'
+ echo -e '  nameif inside'
+ for object in "${restored_block[@]}"
+ message '  security-level 100'
+ [[ -n   security-level 100 ]]
+ local 'message=  security-level 100'
+ echo -e '  security-level 100'
+ for object in "${restored_block[@]}"
+ message '  ip address 10.0.0.1 255.255.255.0'
+ [[ -n   ip address 10.0.0.1 255.255.255.0 ]]
+ local 'message=  ip address 10.0.0.1 255.255.255.0'
+ echo -e '  ip address 10.0.0.1 255.255.255.0'
+ for object in "${restored_block[@]}"
+ message '  description Internal Network Interface'
+ [[ -n   description Internal Network Interface ]]
+ local 'message=  description Internal Network Interface'
+ echo -e '  description Internal Network Interface'
+ newline
+ local count=1
+ (( i = 0 ))
+ (( i < count ))
+ echo
+ (( i++ ))
+ (( i < count ))
+ message 'JSON Object (output):'
+ [[ -n JSON Object (output): ]]
+ local 'message=JSON Object (output):'
+ echo -e 'JSON Object (output):'
+ jq -r .
+ [[ -n {
  "object": "interface",
  "type": "GigabitEthernet0/1",
  "partner": false,
  "description": "Internal Network Interface",
  "items": [
    "ip address 10.0.0.1 255.255.255.0"
  ],
  "others": [
    "nameif inside",
    "security-level 100"
  ],
  "group": "Unclassified"
} ]]
+ jq -r .
+ cat -n /var/folders/vp/4k9xy96d7zx8lhmgrr4khsj80000gn/T/tmp.z4fH2RWwOh/perimeter-fw1.list.objects
     1	{
     2	  "object": "interface",
     3	  "type": "GigabitEthernet0/1",
     4	  "partner": false,
     5	  "description": "Internal Network Interface",
     6	  "items": [
     7	    "ip address 10.0.0.1 255.255.255.0"
     8	  ],
     9	  "others": [
    10	    "nameif inside",
    11	    "security-level 100"
    12	  ],
    13	  "group": "Unclassified"
    14	}
+ return 0
+ oIFS=' 	
'
+ for xitem in "${@}"
+ IFS==
+ read -r key value
++ echo -e --search=10.0.0.1
++ sed -e '1s|^\(-\)\{1,\}||'
+ [[ search =~ ^(search|s)$ ]]
+ local target_pattern=10.0.0.1
+ [[ search =~ ^(source|o)$ ]]
+ [[ search =~ ^(target|t)$ ]]
+ [[ search =~ ^(logger|l)$ ]]
+ [[ search == \d\e\b\u\g ]]
+ [[ search == \d\r\y\-\r\u\n ]]
+ [[ search == \v\e\r\b\o\s\e ]]
+ for xitem in "${@}"
+ IFS==
+ read -r key value
++ echo -e '--source=object network Stark-Tower--ZGV2b3BzLXJlc291cmNlcy5zaGVsbA--  host 10.0.0.1--ZGV2b3BzLXJlc291cmNlcy5zaGVsbA--  description Core services gateway'
++ sed -e '1s|^\(-\)\{1,\}||'
+ [[ source =~ ^(search|s)$ ]]
+ [[ source =~ ^(source|o)$ ]]
+ local 'source_object=object network Stark-Tower--ZGV2b3BzLXJlc291cmNlcy5zaGVsbA--  host 10.0.0.1--ZGV2b3BzLXJlc291cmNlcy5zaGVsbA--  description Core services gateway'
+ [[ source =~ ^(target|t)$ ]]
+ [[ source =~ ^(logger|l)$ ]]
+ [[ source == \d\e\b\u\g ]]
+ [[ source == \d\r\y\-\r\u\n ]]
+ [[ source == \v\e\r\b\o\s\e ]]
+ for xitem in "${@}"
+ IFS==
+ read -r key value
++ echo -e --target=/var/folders/vp/4k9xy96d7zx8lhmgrr4khsj80000gn/T/tmp.z4fH2RWwOh/perimeter-fw1.list.objects
++ sed -e '1s|^\(-\)\{1,\}||'
+ [[ target =~ ^(search|s)$ ]]
+ [[ target =~ ^(source|o)$ ]]
+ [[ target =~ ^(target|t)$ ]]
+ local target_object=/var/folders/vp/4k9xy96d7zx8lhmgrr4khsj80000gn/T/tmp.z4fH2RWwOh/perimeter-fw1.list.objects
+ [[ target =~ ^(logger|l)$ ]]
+ [[ target == \d\e\b\u\g ]]
+ [[ target == \d\r\y\-\r\u\n ]]
+ [[ target == \v\e\r\b\o\s\e ]]
+ for xitem in "${@}"
+ IFS==
+ read -r key value
++ echo -e --logger=/var/folders/vp/4k9xy96d7zx8lhmgrr4khsj80000gn/T/tmp.z4fH2RWwOh/configs-obj2json--10.0.0.1--cisco--perimeter-fw1.console
++ sed -e '1s|^\(-\)\{1,\}||'
+ [[ logger =~ ^(search|s)$ ]]
+ [[ logger =~ ^(source|o)$ ]]
+ [[ logger =~ ^(target|t)$ ]]
+ [[ logger =~ ^(logger|l)$ ]]
+ local target_console=/var/folders/vp/4k9xy96d7zx8lhmgrr4khsj80000gn/T/tmp.z4fH2RWwOh/configs-obj2json--10.0.0.1--cisco--perimeter-fw1.console
+ [[ logger == \d\e\b\u\g ]]
+ [[ logger == \d\r\y\-\r\u\n ]]
+ [[ logger == \v\e\r\b\o\s\e ]]
+ IFS=' 	
'
+ [[ -z true ]]
+ [[ -z false ]]
+ [[ -z true ]]
+ local target_console=console/configs-obj2json.console
+ mapfile -t restored_block
++ printf '%s\n' 'object network Stark-Tower
  host 10.0.0.1
  description Core services gateway'
+ local 'object_header=object network Stark-Tower'
+ local object_keyword type_value partner_value
+ read -a header_tokens
+ object_keyword=object
+ [[ object == \c\o\n\f\i\g ]]
+ ((  3 == 3  ))
+ type_value=network
+ partner_value=Stark-Tower
+ data_sets=()
+ local -a data_sets
+ local description_value=false
+ for line in "${restored_block[@]}"
++ sed -E 's/^[[:space:]]*//;s/[[:space:]]*$//'
+ local 'trimmed=object network Stark-Tower'
+ [[ -z object network Stark-Tower ]]
+ [[ object network stark-tower =~ ^description[[:space:]] ]]
+ [[ object network stark-tower =~ ^edit[[:space:]]+".+" ]]
+ [[ object network stark-tower =~ ^set[[:space:]]+comment[[:space:]] ]]
+ [[ object network stark-tower == \n\e\x\t ]]
+ [[ object network stark-tower == \e\n\d ]]
+ data_sets+=("${trimmed}")
+ for line in "${restored_block[@]}"
++ sed -E 's/^[[:space:]]*//;s/[[:space:]]*$//'
+ local 'trimmed=host 10.0.0.1'
+ [[ -z host 10.0.0.1 ]]
+ [[ host 10.0.0.1 =~ ^description[[:space:]] ]]
+ [[ host 10.0.0.1 =~ ^edit[[:space:]]+".+" ]]
+ [[ host 10.0.0.1 =~ ^set[[:space:]]+comment[[:space:]] ]]
+ [[ host 10.0.0.1 == \n\e\x\t ]]
+ [[ host 10.0.0.1 == \e\n\d ]]
+ data_sets+=("${trimmed}")
+ for line in "${restored_block[@]}"
++ sed -E 's/^[[:space:]]*//;s/[[:space:]]*$//'
+ local 'trimmed=description Core services gateway'
+ [[ -z description Core services gateway ]]
+ [[ description core services gateway =~ ^description[[:space:]] ]]
++ sed -E 's/^description[[:space:]]+//'
+ description_value='Core services gateway'
+ continue
+ [[ object network Stark-Tower == \o\b\j\e\c\t\ \n\e\t\w\o\r\k\ \S\t\a\r\k\-\T\o\w\e\r ]]
+ data_sets=("${data_sets[@]:1}")
+ items=()
+ local -a items
+ others=()
+ local -a others
+ for line in "${data_sets[@]}"
+ grep -Eq '(^|[^0-9.])10\.0\.0\.1([^0-9.]|$)'
+ items+=("$(sed -E 's/^[[:space:]]+//;s/[[:space:]]+$//' <<< "${line}")")
++ sed -E 's/^[[:space:]]+//;s/[[:space:]]+$//'
++ printf '%s\n' 'host 10.0.0.1'
++ jq -R .
++ jq --slurp .
+ local 'items_json=[
  "host 10.0.0.1"
]'
++ printf '%s\n'
++ sed '/^[[:space:]]*$/d'
++ jq -R .
++ jq --slurp .
+ local 'others_json=[]'
+ local group_value=Unclassified
+ [[ true == true ]]
+ local object_key
++ awk '{print $NF}'
++ sed -E 's/[[:punct:]]*$//'
+ object_key=network
++ jq -r --arg key network 'map( select( .match[]? | contains( $key ) ) ) | .[0].group'
+ group_value=null
+ [[ -z null ]]
+ [[ null == \n\u\l\l ]]
++ jq -r --arg desc 'Core services gateway' 'map( select( .match[]? == $desc ) ) | .[0].group'
+ group_value=null
+ [[ -z null ]]
+ [[ null == \n\u\l\l ]]
+ group_value=Unclassified
++ jq -n --arg object object --arg type network --arg partner Stark-Tower --arg description 'Core services gateway' --argjson items '[
  "host 10.0.0.1"
]' --argjson others '[]' --arg group Unclassified '{
          object: $object,
          type: ( $type // false ),
          partner: ( $partner | select(. != "" and . != "null" and . != "false") // false ),
          description: ( $description | select(. != "" and . != "null" and . != "false") // false ),
          items: $items,
          others: $others,
          group: $group
        }'
+ local 'target_json={
  "object": "object",
  "type": "network",
  "partner": "Stark-Tower",
  "description": "Core services gateway",
  "items": [
    "host 10.0.0.1"
  ],
  "others": [],
  "group": "Unclassified"
}'
+ [[ true == true ]]
+ newline
+ local count=1
+ (( i = 0 ))
+ (( i < count ))
+ echo
+ (( i++ ))
+ (( i < count ))
+ for object in "${restored_block[@]}"
+ message 'object network Stark-Tower'
+ [[ -n object network Stark-Tower ]]
+ local 'message=object network Stark-Tower'
+ echo -e 'object network Stark-Tower'
+ for object in "${restored_block[@]}"
+ message '  host 10.0.0.1'
+ [[ -n   host 10.0.0.1 ]]
+ local 'message=  host 10.0.0.1'
+ echo -e '  host 10.0.0.1'
+ for object in "${restored_block[@]}"
+ message '  description Core services gateway'
+ [[ -n   description Core services gateway ]]
+ local 'message=  description Core services gateway'
+ echo -e '  description Core services gateway'
+ newline
+ local count=1
+ (( i = 0 ))
+ (( i < count ))
+ echo
+ (( i++ ))
+ (( i < count ))
+ message 'JSON Object (output):'
+ [[ -n JSON Object (output): ]]
+ local 'message=JSON Object (output):'
+ echo -e 'JSON Object (output):'
+ jq -r .
+ [[ -n {
  "object": "object",
  "type": "network",
  "partner": "Stark-Tower",
  "description": "Core services gateway",
  "items": [
    "host 10.0.0.1"
  ],
  "others": [],
  "group": "Unclassified"
} ]]
+ jq -r .
+ cat -n /var/folders/vp/4k9xy96d7zx8lhmgrr4khsj80000gn/T/tmp.z4fH2RWwOh/perimeter-fw1.list.objects
     1	{
     2	  "object": "interface",
     3	  "type": "GigabitEthernet0/1",
     4	  "partner": false,
     5	  "description": "Internal Network Interface",
     6	  "items": [
     7	    "ip address 10.0.0.1 255.255.255.0"
     8	  ],
     9	  "others": [
    10	    "nameif inside",
    11	    "security-level 100"
    12	  ],
    13	  "group": "Unclassified"
    14	}
    15	{
    16	  "object": "object",
    17	  "type": "network",
    18	  "partner": "Stark-Tower",
    19	  "description": "Core services gateway",
    20	  "items": [
    21	    "host 10.0.0.1"
    22	  ],
    23	  "others": [],
    24	  "group": "Unclassified"
    25	}
+ return 0
