+ oIFS=' 	
'
+ for xitem in "${@}"
+ IFS==
+ read -r key value
++ echo -e --config=cisco/.objects/branch-isr-02.list
++ sed -e '1s|^\(-\)\{1,\}||'
+ [[ config =~ ^(config|c)$ ]]
+ export config_filename=cisco/.objects/branch-isr-02.list
+ config_filename=cisco/.objects/branch-isr-02.list
+ [[ config =~ ^(search|s)$ ]]
+ [[ config =~ ^(listing|g)$ ]]
+ [[ config =~ ^(output|o)$ ]]
+ [[ config =~ ^(logger|l)$ ]]
+ [[ config == \d\e\b\u\g ]]
+ [[ config == \d\r\y\-\r\u\n ]]
+ [[ config == \v\e\r\b\o\s\e ]]
+ for xitem in "${@}"
+ IFS==
+ read -r key value
++ echo -e --search=192.168.1.11
++ sed -e '1s|^\(-\)\{1,\}||'
+ [[ search =~ ^(config|c)$ ]]
+ [[ search =~ ^(search|s)$ ]]
+ local target_pattern=192.168.1.11
+ [[ search =~ ^(listing|g)$ ]]
+ [[ search =~ ^(output|o)$ ]]
+ [[ search =~ ^(logger|l)$ ]]
+ [[ search == \d\e\b\u\g ]]
+ [[ search == \d\r\y\-\r\u\n ]]
+ [[ search == \v\e\r\b\o\s\e ]]
+ for xitem in "${@}"
+ IFS==
+ read -r key value
++ echo -e --listing=targets/192.168.1.11.json
++ sed -e '1s|^\(-\)\{1,\}||'
+ [[ listing =~ ^(config|c)$ ]]
+ [[ listing =~ ^(search|s)$ ]]
+ [[ listing =~ ^(listing|g)$ ]]
+ local target_listing=targets/192.168.1.11.json
+ [[ listing =~ ^(output|o)$ ]]
+ [[ listing =~ ^(logger|l)$ ]]
+ [[ listing == \d\e\b\u\g ]]
+ [[ listing == \d\r\y\-\r\u\n ]]
+ [[ listing == \v\e\r\b\o\s\e ]]
+ for xitem in "${@}"
+ IFS==
+ read -r key value
++ echo -e --output=/var/folders/vp/4k9xy96d7zx8lhmgrr4khsj80000gn/T/tmp.CiEK7yRWrn/192.168.1.11/fragments--branch-isr-02.list--31255.json
++ sed -e '1s|^\(-\)\{1,\}||'
+ [[ output =~ ^(config|c)$ ]]
+ [[ output =~ ^(search|s)$ ]]
+ [[ output =~ ^(listing|g)$ ]]
+ [[ output =~ ^(output|o)$ ]]
+ local json_output=/var/folders/vp/4k9xy96d7zx8lhmgrr4khsj80000gn/T/tmp.CiEK7yRWrn/192.168.1.11/fragments--branch-isr-02.list--31255.json
+ [[ output =~ ^(logger|l)$ ]]
+ [[ output == \d\e\b\u\g ]]
+ [[ output == \d\r\y\-\r\u\n ]]
+ [[ output == \v\e\r\b\o\s\e ]]
+ for xitem in "${@}"
+ IFS==
+ read -r key value
++ echo -e --logger=/var/folders/vp/4k9xy96d7zx8lhmgrr4khsj80000gn/T/tmp.CiEK7yRWrn/branch-isr-02.console
++ sed -e '1s|^\(-\)\{1,\}||'
+ [[ logger =~ ^(config|c)$ ]]
+ [[ logger =~ ^(search|s)$ ]]
+ [[ logger =~ ^(listing|g)$ ]]
+ [[ logger =~ ^(output|o)$ ]]
+ [[ logger =~ ^(logger|l)$ ]]
+ local target_console=/var/folders/vp/4k9xy96d7zx8lhmgrr4khsj80000gn/T/tmp.CiEK7yRWrn/branch-isr-02.console
+ [[ logger == \d\e\b\u\g ]]
+ [[ logger == \d\r\y\-\r\u\n ]]
+ [[ logger == \v\e\r\b\o\s\e ]]
+ IFS=' 	
'
+ [[ -z true ]]
+ [[ -z false ]]
+ [[ -z true ]]
+ [[ -z /var/folders/vp/4k9xy96d7zx8lhmgrr4khsj80000gn/T/tmp.CiEK7yRWrn/branch-isr-02.console ]]
+ local target_console=console/configs-extract.console
++ basename cisco/.objects/branch-isr-02.list
+ local target_object=/var/folders/vp/4k9xy96d7zx8lhmgrr4khsj80000gn/T/tmp.CiEK7yRWrn/branch-isr-02.list.objects
+ :
+ mapfile -t imported_content
++ sed '/^\s*$/d' reports/192.168.1.11/cisco/.objects/branch-isr-02.list
+ message 'Divisor: [--ZGV2b3BzLXJlc291cmNlcy5zaGVsbA--]'
+ [[ -n Divisor: [--ZGV2b3BzLXJlc291cmNlcy5zaGVsbA--] ]]
+ local 'message=Divisor: [--ZGV2b3BzLXJlc291cmNlcy5zaGVsbA--]'
+ echo -e 'Divisor: [--ZGV2b3BzLXJlc291cmNlcy5zaGVsbA--]'
+ cat -vet
Divisor: [--ZGV2b3BzLXJlc291cmNlcy5zaGVsbA--]$
+ [[ true == true ]]
+ message 'Imported Configuration(s): '
+ [[ -n Imported Configuration(s):  ]]
+ local 'message=Imported Configuration(s): '
+ echo -e 'Imported Configuration(s): '
Imported Configuration(s): 
+ newline
+ local count=1
+ (( i = 0 ))
+ (( i < count ))
+ echo

+ (( i++ ))
+ (( i < count ))
+ for object in "${imported_content[@]}"
+ message 'object-group network Lantern-DMZ--ZGV2b3BzLXJlc291cmNlcy5zaGVsbA--  description Protected but public-facing zone--ZGV2b3BzLXJlc291cmNlcy5zaGVsbA--  network-object host 172.18.1.20--ZGV2b3BzLXJlc291cmNlcy5zaGVsbA--  network-object host 192.168.1.11'
+ [[ -n object-group network Lantern-DMZ--ZGV2b3BzLXJlc291cmNlcy5zaGVsbA--  description Protected but public-facing zone--ZGV2b3BzLXJlc291cmNlcy5zaGVsbA--  network-object host 172.18.1.20--ZGV2b3BzLXJlc291cmNlcy5zaGVsbA--  network-object host 192.168.1.11 ]]
+ local 'message=object-group network Lantern-DMZ--ZGV2b3BzLXJlc291cmNlcy5zaGVsbA--  description Protected but public-facing zone--ZGV2b3BzLXJlc291cmNlcy5zaGVsbA--  network-object host 172.18.1.20--ZGV2b3BzLXJlc291cmNlcy5zaGVsbA--  network-object host 192.168.1.11'
+ echo -e 'object-group network Lantern-DMZ--ZGV2b3BzLXJlc291cmNlcy5zaGVsbA--  description Protected but public-facing zone--ZGV2b3BzLXJlc291cmNlcy5zaGVsbA--  network-object host 172.18.1.20--ZGV2b3BzLXJlc291cmNlcy5zaGVsbA--  network-object host 192.168.1.11'
+ cat -n
     1	object-group network Lantern-DMZ--ZGV2b3BzLXJlc291cmNlcy5zaGVsbA--  description Protected but public-facing zone--ZGV2b3BzLXJlc291cmNlcy5zaGVsbA--  network-object host 172.18.1.20--ZGV2b3BzLXJlc291cmNlcy5zaGVsbA--  network-object host 192.168.1.11
+ local configs_obj2json__script=configs-obj2json
+ local obj2json_location=jobs/configs-obj2json/192.168.1.11
+ mkdir -p jobs/configs-obj2json/192.168.1.11
++ basename cisco/.objects/branch-isr-02.list
+ local cfg_basename=branch-isr-02.list
+ local logging_filename=branch-isr-02
+ expanded_content=()
+ local -a expanded_content
+ for block in "${imported_content[@]}"
+ [[ object-group network Lantern-DMZ--ZGV2b3BzLXJlc291cmNlcy5zaGVsbA--  description Protected but public-facing zone--ZGV2b3BzLXJlc291cmNlcy5zaGVsbA--  network-object host 172.18.1.20--ZGV2b3BzLXJlc291cmNlcy5zaGVsbA--  network-object host 192.168.1.11 =~ ^config[[:space:]] ]]
+ expanded_content+=("${block}")
+ imported_content=("${expanded_content[@]}")
+ for serialized_object in "${imported_content[@]}"
+ local rel_path=cisco/.objects/branch-isr-02.list
+ local device_location=cisco
+ local device_filename=branch-isr-02.list
+ local objects_dir=reports/192.168.1.11/cisco
+ local objects_file=reports/192.168.1.11/cisco/branch-isr-02.list
+ local configs_obj2json__console=/var/folders/vp/4k9xy96d7zx8lhmgrr4khsj80000gn/T/tmp.CiEK7yRWrn/configs-obj2json
+ configs_obj2json__console+=--192.168.1.11--cisco--branch-isr-02.console
+ local configs_obj2json__logger=/var/folders/vp/4k9xy96d7zx8lhmgrr4khsj80000gn/T/tmp.CiEK7yRWrn/branch-isr-02
+ configs_obj2json --search=192.168.1.11 '--source=object-group network Lantern-DMZ--ZGV2b3BzLXJlc291cmNlcy5zaGVsbA--  description Protected but public-facing zone--ZGV2b3BzLXJlc291cmNlcy5zaGVsbA--  network-object host 172.18.1.20--ZGV2b3BzLXJlc291cmNlcy5zaGVsbA--  network-object host 192.168.1.11' --target=/var/folders/vp/4k9xy96d7zx8lhmgrr4khsj80000gn/T/tmp.CiEK7yRWrn/branch-isr-02.list.objects --logger=/var/folders/vp/4k9xy96d7zx8lhmgrr4khsj80000gn/T/tmp.CiEK7yRWrn/configs-obj2json--192.168.1.11--cisco--branch-isr-02.console
+ [[ -s /var/folders/vp/4k9xy96d7zx8lhmgrr4khsj80000gn/T/tmp.CiEK7yRWrn/branch-isr-02.list.objects ]]
+ companion_config=('reports/192.168.1.11/cisco/branch-isr-02.cfg')
+ local companion_config
++ awk '
                BEGIN { in_json = 0 }
                /^[[:space:]]*{/ { in_json = 1 }
                in_json { print }
                /^[[:space:]]*}/ { exit }
              ' reports/192.168.1.11/cisco/branch-isr-02.cfg
++ jq .
+ local 'specs_block={
  "vendor": "cisco",
  "model": "",
  "version": "16.9",
  "domain": "",
  "hostname": "branch-isr-02"
}'
+++ basename -s .list branch-isr-02.list
++ jq --slurp --arg site cisco --arg device branch-isr-02 --argjson specs '{
  "vendor": "cisco",
  "model": "",
  "version": "16.9",
  "domain": "",
  "hostname": "branch-isr-02"
}' '{
              site: ( $site | gsub("^.*/"; "") ),
              specs: $specs,
              device: $device,
              objects: .
            }' /var/folders/vp/4k9xy96d7zx8lhmgrr4khsj80000gn/T/tmp.CiEK7yRWrn/branch-isr-02.list.objects
+ wrapped_block='{
  "site": "cisco",
  "specs": {
    "vendor": "cisco",
    "model": "",
    "version": "16.9",
    "domain": "",
    "hostname": "branch-isr-02"
  },
  "device": "branch-isr-02",
  "objects": [
    {
      "object": "interface",
      "type": "GigabitEthernet0/0/1",
      "partner": false,
      "description": "Workstation LAN",
      "items": [
        "ip address 192.168.2.12 255.255.255.0"
      ],
      "others": [],
      "group": "Unclassified"
    },
    {
      "object": "object-group",
      "type": "network",
      "partner": "Lantern-DMZ",
      "description": "Protected but public-facing zone",
      "items": [
        "network-object host 192.168.1.11"
      ],
      "others": [
        "network-object host 172.18.1.20"
      ],
      "group": "Unclassified"
    },
    {
      "object": "object",
      "type": "network",
      "partner": "Hydra-Link",
      "description": "Branch NAT egress",
      "items": [
        "host 198.51.100.75"
      ],
      "others": [],
      "group": "Unclassified"
    }
  ]
}'
+ [[ true == true ]]
+ jq -e .
++ dirname /var/folders/vp/4k9xy96d7zx8lhmgrr4khsj80000gn/T/tmp.CiEK7yRWrn/192.168.1.11/fragments--branch-isr-02.list--31255.json
+ mkdir -p /var/folders/vp/4k9xy96d7zx8lhmgrr4khsj80000gn/T/tmp.CiEK7yRWrn/192.168.1.11
+ printf '%s\n' '{
  "site": "cisco",
  "specs": {
    "vendor": "cisco",
    "model": "",
    "version": "16.9",
    "domain": "",
    "hostname": "branch-isr-02"
  },
  "device": "branch-isr-02",
  "objects": [
    {
      "object": "interface",
      "type": "GigabitEthernet0/0/1",
      "partner": false,
      "description": "Workstation LAN",
      "items": [
        "ip address 192.168.2.12 255.255.255.0"
      ],
      "others": [],
      "group": "Unclassified"
    },
    {
      "object": "object-group",
      "type": "network",
      "partner": "Lantern-DMZ",
      "description": "Protected but public-facing zone",
      "items": [
        "network-object host 192.168.1.11"
      ],
      "others": [
        "network-object host 172.18.1.20"
      ],
      "group": "Unclassified"
    },
    {
      "object": "object",
      "type": "network",
      "partner": "Hydra-Link",
      "description": "Branch NAT egress",
      "items": [
        "host 198.51.100.75"
      ],
      "others": [],
      "group": "Unclassified"
    }
  ]
}'
+ local configs_obj2json__console=console/configs-obj2json.console
+ local 'search_pattern=/var/folders/vp/4k9xy96d7zx8lhmgrr4khsj80000gn/T/tmp.CiEK7yRWrn/configs-obj2json--192.168.1.11--*.console'
+ :
+ for obj_console in ${search_pattern}
+ [[ -f /var/folders/vp/4k9xy96d7zx8lhmgrr4khsj80000gn/T/tmp.CiEK7yRWrn/configs-obj2json--192.168.1.11--*.console ]]
+ cp -v console/configs-obj2json.console console/configs-obj2json.console
cp: console/configs-obj2json.console and console/configs-obj2json.console are identical (not copied).
