+ oIFS=' 	
'
+ for xitem in "${@}"
+ IFS==
+ read -r key value
++ echo -e --config=cisco/.objects/branch-isr-02.list
++ sed -e '1s|^\(-\)\{1,\}||'
+ [[ config =~ ^(config|c)$ ]]
+ export config_filename=cisco/.objects/branch-isr-02.list
+ config_filename=cisco/.objects/branch-isr-02.list
+ [[ config =~ ^(search|s)$ ]]
+ [[ config =~ ^(listing|g)$ ]]
+ [[ config =~ ^(output|o)$ ]]
+ [[ config =~ ^(logger|l)$ ]]
+ [[ config == \d\e\b\u\g ]]
+ [[ config == \d\r\y\-\r\u\n ]]
+ [[ config == \v\e\r\b\o\s\e ]]
+ for xitem in "${@}"
+ IFS==
+ read -r key value
++ echo -e --search=172.16.1.6
++ sed -e '1s|^\(-\)\{1,\}||'
+ [[ search =~ ^(config|c)$ ]]
+ [[ search =~ ^(search|s)$ ]]
+ local target_pattern=172.16.1.6
+ [[ search =~ ^(listing|g)$ ]]
+ [[ search =~ ^(output|o)$ ]]
+ [[ search =~ ^(logger|l)$ ]]
+ [[ search == \d\e\b\u\g ]]
+ [[ search == \d\r\y\-\r\u\n ]]
+ [[ search == \v\e\r\b\o\s\e ]]
+ for xitem in "${@}"
+ IFS==
+ read -r key value
++ echo -e --listing=targets/172.16.1.6.json
++ sed -e '1s|^\(-\)\{1,\}||'
+ [[ listing =~ ^(config|c)$ ]]
+ [[ listing =~ ^(search|s)$ ]]
+ [[ listing =~ ^(listing|g)$ ]]
+ local target_listing=targets/172.16.1.6.json
+ [[ listing =~ ^(output|o)$ ]]
+ [[ listing =~ ^(logger|l)$ ]]
+ [[ listing == \d\e\b\u\g ]]
+ [[ listing == \d\r\y\-\r\u\n ]]
+ [[ listing == \v\e\r\b\o\s\e ]]
+ for xitem in "${@}"
+ IFS==
+ read -r key value
++ echo -e --output=/var/folders/vp/4k9xy96d7zx8lhmgrr4khsj80000gn/T/tmp.CiEK7yRWrn/172.16.1.6/fragments--branch-isr-02.list--20252.json
++ sed -e '1s|^\(-\)\{1,\}||'
+ [[ output =~ ^(config|c)$ ]]
+ [[ output =~ ^(search|s)$ ]]
+ [[ output =~ ^(listing|g)$ ]]
+ [[ output =~ ^(output|o)$ ]]
+ local json_output=/var/folders/vp/4k9xy96d7zx8lhmgrr4khsj80000gn/T/tmp.CiEK7yRWrn/172.16.1.6/fragments--branch-isr-02.list--20252.json
+ [[ output =~ ^(logger|l)$ ]]
+ [[ output == \d\e\b\u\g ]]
+ [[ output == \d\r\y\-\r\u\n ]]
+ [[ output == \v\e\r\b\o\s\e ]]
+ for xitem in "${@}"
+ IFS==
+ read -r key value
++ echo -e --logger=/var/folders/vp/4k9xy96d7zx8lhmgrr4khsj80000gn/T/tmp.CiEK7yRWrn/branch-isr-02.console
++ sed -e '1s|^\(-\)\{1,\}||'
+ [[ logger =~ ^(config|c)$ ]]
+ [[ logger =~ ^(search|s)$ ]]
+ [[ logger =~ ^(listing|g)$ ]]
+ [[ logger =~ ^(output|o)$ ]]
+ [[ logger =~ ^(logger|l)$ ]]
+ local target_console=/var/folders/vp/4k9xy96d7zx8lhmgrr4khsj80000gn/T/tmp.CiEK7yRWrn/branch-isr-02.console
+ [[ logger == \d\e\b\u\g ]]
+ [[ logger == \d\r\y\-\r\u\n ]]
+ [[ logger == \v\e\r\b\o\s\e ]]
+ IFS=' 	
'
+ [[ -z true ]]
+ [[ -z false ]]
+ [[ -z true ]]
+ [[ -z /var/folders/vp/4k9xy96d7zx8lhmgrr4khsj80000gn/T/tmp.CiEK7yRWrn/branch-isr-02.console ]]
+ local target_console=console/configs-extract.console
++ basename cisco/.objects/branch-isr-02.list
+ local target_object=/var/folders/vp/4k9xy96d7zx8lhmgrr4khsj80000gn/T/tmp.CiEK7yRWrn/branch-isr-02.list.objects
+ :
+ mapfile -t imported_content
++ sed '/^\s*$/d' reports/172.16.1.6/cisco/.objects/branch-isr-02.list
+ message 'Divisor: [--ZGV2b3BzLXJlc291cmNlcy5zaGVsbA--]'
+ [[ -n Divisor: [--ZGV2b3BzLXJlc291cmNlcy5zaGVsbA--] ]]
+ local 'message=Divisor: [--ZGV2b3BzLXJlc291cmNlcy5zaGVsbA--]'
+ echo -e 'Divisor: [--ZGV2b3BzLXJlc291cmNlcy5zaGVsbA--]'
+ cat -vet
Divisor: [--ZGV2b3BzLXJlc291cmNlcy5zaGVsbA--]$
+ [[ true == true ]]
+ message 'Imported Configuration(s): '
+ [[ -n Imported Configuration(s):  ]]
+ local 'message=Imported Configuration(s): '
+ echo -e 'Imported Configuration(s): '
Imported Configuration(s): 
+ newline
+ local count=1
+ (( i = 0 ))
+ (( i < count ))
+ echo

+ (( i++ ))
+ (( i < count ))
+ for object in "${imported_content[@]}"
+ message 'interface GigabitEthernet0/0/0--ZGV2b3BzLXJlc291cmNlcy5zaGVsbA--  ip address 172.16.1.6 255.255.255.0--ZGV2b3BzLXJlc291cmNlcy5zaGVsbA--  description ISP uplink'
+ [[ -n interface GigabitEthernet0/0/0--ZGV2b3BzLXJlc291cmNlcy5zaGVsbA--  ip address 172.16.1.6 255.255.255.0--ZGV2b3BzLXJlc291cmNlcy5zaGVsbA--  description ISP uplink ]]
+ local 'message=interface GigabitEthernet0/0/0--ZGV2b3BzLXJlc291cmNlcy5zaGVsbA--  ip address 172.16.1.6 255.255.255.0--ZGV2b3BzLXJlc291cmNlcy5zaGVsbA--  description ISP uplink'
+ echo -e 'interface GigabitEthernet0/0/0--ZGV2b3BzLXJlc291cmNlcy5zaGVsbA--  ip address 172.16.1.6 255.255.255.0--ZGV2b3BzLXJlc291cmNlcy5zaGVsbA--  description ISP uplink'
+ for object in "${imported_content[@]}"
+ message 'object network BlackWidow-Core--ZGV2b3BzLXJlc291cmNlcy5zaGVsbA--  host 172.16.1.6--ZGV2b3BzLXJlc291cmNlcy5zaGVsbA--  description Branch router uplink NAT'
+ [[ -n object network BlackWidow-Core--ZGV2b3BzLXJlc291cmNlcy5zaGVsbA--  host 172.16.1.6--ZGV2b3BzLXJlc291cmNlcy5zaGVsbA--  description Branch router uplink NAT ]]
+ local 'message=object network BlackWidow-Core--ZGV2b3BzLXJlc291cmNlcy5zaGVsbA--  host 172.16.1.6--ZGV2b3BzLXJlc291cmNlcy5zaGVsbA--  description Branch router uplink NAT'
+ echo -e 'object network BlackWidow-Core--ZGV2b3BzLXJlc291cmNlcy5zaGVsbA--  host 172.16.1.6--ZGV2b3BzLXJlc291cmNlcy5zaGVsbA--  description Branch router uplink NAT'
+ cat -n
     1	interface GigabitEthernet0/0/0--ZGV2b3BzLXJlc291cmNlcy5zaGVsbA--  ip address 172.16.1.6 255.255.255.0--ZGV2b3BzLXJlc291cmNlcy5zaGVsbA--  description ISP uplink
     2	object network BlackWidow-Core--ZGV2b3BzLXJlc291cmNlcy5zaGVsbA--  host 172.16.1.6--ZGV2b3BzLXJlc291cmNlcy5zaGVsbA--  description Branch router uplink NAT
+ local configs_obj2json__script=configs-obj2json
+ local obj2json_location=jobs/configs-obj2json/172.16.1.6
+ mkdir -p jobs/configs-obj2json/172.16.1.6
++ basename cisco/.objects/branch-isr-02.list
+ local cfg_basename=branch-isr-02.list
+ local logging_filename=branch-isr-02
+ expanded_content=()
+ local -a expanded_content
+ for block in "${imported_content[@]}"
+ [[ interface GigabitEthernet0/0/0--ZGV2b3BzLXJlc291cmNlcy5zaGVsbA--  ip address 172.16.1.6 255.255.255.0--ZGV2b3BzLXJlc291cmNlcy5zaGVsbA--  description ISP uplink =~ ^config[[:space:]] ]]
+ expanded_content+=("${block}")
+ for block in "${imported_content[@]}"
+ [[ object network BlackWidow-Core--ZGV2b3BzLXJlc291cmNlcy5zaGVsbA--  host 172.16.1.6--ZGV2b3BzLXJlc291cmNlcy5zaGVsbA--  description Branch router uplink NAT =~ ^config[[:space:]] ]]
+ expanded_content+=("${block}")
+ imported_content=("${expanded_content[@]}")
+ for serialized_object in "${imported_content[@]}"
+ local rel_path=cisco/.objects/branch-isr-02.list
+ local device_location=cisco
+ local device_filename=branch-isr-02.list
+ local objects_dir=reports/172.16.1.6/cisco
+ local objects_file=reports/172.16.1.6/cisco/branch-isr-02.list
+ local configs_obj2json__console=/var/folders/vp/4k9xy96d7zx8lhmgrr4khsj80000gn/T/tmp.CiEK7yRWrn/configs-obj2json
+ configs_obj2json__console+=--172.16.1.6--cisco--branch-isr-02.console
+ local configs_obj2json__logger=/var/folders/vp/4k9xy96d7zx8lhmgrr4khsj80000gn/T/tmp.CiEK7yRWrn/branch-isr-02
+ configs_obj2json --search=172.16.1.6 '--source=interface GigabitEthernet0/0/0--ZGV2b3BzLXJlc291cmNlcy5zaGVsbA--  ip address 172.16.1.6 255.255.255.0--ZGV2b3BzLXJlc291cmNlcy5zaGVsbA--  description ISP uplink' --target=/var/folders/vp/4k9xy96d7zx8lhmgrr4khsj80000gn/T/tmp.CiEK7yRWrn/branch-isr-02.list.objects --logger=/var/folders/vp/4k9xy96d7zx8lhmgrr4khsj80000gn/T/tmp.CiEK7yRWrn/configs-obj2json--172.16.1.6--cisco--branch-isr-02.console
+ [[ -s /var/folders/vp/4k9xy96d7zx8lhmgrr4khsj80000gn/T/tmp.CiEK7yRWrn/branch-isr-02.list.objects ]]
+ companion_config=('reports/172.16.1.6/cisco/branch-isr-02.cfg')
+ local companion_config
++ awk '
                BEGIN { in_json = 0 }
                /^[[:space:]]*{/ { in_json = 1 }
                in_json { print }
                /^[[:space:]]*}/ { exit }
              ' reports/172.16.1.6/cisco/branch-isr-02.cfg
++ jq .
+ local 'specs_block={
  "vendor": "cisco",
  "model": "",
  "version": "16.9",
  "domain": "",
  "hostname": "branch-isr-02"
}'
+++ basename -s .list branch-isr-02.list
++ jq --slurp --arg site cisco --arg device branch-isr-02 --argjson specs '{
  "vendor": "cisco",
  "model": "",
  "version": "16.9",
  "domain": "",
  "hostname": "branch-isr-02"
}' '{
              site: ( $site | gsub("^.*/"; "") ),
              specs: $specs,
              device: $device,
              objects: .
            }' /var/folders/vp/4k9xy96d7zx8lhmgrr4khsj80000gn/T/tmp.CiEK7yRWrn/branch-isr-02.list.objects
+ wrapped_block='{
  "site": "cisco",
  "specs": {
    "vendor": "cisco",
    "model": "",
    "version": "16.9",
    "domain": "",
    "hostname": "branch-isr-02"
  },
  "device": "branch-isr-02",
  "objects": [
    {
      "object": "interface",
      "type": "GigabitEthernet0/0/2",
      "partner": false,
      "description": "Dev VLAN",
      "items": [
        "ip address 10.0.2.3 255.255.255.0"
      ],
      "others": [],
      "group": "Unclassified"
    },
    {
      "object": "interface",
      "type": "GigabitEthernet0/0/0",
      "partner": false,
      "description": "ISP uplink",
      "items": [
        "ip address 172.16.1.6 255.255.255.0"
      ],
      "others": [],
      "group": "Unclassified"
    }
  ]
}'
+ [[ true == true ]]
+ jq -e .
++ dirname /var/folders/vp/4k9xy96d7zx8lhmgrr4khsj80000gn/T/tmp.CiEK7yRWrn/172.16.1.6/fragments--branch-isr-02.list--20252.json
+ mkdir -p /var/folders/vp/4k9xy96d7zx8lhmgrr4khsj80000gn/T/tmp.CiEK7yRWrn/172.16.1.6
+ printf '%s\n' '{
  "site": "cisco",
  "specs": {
    "vendor": "cisco",
    "model": "",
    "version": "16.9",
    "domain": "",
    "hostname": "branch-isr-02"
  },
  "device": "branch-isr-02",
  "objects": [
    {
      "object": "interface",
      "type": "GigabitEthernet0/0/2",
      "partner": false,
      "description": "Dev VLAN",
      "items": [
        "ip address 10.0.2.3 255.255.255.0"
      ],
      "others": [],
      "group": "Unclassified"
    },
    {
      "object": "interface",
      "type": "GigabitEthernet0/0/0",
      "partner": false,
      "description": "ISP uplink",
      "items": [
        "ip address 172.16.1.6 255.255.255.0"
      ],
      "others": [],
      "group": "Unclassified"
    }
  ]
}'
+ for serialized_object in "${imported_content[@]}"
+ local rel_path=cisco/.objects/branch-isr-02.list
+ local device_location=cisco
+ local device_filename=branch-isr-02.list
+ local objects_dir=reports/172.16.1.6/cisco
+ local objects_file=reports/172.16.1.6/cisco/branch-isr-02.list
+ local configs_obj2json__console=/var/folders/vp/4k9xy96d7zx8lhmgrr4khsj80000gn/T/tmp.CiEK7yRWrn/configs-obj2json
+ configs_obj2json__console+=--172.16.1.6--cisco--branch-isr-02.console
+ local configs_obj2json__logger=/var/folders/vp/4k9xy96d7zx8lhmgrr4khsj80000gn/T/tmp.CiEK7yRWrn/branch-isr-02
+ configs_obj2json --search=172.16.1.6 '--source=object network BlackWidow-Core--ZGV2b3BzLXJlc291cmNlcy5zaGVsbA--  host 172.16.1.6--ZGV2b3BzLXJlc291cmNlcy5zaGVsbA--  description Branch router uplink NAT' --target=/var/folders/vp/4k9xy96d7zx8lhmgrr4khsj80000gn/T/tmp.CiEK7yRWrn/branch-isr-02.list.objects --logger=/var/folders/vp/4k9xy96d7zx8lhmgrr4khsj80000gn/T/tmp.CiEK7yRWrn/configs-obj2json--172.16.1.6--cisco--branch-isr-02.console
+ [[ -s /var/folders/vp/4k9xy96d7zx8lhmgrr4khsj80000gn/T/tmp.CiEK7yRWrn/branch-isr-02.list.objects ]]
+ companion_config=('reports/172.16.1.6/cisco/branch-isr-02.cfg')
+ local companion_config
++ awk '
                BEGIN { in_json = 0 }
                /^[[:space:]]*{/ { in_json = 1 }
                in_json { print }
                /^[[:space:]]*}/ { exit }
              ' reports/172.16.1.6/cisco/branch-isr-02.cfg
++ jq .
+ local 'specs_block={
  "vendor": "cisco",
  "model": "",
  "version": "16.9",
  "domain": "",
  "hostname": "branch-isr-02"
}'
+++ basename -s .list branch-isr-02.list
++ jq --slurp --arg site cisco --arg device branch-isr-02 --argjson specs '{
  "vendor": "cisco",
  "model": "",
  "version": "16.9",
  "domain": "",
  "hostname": "branch-isr-02"
}' '{
              site: ( $site | gsub("^.*/"; "") ),
              specs: $specs,
              device: $device,
              objects: .
            }' /var/folders/vp/4k9xy96d7zx8lhmgrr4khsj80000gn/T/tmp.CiEK7yRWrn/branch-isr-02.list.objects
+ wrapped_block='{
  "site": "cisco",
  "specs": {
    "vendor": "cisco",
    "model": "",
    "version": "16.9",
    "domain": "",
    "hostname": "branch-isr-02"
  },
  "device": "branch-isr-02",
  "objects": [
    {
      "object": "interface",
      "type": "GigabitEthernet0/0/2",
      "partner": false,
      "description": "Dev VLAN",
      "items": [
        "ip address 10.0.2.3 255.255.255.0"
      ],
      "others": [],
      "group": "Unclassified"
    },
    {
      "object": "interface",
      "type": "GigabitEthernet0/0/0",
      "partner": false,
      "description": "ISP uplink",
      "items": [
        "ip address 172.16.1.6 255.255.255.0"
      ],
      "others": [],
      "group": "Unclassified"
    },
    {
      "object": "object-group",
      "type": "network",
      "partner": "Lantern-DMZ",
      "description": "Protected but public-facing zone",
      "items": [
        "network-object host 172.18.1.20"
      ],
      "others": [
        "network-object host 192.168.1.11"
      ],
      "group": "Unclassified"
    },
    {
      "object": "object",
      "type": "network",
      "partner": "Panther-Gateway",
      "description": "Secure outbound concentrator",
      "items": [
        "host 10.0.2.3"
      ],
      "others": [],
      "group": "Unclassified"
    },
    {
      "object": "object",
      "type": "network",
      "partner": "BlackWidow-Core",
      "description": "Branch router uplink NAT",
      "items": [
        "host 172.16.1.6"
      ],
      "others": [],
      "group": "Unclassified"
    }
  ]
}'
+ [[ true == true ]]
+ jq -e .
++ dirname /var/folders/vp/4k9xy96d7zx8lhmgrr4khsj80000gn/T/tmp.CiEK7yRWrn/172.16.1.6/fragments--branch-isr-02.list--20252.json
+ mkdir -p /var/folders/vp/4k9xy96d7zx8lhmgrr4khsj80000gn/T/tmp.CiEK7yRWrn/172.16.1.6
+ printf '%s\n' '{
  "site": "cisco",
  "specs": {
    "vendor": "cisco",
    "model": "",
    "version": "16.9",
    "domain": "",
    "hostname": "branch-isr-02"
  },
  "device": "branch-isr-02",
  "objects": [
    {
      "object": "interface",
      "type": "GigabitEthernet0/0/2",
      "partner": false,
      "description": "Dev VLAN",
      "items": [
        "ip address 10.0.2.3 255.255.255.0"
      ],
      "others": [],
      "group": "Unclassified"
    },
    {
      "object": "interface",
      "type": "GigabitEthernet0/0/0",
      "partner": false,
      "description": "ISP uplink",
      "items": [
        "ip address 172.16.1.6 255.255.255.0"
      ],
      "others": [],
      "group": "Unclassified"
    },
    {
      "object": "object-group",
      "type": "network",
      "partner": "Lantern-DMZ",
      "description": "Protected but public-facing zone",
      "items": [
        "network-object host 172.18.1.20"
      ],
      "others": [
        "network-object host 192.168.1.11"
      ],
      "group": "Unclassified"
    },
    {
      "object": "object",
      "type": "network",
      "partner": "Panther-Gateway",
      "description": "Secure outbound concentrator",
      "items": [
        "host 10.0.2.3"
      ],
      "others": [],
      "group": "Unclassified"
    },
    {
      "object": "object",
      "type": "network",
      "partner": "BlackWidow-Core",
      "description": "Branch router uplink NAT",
      "items": [
        "host 172.16.1.6"
      ],
      "others": [],
      "group": "Unclassified"
    }
  ]
}'
+ local configs_obj2json__console=console/configs-obj2json.console
+ local 'search_pattern=/var/folders/vp/4k9xy96d7zx8lhmgrr4khsj80000gn/T/tmp.CiEK7yRWrn/configs-obj2json--172.16.1.6--*.console'
+ :
+ for obj_console in ${search_pattern}
+ [[ -f /var/folders/vp/4k9xy96d7zx8lhmgrr4khsj80000gn/T/tmp.CiEK7yRWrn/configs-obj2json--172.16.1.6--*.console ]]
+ cp -v console/configs-obj2json.console console/configs-obj2json.console
cp: console/configs-obj2json.console and console/configs-obj2json.console are identical (not copied).
