+ oIFS=' 	
'
+ for xitem in "${@}"
+ IFS==
+ read -r key value
++ echo -e --config=fortinet/.objects/fg-campus-core.list
++ sed -e '1s|^\(-\)\{1,\}||'
+ [[ config =~ ^(config|c)$ ]]
+ export config_filename=fortinet/.objects/fg-campus-core.list
+ config_filename=fortinet/.objects/fg-campus-core.list
+ [[ config =~ ^(search|s)$ ]]
+ [[ config =~ ^(listing|g)$ ]]
+ [[ config =~ ^(output|o)$ ]]
+ [[ config =~ ^(logger|l)$ ]]
+ [[ config == \d\e\b\u\g ]]
+ [[ config == \d\r\y\-\r\u\n ]]
+ [[ config == \v\e\r\b\o\s\e ]]
+ for xitem in "${@}"
+ IFS==
+ read -r key value
++ echo -e --search=172.16.1.6
++ sed -e '1s|^\(-\)\{1,\}||'
+ [[ search =~ ^(config|c)$ ]]
+ [[ search =~ ^(search|s)$ ]]
+ local target_pattern=172.16.1.6
+ [[ search =~ ^(listing|g)$ ]]
+ [[ search =~ ^(output|o)$ ]]
+ [[ search =~ ^(logger|l)$ ]]
+ [[ search == \d\e\b\u\g ]]
+ [[ search == \d\r\y\-\r\u\n ]]
+ [[ search == \v\e\r\b\o\s\e ]]
+ for xitem in "${@}"
+ IFS==
+ read -r key value
++ echo -e --listing=targets/172.16.1.6.json
++ sed -e '1s|^\(-\)\{1,\}||'
+ [[ listing =~ ^(config|c)$ ]]
+ [[ listing =~ ^(search|s)$ ]]
+ [[ listing =~ ^(listing|g)$ ]]
+ local target_listing=targets/172.16.1.6.json
+ [[ listing =~ ^(output|o)$ ]]
+ [[ listing =~ ^(logger|l)$ ]]
+ [[ listing == \d\e\b\u\g ]]
+ [[ listing == \d\r\y\-\r\u\n ]]
+ [[ listing == \v\e\r\b\o\s\e ]]
+ for xitem in "${@}"
+ IFS==
+ read -r key value
++ echo -e --output=/var/folders/vp/4k9xy96d7zx8lhmgrr4khsj80000gn/T/tmp.CiEK7yRWrn/172.16.1.6/fragments--fg-campus-core.list--18876.json
++ sed -e '1s|^\(-\)\{1,\}||'
+ [[ output =~ ^(config|c)$ ]]
+ [[ output =~ ^(search|s)$ ]]
+ [[ output =~ ^(listing|g)$ ]]
+ [[ output =~ ^(output|o)$ ]]
+ local json_output=/var/folders/vp/4k9xy96d7zx8lhmgrr4khsj80000gn/T/tmp.CiEK7yRWrn/172.16.1.6/fragments--fg-campus-core.list--18876.json
+ [[ output =~ ^(logger|l)$ ]]
+ [[ output == \d\e\b\u\g ]]
+ [[ output == \d\r\y\-\r\u\n ]]
+ [[ output == \v\e\r\b\o\s\e ]]
+ for xitem in "${@}"
+ IFS==
+ read -r key value
++ echo -e --logger=/var/folders/vp/4k9xy96d7zx8lhmgrr4khsj80000gn/T/tmp.CiEK7yRWrn/fg-campus-core.console
++ sed -e '1s|^\(-\)\{1,\}||'
+ [[ logger =~ ^(config|c)$ ]]
+ [[ logger =~ ^(search|s)$ ]]
+ [[ logger =~ ^(listing|g)$ ]]
+ [[ logger =~ ^(output|o)$ ]]
+ [[ logger =~ ^(logger|l)$ ]]
+ local target_console=/var/folders/vp/4k9xy96d7zx8lhmgrr4khsj80000gn/T/tmp.CiEK7yRWrn/fg-campus-core.console
+ [[ logger == \d\e\b\u\g ]]
+ [[ logger == \d\r\y\-\r\u\n ]]
+ [[ logger == \v\e\r\b\o\s\e ]]
+ IFS=' 	
'
+ [[ -z true ]]
+ [[ -z false ]]
+ [[ -z true ]]
+ [[ -z /var/folders/vp/4k9xy96d7zx8lhmgrr4khsj80000gn/T/tmp.CiEK7yRWrn/fg-campus-core.console ]]
+ local target_console=console/configs-extract.console
++ basename fortinet/.objects/fg-campus-core.list
+ local target_object=/var/folders/vp/4k9xy96d7zx8lhmgrr4khsj80000gn/T/tmp.CiEK7yRWrn/fg-campus-core.list.objects
+ :
+ mapfile -t imported_content
++ sed '/^\s*$/d' reports/172.16.1.6/fortinet/.objects/fg-campus-core.list
+ message 'Divisor: [--ZGV2b3BzLXJlc291cmNlcy5zaGVsbA--]'
+ [[ -n Divisor: [--ZGV2b3BzLXJlc291cmNlcy5zaGVsbA--] ]]
+ local 'message=Divisor: [--ZGV2b3BzLXJlc291cmNlcy5zaGVsbA--]'
+ echo -e 'Divisor: [--ZGV2b3BzLXJlc291cmNlcy5zaGVsbA--]'
+ cat -vet
Divisor: [--ZGV2b3BzLXJlc291cmNlcy5zaGVsbA--]$
+ [[ true == true ]]
+ message 'Imported Configuration(s): '
+ [[ -n Imported Configuration(s):  ]]
+ local 'message=Imported Configuration(s): '
+ echo -e 'Imported Configuration(s): '
Imported Configuration(s): 
+ newline
+ local count=1
+ (( i = 0 ))
+ (( i < count ))
+ echo

+ (( i++ ))
+ (( i < count ))
+ for object in "${imported_content[@]}"
+ message 'config firewall address--ZGV2b3BzLXJlc291cmNlcy5zaGVsbA--  edit "Hawkeye-Nest"--ZGV2b3BzLXJlc291cmNlcy5zaGVsbA--   set subnet 172.16.1.6 255.255.255.255--ZGV2b3BzLXJlc291cmNlcy5zaGVsbA--   set comment "Remote sniper node"--ZGV2b3BzLXJlc291cmNlcy5zaGVsbA--  next--ZGV2b3BzLXJlc291cmNlcy5zaGVsbA--end'
+ [[ -n config firewall address--ZGV2b3BzLXJlc291cmNlcy5zaGVsbA--  edit "Hawkeye-Nest"--ZGV2b3BzLXJlc291cmNlcy5zaGVsbA--   set subnet 172.16.1.6 255.255.255.255--ZGV2b3BzLXJlc291cmNlcy5zaGVsbA--   set comment "Remote sniper node"--ZGV2b3BzLXJlc291cmNlcy5zaGVsbA--  next--ZGV2b3BzLXJlc291cmNlcy5zaGVsbA--end ]]
+ local 'message=config firewall address--ZGV2b3BzLXJlc291cmNlcy5zaGVsbA--  edit "Hawkeye-Nest"--ZGV2b3BzLXJlc291cmNlcy5zaGVsbA--   set subnet 172.16.1.6 255.255.255.255--ZGV2b3BzLXJlc291cmNlcy5zaGVsbA--   set comment "Remote sniper node"--ZGV2b3BzLXJlc291cmNlcy5zaGVsbA--  next--ZGV2b3BzLXJlc291cmNlcy5zaGVsbA--end'
+ echo -e 'config firewall address--ZGV2b3BzLXJlc291cmNlcy5zaGVsbA--  edit "Hawkeye-Nest"--ZGV2b3BzLXJlc291cmNlcy5zaGVsbA--   set subnet 172.16.1.6 255.255.255.255--ZGV2b3BzLXJlc291cmNlcy5zaGVsbA--   set comment "Remote sniper node"--ZGV2b3BzLXJlc291cmNlcy5zaGVsbA--  next--ZGV2b3BzLXJlc291cmNlcy5zaGVsbA--end'
+ cat -n
     1	config firewall address--ZGV2b3BzLXJlc291cmNlcy5zaGVsbA--  edit "Hawkeye-Nest"--ZGV2b3BzLXJlc291cmNlcy5zaGVsbA--   set subnet 172.16.1.6 255.255.255.255--ZGV2b3BzLXJlc291cmNlcy5zaGVsbA--   set comment "Remote sniper node"--ZGV2b3BzLXJlc291cmNlcy5zaGVsbA--  next--ZGV2b3BzLXJlc291cmNlcy5zaGVsbA--end
+ local configs_obj2json__script=configs-obj2json
+ local obj2json_location=jobs/configs-obj2json/172.16.1.6
+ mkdir -p jobs/configs-obj2json/172.16.1.6
++ basename fortinet/.objects/fg-campus-core.list
+ local cfg_basename=fg-campus-core.list
+ local logging_filename=fg-campus-core
+ expanded_content=()
+ local -a expanded_content
+ for block in "${imported_content[@]}"
+ [[ config firewall address--ZGV2b3BzLXJlc291cmNlcy5zaGVsbA--  edit "Hawkeye-Nest"--ZGV2b3BzLXJlc291cmNlcy5zaGVsbA--   set subnet 172.16.1.6 255.255.255.255--ZGV2b3BzLXJlc291cmNlcy5zaGVsbA--   set comment "Remote sniper node"--ZGV2b3BzLXJlc291cmNlcy5zaGVsbA--  next--ZGV2b3BzLXJlc291cmNlcy5zaGVsbA--end =~ ^config[[:space:]] ]]
+ [[ config firewall address--ZGV2b3BzLXJlc291cmNlcy5zaGVsbA--  edit "Hawkeye-Nest"--ZGV2b3BzLXJlc291cmNlcy5zaGVsbA--   set subnet 172.16.1.6 255.255.255.255--ZGV2b3BzLXJlc291cmNlcy5zaGVsbA--   set comment "Remote sniper node"--ZGV2b3BzLXJlc291cmNlcy5zaGVsbA--  next--ZGV2b3BzLXJlc291cmNlcy5zaGVsbA--end =~ 
edit[[:space:]] ]]
+ expanded_content+=("${block}")
+ imported_content=("${expanded_content[@]}")
+ for serialized_object in "${imported_content[@]}"
+ local rel_path=fortinet/.objects/fg-campus-core.list
+ local device_location=fortinet
+ local device_filename=fg-campus-core.list
+ local objects_dir=reports/172.16.1.6/fortinet
+ local objects_file=reports/172.16.1.6/fortinet/fg-campus-core.list
+ local configs_obj2json__console=/var/folders/vp/4k9xy96d7zx8lhmgrr4khsj80000gn/T/tmp.CiEK7yRWrn/configs-obj2json
+ configs_obj2json__console+=--172.16.1.6--fortinet--fg-campus-core.console
+ local configs_obj2json__logger=/var/folders/vp/4k9xy96d7zx8lhmgrr4khsj80000gn/T/tmp.CiEK7yRWrn/fg-campus-core
+ configs_obj2json --search=172.16.1.6 '--source=config firewall address--ZGV2b3BzLXJlc291cmNlcy5zaGVsbA--  edit "Hawkeye-Nest"--ZGV2b3BzLXJlc291cmNlcy5zaGVsbA--   set subnet 172.16.1.6 255.255.255.255--ZGV2b3BzLXJlc291cmNlcy5zaGVsbA--   set comment "Remote sniper node"--ZGV2b3BzLXJlc291cmNlcy5zaGVsbA--  next--ZGV2b3BzLXJlc291cmNlcy5zaGVsbA--end' --target=/var/folders/vp/4k9xy96d7zx8lhmgrr4khsj80000gn/T/tmp.CiEK7yRWrn/fg-campus-core.list.objects --logger=/var/folders/vp/4k9xy96d7zx8lhmgrr4khsj80000gn/T/tmp.CiEK7yRWrn/configs-obj2json--172.16.1.6--fortinet--fg-campus-core.console
+ [[ -s /var/folders/vp/4k9xy96d7zx8lhmgrr4khsj80000gn/T/tmp.CiEK7yRWrn/fg-campus-core.list.objects ]]
+ companion_config=('reports/172.16.1.6/fortinet/fg-campus-core.cfg')
+ local companion_config
++ awk '
                BEGIN { in_json = 0 }
                /^[[:space:]]*{/ { in_json = 1 }
                in_json { print }
                /^[[:space:]]*}/ { exit }
              ' reports/172.16.1.6/fortinet/fg-campus-core.cfg
++ jq .
+ local 'specs_block={
  "vendor": "fortinet",
  "model": "FortiGate-200F",
  "version": "",
  "domain": "",
  "hostname": "fg-campus-core"
}'
+++ basename -s .list fg-campus-core.list
++ jq --slurp --arg site fortinet --arg device fg-campus-core --argjson specs '{
  "vendor": "fortinet",
  "model": "FortiGate-200F",
  "version": "",
  "domain": "",
  "hostname": "fg-campus-core"
}' '{
              site: ( $site | gsub("^.*/"; "") ),
              specs: $specs,
              device: $device,
              objects: .
            }' /var/folders/vp/4k9xy96d7zx8lhmgrr4khsj80000gn/T/tmp.CiEK7yRWrn/fg-campus-core.list.objects
+ wrapped_block='{
  "site": "fortinet",
  "specs": {
    "vendor": "fortinet",
    "model": "FortiGate-200F",
    "version": "",
    "domain": "",
    "hostname": "fg-campus-core"
  },
  "device": "fg-campus-core",
  "objects": [
    {
      "object": "config",
      "type": "firewall address",
      "partner": "Hawkeye-Nest",
      "description": "Remote sniper node",
      "items": [
        "set subnet 172.16.1.6 255.255.255.255"
      ],
      "others": [],
      "group": "Unclassified"
    },
    {
      "object": "config",
      "type": "system interface",
      "partner": "core",
      "description": false,
      "items": [
        "set ip 10.10.10.10 255.255.255.0"
      ],
      "others": [
        "set alias \"Campus Core Transit\""
      ],
      "group": "Unclassified"
    }
  ]
}'
+ [[ true == true ]]
+ jq -e .
++ dirname /var/folders/vp/4k9xy96d7zx8lhmgrr4khsj80000gn/T/tmp.CiEK7yRWrn/172.16.1.6/fragments--fg-campus-core.list--18876.json
+ mkdir -p /var/folders/vp/4k9xy96d7zx8lhmgrr4khsj80000gn/T/tmp.CiEK7yRWrn/172.16.1.6
+ printf '%s\n' '{
  "site": "fortinet",
  "specs": {
    "vendor": "fortinet",
    "model": "FortiGate-200F",
    "version": "",
    "domain": "",
    "hostname": "fg-campus-core"
  },
  "device": "fg-campus-core",
  "objects": [
    {
      "object": "config",
      "type": "firewall address",
      "partner": "Hawkeye-Nest",
      "description": "Remote sniper node",
      "items": [
        "set subnet 172.16.1.6 255.255.255.255"
      ],
      "others": [],
      "group": "Unclassified"
    },
    {
      "object": "config",
      "type": "system interface",
      "partner": "core",
      "description": false,
      "items": [
        "set ip 10.10.10.10 255.255.255.0"
      ],
      "others": [
        "set alias \"Campus Core Transit\""
      ],
      "group": "Unclassified"
    }
  ]
}'
+ local configs_obj2json__console=console/configs-obj2json.console
+ local 'search_pattern=/var/folders/vp/4k9xy96d7zx8lhmgrr4khsj80000gn/T/tmp.CiEK7yRWrn/configs-obj2json--172.16.1.6--*.console'
+ :
+ for obj_console in ${search_pattern}
+ [[ -f /var/folders/vp/4k9xy96d7zx8lhmgrr4khsj80000gn/T/tmp.CiEK7yRWrn/configs-obj2json--172.16.1.6--*.console ]]
+ cp -v console/configs-obj2json.console console/configs-obj2json.console
cp: console/configs-obj2json.console and console/configs-obj2json.console are identical (not copied).
