+ local configs_parser__script=configs-parser
+ parser_jobs_pid=()
+ declare -a parser_jobs_pid
+ parser_jobs2ips_mapping=()
+ declare -A parser_jobs2ips_mapping
+ ip_index=0
+ local total_ips=7
+ mkdir -p jobs
+ ((  ip_index < total_ips  ))
+ ip_address=192.168.0.100
++ printf %01d 1
+ padded_index=1
+ local configs_parser__logger=/var/folders/vp/4k9xy96d7zx8lhmgrr4khsj80000gn/T/tmp.2kOFHYGkMy/configs-parser--192.168.0.100
+ :
++ IFS=,
++ print cfg,conf
++ [[ -n cfg,conf ]]
++ echo -en cfg,conf
+ execute__configs_parser=('configs_parser' '--configs=reports/192.168.0.100' '--ip-addr=192.168.0.100' '--index=1' '--matrix=matrix.json' '--reports=reports' '--file-ext=cfg,conf' '--logger=/var/folders/vp/4k9xy96d7zx8lhmgrr4khsj80000gn/T/tmp.2kOFHYGkMy/configs-parser--192.168.0.100.console')
+ declare -a execute__configs_parser
+ [[ true == true ]]
+ execute__configs_parser+=(--classify)
+ [[ false == true ]]
+ [[ true == true ]]
+ execute__configs_parser+=(--verbose)
+ [[ true == true ]]
+ execute__configs_parser+=(--debug)
+ [[ true == true ]]
+ message 'Parsing Configs: [ 192.168.0.100 ]'
+ [[ -n Parsing Configs: [ 192.168.0.100 ] ]]
+ local 'message=Parsing Configs: [ 192.168.0.100 ]'
+ echo -e 'Parsing Configs: [ 192.168.0.100 ]'
+ for parameter in "${execute__configs_parser[@]}"
+ message '\t\tconfigs_parser'
+ [[ -n \t\tconfigs_parser ]]
+ local 'message=\t\tconfigs_parser'
+ echo -e '\t\tconfigs_parser'
+ for parameter in "${execute__configs_parser[@]}"
+ message '\t\t--configs=reports/192.168.0.100'
+ [[ -n \t\t--configs=reports/192.168.0.100 ]]
+ local 'message=\t\t--configs=reports/192.168.0.100'
+ echo -e '\t\t--configs=reports/192.168.0.100'
+ for parameter in "${execute__configs_parser[@]}"
+ message '\t\t--ip-addr=192.168.0.100'
+ [[ -n \t\t--ip-addr=192.168.0.100 ]]
+ local 'message=\t\t--ip-addr=192.168.0.100'
+ echo -e '\t\t--ip-addr=192.168.0.100'
+ for parameter in "${execute__configs_parser[@]}"
+ message '\t\t--index=1'
+ [[ -n \t\t--index=1 ]]
+ local 'message=\t\t--index=1'
+ echo -e '\t\t--index=1'
+ for parameter in "${execute__configs_parser[@]}"
+ message '\t\t--matrix=matrix.json'
+ [[ -n \t\t--matrix=matrix.json ]]
+ local 'message=\t\t--matrix=matrix.json'
+ echo -e '\t\t--matrix=matrix.json'
+ for parameter in "${execute__configs_parser[@]}"
+ message '\t\t--reports=reports'
+ [[ -n \t\t--reports=reports ]]
+ local 'message=\t\t--reports=reports'
+ echo -e '\t\t--reports=reports'
+ for parameter in "${execute__configs_parser[@]}"
+ message '\t\t--file-ext=cfg,conf'
+ [[ -n \t\t--file-ext=cfg,conf ]]
+ local 'message=\t\t--file-ext=cfg,conf'
+ echo -e '\t\t--file-ext=cfg,conf'
+ for parameter in "${execute__configs_parser[@]}"
+ message '\t\t--logger=/var/folders/vp/4k9xy96d7zx8lhmgrr4khsj80000gn/T/tmp.2kOFHYGkMy/configs-parser--192.168.0.100.console'
+ [[ -n \t\t--logger=/var/folders/vp/4k9xy96d7zx8lhmgrr4khsj80000gn/T/tmp.2kOFHYGkMy/configs-parser--192.168.0.100.console ]]
+ local 'message=\t\t--logger=/var/folders/vp/4k9xy96d7zx8lhmgrr4khsj80000gn/T/tmp.2kOFHYGkMy/configs-parser--192.168.0.100.console'
+ echo -e '\t\t--logger=/var/folders/vp/4k9xy96d7zx8lhmgrr4khsj80000gn/T/tmp.2kOFHYGkMy/configs-parser--192.168.0.100.console'
+ for parameter in "${execute__configs_parser[@]}"
+ message '\t\t--classify'
+ [[ -n \t\t--classify ]]
+ local 'message=\t\t--classify'
+ echo -e '\t\t--classify'
+ for parameter in "${execute__configs_parser[@]}"
+ message '\t\t--verbose'
+ [[ -n \t\t--verbose ]]
+ local 'message=\t\t--verbose'
+ echo -e '\t\t--verbose'
+ for parameter in "${execute__configs_parser[@]}"
+ message '\t\t--debug'
+ [[ -n \t\t--debug ]]
+ local 'message=\t\t--debug'
+ echo -e '\t\t--debug'
+ newline
+ local count=1
+ (( i = 0 ))
+ (( i < count ))
+ echo
+ (( i++ ))
+ (( i < count ))
+ local job_pid=9238
+ parser_jobs_pid+=("${job_pid}")
+ parser_jobs2ips_mapping["$job_pid"]=192.168.0.100
+ ((  ip_index < total_ips  ))
+ ip_address=192.168.1.10
+ local status=0
+ local module_logfile=jobs/configs-parser/192.168.0.100.job
++ printf %01d 2
++ dirname jobs/configs-parser/192.168.0.100.job
+ padded_index=2
+ local configs_parser__logger=/var/folders/vp/4k9xy96d7zx8lhmgrr4khsj80000gn/T/tmp.2kOFHYGkMy/configs-parser--192.168.1.10
+ :
++ IFS=,
++ print cfg,conf
++ [[ -n cfg,conf ]]
++ echo -en cfg,conf
+ execute__configs_parser=('configs_parser' '--configs=reports/192.168.1.10' '--ip-addr=192.168.1.10' '--index=2' '--matrix=matrix.json' '--reports=reports' '--file-ext=cfg,conf' '--logger=/var/folders/vp/4k9xy96d7zx8lhmgrr4khsj80000gn/T/tmp.2kOFHYGkMy/configs-parser--192.168.1.10.console')
+ declare -a execute__configs_parser
+ [[ true == true ]]
+ execute__configs_parser+=(--classify)
+ [[ false == true ]]
+ [[ true == true ]]
+ execute__configs_parser+=(--verbose)
+ [[ true == true ]]
+ execute__configs_parser+=(--debug)
+ [[ true == true ]]
+ mkdir -p jobs/configs-parser
+ message 'Parsing Configs: [ 192.168.1.10 ]'
+ [[ -n Parsing Configs: [ 192.168.1.10 ] ]]
+ local 'message=Parsing Configs: [ 192.168.1.10 ]'
+ echo -e 'Parsing Configs: [ 192.168.1.10 ]'
+ for parameter in "${execute__configs_parser[@]}"
+ message '\t\tconfigs_parser'
+ [[ -n \t\tconfigs_parser ]]
+ local 'message=\t\tconfigs_parser'
+ echo -e '\t\tconfigs_parser'
+ for parameter in "${execute__configs_parser[@]}"
+ message '\t\t--configs=reports/192.168.1.10'
+ [[ -n \t\t--configs=reports/192.168.1.10 ]]
+ local 'message=\t\t--configs=reports/192.168.1.10'
+ echo -e '\t\t--configs=reports/192.168.1.10'
+ for parameter in "${execute__configs_parser[@]}"
+ message '\t\t--ip-addr=192.168.1.10'
+ [[ -n \t\t--ip-addr=192.168.1.10 ]]
+ local 'message=\t\t--ip-addr=192.168.1.10'
+ echo -e '\t\t--ip-addr=192.168.1.10'
+ for parameter in "${execute__configs_parser[@]}"
+ message '\t\t--index=2'
+ [[ -n \t\t--index=2 ]]
+ local 'message=\t\t--index=2'
+ echo -e '\t\t--index=2'
+ for parameter in "${execute__configs_parser[@]}"
+ message '\t\t--matrix=matrix.json'
+ [[ -n \t\t--matrix=matrix.json ]]
+ local 'message=\t\t--matrix=matrix.json'
+ echo -e '\t\t--matrix=matrix.json'
+ for parameter in "${execute__configs_parser[@]}"
+ message '\t\t--reports=reports'
+ [[ -n \t\t--reports=reports ]]
+ local 'message=\t\t--reports=reports'
+ echo -e '\t\t--reports=reports'
+ for parameter in "${execute__configs_parser[@]}"
+ message '\t\t--file-ext=cfg,conf'
+ [[ -n \t\t--file-ext=cfg,conf ]]
+ local 'message=\t\t--file-ext=cfg,conf'
+ echo -e '\t\t--file-ext=cfg,conf'
+ for parameter in "${execute__configs_parser[@]}"
+ message '\t\t--logger=/var/folders/vp/4k9xy96d7zx8lhmgrr4khsj80000gn/T/tmp.2kOFHYGkMy/configs-parser--192.168.1.10.console'
+ [[ -n \t\t--logger=/var/folders/vp/4k9xy96d7zx8lhmgrr4khsj80000gn/T/tmp.2kOFHYGkMy/configs-parser--192.168.1.10.console ]]
+ local 'message=\t\t--logger=/var/folders/vp/4k9xy96d7zx8lhmgrr4khsj80000gn/T/tmp.2kOFHYGkMy/configs-parser--192.168.1.10.console'
+ echo -e '\t\t--logger=/var/folders/vp/4k9xy96d7zx8lhmgrr4khsj80000gn/T/tmp.2kOFHYGkMy/configs-parser--192.168.1.10.console'
+ for parameter in "${execute__configs_parser[@]}"
+ message '\t\t--classify'
+ [[ -n \t\t--classify ]]
+ local 'message=\t\t--classify'
+ echo -e '\t\t--classify'
+ for parameter in "${execute__configs_parser[@]}"
+ message '\t\t--verbose'
+ [[ -n \t\t--verbose ]]
+ local 'message=\t\t--verbose'
+ echo -e '\t\t--verbose'
+ for parameter in "${execute__configs_parser[@]}"
+ message '\t\t--debug'
+ [[ -n \t\t--debug ]]
+ local 'message=\t\t--debug'
+ echo -e '\t\t--debug'
+ newline
+ local count=1
+ (( i = 0 ))
+ (( i < count ))
+ echo
+ (( i++ ))
+ (( i < count ))
+ local job_pid=9243
+ parser_jobs_pid+=("${job_pid}")
+ parser_jobs2ips_mapping["$job_pid"]=192.168.1.10
+ ((  ip_index < total_ips  ))
+ ip_address=192.168.1.11
+ local status=0
+ local module_logfile=jobs/configs-parser/192.168.1.10.job
+ :
+ configs_parser --configs=reports/192.168.0.100 --ip-addr=192.168.0.100 --index=1 --matrix=matrix.json --reports=reports --file-ext=cfg,conf --logger=/var/folders/vp/4k9xy96d7zx8lhmgrr4khsj80000gn/T/tmp.2kOFHYGkMy/configs-parser--192.168.0.100.console --classify --verbose --debug
++ dirname jobs/configs-parser/192.168.1.10.job
++ printf %01d 3
+ padded_index=3
+ local configs_parser__logger=/var/folders/vp/4k9xy96d7zx8lhmgrr4khsj80000gn/T/tmp.2kOFHYGkMy/configs-parser--192.168.1.11
+ :
++ IFS=,
++ print cfg,conf
++ [[ -n cfg,conf ]]
++ echo -en cfg,conf
+ execute__configs_parser=('configs_parser' '--configs=reports/192.168.1.11' '--ip-addr=192.168.1.11' '--index=3' '--matrix=matrix.json' '--reports=reports' '--file-ext=cfg,conf' '--logger=/var/folders/vp/4k9xy96d7zx8lhmgrr4khsj80000gn/T/tmp.2kOFHYGkMy/configs-parser--192.168.1.11.console')
+ declare -a execute__configs_parser
+ [[ true == true ]]
+ execute__configs_parser+=(--classify)
+ [[ false == true ]]
+ [[ true == true ]]
+ execute__configs_parser+=(--verbose)
+ [[ true == true ]]
+ execute__configs_parser+=(--debug)
+ [[ true == true ]]
+ mkdir -p jobs/configs-parser
+ message 'Parsing Configs: [ 192.168.1.11 ]'
+ [[ -n Parsing Configs: [ 192.168.1.11 ] ]]
+ local 'message=Parsing Configs: [ 192.168.1.11 ]'
+ echo -e 'Parsing Configs: [ 192.168.1.11 ]'
+ for parameter in "${execute__configs_parser[@]}"
+ message '\t\tconfigs_parser'
+ [[ -n \t\tconfigs_parser ]]
+ local 'message=\t\tconfigs_parser'
+ echo -e '\t\tconfigs_parser'
+ for parameter in "${execute__configs_parser[@]}"
+ message '\t\t--configs=reports/192.168.1.11'
+ [[ -n \t\t--configs=reports/192.168.1.11 ]]
+ local 'message=\t\t--configs=reports/192.168.1.11'
+ echo -e '\t\t--configs=reports/192.168.1.11'
+ for parameter in "${execute__configs_parser[@]}"
+ message '\t\t--ip-addr=192.168.1.11'
+ [[ -n \t\t--ip-addr=192.168.1.11 ]]
+ local 'message=\t\t--ip-addr=192.168.1.11'
+ echo -e '\t\t--ip-addr=192.168.1.11'
+ for parameter in "${execute__configs_parser[@]}"
+ message '\t\t--index=3'
+ [[ -n \t\t--index=3 ]]
+ local 'message=\t\t--index=3'
+ echo -e '\t\t--index=3'
+ for parameter in "${execute__configs_parser[@]}"
+ message '\t\t--matrix=matrix.json'
+ [[ -n \t\t--matrix=matrix.json ]]
+ local 'message=\t\t--matrix=matrix.json'
+ echo -e '\t\t--matrix=matrix.json'
+ for parameter in "${execute__configs_parser[@]}"
+ message '\t\t--reports=reports'
+ [[ -n \t\t--reports=reports ]]
+ local 'message=\t\t--reports=reports'
+ echo -e '\t\t--reports=reports'
+ for parameter in "${execute__configs_parser[@]}"
+ message '\t\t--file-ext=cfg,conf'
+ [[ -n \t\t--file-ext=cfg,conf ]]
+ local 'message=\t\t--file-ext=cfg,conf'
+ echo -e '\t\t--file-ext=cfg,conf'
+ for parameter in "${execute__configs_parser[@]}"
+ message '\t\t--logger=/var/folders/vp/4k9xy96d7zx8lhmgrr4khsj80000gn/T/tmp.2kOFHYGkMy/configs-parser--192.168.1.11.console'
+ [[ -n \t\t--logger=/var/folders/vp/4k9xy96d7zx8lhmgrr4khsj80000gn/T/tmp.2kOFHYGkMy/configs-parser--192.168.1.11.console ]]
+ local 'message=\t\t--logger=/var/folders/vp/4k9xy96d7zx8lhmgrr4khsj80000gn/T/tmp.2kOFHYGkMy/configs-parser--192.168.1.11.console'
+ echo -e '\t\t--logger=/var/folders/vp/4k9xy96d7zx8lhmgrr4khsj80000gn/T/tmp.2kOFHYGkMy/configs-parser--192.168.1.11.console'
+ for parameter in "${execute__configs_parser[@]}"
+ message '\t\t--classify'
+ [[ -n \t\t--classify ]]
+ local 'message=\t\t--classify'
+ echo -e '\t\t--classify'
+ for parameter in "${execute__configs_parser[@]}"
+ message '\t\t--verbose'
+ [[ -n \t\t--verbose ]]
+ local 'message=\t\t--verbose'
+ echo -e '\t\t--verbose'
+ for parameter in "${execute__configs_parser[@]}"
+ message '\t\t--debug'
+ [[ -n \t\t--debug ]]
+ local 'message=\t\t--debug'
+ echo -e '\t\t--debug'
+ newline
+ local count=1
+ (( i = 0 ))
+ (( i < count ))
+ echo
+ (( i++ ))
+ (( i < count ))
+ local job_pid=9251
+ parser_jobs_pid+=("${job_pid}")
+ parser_jobs2ips_mapping["$job_pid"]=192.168.1.11
+ ((  ip_index < total_ips  ))
+ ip_address=192.168.2.12
+ local status=0
+ local module_logfile=jobs/configs-parser/192.168.1.11.job
+ :
+ configs_parser --configs=reports/192.168.1.10 --ip-addr=192.168.1.10 --index=2 --matrix=matrix.json --reports=reports --file-ext=cfg,conf --logger=/var/folders/vp/4k9xy96d7zx8lhmgrr4khsj80000gn/T/tmp.2kOFHYGkMy/configs-parser--192.168.1.10.console --classify --verbose --debug
++ printf %01d 4
++ dirname jobs/configs-parser/192.168.1.11.job
+ padded_index=4
+ local configs_parser__logger=/var/folders/vp/4k9xy96d7zx8lhmgrr4khsj80000gn/T/tmp.2kOFHYGkMy/configs-parser--192.168.2.12
+ :
++ IFS=,
++ print cfg,conf
++ [[ -n cfg,conf ]]
++ echo -en cfg,conf
+ execute__configs_parser=('configs_parser' '--configs=reports/192.168.2.12' '--ip-addr=192.168.2.12' '--index=4' '--matrix=matrix.json' '--reports=reports' '--file-ext=cfg,conf' '--logger=/var/folders/vp/4k9xy96d7zx8lhmgrr4khsj80000gn/T/tmp.2kOFHYGkMy/configs-parser--192.168.2.12.console')
+ declare -a execute__configs_parser
+ [[ true == true ]]
+ execute__configs_parser+=(--classify)
+ [[ false == true ]]
+ [[ true == true ]]
+ execute__configs_parser+=(--verbose)
+ [[ true == true ]]
+ execute__configs_parser+=(--debug)
+ [[ true == true ]]
+ mkdir -p jobs/configs-parser
+ message 'Parsing Configs: [ 192.168.2.12 ]'
+ [[ -n Parsing Configs: [ 192.168.2.12 ] ]]
+ local 'message=Parsing Configs: [ 192.168.2.12 ]'
+ echo -e 'Parsing Configs: [ 192.168.2.12 ]'
+ for parameter in "${execute__configs_parser[@]}"
+ message '\t\tconfigs_parser'
+ [[ -n \t\tconfigs_parser ]]
+ local 'message=\t\tconfigs_parser'
+ echo -e '\t\tconfigs_parser'
+ for parameter in "${execute__configs_parser[@]}"
+ message '\t\t--configs=reports/192.168.2.12'
+ [[ -n \t\t--configs=reports/192.168.2.12 ]]
+ local 'message=\t\t--configs=reports/192.168.2.12'
+ echo -e '\t\t--configs=reports/192.168.2.12'
+ for parameter in "${execute__configs_parser[@]}"
+ message '\t\t--ip-addr=192.168.2.12'
+ [[ -n \t\t--ip-addr=192.168.2.12 ]]
+ local 'message=\t\t--ip-addr=192.168.2.12'
+ echo -e '\t\t--ip-addr=192.168.2.12'
+ for parameter in "${execute__configs_parser[@]}"
+ message '\t\t--index=4'
+ [[ -n \t\t--index=4 ]]
+ local 'message=\t\t--index=4'
+ echo -e '\t\t--index=4'
+ for parameter in "${execute__configs_parser[@]}"
+ message '\t\t--matrix=matrix.json'
+ [[ -n \t\t--matrix=matrix.json ]]
+ local 'message=\t\t--matrix=matrix.json'
+ echo -e '\t\t--matrix=matrix.json'
+ for parameter in "${execute__configs_parser[@]}"
+ message '\t\t--reports=reports'
+ [[ -n \t\t--reports=reports ]]
+ local 'message=\t\t--reports=reports'
+ echo -e '\t\t--reports=reports'
+ for parameter in "${execute__configs_parser[@]}"
+ message '\t\t--file-ext=cfg,conf'
+ [[ -n \t\t--file-ext=cfg,conf ]]
+ local 'message=\t\t--file-ext=cfg,conf'
+ echo -e '\t\t--file-ext=cfg,conf'
+ for parameter in "${execute__configs_parser[@]}"
+ message '\t\t--logger=/var/folders/vp/4k9xy96d7zx8lhmgrr4khsj80000gn/T/tmp.2kOFHYGkMy/configs-parser--192.168.2.12.console'
+ [[ -n \t\t--logger=/var/folders/vp/4k9xy96d7zx8lhmgrr4khsj80000gn/T/tmp.2kOFHYGkMy/configs-parser--192.168.2.12.console ]]
+ local 'message=\t\t--logger=/var/folders/vp/4k9xy96d7zx8lhmgrr4khsj80000gn/T/tmp.2kOFHYGkMy/configs-parser--192.168.2.12.console'
+ echo -e '\t\t--logger=/var/folders/vp/4k9xy96d7zx8lhmgrr4khsj80000gn/T/tmp.2kOFHYGkMy/configs-parser--192.168.2.12.console'
+ for parameter in "${execute__configs_parser[@]}"
+ message '\t\t--classify'
+ [[ -n \t\t--classify ]]
+ local 'message=\t\t--classify'
+ echo -e '\t\t--classify'
+ for parameter in "${execute__configs_parser[@]}"
+ message '\t\t--verbose'
+ [[ -n \t\t--verbose ]]
+ local 'message=\t\t--verbose'
+ echo -e '\t\t--verbose'
+ for parameter in "${execute__configs_parser[@]}"
+ message '\t\t--debug'
+ [[ -n \t\t--debug ]]
+ local 'message=\t\t--debug'
+ echo -e '\t\t--debug'
+ newline
+ local count=1
+ (( i = 0 ))
+ (( i < count ))
+ echo
+ (( i++ ))
+ (( i < count ))
+ local job_pid=9262
+ parser_jobs_pid+=("${job_pid}")
+ parser_jobs2ips_mapping["$job_pid"]=192.168.2.12
+ ((  ip_index < total_ips  ))
+ ip_address=192.168.100.100
+ :
+ local status=0
+ local module_logfile=jobs/configs-parser/192.168.2.12.job
+ configs_parser --configs=reports/192.168.1.11 --ip-addr=192.168.1.11 --index=3 --matrix=matrix.json --reports=reports --file-ext=cfg,conf --logger=/var/folders/vp/4k9xy96d7zx8lhmgrr4khsj80000gn/T/tmp.2kOFHYGkMy/configs-parser--192.168.1.11.console --classify --verbose --debug
++ printf %01d 5
++ dirname jobs/configs-parser/192.168.2.12.job
+ padded_index=5
+ local configs_parser__logger=/var/folders/vp/4k9xy96d7zx8lhmgrr4khsj80000gn/T/tmp.2kOFHYGkMy/configs-parser--192.168.100.100
+ :
++ IFS=,
++ print cfg,conf
++ [[ -n cfg,conf ]]
++ echo -en cfg,conf
+ execute__configs_parser=('configs_parser' '--configs=reports/192.168.100.100' '--ip-addr=192.168.100.100' '--index=5' '--matrix=matrix.json' '--reports=reports' '--file-ext=cfg,conf' '--logger=/var/folders/vp/4k9xy96d7zx8lhmgrr4khsj80000gn/T/tmp.2kOFHYGkMy/configs-parser--192.168.100.100.console')
+ declare -a execute__configs_parser
+ [[ true == true ]]
+ execute__configs_parser+=(--classify)
+ [[ false == true ]]
+ [[ true == true ]]
+ execute__configs_parser+=(--verbose)
+ [[ true == true ]]
+ execute__configs_parser+=(--debug)
+ [[ true == true ]]
+ message 'Parsing Configs: [ 192.168.100.100 ]'
+ [[ -n Parsing Configs: [ 192.168.100.100 ] ]]
+ local 'message=Parsing Configs: [ 192.168.100.100 ]'
+ echo -e 'Parsing Configs: [ 192.168.100.100 ]'
+ mkdir -p jobs/configs-parser
+ for parameter in "${execute__configs_parser[@]}"
+ message '\t\tconfigs_parser'
+ [[ -n \t\tconfigs_parser ]]
+ local 'message=\t\tconfigs_parser'
+ echo -e '\t\tconfigs_parser'
+ for parameter in "${execute__configs_parser[@]}"
+ message '\t\t--configs=reports/192.168.100.100'
+ [[ -n \t\t--configs=reports/192.168.100.100 ]]
+ local 'message=\t\t--configs=reports/192.168.100.100'
+ echo -e '\t\t--configs=reports/192.168.100.100'
+ for parameter in "${execute__configs_parser[@]}"
+ message '\t\t--ip-addr=192.168.100.100'
+ [[ -n \t\t--ip-addr=192.168.100.100 ]]
+ local 'message=\t\t--ip-addr=192.168.100.100'
+ echo -e '\t\t--ip-addr=192.168.100.100'
+ for parameter in "${execute__configs_parser[@]}"
+ message '\t\t--index=5'
+ [[ -n \t\t--index=5 ]]
+ local 'message=\t\t--index=5'
+ echo -e '\t\t--index=5'
+ for parameter in "${execute__configs_parser[@]}"
+ message '\t\t--matrix=matrix.json'
+ [[ -n \t\t--matrix=matrix.json ]]
+ local 'message=\t\t--matrix=matrix.json'
+ echo -e '\t\t--matrix=matrix.json'
+ for parameter in "${execute__configs_parser[@]}"
+ message '\t\t--reports=reports'
+ [[ -n \t\t--reports=reports ]]
+ local 'message=\t\t--reports=reports'
+ echo -e '\t\t--reports=reports'
+ for parameter in "${execute__configs_parser[@]}"
+ message '\t\t--file-ext=cfg,conf'
+ [[ -n \t\t--file-ext=cfg,conf ]]
+ local 'message=\t\t--file-ext=cfg,conf'
+ echo -e '\t\t--file-ext=cfg,conf'
+ for parameter in "${execute__configs_parser[@]}"
+ message '\t\t--logger=/var/folders/vp/4k9xy96d7zx8lhmgrr4khsj80000gn/T/tmp.2kOFHYGkMy/configs-parser--192.168.100.100.console'
+ [[ -n \t\t--logger=/var/folders/vp/4k9xy96d7zx8lhmgrr4khsj80000gn/T/tmp.2kOFHYGkMy/configs-parser--192.168.100.100.console ]]
+ local 'message=\t\t--logger=/var/folders/vp/4k9xy96d7zx8lhmgrr4khsj80000gn/T/tmp.2kOFHYGkMy/configs-parser--192.168.100.100.console'
+ echo -e '\t\t--logger=/var/folders/vp/4k9xy96d7zx8lhmgrr4khsj80000gn/T/tmp.2kOFHYGkMy/configs-parser--192.168.100.100.console'
+ for parameter in "${execute__configs_parser[@]}"
+ message '\t\t--classify'
+ [[ -n \t\t--classify ]]
+ local 'message=\t\t--classify'
+ echo -e '\t\t--classify'
+ for parameter in "${execute__configs_parser[@]}"
+ message '\t\t--verbose'
+ [[ -n \t\t--verbose ]]
+ local 'message=\t\t--verbose'
+ echo -e '\t\t--verbose'
+ for parameter in "${execute__configs_parser[@]}"
+ message '\t\t--debug'
+ [[ -n \t\t--debug ]]
+ local 'message=\t\t--debug'
+ echo -e '\t\t--debug'
+ newline
+ local count=1
+ (( i = 0 ))
+ (( i < count ))
+ echo
+ (( i++ ))
+ (( i < count ))
+ local job_pid=9278
+ parser_jobs_pid+=("${job_pid}")
+ parser_jobs2ips_mapping["$job_pid"]=192.168.100.100
+ ((  ip_index < total_ips  ))
+ ip_address=198.51.100.75
+ local status=0
+ local module_logfile=jobs/configs-parser/192.168.100.100.job
+ :
++ printf %01d 6
+ configs_parser --configs=reports/192.168.2.12 --ip-addr=192.168.2.12 --index=4 --matrix=matrix.json --reports=reports --file-ext=cfg,conf --logger=/var/folders/vp/4k9xy96d7zx8lhmgrr4khsj80000gn/T/tmp.2kOFHYGkMy/configs-parser--192.168.2.12.console --classify --verbose --debug
++ dirname jobs/configs-parser/192.168.100.100.job
+ padded_index=6
+ local configs_parser__logger=/var/folders/vp/4k9xy96d7zx8lhmgrr4khsj80000gn/T/tmp.2kOFHYGkMy/configs-parser--198.51.100.75
+ :
++ IFS=,
++ print cfg,conf
++ [[ -n cfg,conf ]]
++ echo -en cfg,conf
+ execute__configs_parser=('configs_parser' '--configs=reports/198.51.100.75' '--ip-addr=198.51.100.75' '--index=6' '--matrix=matrix.json' '--reports=reports' '--file-ext=cfg,conf' '--logger=/var/folders/vp/4k9xy96d7zx8lhmgrr4khsj80000gn/T/tmp.2kOFHYGkMy/configs-parser--198.51.100.75.console')
+ declare -a execute__configs_parser
+ [[ true == true ]]
+ execute__configs_parser+=(--classify)
+ [[ false == true ]]
+ [[ true == true ]]
+ execute__configs_parser+=(--verbose)
+ [[ true == true ]]
+ execute__configs_parser+=(--debug)
+ [[ true == true ]]
+ mkdir -p jobs/configs-parser
+ message 'Parsing Configs: [ 198.51.100.75 ]'
+ [[ -n Parsing Configs: [ 198.51.100.75 ] ]]
+ local 'message=Parsing Configs: [ 198.51.100.75 ]'
+ echo -e 'Parsing Configs: [ 198.51.100.75 ]'
+ for parameter in "${execute__configs_parser[@]}"
+ message '\t\tconfigs_parser'
+ [[ -n \t\tconfigs_parser ]]
+ local 'message=\t\tconfigs_parser'
+ echo -e '\t\tconfigs_parser'
+ for parameter in "${execute__configs_parser[@]}"
+ message '\t\t--configs=reports/198.51.100.75'
+ [[ -n \t\t--configs=reports/198.51.100.75 ]]
+ local 'message=\t\t--configs=reports/198.51.100.75'
+ echo -e '\t\t--configs=reports/198.51.100.75'
+ for parameter in "${execute__configs_parser[@]}"
+ message '\t\t--ip-addr=198.51.100.75'
+ [[ -n \t\t--ip-addr=198.51.100.75 ]]
+ local 'message=\t\t--ip-addr=198.51.100.75'
+ echo -e '\t\t--ip-addr=198.51.100.75'
+ for parameter in "${execute__configs_parser[@]}"
+ message '\t\t--index=6'
+ [[ -n \t\t--index=6 ]]
+ local 'message=\t\t--index=6'
+ echo -e '\t\t--index=6'
+ for parameter in "${execute__configs_parser[@]}"
+ message '\t\t--matrix=matrix.json'
+ [[ -n \t\t--matrix=matrix.json ]]
+ local 'message=\t\t--matrix=matrix.json'
+ echo -e '\t\t--matrix=matrix.json'
+ for parameter in "${execute__configs_parser[@]}"
+ message '\t\t--reports=reports'
+ [[ -n \t\t--reports=reports ]]
+ local 'message=\t\t--reports=reports'
+ echo -e '\t\t--reports=reports'
+ for parameter in "${execute__configs_parser[@]}"
+ message '\t\t--file-ext=cfg,conf'
+ [[ -n \t\t--file-ext=cfg,conf ]]
+ local 'message=\t\t--file-ext=cfg,conf'
+ echo -e '\t\t--file-ext=cfg,conf'
+ for parameter in "${execute__configs_parser[@]}"
+ message '\t\t--logger=/var/folders/vp/4k9xy96d7zx8lhmgrr4khsj80000gn/T/tmp.2kOFHYGkMy/configs-parser--198.51.100.75.console'
+ [[ -n \t\t--logger=/var/folders/vp/4k9xy96d7zx8lhmgrr4khsj80000gn/T/tmp.2kOFHYGkMy/configs-parser--198.51.100.75.console ]]
+ local 'message=\t\t--logger=/var/folders/vp/4k9xy96d7zx8lhmgrr4khsj80000gn/T/tmp.2kOFHYGkMy/configs-parser--198.51.100.75.console'
+ echo -e '\t\t--logger=/var/folders/vp/4k9xy96d7zx8lhmgrr4khsj80000gn/T/tmp.2kOFHYGkMy/configs-parser--198.51.100.75.console'
+ for parameter in "${execute__configs_parser[@]}"
+ message '\t\t--classify'
+ [[ -n \t\t--classify ]]
+ local 'message=\t\t--classify'
+ echo -e '\t\t--classify'
+ for parameter in "${execute__configs_parser[@]}"
+ message '\t\t--verbose'
+ [[ -n \t\t--verbose ]]
+ local 'message=\t\t--verbose'
+ echo -e '\t\t--verbose'
+ for parameter in "${execute__configs_parser[@]}"
+ message '\t\t--debug'
+ [[ -n \t\t--debug ]]
+ local 'message=\t\t--debug'
+ echo -e '\t\t--debug'
+ newline
+ local count=1
+ (( i = 0 ))
+ (( i < count ))
+ echo
+ (( i++ ))
+ (( i < count ))
+ local job_pid=9300
+ parser_jobs_pid+=("${job_pid}")
+ parser_jobs2ips_mapping["$job_pid"]=198.51.100.75
+ ((  ip_index < total_ips  ))
+ ip_address=203.0.113.25
+ :
+ local status=0
+ local module_logfile=jobs/configs-parser/198.51.100.75.job
+ configs_parser --configs=reports/192.168.100.100 --ip-addr=192.168.100.100 --index=5 --matrix=matrix.json --reports=reports --file-ext=cfg,conf --logger=/var/folders/vp/4k9xy96d7zx8lhmgrr4khsj80000gn/T/tmp.2kOFHYGkMy/configs-parser--192.168.100.100.console --classify --verbose --debug
++ dirname jobs/configs-parser/198.51.100.75.job
++ printf %01d 7
+ padded_index=7
+ local configs_parser__logger=/var/folders/vp/4k9xy96d7zx8lhmgrr4khsj80000gn/T/tmp.2kOFHYGkMy/configs-parser--203.0.113.25
+ :
++ IFS=,
++ print cfg,conf
++ [[ -n cfg,conf ]]
++ echo -en cfg,conf
+ mkdir -p jobs/configs-parser
+ execute__configs_parser=('configs_parser' '--configs=reports/203.0.113.25' '--ip-addr=203.0.113.25' '--index=7' '--matrix=matrix.json' '--reports=reports' '--file-ext=cfg,conf' '--logger=/var/folders/vp/4k9xy96d7zx8lhmgrr4khsj80000gn/T/tmp.2kOFHYGkMy/configs-parser--203.0.113.25.console')
+ declare -a execute__configs_parser
+ [[ true == true ]]
+ execute__configs_parser+=(--classify)
+ [[ false == true ]]
+ [[ true == true ]]
+ execute__configs_parser+=(--verbose)
+ [[ true == true ]]
+ execute__configs_parser+=(--debug)
+ [[ true == true ]]
+ message 'Parsing Configs: [ 203.0.113.25 ]'
+ [[ -n Parsing Configs: [ 203.0.113.25 ] ]]
+ local 'message=Parsing Configs: [ 203.0.113.25 ]'
+ echo -e 'Parsing Configs: [ 203.0.113.25 ]'
+ for parameter in "${execute__configs_parser[@]}"
+ message '\t\tconfigs_parser'
+ [[ -n \t\tconfigs_parser ]]
+ local 'message=\t\tconfigs_parser'
+ echo -e '\t\tconfigs_parser'
+ for parameter in "${execute__configs_parser[@]}"
+ message '\t\t--configs=reports/203.0.113.25'
+ [[ -n \t\t--configs=reports/203.0.113.25 ]]
+ local 'message=\t\t--configs=reports/203.0.113.25'
+ echo -e '\t\t--configs=reports/203.0.113.25'
+ for parameter in "${execute__configs_parser[@]}"
+ message '\t\t--ip-addr=203.0.113.25'
+ [[ -n \t\t--ip-addr=203.0.113.25 ]]
+ local 'message=\t\t--ip-addr=203.0.113.25'
+ echo -e '\t\t--ip-addr=203.0.113.25'
+ for parameter in "${execute__configs_parser[@]}"
+ message '\t\t--index=7'
+ [[ -n \t\t--index=7 ]]
+ local 'message=\t\t--index=7'
+ echo -e '\t\t--index=7'
+ for parameter in "${execute__configs_parser[@]}"
+ message '\t\t--matrix=matrix.json'
+ [[ -n \t\t--matrix=matrix.json ]]
+ local 'message=\t\t--matrix=matrix.json'
+ echo -e '\t\t--matrix=matrix.json'
+ for parameter in "${execute__configs_parser[@]}"
+ message '\t\t--reports=reports'
+ [[ -n \t\t--reports=reports ]]
+ local 'message=\t\t--reports=reports'
+ echo -e '\t\t--reports=reports'
+ for parameter in "${execute__configs_parser[@]}"
+ message '\t\t--file-ext=cfg,conf'
+ [[ -n \t\t--file-ext=cfg,conf ]]
+ local 'message=\t\t--file-ext=cfg,conf'
+ echo -e '\t\t--file-ext=cfg,conf'
+ for parameter in "${execute__configs_parser[@]}"
+ message '\t\t--logger=/var/folders/vp/4k9xy96d7zx8lhmgrr4khsj80000gn/T/tmp.2kOFHYGkMy/configs-parser--203.0.113.25.console'
+ [[ -n \t\t--logger=/var/folders/vp/4k9xy96d7zx8lhmgrr4khsj80000gn/T/tmp.2kOFHYGkMy/configs-parser--203.0.113.25.console ]]
+ local 'message=\t\t--logger=/var/folders/vp/4k9xy96d7zx8lhmgrr4khsj80000gn/T/tmp.2kOFHYGkMy/configs-parser--203.0.113.25.console'
+ echo -e '\t\t--logger=/var/folders/vp/4k9xy96d7zx8lhmgrr4khsj80000gn/T/tmp.2kOFHYGkMy/configs-parser--203.0.113.25.console'
+ for parameter in "${execute__configs_parser[@]}"
+ message '\t\t--classify'
+ [[ -n \t\t--classify ]]
+ local 'message=\t\t--classify'
+ echo -e '\t\t--classify'
+ for parameter in "${execute__configs_parser[@]}"
+ message '\t\t--verbose'
+ [[ -n \t\t--verbose ]]
+ local 'message=\t\t--verbose'
+ echo -e '\t\t--verbose'
+ for parameter in "${execute__configs_parser[@]}"
+ message '\t\t--debug'
+ [[ -n \t\t--debug ]]
+ local 'message=\t\t--debug'
+ echo -e '\t\t--debug'
+ newline
+ local count=1
+ (( i = 0 ))
+ (( i < count ))
+ echo
+ (( i++ ))
+ (( i < count ))
+ :
+ configs_parser --configs=reports/198.51.100.75 --ip-addr=198.51.100.75 --index=6 --matrix=matrix.json --reports=reports --file-ext=cfg,conf --logger=/var/folders/vp/4k9xy96d7zx8lhmgrr4khsj80000gn/T/tmp.2kOFHYGkMy/configs-parser--198.51.100.75.console --classify --verbose --debug
+ local job_pid=9323
+ parser_jobs_pid+=("${job_pid}")
+ parser_jobs2ips_mapping["$job_pid"]=203.0.113.25
+ ((  ip_index < total_ips  ))
+ ((  7 > 0  ))
+ valid_parser_jobs_pid=()
+ local valid_parser_jobs_pid
+ for pid in "${parser_jobs_pid[@]}"
+ kill -0 9238
+ valid_parser_jobs_pid+=("${pid}")
+ for pid in "${parser_jobs_pid[@]}"
+ kill -0 9243
+ valid_parser_jobs_pid+=("${pid}")
+ for pid in "${parser_jobs_pid[@]}"
+ local status=0
+ kill -0 9251
+ local module_logfile=jobs/configs-parser/203.0.113.25.job
+ valid_parser_jobs_pid+=("${pid}")
+ for pid in "${parser_jobs_pid[@]}"
+ kill -0 9262
+ valid_parser_jobs_pid+=("${pid}")
+ for pid in "${parser_jobs_pid[@]}"
+ kill -0 9278
+ valid_parser_jobs_pid+=("${pid}")
+ for pid in "${parser_jobs_pid[@]}"
+ kill -0 9300
+ valid_parser_jobs_pid+=("${pid}")
+ for pid in "${parser_jobs_pid[@]}"
+ kill -0 9323
+ valid_parser_jobs_pid+=("${pid}")
+ parser_jobs_pid=("${valid_parser_jobs_pid[@]}")
+ sleep 0.1
++ dirname jobs/configs-parser/203.0.113.25.job
+ mkdir -p jobs/configs-parser
+ :
+ configs_parser --configs=reports/203.0.113.25 --ip-addr=203.0.113.25 --index=7 --matrix=matrix.json --reports=reports --file-ext=cfg,conf --logger=/var/folders/vp/4k9xy96d7zx8lhmgrr4khsj80000gn/T/tmp.2kOFHYGkMy/configs-parser--203.0.113.25.console --classify --verbose --debug
+ ((  7 > 0  ))
+ valid_parser_jobs_pid=()
+ local valid_parser_jobs_pid
+ for pid in "${parser_jobs_pid[@]}"
+ kill -0 9238
+ valid_parser_jobs_pid+=("${pid}")
+ for pid in "${parser_jobs_pid[@]}"
+ kill -0 9243
+ valid_parser_jobs_pid+=("${pid}")
+ for pid in "${parser_jobs_pid[@]}"
+ kill -0 9251
+ valid_parser_jobs_pid+=("${pid}")
+ for pid in "${parser_jobs_pid[@]}"
+ kill -0 9262
+ valid_parser_jobs_pid+=("${pid}")
+ for pid in "${parser_jobs_pid[@]}"
+ kill -0 9278
+ valid_parser_jobs_pid+=("${pid}")
+ for pid in "${parser_jobs_pid[@]}"
+ kill -0 9300
+ valid_parser_jobs_pid+=("${pid}")
+ for pid in "${parser_jobs_pid[@]}"
+ kill -0 9323
+ valid_parser_jobs_pid+=("${pid}")
+ parser_jobs_pid=("${valid_parser_jobs_pid[@]}")
+ sleep 0.1
+ ((  7 > 0  ))
+ valid_parser_jobs_pid=()
+ local valid_parser_jobs_pid
+ for pid in "${parser_jobs_pid[@]}"
+ kill -0 9238
+ valid_parser_jobs_pid+=("${pid}")
+ for pid in "${parser_jobs_pid[@]}"
+ kill -0 9243
+ valid_parser_jobs_pid+=("${pid}")
+ for pid in "${parser_jobs_pid[@]}"
+ kill -0 9251
+ valid_parser_jobs_pid+=("${pid}")
+ for pid in "${parser_jobs_pid[@]}"
+ kill -0 9262
+ valid_parser_jobs_pid+=("${pid}")
+ for pid in "${parser_jobs_pid[@]}"
+ kill -0 9278
+ valid_parser_jobs_pid+=("${pid}")
+ for pid in "${parser_jobs_pid[@]}"
+ kill -0 9300
+ valid_parser_jobs_pid+=("${pid}")
+ for pid in "${parser_jobs_pid[@]}"
+ kill -0 9323
+ valid_parser_jobs_pid+=("${pid}")
+ parser_jobs_pid=("${valid_parser_jobs_pid[@]}")
+ sleep 0.1
+ ((  7 > 0  ))
+ valid_parser_jobs_pid=()
+ local valid_parser_jobs_pid
+ for pid in "${parser_jobs_pid[@]}"
+ kill -0 9238
+ valid_parser_jobs_pid+=("${pid}")
+ for pid in "${parser_jobs_pid[@]}"
+ kill -0 9243
+ valid_parser_jobs_pid+=("${pid}")
+ for pid in "${parser_jobs_pid[@]}"
+ kill -0 9251
+ valid_parser_jobs_pid+=("${pid}")
+ for pid in "${parser_jobs_pid[@]}"
+ kill -0 9262
+ valid_parser_jobs_pid+=("${pid}")
+ for pid in "${parser_jobs_pid[@]}"
+ kill -0 9278
+ valid_parser_jobs_pid+=("${pid}")
+ for pid in "${parser_jobs_pid[@]}"
+ kill -0 9300
+ valid_parser_jobs_pid+=("${pid}")
+ for pid in "${parser_jobs_pid[@]}"
+ kill -0 9323
+ valid_parser_jobs_pid+=("${pid}")
+ parser_jobs_pid=("${valid_parser_jobs_pid[@]}")
+ sleep 0.1
+ ((  status != 0  ))
./scripts/configs-manager.shell: line 101: search_pattern: unbound variable
+ ((  status != 0  ))
./scripts/configs-manager.shell: line 101: search_pattern: unbound variable
+ ((  7 > 0  ))
+ valid_parser_jobs_pid=()
+ local valid_parser_jobs_pid
+ for pid in "${parser_jobs_pid[@]}"
+ kill -0 9238
+ logger=192.168.0.100
+ for pid in "${parser_jobs_pid[@]}"
+ kill -0 9243
+ valid_parser_jobs_pid+=("${pid}")
+ for pid in "${parser_jobs_pid[@]}"
+ kill -0 9251
+ logger=192.168.1.11
+ for pid in "${parser_jobs_pid[@]}"
+ kill -0 9262
+ valid_parser_jobs_pid+=("${pid}")
+ for pid in "${parser_jobs_pid[@]}"
+ kill -0 9278
+ valid_parser_jobs_pid+=("${pid}")
+ for pid in "${parser_jobs_pid[@]}"
+ kill -0 9300
+ valid_parser_jobs_pid+=("${pid}")
+ for pid in "${parser_jobs_pid[@]}"
+ kill -0 9323
+ valid_parser_jobs_pid+=("${pid}")
+ parser_jobs_pid=("${valid_parser_jobs_pid[@]}")
+ sleep 0.1
+ ((  5 > 0  ))
+ valid_parser_jobs_pid=()
+ local valid_parser_jobs_pid
+ for pid in "${parser_jobs_pid[@]}"
+ kill -0 9243
+ valid_parser_jobs_pid+=("${pid}")
+ for pid in "${parser_jobs_pid[@]}"
+ kill -0 9262
+ valid_parser_jobs_pid+=("${pid}")
+ for pid in "${parser_jobs_pid[@]}"
+ kill -0 9278
+ valid_parser_jobs_pid+=("${pid}")
+ for pid in "${parser_jobs_pid[@]}"
+ kill -0 9300
+ valid_parser_jobs_pid+=("${pid}")
+ for pid in "${parser_jobs_pid[@]}"
+ kill -0 9323
+ valid_parser_jobs_pid+=("${pid}")
+ parser_jobs_pid=("${valid_parser_jobs_pid[@]}")
+ sleep 0.1
+ ((  status != 0  ))
./scripts/configs-manager.shell: line 101: search_pattern: unbound variable
+ ((  5 > 0  ))
+ valid_parser_jobs_pid=()
+ local valid_parser_jobs_pid
+ for pid in "${parser_jobs_pid[@]}"
+ kill -0 9243
+ valid_parser_jobs_pid+=("${pid}")
+ for pid in "${parser_jobs_pid[@]}"
+ kill -0 9262
+ valid_parser_jobs_pid+=("${pid}")
+ for pid in "${parser_jobs_pid[@]}"
+ kill -0 9278
+ logger=192.168.100.100
+ for pid in "${parser_jobs_pid[@]}"
+ kill -0 9300
+ valid_parser_jobs_pid+=("${pid}")
+ for pid in "${parser_jobs_pid[@]}"
+ kill -0 9323
+ valid_parser_jobs_pid+=("${pid}")
+ parser_jobs_pid=("${valid_parser_jobs_pid[@]}")
+ sleep 0.1
+ ((  4 > 0  ))
+ valid_parser_jobs_pid=()
+ local valid_parser_jobs_pid
+ for pid in "${parser_jobs_pid[@]}"
+ kill -0 9243
+ valid_parser_jobs_pid+=("${pid}")
+ for pid in "${parser_jobs_pid[@]}"
+ kill -0 9262
+ valid_parser_jobs_pid+=("${pid}")
+ for pid in "${parser_jobs_pid[@]}"
+ kill -0 9300
+ valid_parser_jobs_pid+=("${pid}")
+ for pid in "${parser_jobs_pid[@]}"
+ kill -0 9323
+ valid_parser_jobs_pid+=("${pid}")
+ parser_jobs_pid=("${valid_parser_jobs_pid[@]}")
+ sleep 0.1
+ ((  4 > 0  ))
+ valid_parser_jobs_pid=()
+ local valid_parser_jobs_pid
+ for pid in "${parser_jobs_pid[@]}"
+ kill -0 9243
+ valid_parser_jobs_pid+=("${pid}")
+ for pid in "${parser_jobs_pid[@]}"
+ kill -0 9262
+ valid_parser_jobs_pid+=("${pid}")
+ for pid in "${parser_jobs_pid[@]}"
+ kill -0 9300
+ valid_parser_jobs_pid+=("${pid}")
+ for pid in "${parser_jobs_pid[@]}"
+ kill -0 9323
+ valid_parser_jobs_pid+=("${pid}")
+ parser_jobs_pid=("${valid_parser_jobs_pid[@]}")
+ sleep 0.1
+ ((  status != 0  ))
./scripts/configs-manager.shell: line 101: search_pattern: unbound variable
+ ((  4 > 0  ))
+ valid_parser_jobs_pid=()
+ local valid_parser_jobs_pid
+ for pid in "${parser_jobs_pid[@]}"
+ kill -0 9243
+ logger=192.168.1.10
+ for pid in "${parser_jobs_pid[@]}"
+ kill -0 9262
+ valid_parser_jobs_pid+=("${pid}")
+ for pid in "${parser_jobs_pid[@]}"
+ kill -0 9300
+ valid_parser_jobs_pid+=("${pid}")
+ for pid in "${parser_jobs_pid[@]}"
+ kill -0 9323
+ valid_parser_jobs_pid+=("${pid}")
+ parser_jobs_pid=("${valid_parser_jobs_pid[@]}")
+ sleep 0.1
+ ((  3 > 0  ))
+ valid_parser_jobs_pid=()
+ local valid_parser_jobs_pid
+ for pid in "${parser_jobs_pid[@]}"
+ kill -0 9262
+ valid_parser_jobs_pid+=("${pid}")
+ for pid in "${parser_jobs_pid[@]}"
+ kill -0 9300
+ valid_parser_jobs_pid+=("${pid}")
+ for pid in "${parser_jobs_pid[@]}"
+ kill -0 9323
+ valid_parser_jobs_pid+=("${pid}")
+ parser_jobs_pid=("${valid_parser_jobs_pid[@]}")
+ sleep 0.1
+ ((  status != 0  ))
./scripts/configs-manager.shell: line 101: search_pattern: unbound variable
+ ((  3 > 0  ))
+ valid_parser_jobs_pid=()
+ local valid_parser_jobs_pid
+ for pid in "${parser_jobs_pid[@]}"
+ kill -0 9262
+ logger=192.168.2.12
+ for pid in "${parser_jobs_pid[@]}"
+ kill -0 9300
+ valid_parser_jobs_pid+=("${pid}")
+ for pid in "${parser_jobs_pid[@]}"
+ kill -0 9323
+ valid_parser_jobs_pid+=("${pid}")
+ parser_jobs_pid=("${valid_parser_jobs_pid[@]}")
+ sleep 0.1
+ ((  status != 0  ))
./scripts/configs-manager.shell: line 101: search_pattern: unbound variable
+ ((  2 > 0  ))
+ valid_parser_jobs_pid=()
+ local valid_parser_jobs_pid
+ for pid in "${parser_jobs_pid[@]}"
+ kill -0 9300
+ logger=198.51.100.75
+ for pid in "${parser_jobs_pid[@]}"
+ kill -0 9323
+ valid_parser_jobs_pid+=("${pid}")
+ parser_jobs_pid=("${valid_parser_jobs_pid[@]}")
+ sleep 0.1
+ ((  1 > 0  ))
+ valid_parser_jobs_pid=()
+ local valid_parser_jobs_pid
+ for pid in "${parser_jobs_pid[@]}"
+ kill -0 9323
+ valid_parser_jobs_pid+=("${pid}")
+ parser_jobs_pid=("${valid_parser_jobs_pid[@]}")
+ sleep 0.1
+ ((  1 > 0  ))
+ valid_parser_jobs_pid=()
+ local valid_parser_jobs_pid
+ for pid in "${parser_jobs_pid[@]}"
+ kill -0 9323
+ valid_parser_jobs_pid+=("${pid}")
+ parser_jobs_pid=("${valid_parser_jobs_pid[@]}")
+ sleep 0.1
+ ((  1 > 0  ))
+ valid_parser_jobs_pid=()
+ local valid_parser_jobs_pid
+ for pid in "${parser_jobs_pid[@]}"
+ kill -0 9323
+ valid_parser_jobs_pid+=("${pid}")
+ parser_jobs_pid=("${valid_parser_jobs_pid[@]}")
+ sleep 0.1
+ ((  1 > 0  ))
+ valid_parser_jobs_pid=()
+ local valid_parser_jobs_pid
+ for pid in "${parser_jobs_pid[@]}"
+ kill -0 9323
+ valid_parser_jobs_pid+=("${pid}")
+ parser_jobs_pid=("${valid_parser_jobs_pid[@]}")
+ sleep 0.1
+ ((  1 > 0  ))
+ valid_parser_jobs_pid=()
+ local valid_parser_jobs_pid
+ for pid in "${parser_jobs_pid[@]}"
+ kill -0 9323
+ valid_parser_jobs_pid+=("${pid}")
+ parser_jobs_pid=("${valid_parser_jobs_pid[@]}")
+ sleep 0.1
+ ((  status != 0  ))
./scripts/configs-manager.shell: line 101: search_pattern: unbound variable
+ ((  1 > 0  ))
+ valid_parser_jobs_pid=()
+ local valid_parser_jobs_pid
+ for pid in "${parser_jobs_pid[@]}"
+ kill -0 9323
+ logger=203.0.113.25
+ parser_jobs_pid=("${valid_parser_jobs_pid[@]}")
+ sleep 0.1
+ ((  0 > 0  ))
+ [[ true == true ]]
+ message 'Background Jobs -> Managed Configs:'
+ [[ -n Background Jobs -> Managed Configs: ]]
+ local 'message=Background Jobs -> Managed Configs:'
+ echo -e 'Background Jobs -> Managed Configs:'
+ message 'PID   | IP Address (7)'
+ [[ -n PID   | IP Address (7) ]]
+ local 'message=PID   | IP Address (7)'
+ echo -e 'PID   | IP Address (7)'
+ message -------------------------
+ [[ -n ------------------------- ]]
+ local message=-------------------------
+ echo -e -------------------------
+ for pid in "${!parser_jobs2ips_mapping[@]}"
+ printf '%-5s | %s\n' 9300 198.51.100.75
+ for pid in "${!parser_jobs2ips_mapping[@]}"
+ printf '%-5s | %s\n' 9251 192.168.1.11
+ for pid in "${!parser_jobs2ips_mapping[@]}"
+ printf '%-5s | %s\n' 9238 192.168.0.100
+ for pid in "${!parser_jobs2ips_mapping[@]}"
+ printf '%-5s | %s\n' 9323 203.0.113.25
+ for pid in "${!parser_jobs2ips_mapping[@]}"
+ printf '%-5s | %s\n' 9262 192.168.2.12
+ for pid in "${!parser_jobs2ips_mapping[@]}"
+ printf '%-5s | %s\n' 9243 192.168.1.10
+ for pid in "${!parser_jobs2ips_mapping[@]}"
+ printf '%-5s | %s\n' 9278 192.168.100.100
+ newline
+ local count=1
+ (( i = 0 ))
+ (( i < count ))
+ echo
+ (( i++ ))
+ (( i < count ))
+ for pid in "${!parser_jobs2ips_mapping[@]}"
+ ip_address=198.51.100.75
+ parser_config=reports/198.51.100.75.json
+ [[ -s reports/198.51.100.75.json ]]
+ for pid in "${!parser_jobs2ips_mapping[@]}"
+ ip_address=192.168.1.11
+ parser_config=reports/192.168.1.11.json
+ [[ -s reports/192.168.1.11.json ]]
+ for pid in "${!parser_jobs2ips_mapping[@]}"
+ ip_address=192.168.0.100
+ parser_config=reports/192.168.0.100.json
+ [[ -s reports/192.168.0.100.json ]]
+ for pid in "${!parser_jobs2ips_mapping[@]}"
+ ip_address=203.0.113.25
+ parser_config=reports/203.0.113.25.json
+ [[ -s reports/203.0.113.25.json ]]
+ for pid in "${!parser_jobs2ips_mapping[@]}"
+ ip_address=192.168.2.12
+ parser_config=reports/192.168.2.12.json
+ [[ -s reports/192.168.2.12.json ]]
+ for pid in "${!parser_jobs2ips_mapping[@]}"
+ ip_address=192.168.1.10
+ parser_config=reports/192.168.1.10.json
+ [[ -s reports/192.168.1.10.json ]]
+ for pid in "${!parser_jobs2ips_mapping[@]}"
+ ip_address=192.168.100.100
+ parser_config=reports/192.168.100.100.json
+ [[ -s reports/192.168.100.100.json ]]
+ return 0
