+ local configs_matching__script=configs-matching
+ targets_jobs_pid=()
+ declare -ga targets_jobs_pid
+ targets_jobs2ips_mapping=()
+ declare -gA targets_jobs2ips_mapping
+ for ip_address in "${target_listing[@]}"
+ local report_path=reports/192.168.0.100
+ local configs_objects=/var/folders/vp/4k9xy96d7zx8lhmgrr4khsj80000gn/T/tmp.90hwuJyGl8/configs-targets--192.168.0.100.list
+ :
+ [[ -d reports/192.168.0.100 ]]
+ for ext in "${file_extensions[@]}"
+ find reports/192.168.0.100 -type f -name '*.cfg'
+ for ext in "${file_extensions[@]}"
+ find reports/192.168.0.100 -type f -name '*.conf'
+ [[ ! -s /var/folders/vp/4k9xy96d7zx8lhmgrr4khsj80000gn/T/tmp.90hwuJyGl8/configs-targets--192.168.0.100.list ]]
+ local target_config=targets/192.168.0.100.json
+ local configs_targets__console=/var/folders/vp/4k9xy96d7zx8lhmgrr4khsj80000gn/T/tmp.90hwuJyGl8/configs-targets--192.168.0.100
+ local job_pid=31040
+ targets_jobs_pid+=("${job_pid}")
+ targets_jobs2ips_mapping["${job_pid}"]=192.168.0.100
+ for ip_address in "${target_listing[@]}"
+ local report_path=reports/192.168.1.10
+ local configs_objects=/var/folders/vp/4k9xy96d7zx8lhmgrr4khsj80000gn/T/tmp.90hwuJyGl8/configs-targets--192.168.1.10.list
+ :
+ [[ -d reports/192.168.1.10 ]]
+ for ext in "${file_extensions[@]}"
+ find reports/192.168.1.10 -type f -name '*.cfg'
+ configs_targets --search=192.168.0.100 --source=/var/folders/vp/4k9xy96d7zx8lhmgrr4khsj80000gn/T/tmp.90hwuJyGl8/configs-targets--192.168.0.100.list --target=targets/192.168.0.100.json --logger=/var/folders/vp/4k9xy96d7zx8lhmgrr4khsj80000gn/T/tmp.90hwuJyGl8/configs-targets--192.168.0.100.console --verbose
+ for ext in "${file_extensions[@]}"
+ find reports/192.168.1.10 -type f -name '*.conf'
+ [[ ! -s /var/folders/vp/4k9xy96d7zx8lhmgrr4khsj80000gn/T/tmp.90hwuJyGl8/configs-targets--192.168.1.10.list ]]
+ local target_config=targets/192.168.1.10.json
+ local configs_targets__console=/var/folders/vp/4k9xy96d7zx8lhmgrr4khsj80000gn/T/tmp.90hwuJyGl8/configs-targets--192.168.1.10
+ local job_pid=31049
+ targets_jobs_pid+=("${job_pid}")
+ targets_jobs2ips_mapping["${job_pid}"]=192.168.1.10
+ for ip_address in "${target_listing[@]}"
+ local report_path=reports/192.168.1.11
+ local configs_objects=/var/folders/vp/4k9xy96d7zx8lhmgrr4khsj80000gn/T/tmp.90hwuJyGl8/configs-targets--192.168.1.11.list
+ :
+ [[ -d reports/192.168.1.11 ]]
+ for ext in "${file_extensions[@]}"
+ find reports/192.168.1.11 -type f -name '*.cfg'
+ configs_targets --search=192.168.1.10 --source=/var/folders/vp/4k9xy96d7zx8lhmgrr4khsj80000gn/T/tmp.90hwuJyGl8/configs-targets--192.168.1.10.list --target=targets/192.168.1.10.json --logger=/var/folders/vp/4k9xy96d7zx8lhmgrr4khsj80000gn/T/tmp.90hwuJyGl8/configs-targets--192.168.1.10.console --verbose
+ for ext in "${file_extensions[@]}"
+ find reports/192.168.1.11 -type f -name '*.conf'
+ [[ ! -s /var/folders/vp/4k9xy96d7zx8lhmgrr4khsj80000gn/T/tmp.90hwuJyGl8/configs-targets--192.168.1.11.list ]]
+ local target_config=targets/192.168.1.11.json
+ local configs_targets__console=/var/folders/vp/4k9xy96d7zx8lhmgrr4khsj80000gn/T/tmp.90hwuJyGl8/configs-targets--192.168.1.11
+ local job_pid=31062
+ targets_jobs_pid+=("${job_pid}")
+ targets_jobs2ips_mapping["${job_pid}"]=192.168.1.11
+ for ip_address in "${target_listing[@]}"
+ local report_path=reports/192.168.2.12
+ local configs_objects=/var/folders/vp/4k9xy96d7zx8lhmgrr4khsj80000gn/T/tmp.90hwuJyGl8/configs-targets--192.168.2.12.list
+ :
+ [[ -d reports/192.168.2.12 ]]
+ for ext in "${file_extensions[@]}"
+ find reports/192.168.2.12 -type f -name '*.cfg'
+ configs_targets --search=192.168.1.11 --source=/var/folders/vp/4k9xy96d7zx8lhmgrr4khsj80000gn/T/tmp.90hwuJyGl8/configs-targets--192.168.1.11.list --target=targets/192.168.1.11.json --logger=/var/folders/vp/4k9xy96d7zx8lhmgrr4khsj80000gn/T/tmp.90hwuJyGl8/configs-targets--192.168.1.11.console --verbose
+ for ext in "${file_extensions[@]}"
+ find reports/192.168.2.12 -type f -name '*.conf'
+ [[ ! -s /var/folders/vp/4k9xy96d7zx8lhmgrr4khsj80000gn/T/tmp.90hwuJyGl8/configs-targets--192.168.2.12.list ]]
+ local target_config=targets/192.168.2.12.json
+ local configs_targets__console=/var/folders/vp/4k9xy96d7zx8lhmgrr4khsj80000gn/T/tmp.90hwuJyGl8/configs-targets--192.168.2.12
+ local job_pid=31082
+ targets_jobs_pid+=("${job_pid}")
+ targets_jobs2ips_mapping["${job_pid}"]=192.168.2.12
+ for ip_address in "${target_listing[@]}"
+ local report_path=reports/192.168.100.100
+ local configs_objects=/var/folders/vp/4k9xy96d7zx8lhmgrr4khsj80000gn/T/tmp.90hwuJyGl8/configs-targets--192.168.100.100.list
+ :
+ [[ -d reports/192.168.100.100 ]]
+ for ext in "${file_extensions[@]}"
+ find reports/192.168.100.100 -type f -name '*.cfg'
+ configs_targets --search=192.168.2.12 --source=/var/folders/vp/4k9xy96d7zx8lhmgrr4khsj80000gn/T/tmp.90hwuJyGl8/configs-targets--192.168.2.12.list --target=targets/192.168.2.12.json --logger=/var/folders/vp/4k9xy96d7zx8lhmgrr4khsj80000gn/T/tmp.90hwuJyGl8/configs-targets--192.168.2.12.console --verbose
+ for ext in "${file_extensions[@]}"
+ find reports/192.168.100.100 -type f -name '*.conf'
+ [[ ! -s /var/folders/vp/4k9xy96d7zx8lhmgrr4khsj80000gn/T/tmp.90hwuJyGl8/configs-targets--192.168.100.100.list ]]
+ local target_config=targets/192.168.100.100.json
+ local configs_targets__console=/var/folders/vp/4k9xy96d7zx8lhmgrr4khsj80000gn/T/tmp.90hwuJyGl8/configs-targets--192.168.100.100
+ local job_pid=31105
+ targets_jobs_pid+=("${job_pid}")
+ targets_jobs2ips_mapping["${job_pid}"]=192.168.100.100
+ for ip_address in "${target_listing[@]}"
+ local report_path=reports/198.51.100.75
+ local configs_objects=/var/folders/vp/4k9xy96d7zx8lhmgrr4khsj80000gn/T/tmp.90hwuJyGl8/configs-targets--198.51.100.75.list
+ :
+ [[ -d reports/198.51.100.75 ]]
+ for ext in "${file_extensions[@]}"
+ find reports/198.51.100.75 -type f -name '*.cfg'
+ configs_targets --search=192.168.100.100 --source=/var/folders/vp/4k9xy96d7zx8lhmgrr4khsj80000gn/T/tmp.90hwuJyGl8/configs-targets--192.168.100.100.list --target=targets/192.168.100.100.json --logger=/var/folders/vp/4k9xy96d7zx8lhmgrr4khsj80000gn/T/tmp.90hwuJyGl8/configs-targets--192.168.100.100.console --verbose
+ for ext in "${file_extensions[@]}"
+ find reports/198.51.100.75 -type f -name '*.conf'
+ [[ ! -s /var/folders/vp/4k9xy96d7zx8lhmgrr4khsj80000gn/T/tmp.90hwuJyGl8/configs-targets--198.51.100.75.list ]]
+ local target_config=targets/198.51.100.75.json
+ local configs_targets__console=/var/folders/vp/4k9xy96d7zx8lhmgrr4khsj80000gn/T/tmp.90hwuJyGl8/configs-targets--198.51.100.75
+ local job_pid=31129
+ targets_jobs_pid+=("${job_pid}")
+ targets_jobs2ips_mapping["${job_pid}"]=198.51.100.75
+ for ip_address in "${target_listing[@]}"
+ local report_path=reports/203.0.113.25
+ local configs_objects=/var/folders/vp/4k9xy96d7zx8lhmgrr4khsj80000gn/T/tmp.90hwuJyGl8/configs-targets--203.0.113.25.list
+ :
+ [[ -d reports/203.0.113.25 ]]
+ for ext in "${file_extensions[@]}"
+ find reports/203.0.113.25 -type f -name '*.cfg'
+ configs_targets --search=198.51.100.75 --source=/var/folders/vp/4k9xy96d7zx8lhmgrr4khsj80000gn/T/tmp.90hwuJyGl8/configs-targets--198.51.100.75.list --target=targets/198.51.100.75.json --logger=/var/folders/vp/4k9xy96d7zx8lhmgrr4khsj80000gn/T/tmp.90hwuJyGl8/configs-targets--198.51.100.75.console --verbose
+ for ext in "${file_extensions[@]}"
+ find reports/203.0.113.25 -type f -name '*.conf'
+ [[ ! -s /var/folders/vp/4k9xy96d7zx8lhmgrr4khsj80000gn/T/tmp.90hwuJyGl8/configs-targets--203.0.113.25.list ]]
+ local target_config=targets/203.0.113.25.json
+ local configs_targets__console=/var/folders/vp/4k9xy96d7zx8lhmgrr4khsj80000gn/T/tmp.90hwuJyGl8/configs-targets--203.0.113.25
+ local job_pid=31153
+ targets_jobs_pid+=("${job_pid}")
+ targets_jobs2ips_mapping["${job_pid}"]=203.0.113.25
+ ((  7 > 0  ))
+ valid_targets_jobs_pid=()
+ local valid_targets_jobs_pid
+ for pid in "${targets_jobs_pid[@]}"
+ kill -0 31040
+ valid_targets_jobs_pid+=("${pid}")
+ for pid in "${targets_jobs_pid[@]}"
+ kill -0 31049
+ valid_targets_jobs_pid+=("${pid}")
+ for pid in "${targets_jobs_pid[@]}"
+ kill -0 31062
+ valid_targets_jobs_pid+=("${pid}")
+ for pid in "${targets_jobs_pid[@]}"
+ kill -0 31082
+ valid_targets_jobs_pid+=("${pid}")
+ for pid in "${targets_jobs_pid[@]}"
+ kill -0 31105
+ valid_targets_jobs_pid+=("${pid}")
+ for pid in "${targets_jobs_pid[@]}"
+ kill -0 31129
+ valid_targets_jobs_pid+=("${pid}")
+ for pid in "${targets_jobs_pid[@]}"
+ kill -0 31153
+ valid_targets_jobs_pid+=("${pid}")
+ targets_jobs_pid=("${valid_targets_jobs_pid[@]}")
+ sleep 0.1
+ configs_targets --search=203.0.113.25 --source=/var/folders/vp/4k9xy96d7zx8lhmgrr4khsj80000gn/T/tmp.90hwuJyGl8/configs-targets--203.0.113.25.list --target=targets/203.0.113.25.json --logger=/var/folders/vp/4k9xy96d7zx8lhmgrr4khsj80000gn/T/tmp.90hwuJyGl8/configs-targets--203.0.113.25.console --verbose
+ ((  7 > 0  ))
+ valid_targets_jobs_pid=()
+ local valid_targets_jobs_pid
+ for pid in "${targets_jobs_pid[@]}"
+ kill -0 31040
+ logger=192.168.0.100
+ for pid in "${targets_jobs_pid[@]}"
+ kill -0 31049
+ valid_targets_jobs_pid+=("${pid}")
+ for pid in "${targets_jobs_pid[@]}"
+ kill -0 31062
+ valid_targets_jobs_pid+=("${pid}")
+ for pid in "${targets_jobs_pid[@]}"
+ kill -0 31082
+ valid_targets_jobs_pid+=("${pid}")
+ for pid in "${targets_jobs_pid[@]}"
+ kill -0 31105
+ valid_targets_jobs_pid+=("${pid}")
+ for pid in "${targets_jobs_pid[@]}"
+ kill -0 31129
+ valid_targets_jobs_pid+=("${pid}")
+ for pid in "${targets_jobs_pid[@]}"
+ kill -0 31153
+ valid_targets_jobs_pid+=("${pid}")
+ targets_jobs_pid=("${valid_targets_jobs_pid[@]}")
+ sleep 0.1
+ ((  6 > 0  ))
+ valid_targets_jobs_pid=()
+ local valid_targets_jobs_pid
+ for pid in "${targets_jobs_pid[@]}"
+ kill -0 31049
+ logger=192.168.1.10
+ for pid in "${targets_jobs_pid[@]}"
+ kill -0 31062
+ logger=192.168.1.11
+ for pid in "${targets_jobs_pid[@]}"
+ kill -0 31082
+ valid_targets_jobs_pid+=("${pid}")
+ for pid in "${targets_jobs_pid[@]}"
+ kill -0 31105
+ logger=192.168.100.100
+ for pid in "${targets_jobs_pid[@]}"
+ kill -0 31129
+ valid_targets_jobs_pid+=("${pid}")
+ for pid in "${targets_jobs_pid[@]}"
+ kill -0 31153
+ valid_targets_jobs_pid+=("${pid}")
+ targets_jobs_pid=("${valid_targets_jobs_pid[@]}")
+ sleep 0.1
+ ((  3 > 0  ))
+ valid_targets_jobs_pid=()
+ local valid_targets_jobs_pid
+ for pid in "${targets_jobs_pid[@]}"
+ kill -0 31082
+ logger=192.168.2.12
+ for pid in "${targets_jobs_pid[@]}"
+ kill -0 31129
+ logger=198.51.100.75
+ for pid in "${targets_jobs_pid[@]}"
+ kill -0 31153
+ logger=203.0.113.25
+ targets_jobs_pid=("${valid_targets_jobs_pid[@]}")
+ sleep 0.1
+ ((  0 > 0  ))
+ [[ true == true ]]
+ message 'Completed background jobs for matched IPs (7):'
+ [[ -n Completed background jobs for matched IPs (7): ]]
+ local 'message=Completed background jobs for matched IPs (7):'
+ echo -e 'Completed background jobs for matched IPs (7):'
+ message -------------------------------------
+ [[ -n ------------------------------------- ]]
+ local message=-------------------------------------
+ echo -e -------------------------------------
+ message ' Index  | PID    | IP Address       |'
+ [[ -n  Index  | PID    | IP Address       | ]]
+ local 'message= Index  | PID    | IP Address       |'
+ echo -e ' Index  | PID    | IP Address       |'
+ message -------------------------------------
+ [[ -n ------------------------------------- ]]
+ local message=-------------------------------------
+ echo -e -------------------------------------
+ for pid in "${!targets_jobs2ips_mapping[@]}"
+ cat -n
+ ip_address=192.168.100.100
+ printf '%-6s | %-15s\n' 31105 192.168.100.100
+ for pid in "${!targets_jobs2ips_mapping[@]}"
+ ip_address=203.0.113.25
+ printf '%-6s | %-15s\n' 31153 203.0.113.25
+ for pid in "${!targets_jobs2ips_mapping[@]}"
+ ip_address=192.168.2.12
+ printf '%-6s | %-15s\n' 31082 192.168.2.12
+ for pid in "${!targets_jobs2ips_mapping[@]}"
+ ip_address=198.51.100.75
+ printf '%-6s | %-15s\n' 31129 198.51.100.75
+ for pid in "${!targets_jobs2ips_mapping[@]}"
+ ip_address=192.168.1.11
+ printf '%-6s | %-15s\n' 31062 192.168.1.11
+ for pid in "${!targets_jobs2ips_mapping[@]}"
+ ip_address=192.168.1.10
+ printf '%-6s | %-15s\n' 31049 192.168.1.10
+ for pid in "${!targets_jobs2ips_mapping[@]}"
+ ip_address=192.168.0.100
+ printf '%-6s | %-15s\n' 31040 192.168.0.100
+ newline
+ local count=1
+ (( i = 0 ))
+ (( i < count ))
+ echo
+ (( i++ ))
+ (( i < count ))
+ for pid in "${!targets_jobs2ips_mapping[@]}"
+ ip_address=192.168.100.100
+ target_config=targets/192.168.100.100.json
+ [[ -s targets/192.168.100.100.json ]]
+ [[ -f targets/192.168.100.100.json ]]
+ message 'Completed Configuration Targets (IP): targets/192.168.100.100.json'
+ [[ -n Completed Configuration Targets (IP): targets/192.168.100.100.json ]]
+ local 'message=Completed Configuration Targets (IP): targets/192.168.100.100.json'
+ echo -e 'Completed Configuration Targets (IP): targets/192.168.100.100.json'
+ jq -r . targets/192.168.100.100.json
+ for pid in "${!targets_jobs2ips_mapping[@]}"
+ ip_address=203.0.113.25
+ target_config=targets/203.0.113.25.json
+ [[ -s targets/203.0.113.25.json ]]
+ [[ -f targets/203.0.113.25.json ]]
+ message 'Completed Configuration Targets (IP): targets/203.0.113.25.json'
+ [[ -n Completed Configuration Targets (IP): targets/203.0.113.25.json ]]
+ local 'message=Completed Configuration Targets (IP): targets/203.0.113.25.json'
+ echo -e 'Completed Configuration Targets (IP): targets/203.0.113.25.json'
+ jq -r . targets/203.0.113.25.json
+ for pid in "${!targets_jobs2ips_mapping[@]}"
+ ip_address=192.168.2.12
+ target_config=targets/192.168.2.12.json
+ [[ -s targets/192.168.2.12.json ]]
+ [[ -f targets/192.168.2.12.json ]]
+ message 'Completed Configuration Targets (IP): targets/192.168.2.12.json'
+ [[ -n Completed Configuration Targets (IP): targets/192.168.2.12.json ]]
+ local 'message=Completed Configuration Targets (IP): targets/192.168.2.12.json'
+ echo -e 'Completed Configuration Targets (IP): targets/192.168.2.12.json'
+ jq -r . targets/192.168.2.12.json
+ for pid in "${!targets_jobs2ips_mapping[@]}"
+ ip_address=198.51.100.75
+ target_config=targets/198.51.100.75.json
+ [[ -s targets/198.51.100.75.json ]]
+ [[ -f targets/198.51.100.75.json ]]
+ message 'Completed Configuration Targets (IP): targets/198.51.100.75.json'
+ [[ -n Completed Configuration Targets (IP): targets/198.51.100.75.json ]]
+ local 'message=Completed Configuration Targets (IP): targets/198.51.100.75.json'
+ echo -e 'Completed Configuration Targets (IP): targets/198.51.100.75.json'
+ jq -r . targets/198.51.100.75.json
+ for pid in "${!targets_jobs2ips_mapping[@]}"
+ ip_address=192.168.1.11
+ target_config=targets/192.168.1.11.json
+ [[ -s targets/192.168.1.11.json ]]
+ [[ -f targets/192.168.1.11.json ]]
+ message 'Completed Configuration Targets (IP): targets/192.168.1.11.json'
+ [[ -n Completed Configuration Targets (IP): targets/192.168.1.11.json ]]
+ local 'message=Completed Configuration Targets (IP): targets/192.168.1.11.json'
+ echo -e 'Completed Configuration Targets (IP): targets/192.168.1.11.json'
+ jq -r . targets/192.168.1.11.json
+ for pid in "${!targets_jobs2ips_mapping[@]}"
+ ip_address=192.168.1.10
+ target_config=targets/192.168.1.10.json
+ [[ -s targets/192.168.1.10.json ]]
+ [[ -f targets/192.168.1.10.json ]]
+ message 'Completed Configuration Targets (IP): targets/192.168.1.10.json'
+ [[ -n Completed Configuration Targets (IP): targets/192.168.1.10.json ]]
+ local 'message=Completed Configuration Targets (IP): targets/192.168.1.10.json'
+ echo -e 'Completed Configuration Targets (IP): targets/192.168.1.10.json'
+ jq -r . targets/192.168.1.10.json
+ for pid in "${!targets_jobs2ips_mapping[@]}"
+ ip_address=192.168.0.100
+ target_config=targets/192.168.0.100.json
+ [[ -s targets/192.168.0.100.json ]]
+ [[ -f targets/192.168.0.100.json ]]
+ message 'Completed Configuration Targets (IP): targets/192.168.0.100.json'
+ [[ -n Completed Configuration Targets (IP): targets/192.168.0.100.json ]]
+ local 'message=Completed Configuration Targets (IP): targets/192.168.0.100.json'
+ echo -e 'Completed Configuration Targets (IP): targets/192.168.0.100.json'
+ jq -r . targets/192.168.0.100.json
+ return 0
+ [[ search =~ ^(logger|l)$ ]]
+ [[ search == \d\e\b\u\g ]]
+ [[ search == \d\r\y\-\r\u\n ]]
+ [[ search == \v\e\r\b\o\s\e ]]
+ for xitem in "${@}"
+ IFS==
+ read -r key value
+ json_head='{
  "vendor": "cisco",
++ echo -e --source=/var/folders/vp/4k9xy96d7zx8lhmgrr4khsj80000gn/T/tmp.90hwuJyGl8/configs-targets--198.51.100.75.list
  "model": "",
  "version": "16.9",
  "domain": "",
  "hostname": "branch-isr-02"
}'
++ sed -e '1s|^\(-\)\{1,\}||'
+ [[ target =~ ^(search|p)$ ]]
+ [[ verbose =~ ^(search|p)$ ]]
+ [[ verbose =~ ^(source|s)$ ]]
+ [[ target =~ ^(source|s)$ ]]
+ [[ verbose =~ ^(target|t)$ ]]
+ [[ verbose =~ ^(logger|l)$ ]]
+ [[ target =~ ^(target|t)$ ]]
+ [[ verbose == \d\e\b\u\g ]]
+ local target_config=targets/192.168.100.100.json
+ [[ verbose == \d\r\y\-\r\u\n ]]
+ [[ verbose == \v\e\r\b\o\s\e ]]
+ local verbose=true
+ [[ target =~ ^(logger|l)$ ]]
+ [[ target == \d\e\b\u\g ]]
+ [[ target == \d\r\y\-\r\u\n ]]
+ [[ target == \v\e\r\b\o\s\e ]]
+ for xitem in "${@}"
+ IFS==
+ IFS=' 	
+ read -r key value
'
+ [[ -z true ]]
+ [[ -z false ]]
+ [[ -z true ]]
+ [[ -z /var/folders/vp/4k9xy96d7zx8lhmgrr4khsj80000gn/T/tmp.90hwuJyGl8/configs-targets--192.168.2.12.console ]]
+ [[ -z /var/folders/vp/4k9xy96d7zx8lhmgrr4khsj80000gn/T/tmp.90hwuJyGl8/configs-targets--192.168.2.12.list ]]
+ [[ ! -s /var/folders/vp/4k9xy96d7zx8lhmgrr4khsj80000gn/T/tmp.90hwuJyGl8/configs-targets--192.168.2.12.list ]]
+ site_device_map=()
+ declare -A site_device_map
+ local rel_path site device cfg_lines json_head json_spec
+ echo '{
  "vendor": "cisco",
  "model": "",
  "version": "16.9",
  "domain": "",
  "hostname": "branch-isr-02"
}'
+ IFS=
+ read -r config_file
+ [[ ! -f reports/192.168.2.12/misc/fw1.cfg ]]
+ jq -e .
+ rel_path=misc/fw1.cfg
+ site=misc
+ device=fw1.cfg
+ [[ ! -d reports/192.168.2.12/misc ]]
++ echo -e --logger=/var/folders/vp/4k9xy96d7zx8lhmgrr4khsj80000gn/T/tmp.90hwuJyGl8/configs-targets--192.168.100.100.console
++ sed -e '1s|^\(-\)\{1,\}||'
+ oIFS=' 	
'
++ wc -l
+ for xitem in "${@}"
+ IFS==
+ read -r key value
++ tr -d ' '
+ [[ source =~ ^(search|p)$ ]]
+ [[ source =~ ^(source|s)$ ]]
+ local source_config=/var/folders/vp/4k9xy96d7zx8lhmgrr4khsj80000gn/T/tmp.90hwuJyGl8/configs-targets--198.51.100.75.list
+ [[ source =~ ^(target|t)$ ]]
+ [[ source =~ ^(logger|l)$ ]]
+ [[ source == \d\e\b\u\g ]]
+ [[ source == \d\r\y\-\r\u\n ]]
+ [[ source == \v\e\r\b\o\s\e ]]
+ for xitem in "${@}"
+ IFS==
+ read -r key value
++ jq -n --arg file fw3.cfg --argjson lines 14 --arg path .objects/fw3.list --arg specs '{
  "vendor": "cisco",
  "model": "",
  "version": "",
  "domain": "",
  "hostname": ""
}' '{
            specs: ($specs | fromjson),
            config: {
              file: $file,
              lines: $lines,
              object: $path
            }
          }'
++ echo -e --search=203.0.113.25
++ sed -e '1s|^\(-\)\{1,\}||'
++ echo -e --target=targets/198.51.100.75.json
+ [[ logger =~ ^(search|p)$ ]]
+ [[ logger =~ ^(source|s)$ ]]
+ cfg_lines=14
+ [[ logger =~ ^(target|t)$ ]]
++ sed -e '1s|^\(-\)\{1,\}||'
+ [[ logger =~ ^(logger|l)$ ]]
+ local target_logfile=/var/folders/vp/4k9xy96d7zx8lhmgrr4khsj80000gn/T/tmp.90hwuJyGl8/configs-targets--192.168.100.100.console
+ [[ logger == \d\e\b\u\g ]]
+ [[ logger == \d\r\y\-\r\u\n ]]
+ [[ logger == \v\e\r\b\o\s\e ]]
+ for xitem in "${@}"
+ IFS==
+ read -r key value
+ json_spec='{
  "specs": {
    "vendor": "cisco",
    "model": "",
    "version": "12.4",
    "domain": "",
    "hostname": "access-sw1-west"
  },
  "config": {
    "file": "access-sw1-west.cfg",
    "lines": 21,
    "object": ".objects/access-sw1-west.list"
  }
}'
+ site_device_map["${site}"]+='{
  "specs": {
    "vendor": "cisco",
    "model": "",
    "version": "12.4",
    "domain": "",
    "hostname": "access-sw1-west"
  },
  "config": {
    "file": "access-sw1-west.cfg",
    "lines": 21,
    "object": ".objects/access-sw1-west.list"
  }
}
'
+ IFS=
+ read -r config_file
+ [[ ! -f reports/192.168.0.100/cisco/campus-sw-access01.cfg ]]
+ rel_path=cisco/campus-sw-access01.cfg
+ site=cisco
+ device=campus-sw-access01.cfg
+ [[ ! -d reports/192.168.0.100/cisco ]]
++ awk '
          BEGIN { in_json=0; depth=0; }
          {
            if (!in_json && $0 ~ /^[[:space:]]*{/) in_json=1;
            if (in_json) {
              print;
              depth += gsub(/{/, "{");
              depth -= gsub(/}/, "}");
              if (depth == 0) exit;
            }
          }
        ' reports/192.168.2.12/misc/fw1.cfg
++ echo -e --verbose
+ [[ search =~ ^(search|p)$ ]]
++ sed -e '1s|^\(-\)\{1,\}||'
++ wc -l
+ local search_pattern=203.0.113.25
+ [[ search =~ ^(source|s)$ ]]
+ [[ search =~ ^(target|t)$ ]]
+ [[ search =~ ^(logger|l)$ ]]
+ [[ search == \d\e\b\u\g ]]
+ [[ search == \d\r\y\-\r\u\n ]]
+ [[ search == \v\e\r\b\o\s\e ]]
+ for xitem in "${@}"
+ IFS==
+ read -r key value
++ tr -d ' '
+ [[ target =~ ^(search|p)$ ]]
+ [[ target =~ ^(source|s)$ ]]
+ [[ target =~ ^(target|t)$ ]]
+ local target_config=targets/198.51.100.75.json
+ [[ target =~ ^(logger|l)$ ]]
+ [[ target == \d\e\b\u\g ]]
+ [[ target == \d\r\y\-\r\u\n ]]
+ [[ target == \v\e\r\b\o\s\e ]]
+ for xitem in "${@}"
+ IFS==
+ read -r key value
++ echo -e --source=/var/folders/vp/4k9xy96d7zx8lhmgrr4khsj80000gn/T/tmp.90hwuJyGl8/configs-targets--203.0.113.25.list
++ sed -e '1s|^\(-\)\{1,\}||'
+ json_head='{
  "vendor": "cisco",
  "model": "",
  "version": "",
  "domain": "",
  "hostname": ""
}'
+ echo '{
+ [[ verbose =~ ^(search|p)$ ]]
  "vendor": "cisco",
  "model": "",
  "version": "",
  "domain": "",
  "hostname": ""
}'
+ [[ verbose =~ ^(source|s)$ ]]
+ [[ verbose =~ ^(target|t)$ ]]
+ [[ verbose =~ ^(logger|l)$ ]]
+ [[ verbose == \d\e\b\u\g ]]
+ [[ verbose == \d\r\y\-\r\u\n ]]
+ [[ verbose == \v\e\r\b\o\s\e ]]
+ local verbose=true
+ jq -e .
+ IFS=' 	
'
+ [[ -z true ]]
+ [[ -z false ]]
+ [[ -z true ]]
+ [[ -z /var/folders/vp/4k9xy96d7zx8lhmgrr4khsj80000gn/T/tmp.90hwuJyGl8/configs-targets--192.168.100.100.console ]]
+ [[ -z /var/folders/vp/4k9xy96d7zx8lhmgrr4khsj80000gn/T/tmp.90hwuJyGl8/configs-targets--192.168.100.100.list ]]
+ [[ ! -s /var/folders/vp/4k9xy96d7zx8lhmgrr4khsj80000gn/T/tmp.90hwuJyGl8/configs-targets--192.168.100.100.list ]]
++ echo -e --logger=/var/folders/vp/4k9xy96d7zx8lhmgrr4khsj80000gn/T/tmp.90hwuJyGl8/configs-targets--198.51.100.75.console
+ site_device_map=()
+ declare -A site_device_map
+ local rel_path site device cfg_lines json_head json_spec
++ sed -e '1s|^\(-\)\{1,\}||'
+ IFS=
+ read -r config_file
+ [[ ! -f reports/192.168.100.100/cisco/dmz-fw2-backup.cfg ]]
+ rel_path=cisco/dmz-fw2-backup.cfg
+ site=cisco
+ device=dmz-fw2-backup.cfg
+ cfg_lines=17
+ [[ ! -d reports/192.168.100.100/cisco ]]
++ awk '
          BEGIN { in_json=0; depth=0; }
          {
            if (!in_json && $0 ~ /^[[:space:]]*{/) in_json=1;
            if (in_json) {
              print;
              depth += gsub(/{/, "{");
              depth -= gsub(/}/, "}");
              if (depth == 0) exit;
            }
          }
        ' reports/192.168.0.100/cisco/campus-sw-access01.cfg
++ wc -l
++ jq -n --arg file branch-isr-02.cfg --argjson lines 16 --arg path .objects/branch-isr-02.list --arg specs '{
  "vendor": "cisco",
  "model": "",
+ [[ source =~ ^(search|p)$ ]]
  "version": "16.9",
  "domain": "",
  "hostname": "branch-isr-02"
}' '{
            specs: ($specs | fromjson),
            config: {
              file: $file,
              lines: $lines,
              object: $path
            }
          }'
+ [[ source =~ ^(source|s)$ ]]
+ local source_config=/var/folders/vp/4k9xy96d7zx8lhmgrr4khsj80000gn/T/tmp.90hwuJyGl8/configs-targets--203.0.113.25.list
+ [[ source =~ ^(target|t)$ ]]
+ [[ source =~ ^(logger|l)$ ]]
+ [[ source == \d\e\b\u\g ]]
+ [[ source == \d\r\y\-\r\u\n ]]
+ [[ source == \v\e\r\b\o\s\e ]]
+ for xitem in "${@}"
+ IFS==
+ read -r key value
++ tr -d ' '
+ [[ logger =~ ^(search|p)$ ]]
+ [[ logger =~ ^(source|s)$ ]]
+ [[ logger =~ ^(target|t)$ ]]
+ [[ logger =~ ^(logger|l)$ ]]
+ local target_logfile=/var/folders/vp/4k9xy96d7zx8lhmgrr4khsj80000gn/T/tmp.90hwuJyGl8/configs-targets--198.51.100.75.console
+ [[ logger == \d\e\b\u\g ]]
+ [[ logger == \d\r\y\-\r\u\n ]]
+ [[ logger == \v\e\r\b\o\s\e ]]
+ for xitem in "${@}"
+ IFS==
+ read -r key value
++ echo -e --target=targets/203.0.113.25.json
++ sed -e '1s|^\(-\)\{1,\}||'
+ json_spec='{
  "specs": {
    "vendor": "cisco",
    "model": "",
    "version": "",
    "domain": "",
    "hostname": ""
  },
  "config": {
    "file": "fw3.cfg",
    "lines": 14,
    "object": ".objects/fw3.list"
  }
}'
+ site_device_map["${site}"]+='{
  "specs": {
    "vendor": "cisco",
    "model": "",
    "version": "",
    "domain": "",
    "hostname": ""
  },
  "config": {
    "file": "fw3.cfg",
    "lines": 14,
    "object": ".objects/fw3.list"
  }
}
'
+ IFS=
+ read -r config_file
+ [[ ! -f reports/192.168.1.10/misc/fw1.cfg ]]
+ rel_path=misc/fw1.cfg
+ site=misc
+ device=fw1.cfg
+ [[ ! -d reports/192.168.1.10/misc ]]
+ json_head='{
  "vendor": "cisco",
  "model": "",
  "version": "12.2",
  "domain": "",
  "hostname": "campus-sw-access01"
}'
+ echo '{
  "vendor": "cisco",
  "model": "",
  "version": "12.2",
  "domain": "",
  "hostname": "campus-sw-access01"
+ cfg_lines=26
}'
++ echo -e --verbose
+ jq -e .
++ sed -e '1s|^\(-\)\{1,\}||'
++ wc -l
++ tr -d ' '
++ awk '
          BEGIN { in_json=0; depth=0; }
          {
            if (!in_json && $0 ~ /^[[:space:]]*{/) in_json=1;
            if (in_json) {
              print;
              depth += gsub(/{/, "{");
              depth -= gsub(/}/, "}");
              if (depth == 0) exit;
            }
          }
        ' reports/192.168.100.100/cisco/dmz-fw2-backup.cfg
+ [[ target =~ ^(search|p)$ ]]
+ [[ target =~ ^(source|s)$ ]]
+ [[ target =~ ^(target|t)$ ]]
+ local target_config=targets/203.0.113.25.json
+ [[ target =~ ^(logger|l)$ ]]
+ [[ target == \d\e\b\u\g ]]
+ [[ target == \d\r\y\-\r\u\n ]]
+ [[ target == \v\e\r\b\o\s\e ]]
+ for xitem in "${@}"
+ IFS==
+ read -r key value
++ echo -e --logger=/var/folders/vp/4k9xy96d7zx8lhmgrr4khsj80000gn/T/tmp.90hwuJyGl8/configs-targets--203.0.113.25.console
+ [[ verbose =~ ^(search|p)$ ]]
+ [[ verbose =~ ^(source|s)$ ]]
+ [[ verbose =~ ^(target|t)$ ]]
+ cfg_lines=13
+ [[ verbose =~ ^(logger|l)$ ]]
+ [[ verbose == \d\e\b\u\g ]]
+ [[ verbose == \d\r\y\-\r\u\n ]]
+ [[ verbose == \v\e\r\b\o\s\e ]]
+ local verbose=true
++ sed -e '1s|^\(-\)\{1,\}||'
+ IFS=' 	
'
+ [[ -z true ]]
+ [[ -z false ]]
+ [[ -z true ]]
+ json_head='{
+ [[ -z /var/folders/vp/4k9xy96d7zx8lhmgrr4khsj80000gn/T/tmp.90hwuJyGl8/configs-targets--198.51.100.75.console ]]
  "vendor": "cisco",
  "model": "ASA",
  "version": "9.12(4)",
+ [[ -z /var/folders/vp/4k9xy96d7zx8lhmgrr4khsj80000gn/T/tmp.90hwuJyGl8/configs-targets--198.51.100.75.list ]]
  "domain": "global.dmz.example.net",
  "hostname": "dmz-fw2-backup"
}'
+ [[ ! -s /var/folders/vp/4k9xy96d7zx8lhmgrr4khsj80000gn/T/tmp.90hwuJyGl8/configs-targets--198.51.100.75.list ]]
+ site_device_map=()
+ declare -A site_device_map
+ local rel_path site device cfg_lines json_head json_spec
+ IFS=
+ read -r config_file
+ [[ ! -f reports/198.51.100.75/misc/fw1.cfg ]]
+ rel_path=misc/fw1.cfg
+ site=misc
+ device=fw1.cfg
+ [[ ! -d reports/198.51.100.75/misc ]]
++ awk '
          BEGIN { in_json=0; depth=0; }
          {
            if (!in_json && $0 ~ /^[[:space:]]*{/) in_json=1;
            if (in_json) {
              print;
              depth += gsub(/{/, "{");
              depth -= gsub(/}/, "}");
              if (depth == 0) exit;
            }
          }
        ' reports/192.168.1.10/misc/fw1.cfg
+ echo '{
  "vendor": "cisco",
  "model": "ASA",
  "version": "9.12(4)",
  "domain": "global.dmz.example.net",
  "hostname": "dmz-fw2-backup"
}'
+ jq -e .
++ wc -l
++ tr -d ' '
++ jq -n --arg file fw1.cfg --argjson lines 14 --arg path .objects/fw1.list --arg specs '{
  "vendor": "cisco",
  "model": "",
  "version": "",
  "domain": "",
  "hostname": ""
}' '{
            specs: ($specs | fromjson),
            config: {
              file: $file,
              lines: $lines,
              object: $path
            }
          }'
+ [[ logger =~ ^(search|p)$ ]]
+ [[ logger =~ ^(source|s)$ ]]
+ [[ logger =~ ^(target|t)$ ]]
+ [[ logger =~ ^(logger|l)$ ]]
+ local target_logfile=/var/folders/vp/4k9xy96d7zx8lhmgrr4khsj80000gn/T/tmp.90hwuJyGl8/configs-targets--203.0.113.25.console
+ [[ logger == \d\e\b\u\g ]]
+ [[ logger == \d\r\y\-\r\u\n ]]
+ [[ logger == \v\e\r\b\o\s\e ]]
+ for xitem in "${@}"
+ IFS==
+ read -r key value
+ json_head='{
  "vendor": "cisco",
  "model": "",
  "version": "",
  "domain": "",
  "hostname": ""
}'
+ json_spec='{
  "specs": {
    "vendor": "cisco",
    "model": "",
    "version": "16.9",
    "domain": "",
    "hostname": "branch-isr-02"
  },
  "config": {
    "file": "branch-isr-02.cfg",
    "lines": 16,
    "object": ".objects/branch-isr-02.list"
  }
}'
+ site_device_map["${site}"]+='{
  "specs": {
    "vendor": "cisco",
    "model": "",
    "version": "16.9",
    "domain": "",
    "hostname": "branch-isr-02"
  },
  "config": {
    "file": "branch-isr-02.cfg",
    "lines": 16,
    "object": ".objects/branch-isr-02.list"
  }
}
'
+ IFS=
+ read -r config_file
+ [[ ! -f reports/192.168.1.11/fortinet/fg-campus-core.cfg ]]
+ rel_path=fortinet/fg-campus-core.cfg
+ site=fortinet
+ device=fg-campus-core.cfg
+ [[ ! -d reports/192.168.1.11/fortinet ]]
+ echo '{
  "vendor": "cisco",
  "model": "",
  "version": "",
  "domain": "",
  "hostname": ""
}'
+ jq -e .
+ cfg_lines=17
++ echo -e --verbose
++ sed -e '1s|^\(-\)\{1,\}||'
++ awk '
          BEGIN { in_json=0; depth=0; }
          {
            if (!in_json && $0 ~ /^[[:space:]]*{/) in_json=1;
            if (in_json) {
++ wc -l
              print;
              depth += gsub(/{/, "{");
              depth -= gsub(/}/, "}");
              if (depth == 0) exit;
            }
          }
        ' reports/198.51.100.75/misc/fw1.cfg
++ tr -d ' '
++ jq -n --arg file campus-sw-access01.cfg --argjson lines 17 --arg path .objects/campus-sw-access01.list --arg specs '{
  "vendor": "cisco",
  "model": "",
  "version": "12.2",
  "domain": "",
  "hostname": "campus-sw-access01"
}' '{
            specs: ($specs | fromjson),
            config: {
              file: $file,
              lines: $lines,
              object: $path
            }
          }'
+ json_head='{
  "vendor": "cisco",
  "model": "",
+ [[ verbose =~ ^(search|p)$ ]]
  "version": "",
  "domain": "",
  "hostname": ""
}'
+ [[ verbose =~ ^(source|s)$ ]]
+ [[ verbose =~ ^(target|t)$ ]]
+ [[ verbose =~ ^(logger|l)$ ]]
+ [[ verbose == \d\e\b\u\g ]]
+ [[ verbose == \d\r\y\-\r\u\n ]]
+ [[ verbose == \v\e\r\b\o\s\e ]]
+ local verbose=true
+ IFS=' 	
'
+ [[ -z true ]]
+ [[ -z false ]]
+ [[ -z true ]]
+ [[ -z /var/folders/vp/4k9xy96d7zx8lhmgrr4khsj80000gn/T/tmp.90hwuJyGl8/configs-targets--203.0.113.25.console ]]
+ cfg_lines=18
+ [[ -z /var/folders/vp/4k9xy96d7zx8lhmgrr4khsj80000gn/T/tmp.90hwuJyGl8/configs-targets--203.0.113.25.list ]]
+ [[ ! -s /var/folders/vp/4k9xy96d7zx8lhmgrr4khsj80000gn/T/tmp.90hwuJyGl8/configs-targets--203.0.113.25.list ]]
+ site_device_map=()
+ declare -A site_device_map
+ local rel_path site device cfg_lines json_head json_spec
+ IFS=
+ read -r config_file
+ [[ ! -f reports/203.0.113.25/misc/fw3.cfg ]]
+ rel_path=misc/fw3.cfg
+ site=misc
+ device=fw3.cfg
+ [[ ! -d reports/203.0.113.25/misc ]]
+ echo '{
  "vendor": "cisco",
  "model": "",
  "version": "",
  "domain": "",
  "hostname": ""
}'
+ jq -e .
++ awk '
          BEGIN { in_json=0; depth=0; }
          {
            if (!in_json && $0 ~ /^[[:space:]]*{/) in_json=1;
            if (in_json) {
              print;
              depth += gsub(/{/, "{");
              depth -= gsub(/}/, "}");
              if (depth == 0) exit;
            }
          }
        ' reports/192.168.1.11/fortinet/fg-campus-core.cfg
++ wc -l
++ tr -d ' '
++ jq -n --arg file dmz-fw2-backup.cfg --argjson lines 26 --arg path .objects/dmz-fw2-backup.list --arg specs '{
  "vendor": "cisco",
  "model": "ASA",
  "version": "9.12(4)",
  "domain": "global.dmz.example.net",
  "hostname": "dmz-fw2-backup"
}' '{
            specs: ($specs | fromjson),
            config: {
              file: $file,
              lines: $lines,
              object: $path
            }
          }'
+ json_head='{
  "vendor": "fortinet",
  "model": "FortiGate-200F",
  "version": "",
  "domain": "",
  "hostname": "fg-campus-core"
}'
+ json_spec='{
  "specs": {
    "vendor": "cisco",
    "model": "",
    "version": "",
    "domain": "",
    "hostname": ""
  },
  "config": {
    "file": "fw1.cfg",
    "lines": 14,
    "object": ".objects/fw1.list"
  }
}'
+ site_device_map["${site}"]+='{
  "specs": {
    "vendor": "cisco",
    "model": "",
    "version": "",
    "domain": "",
    "hostname": ""
  },
  "config": {
+ cfg_lines=13
    "file": "fw1.cfg",
    "lines": 14,
    "object": ".objects/fw1.list"
  }
}
'
+ IFS=
+ read -r config_file
+ [[ ! -f reports/192.168.2.12/cisco/branch-isr-02.cfg ]]
+ rel_path=cisco/branch-isr-02.cfg
+ site=cisco
+ device=branch-isr-02.cfg
+ [[ ! -d reports/192.168.2.12/cisco ]]
+ echo '{
  "vendor": "fortinet",
  "model": "FortiGate-200F",
  "version": "",
  "domain": "",
  "hostname": "fg-campus-core"
}'
+ jq -e .
++ awk '
          BEGIN { in_json=0; depth=0; }
          {
            if (!in_json && $0 ~ /^[[:space:]]*{/) in_json=1;
            if (in_json) {
              print;
              depth += gsub(/{/, "{");
              depth -= gsub(/}/, "}");
              if (depth == 0) exit;
            }
          }
        ' reports/203.0.113.25/misc/fw3.cfg
++ wc -l
++ tr -d ' '
++ jq -n --arg file fw1.cfg --argjson lines 13 --arg path .objects/fw1.list --arg specs '{
  "vendor": "cisco",
  "model": "",
  "version": "",
  "domain": "",
  "hostname": ""
}' '{
            specs: ($specs | fromjson),
            config: {
              file: $file,
              lines: $lines,
              object: $path
            }
          }'
+ json_head='{
  "vendor": "cisco",
  "model": "",
  "version": "",
  "domain": "",
  "hostname": ""
}'
+ json_spec='{
  "specs": {
    "vendor": "cisco",
    "model": "",
    "version": "12.2",
    "domain": "",
    "hostname": "campus-sw-access01"
  },
  "config": {
    "file": "campus-sw-access01.cfg",
    "lines": 17,
    "object": ".objects/campus-sw-access01.list"
  }
}'
+ site_device_map["${site}"]+='{
  "specs": {
    "vendor": "cisco",
    "model": "",
    "version": "12.2",
    "domain": "",
    "hostname": "campus-sw-access01"
  },
  "config": {
    "file": "campus-sw-access01.cfg",
    "lines": 17,
    "object": ".objects/campus-sw-access01.list"
  }
}
'
+ IFS=
+ read -r config_file
+ echo '{
  "vendor": "cisco",
  "model": "",
+ cfg_lines=20
  "version": "",
  "domain": "",
  "hostname": ""
}'
+ jq -e .
+ printf ' { "target": "%s", "locations": { ' 192.168.0.100
+ first=true
+ jq .
++ awk '
          BEGIN { in_json=0; depth=0; }
          {
            if (!in_json && $0 ~ /^[[:space:]]*{/) in_json=1;
            if (in_json) {
              print;
              depth += gsub(/{/, "{");
              depth -= gsub(/}/, "}");
              if (depth == 0) exit;
            }
          }
        ' reports/192.168.2.12/cisco/branch-isr-02.cfg
++ printf '%s\n' cisco
++ sort -u
++ jq -n --arg file fw1.cfg --argjson lines 17 --arg path .objects/fw1.list --arg specs '{
  "vendor": "cisco",
  "model": "",
  "version": "",
  "domain": "",
  "hostname": ""
}' '{
            specs: ($specs | fromjson),
            config: {
              file: $file,
              lines: $lines,
              object: $path
            }
          }'
+ json_head='{
  "vendor": "cisco",
  "model": "",
  "version": "16.9",
  "domain": "",
  "hostname": "branch-isr-02"
}'
+ echo '{
  "vendor": "cisco",
  "model": "",
  "version": "16.9",
  "domain": "",
  "hostname": "branch-isr-02"
}'
+ jq -e .
+ for site in $(printf '%s\n' "${!site_device_map[@]}" | sort -u)
+ [[ -z {
  "specs": {
    "vendor": "cisco",
    "model": "",
    "version": "12.4",
    "domain": "",
    "hostname": "access-sw1-west"
  },
  "config": {
    "file": "access-sw1-west.cfg",
    "lines": 21,
    "object": ".objects/access-sw1-west.list"
  }
}
{
  "specs": {
    "vendor": "cisco",
    "model": "",
    "version": "12.2",
    "domain": "",
    "hostname": "campus-sw-access01"
  },
  "config": {
    "file": "campus-sw-access01.cfg",
    "lines": 17,
    "object": ".objects/campus-sw-access01.list"
  }
}
 ]]
+ true
+ first=false
+ printf ' "%s": { "devices": ' cisco
+ print '{
  "specs": {
    "vendor": "cisco",
    "model": "",
    "version": "12.4",
    "domain": "",
    "hostname": "access-sw1-west"
  },
  "config": {
    "file": "access-sw1-west.cfg",
    "lines": 21,
    "object": ".objects/access-sw1-west.list"
  }
}
{
  "specs": {
    "vendor": "cisco",
    "model": "",
    "version": "12.2",
    "domain": "",
    "hostname": "campus-sw-access01"
  },
  "config": {
    "file": "campus-sw-access01.cfg",
    "lines": 17,
    "object": ".objects/campus-sw-access01.list"
  }
}
'
+ [[ -n {
  "specs": {
    "vendor": "cisco",
    "model": "",
    "version": "12.4",
    "domain": "",
    "hostname": "access-sw1-west"
  },
  "config": {
    "file": "access-sw1-west.cfg",
    "lines": 21,
    "object": ".objects/access-sw1-west.list"
  }
}
{
+ json_spec='{
  "specs": {
  "specs": {
    "vendor": "cisco",
    "vendor": "cisco",
    "model": "",
    "model": "ASA",
    "version": "12.2",
    "version": "9.12(4)",
    "domain": "",
    "domain": "global.dmz.example.net",
    "hostname": "campus-sw-access01"
    "hostname": "dmz-fw2-backup"
  },
  },
  "config": {
  "config": {
    "file": "campus-sw-access01.cfg",
    "file": "dmz-fw2-backup.cfg",
    "lines": 17,
    "lines": 26,
    "object": ".objects/campus-sw-access01.list"
    "object": ".objects/dmz-fw2-backup.list"
  }
  }
}
}'
 ]]
+ echo -en '{
  "specs": {
    "vendor": "cisco",
    "model": "",
+ site_device_map["${site}"]+='{
    "version": "12.4",
  "specs": {
    "domain": "",
    "vendor": "cisco",
    "hostname": "access-sw1-west"
    "model": "ASA",
  },
    "version": "9.12(4)",
  "config": {
    "domain": "global.dmz.example.net",
    "file": "access-sw1-west.cfg",
    "hostname": "dmz-fw2-backup"
    "lines": 21,
  },
    "object": ".objects/access-sw1-west.list"
  "config": {
  }
    "file": "dmz-fw2-backup.cfg",
}
    "lines": 26,
{
    "object": ".objects/dmz-fw2-backup.list"
  "specs": {
    "vendor": "cisco",
    "model": "",
  }
    "version": "12.2",
    "domain": "",
}
'
    "hostname": "campus-sw-access01"
  },
  "config": {
    "file": "campus-sw-access01.cfg",
    "lines": 17,
    "object": ".objects/campus-sw-access01.list"
  }
}
+ IFS=
'
+ read -r config_file
+ [[ ! -f reports/192.168.100.100/fortinet/fg-campus-core.cfg ]]
+ rel_path=fortinet/fg-campus-core.cfg
+ site=fortinet
+ device=fg-campus-core.cfg
+ [[ ! -d reports/192.168.100.100/fortinet ]]
+ jq -s .
++ jq -n --arg file fg-campus-core.cfg --argjson lines 18 --arg path .objects/fg-campus-core.list --arg specs '{
  "vendor": "fortinet",
  "model": "FortiGate-200F",
  "version": "",
  "domain": "",
  "hostname": "fg-campus-core"
}' '{
            specs: ($specs | fromjson),
            config: {
              file: $file,
              lines: $lines,
              object: $path
            }
          }'
++ wc -l
++ tr -d ' '
+ json_spec='{
  "specs": {
    "vendor": "cisco",
    "model": "",
    "version": "",
    "domain": "",
    "hostname": ""
  },
  "config": {
    "file": "fw1.cfg",
    "lines": 13,
    "object": ".objects/fw1.list"
  }
}'
+ site_device_map["${site}"]+='{
  "specs": {
    "vendor": "cisco",
    "model": "",
    "version": "",
    "domain": "",
    "hostname": ""
  },
  "config": {
    "file": "fw1.cfg",
    "lines": 13,
    "object": ".objects/fw1.list"
  }
}
'
+ IFS=
+ read -r config_file
+ [[ ! -f reports/192.168.1.10/fortinet/fg-branch-vpn-01.cfg ]]
+ rel_path=fortinet/fg-branch-vpn-01.cfg
+ site=fortinet
+ device=fg-branch-vpn-01.cfg
+ [[ ! -d reports/192.168.1.10/fortinet ]]
++ wc -l
++ tr -d ' '
+ cfg_lines=32
++ jq -n --arg file fw3.cfg --argjson lines 13 --arg path .objects/fw3.list --arg specs '{
  "vendor": "cisco",
  "model": "",
  "version": "",
  "domain": "",
  "hostname": ""
}' '{
            specs: ($specs | fromjson),
            config: {
              file: $file,
              lines: $lines,
              object: $path
            }
          }'
++ awk '
          BEGIN { in_json=0; depth=0; }
          {
            if (!in_json && $0 ~ /^[[:space:]]*{/) in_json=1;
            if (in_json) {
              print;
              depth += gsub(/{/, "{");
              depth -= gsub(/}/, "}");
              if (depth == 0) exit;
            }
          }
        ' reports/192.168.100.100/fortinet/fg-campus-core.cfg
+ cfg_lines=19
+ json_spec='{
  "specs": {
    "vendor": "cisco",
    "model": "",
    "version": "",
    "domain": "",
    "hostname": ""
  },
  "config": {
    "file": "fw1.cfg",
    "lines": 17,
    "object": ".objects/fw1.list"
  }
}'
+ site_device_map["${site}"]+='{
  "specs": {
    "vendor": "cisco",
    "model": "",
    "version": "",
    "domain": "",
    "hostname": ""
  },
  "config": {
    "file": "fw1.cfg",
    "lines": 17,
    "object": ".objects/fw1.list"
  }
}
'
+ IFS=
+ read -r config_file
+ [[ ! -f reports/198.51.100.75/cisco/branch-isr-02.cfg ]]
+ rel_path=cisco/branch-isr-02.cfg
+ site=cisco
+ device=branch-isr-02.cfg
+ [[ ! -d reports/198.51.100.75/cisco ]]
++ awk '
          BEGIN { in_json=0; depth=0; }
          {
            if (!in_json && $0 ~ /^[[:space:]]*{/) in_json=1;
            if (in_json) {
              print;
              depth += gsub(/{/, "{");
              depth -= gsub(/}/, "}");
              if (depth == 0) exit;
            }
          }
+ json_head='{
        ' reports/192.168.1.10/fortinet/fg-branch-vpn-01.cfg
  "vendor": "fortinet",
  "model": "FortiGate-200F",
  "version": "",
  "domain": "",
  "hostname": "fg-campus-core"
}'
+ echo '{
  "vendor": "fortinet",
  "model": "FortiGate-200F",
  "version": "",
  "domain": "",
  "hostname": "fg-campus-core"
}'
+ jq -e .
++ wc -l
+ printf ' } '
+ printf ' } } '
++ jq -n --arg file branch-isr-02.cfg --argjson lines 20 --arg path .objects/branch-isr-02.list --arg specs '{
  "vendor": "cisco",
  "model": "",
  "version": "16.9",
  "domain": "",
  "hostname": "branch-isr-02"
}' '{
            specs: ($specs | fromjson),
            config: {
              file: $file,
              lines: $lines,
              object: $path
            }
          }'
++ tr -d ' '
+ json_spec='{
  "specs": {
    "vendor": "fortinet",
    "model": "FortiGate-200F",
    "version": "",
    "domain": "",
    "hostname": "fg-campus-core"
  },
  "config": {
    "file": "fg-campus-core.cfg",
    "lines": 18,
    "object": ".objects/fg-campus-core.list"
  }
}'
+ site_device_map["${site}"]+='{
  "specs": {
    "vendor": "fortinet",
    "model": "FortiGate-200F",
    "version": "",
    "domain": "",
    "hostname": "fg-campus-core"
  },
  "config": {
+ return 0
    "file": "fg-campus-core.cfg",
    "lines": 18,
    "object": ".objects/fg-campus-core.list"
  }
}
'
+ IFS=
+ read -r config_file
+ json_head='{
  "vendor": "fortinet",
  "model": "FortiGate-60F",
  "version": "v7.2.5.F",
  "domain": "",
  "hostname": "fg-branch-vpn-01"
}'
+ printf ' { "target": "%s", "locations": { ' 192.168.1.11
+ first=true
+ echo '{
  "vendor": "fortinet",
+ jq .
  "model": "FortiGate-60F",
  "version": "v7.2.5.F",
  "domain": "",
  "hostname": "fg-branch-vpn-01"
}'
+ jq -e .
+ cfg_lines=20
++ printf '%s\n' fortinet cisco
++ sort -u
++ awk '
          BEGIN { in_json=0; depth=0; }
          {
            if (!in_json && $0 ~ /^[[:space:]]*{/) in_json=1;
            if (in_json) {
              print;
              depth += gsub(/{/, "{");
              depth -= gsub(/}/, "}");
              if (depth == 0) exit;
            }
          }
        ' reports/198.51.100.75/cisco/branch-isr-02.cfg
+ json_spec='{
  "specs": {
    "vendor": "cisco",
    "model": "",
    "version": "",
    "domain": "",
    "hostname": ""
  },
  "config": {
    "file": "fw3.cfg",
    "lines": 13,
    "object": ".objects/fw3.list"
  }
}'
+ site_device_map["${site}"]+='{
  "specs": {
    "vendor": "cisco",
    "model": "",
    "version": "",
    "domain": "",
    "hostname": ""
  },
  "config": {
    "file": "fw3.cfg",
    "lines": 13,
    "object": ".objects/fw3.list"
  }
}
'
+ IFS=
+ read -r config_file
+ [[ ! -f reports/203.0.113.25/misc/fw1.cfg ]]
+ rel_path=misc/fw1.cfg
+ site=misc
+ device=fw1.cfg
+ [[ ! -d reports/203.0.113.25/misc ]]
+ json_head='{
  "vendor": "cisco",
  "model": "",
  "version": "16.9",
  "domain": "",
  "hostname": "branch-isr-02"
}'
+ for site in $(printf '%s\n' "${!site_device_map[@]}" | sort -u)
+ [[ -z {
  "specs": {
    "vendor": "cisco",
    "model": "",
    "version": "16.9",
    "domain": "",
    "hostname": "branch-isr-02"
  },
  "config": {
    "file": "branch-isr-02.cfg",
    "lines": 16,
    "object": ".objects/branch-isr-02.list"
  }
}
 ]]
++ wc -l
+ true
+ first=false
+ printf ' "%s": { "devices": ' cisco
++ tr -d ' '
+ echo '{
  "vendor": "cisco",
  "model": "",
  "version": "16.9",
  "domain": "",
  "hostname": "branch-isr-02"
}'
+ jq -e .
+ print '{
  "specs": {
    "vendor": "cisco",
    "model": "",
    "version": "16.9",
    "domain": "",
    "hostname": "branch-isr-02"
  },
  "config": {
    "file": "branch-isr-02.cfg",
    "lines": 16,
    "object": ".objects/branch-isr-02.list"
  }
}
'
+ [[ -n {
  "specs": {
    "vendor": "cisco",
    "model": "",
    "version": "16.9",
    "domain": "",
    "hostname": "branch-isr-02"
  },
  "config": {
    "file": "branch-isr-02.cfg",
    "lines": 16,
    "object": ".objects/branch-isr-02.list"
  }
}
 ]]
+ echo -en '{
  "specs": {
    "vendor": "cisco",
    "model": "",
    "version": "16.9",
    "domain": "",
    "hostname": "branch-isr-02"
  },
  "config": {
    "file": "branch-isr-02.cfg",
    "lines": 16,
    "object": ".objects/branch-isr-02.list"
  }
}
'
+ jq -s .
+ cfg_lines=17
++ jq -n --arg file fg-campus-core.cfg --argjson lines 32 --arg path .objects/fg-campus-core.list --arg specs '{
  "vendor": "fortinet",
  "model": "FortiGate-200F",
  "version": "",
  "domain": "",
  "hostname": "fg-campus-core"
}' '{
            specs: ($specs | fromjson),
            config: {
              file: $file,
              lines: $lines,
              object: $path
            }
          }'
+ json_spec='{
  "specs": {
    "vendor": "cisco",
    "model": "",
    "version": "16.9",
    "domain": "",
    "hostname": "branch-isr-02"
  },
  "config": {
    "file": "branch-isr-02.cfg",
    "lines": 20,
    "object": ".objects/branch-isr-02.list"
  }
}'
+ site_device_map["${site}"]+='{
  "specs": {
    "vendor": "cisco",
    "model": "",
    "version": "16.9",
    "domain": "",
    "hostname": "branch-isr-02"
  },
  "config": {
    "file": "branch-isr-02.cfg",
    "lines": 20,
    "object": ".objects/branch-isr-02.list"
  }
}
'
+ IFS=
+ read -r config_file
+ [[ ! -f reports/192.168.2.12/fortinet/fg-campus-core.cfg ]]
+ rel_path=fortinet/fg-campus-core.cfg
+ site=fortinet
+ device=fg-campus-core.cfg
+ [[ ! -d reports/192.168.2.12/fortinet ]]
++ awk '
          BEGIN { in_json=0; depth=0; }
          {
            if (!in_json && $0 ~ /^[[:space:]]*{/) in_json=1;
            if (in_json) {
              print;
              depth += gsub(/{/, "{");
              depth -= gsub(/}/, "}");
              if (depth == 0) exit;
            }
          }
        ' reports/203.0.113.25/misc/fw1.cfg
++ wc -l
++ tr -d ' '
++ jq -n --arg file fg-branch-vpn-01.cfg --argjson lines 19 --arg path .objects/fg-branch-vpn-01.list --arg specs '{
  "vendor": "fortinet",
  "model": "FortiGate-60F",
  "version": "v7.2.5.F",
  "domain": "",
  "hostname": "fg-branch-vpn-01"
}' '{
            specs: ($specs | fromjson),
            config: {
              file: $file,
              lines: $lines,
              object: $path
            }
          }'
+ json_head='{
  "vendor": "cisco",
  "model": "",
  "version": "",
  "domain": "",
  "hostname": ""
}'
+ echo '{
  "vendor": "cisco",
  "model": "",
  "version": "",
  "domain": "",
  "hostname": ""
}'
+ jq -e .
+ cfg_lines=18
++ awk '
          BEGIN { in_json=0; depth=0; }
          {
            if (!in_json && $0 ~ /^[[:space:]]*{/) in_json=1;
            if (in_json) {
              print;
              depth += gsub(/{/, "{");
              depth -= gsub(/}/, "}");
              if (depth == 0) exit;
            }
          }
        ' reports/192.168.2.12/fortinet/fg-campus-core.cfg
+ printf ' } '
+ for site in $(printf '%s\n' "${!site_device_map[@]}" | sort -u)
+ [[ -z {
  "specs": {
    "vendor": "fortinet",
    "model": "FortiGate-200F",
    "version": "",
    "domain": "",
    "hostname": "fg-campus-core"
  },
  "config": {
    "file": "fg-campus-core.cfg",
    "lines": 18,
    "object": ".objects/fg-campus-core.list"
  }
}
 ]]
+ false
+ printf ,
+ printf ' "%s": { "devices": ' fortinet
+ print '{
  "specs": {
    "vendor": "fortinet",
    "model": "FortiGate-200F",
    "version": "",
    "domain": "",
    "hostname": "fg-campus-core"
  },
  "config": {
    "file": "fg-campus-core.cfg",
    "lines": 18,
    "object": ".objects/fg-campus-core.list"
  }
}
'
++ jq -n --arg file branch-isr-02.cfg --argjson lines 20 --arg path .objects/branch-isr-02.list --arg specs '{
  "vendor": "cisco",
  "model": "",
  "version": "16.9",
  "domain": "",
  "hostname": "branch-isr-02"
}' '{
            specs: ($specs | fromjson),
            config: {
              file: $file,
              lines: $lines,
              object: $path
            }
          }'
+ [[ -n {
  "specs": {
    "vendor": "fortinet",
    "model": "FortiGate-200F",
    "version": "",
    "domain": "",
    "hostname": "fg-campus-core"
  },
  "config": {
    "file": "fg-campus-core.cfg",
    "lines": 18,
    "object": ".objects/fg-campus-core.list"
  }
}
 ]]
+ jq -s .
+ echo -en '{
  "specs": {
    "vendor": "fortinet",
    "model": "FortiGate-200F",
    "version": "",
    "domain": "",
    "hostname": "fg-campus-core"
  },
  "config": {
    "file": "fg-campus-core.cfg",
    "lines": 18,
    "object": ".objects/fg-campus-core.list"
  }
}
'
+ json_head='{
  "vendor": "fortinet",
  "model": "FortiGate-200F",
  "version": "",
  "domain": "",
  "hostname": "fg-campus-core"
}'
+ echo '{
  "vendor": "fortinet",
  "model": "FortiGate-200F",
  "version": "",
  "domain": "",
  "hostname": "fg-campus-core"
}'
+ jq -e .
+ json_spec='{
  "specs": {
    "vendor": "fortinet",
    "model": "FortiGate-200F",
    "version": "",
    "domain": "",
    "hostname": "fg-campus-core"
  },
  "config": {
    "file": "fg-campus-core.cfg",
    "lines": 32,
    "object": ".objects/fg-campus-core.list"
  }
}'
+ site_device_map["${site}"]+='{
  "specs": {
    "vendor": "fortinet",
    "model": "FortiGate-200F",
    "version": "",
    "domain": "",
    "hostname": "fg-campus-core"
  },
  "config": {
    "file": "fg-campus-core.cfg",
    "lines": 32,
    "object": ".objects/fg-campus-core.list"
  }
}
'
+ IFS=
+ read -r config_file
+ printf ' { "target": "%s", "locations": { ' 192.168.100.100
+ first=true
+ jq .
++ printf '%s\n' fortinet cisco
++ sort -u
+ json_spec='{
  "specs": {
    "vendor": "fortinet",
    "model": "FortiGate-60F",
    "version": "v7.2.5.F",
    "domain": "",
    "hostname": "fg-branch-vpn-01"
  },
  "config": {
    "file": "fg-branch-vpn-01.cfg",
    "lines": 19,
    "object": ".objects/fg-branch-vpn-01.list"
  }
}'
+ site_device_map["${site}"]+='{
  "specs": {
    "vendor": "fortinet",
    "model": "FortiGate-60F",
    "version": "v7.2.5.F",
    "domain": "",
    "hostname": "fg-branch-vpn-01"
  },
  "config": {
    "file": "fg-branch-vpn-01.cfg",
    "lines": 19,
    "object": ".objects/fg-branch-vpn-01.list"
  }
}
'
+ IFS=
+ read -r config_file
+ [[ ! -f reports/192.168.1.10/misc/switch1.conf ]]
+ rel_path=misc/switch1.conf
+ site=misc
+ device=switch1.conf
+ [[ ! -d reports/192.168.1.10/misc ]]
++ wc -l
++ tr -d ' '
++ jq -n --arg file fw1.cfg --argjson lines 17 --arg path .objects/fw1.list --arg specs '{
  "vendor": "cisco",
  "model": "",
  "version": "",
  "domain": "",
  "hostname": ""
}' '{
            specs: ($specs | fromjson),
            config: {
              file: $file,
              lines: $lines,
              object: $path
            }
          }'
+ for site in $(printf '%s\n' "${!site_device_map[@]}" | sort -u)
+ [[ -z {
  "specs": {
    "vendor": "cisco",
    "model": "ASA",
    "version": "9.12(4)",
    "domain": "global.dmz.example.net",
    "hostname": "dmz-fw2-backup"
  },
  "config": {
    "file": "dmz-fw2-backup.cfg",
    "lines": 26,
    "object": ".objects/dmz-fw2-backup.list"
  }
}
 ]]
+ true
+ first=false
+ printf ' "%s": { "devices": ' cisco
+ print '{
  "specs": {
    "vendor": "cisco",
    "model": "ASA",
    "version": "9.12(4)",
    "domain": "global.dmz.example.net",
    "hostname": "dmz-fw2-backup"
  },
  "config": {
    "file": "dmz-fw2-backup.cfg",
    "lines": 26,
    "object": ".objects/dmz-fw2-backup.list"
  }
}
'
+ [[ -n {
  "specs": {
    "vendor": "cisco",
    "model": "ASA",
    "version": "9.12(4)",
    "domain": "global.dmz.example.net",
    "hostname": "dmz-fw2-backup"
  },
  "config": {
    "file": "dmz-fw2-backup.cfg",
    "lines": 26,
    "object": ".objects/dmz-fw2-backup.list"
  }
}
 ]]
+ echo -en '{
  "specs": {
    "vendor": "cisco",
    "model": "ASA",
    "version": "9.12(4)",
    "domain": "global.dmz.example.net",
    "hostname": "dmz-fw2-backup"
  },
  "config": {
    "file": "dmz-fw2-backup.cfg",
    "lines": 26,
    "object": ".objects/dmz-fw2-backup.list"
  }
}
'
+ jq -s .
+ json_spec='{
+ cfg_lines=11
  "specs": {
    "vendor": "cisco",
    "model": "",
    "version": "16.9",
    "domain": "",
    "hostname": "branch-isr-02"
  },
  "config": {
    "file": "branch-isr-02.cfg",
    "lines": 20,
    "object": ".objects/branch-isr-02.list"
  }
}'
+ site_device_map["${site}"]+='{
  "specs": {
    "vendor": "cisco",
    "model": "",
+ printf ' } '
    "version": "16.9",
    "domain": "",
    "hostname": "branch-isr-02"
  },
  "config": {
    "file": "branch-isr-02.cfg",
    "lines": 20,
    "object": ".objects/branch-isr-02.list"
  }
}
+ printf ' } } '
'
+ IFS=
+ read -r config_file
+ [[ ! -f reports/198.51.100.75/cisco/dmz-fw2-backup.cfg ]]
+ rel_path=cisco/dmz-fw2-backup.cfg
+ site=cisco
+ device=dmz-fw2-backup.cfg
+ [[ ! -d reports/198.51.100.75/cisco ]]
++ awk '
          BEGIN { in_json=0; depth=0; }
          {
            if (!in_json && $0 ~ /^[[:space:]]*{/) in_json=1;
            if (in_json) {
              print;
              depth += gsub(/{/, "{");
              depth -= gsub(/}/, "}");
              if (depth == 0) exit;
            }
          }
        ' reports/192.168.1.10/misc/switch1.conf
+ return 0
++ wc -l
++ tr -d ' '
++ jq -n --arg file fg-campus-core.cfg --argjson lines 18 --arg path .objects/fg-campus-core.list --arg specs '{
  "vendor": "fortinet",
  "model": "FortiGate-200F",
  "version": "",
  "domain": "",
  "hostname": "fg-campus-core"
}' '{
            specs: ($specs | fromjson),
            config: {
              file: $file,
              lines: $lines,
              object: $path
            }
          }'
+ json_head='{
  "vendor": "cisco",
  "model": "",
  "version": "",
  "domain": "",
  "hostname": ""
}'
+ echo '{
  "vendor": "cisco",
  "model": "",
  "version": "",
  "domain": "",
  "hostname": ""
}'
+ jq -e .
+ cfg_lines=17
++ awk '
          BEGIN { in_json=0; depth=0; }
          {
            if (!in_json && $0 ~ /^[[:space:]]*{/) in_json=1;
            if (in_json) {
              print;
              depth += gsub(/{/, "{");
              depth -= gsub(/}/, "}");
              if (depth == 0) exit;
            }
          }
        ' reports/198.51.100.75/cisco/dmz-fw2-backup.cfg
+ json_spec='{
  "specs": {
    "vendor": "cisco",
    "model": "",
    "version": "",
    "domain": "",
    "hostname": ""
  },
  "config": {
    "file": "fw1.cfg",
    "lines": 17,
    "object": ".objects/fw1.list"
  }
}'
+ site_device_map["${site}"]+='{
  "specs": {
    "vendor": "cisco",
    "model": "",
    "version": "",
    "domain": "",
    "hostname": ""
  },
  "config": {
    "file": "fw1.cfg",
    "lines": 17,
    "object": ".objects/fw1.list"
  }
}
'
+ IFS=
+ read -r config_file
+ [[ ! -f reports/203.0.113.25/cisco/perimeter-fw1.cfg ]]
+ rel_path=cisco/perimeter-fw1.cfg
+ site=cisco
+ device=perimeter-fw1.cfg
+ [[ ! -d reports/203.0.113.25/cisco ]]
+ json_head='{
  "vendor": "cisco",
  "model": "ASA",
  "version": "9.12(4)",
  "domain": "global.dmz.example.net",
  "hostname": "dmz-fw2-backup"
}'
+ echo '{
  "vendor": "cisco",
  "model": "ASA",
  "version": "9.12(4)",
  "domain": "global.dmz.example.net",
  "hostname": "dmz-fw2-backup"
}'
+ printf ' } '
+ for site in $(printf '%s\n' "${!site_device_map[@]}" | sort -u)
+ [[ -z {
  "specs": {
    "vendor": "fortinet",
    "model": "FortiGate-200F",
    "version": "",
    "domain": "",
    "hostname": "fg-campus-core"
  },
  "config": {
    "file": "fg-campus-core.cfg",
    "lines": 32,
    "object": ".objects/fg-campus-core.list"
  }
}
 ]]
+ false
+ printf ,
+ printf ' "%s": { "devices": ' fortinet
+ jq -e .
++ wc -l
++ tr -d ' '
+ print '{
  "specs": {
    "vendor": "fortinet",
    "model": "FortiGate-200F",
    "version": "",
    "domain": "",
    "hostname": "fg-campus-core"
  },
  "config": {
    "file": "fg-campus-core.cfg",
    "lines": 32,
    "object": ".objects/fg-campus-core.list"
  }
}
'
+ jq -s .
+ [[ -n {
  "specs": {
    "vendor": "fortinet",
    "model": "FortiGate-200F",
    "version": "",
    "domain": "",
    "hostname": "fg-campus-core"
  },
  "config": {
    "file": "fg-campus-core.cfg",
    "lines": 32,
    "object": ".objects/fg-campus-core.list"
  }
}
 ]]
+ echo -en '{
  "specs": {
    "vendor": "fortinet",
    "model": "FortiGate-200F",
    "version": "",
    "domain": "",
    "hostname": "fg-campus-core"
  },
  "config": {
    "file": "fg-campus-core.cfg",
    "lines": 32,
    "object": ".objects/fg-campus-core.list"
  }
}
'
+ json_spec='{
+ cfg_lines=33
  "specs": {
    "vendor": "fortinet",
    "model": "FortiGate-200F",
    "version": "",
    "domain": "",
    "hostname": "fg-campus-core"
  },
  "config": {
    "file": "fg-campus-core.cfg",
    "lines": 18,
    "object": ".objects/fg-campus-core.list"
  }
}'
+ site_device_map["${site}"]+='{
  "specs": {
    "vendor": "fortinet",
    "model": "FortiGate-200F",
    "version": "",
    "domain": "",
    "hostname": "fg-campus-core"
  },
  "config": {
    "file": "fg-campus-core.cfg",
    "lines": 18,
    "object": ".objects/fg-campus-core.list"
  }
}
'
+ IFS=
+ read -r config_file
+ [[ ! -f reports/192.168.2.12/fortinet/fg-branch-vpn-01.cfg ]]
+ rel_path=fortinet/fg-branch-vpn-01.cfg
+ site=fortinet
+ device=fg-branch-vpn-01.cfg
+ [[ ! -d reports/192.168.2.12/fortinet ]]
++ awk '
          BEGIN { in_json=0; depth=0; }
          {
            if (!in_json && $0 ~ /^[[:space:]]*{/) in_json=1;
            if (in_json) {
              print;
              depth += gsub(/{/, "{");
              depth -= gsub(/}/, "}");
              if (depth == 0) exit;
            }
          }
        ' reports/203.0.113.25/cisco/perimeter-fw1.cfg
++ wc -l
++ tr -d ' '
++ jq -n --arg file switch1.conf --argjson lines 11 --arg path .objects/switch1.list --arg specs '{
  "vendor": "cisco",
  "model": "",
  "version": "",
  "domain": "",
  "hostname": ""
}' '{
            specs: ($specs | fromjson),
            config: {
              file: $file,
              lines: $lines,
              object: $path
            }
          }'
+ json_head='{
  "vendor": "cisco",
  "model": "ASA",
  "version": "9.14(3)",
  "domain": "edge.dc.example.com",
  "hostname": "perimeter-fw1"
}'
+ cfg_lines=26
+ echo '{
  "vendor": "cisco",
  "model": "ASA",
  "version": "9.14(3)",
  "domain": "edge.dc.example.com",
  "hostname": "perimeter-fw1"
}'
+ jq -e .
++ awk '
          BEGIN { in_json=0; depth=0; }
          {
            if (!in_json && $0 ~ /^[[:space:]]*{/) in_json=1;
            if (in_json) {
              print;
              depth += gsub(/{/, "{");
              depth -= gsub(/}/, "}");
              if (depth == 0) exit;
            }
          }
        ' reports/192.168.2.12/fortinet/fg-branch-vpn-01.cfg
+ printf ' } '
+ printf ' } } '
+ json_head='{
  "vendor": "fortinet",
  "model": "FortiGate-60F",
  "version": "v7.2.5.F",
  "domain": "",
  "hostname": "fg-branch-vpn-01"
}'
+ return 0
++ jq -n --arg file dmz-fw2-backup.cfg --argjson lines 17 --arg path .objects/dmz-fw2-backup.list --arg specs '{
  "vendor": "cisco",
  "model": "ASA",
  "version": "9.12(4)",
  "domain": "global.dmz.example.net",
  "hostname": "dmz-fw2-backup"
}' '{
            specs: ($specs | fromjson),
            config: {
              file: $file,
              lines: $lines,
              object: $path
            }
          }'
+ echo '{
  "vendor": "fortinet",
  "model": "FortiGate-60F",
  "version": "v7.2.5.F",
  "domain": "",
  "hostname": "fg-branch-vpn-01"
}'
+ jq -e .
+ json_spec='{
  "specs": {
    "vendor": "cisco",
    "model": "",
    "version": "",
    "domain": "",
    "hostname": ""
  },
  "config": {
    "file": "switch1.conf",
    "lines": 11,
    "object": ".objects/switch1.list"
  }
}'
+ site_device_map["${site}"]+='{
  "specs": {
    "vendor": "cisco",
    "model": "",
    "version": "",
    "domain": "",
    "hostname": ""
  },
  "config": {
    "file": "switch1.conf",
    "lines": 11,
    "object": ".objects/switch1.list"
  }
}
'
+ IFS=
+ read -r config_file
+ printf ' { "target": "%s", "locations": { ' 192.168.1.10
+ first=true
+ jq .
++ printf '%s\n' fortinet misc
++ sort -u
++ jq -n --arg file perimeter-fw1.cfg --argjson lines 33 --arg path .objects/perimeter-fw1.list --arg specs '{
  "vendor": "cisco",
  "model": "ASA",
  "version": "9.14(3)",
  "domain": "edge.dc.example.com",
  "hostname": "perimeter-fw1"
}' '{
            specs: ($specs | fromjson),
            config: {
              file: $file,
              lines: $lines,
              object: $path
            }
          }'
+ json_spec='{
  "specs": {
    "vendor": "cisco",
    "model": "ASA",
    "version": "9.12(4)",
    "domain": "global.dmz.example.net",
    "hostname": "dmz-fw2-backup"
  },
  "config": {
    "file": "dmz-fw2-backup.cfg",
    "lines": 17,
    "object": ".objects/dmz-fw2-backup.list"
  }
}'
+ site_device_map["${site}"]+='{
  "specs": {
    "vendor": "cisco",
    "model": "ASA",
    "version": "9.12(4)",
    "domain": "global.dmz.example.net",
    "hostname": "dmz-fw2-backup"
  },
  "config": {
    "file": "dmz-fw2-backup.cfg",
    "lines": 17,
    "object": ".objects/dmz-fw2-backup.list"
  }
}
'
+ IFS=
+ read -r config_file
+ [[ ! -f reports/198.51.100.75/fortinet/fg-branch-vpn-01.cfg ]]
+ rel_path=fortinet/fg-branch-vpn-01.cfg
+ site=fortinet
+ for site in $(printf '%s\n' "${!site_device_map[@]}" | sort -u)
+ device=fg-branch-vpn-01.cfg
+ [[ ! -d reports/198.51.100.75/fortinet ]]
+ [[ -z {
  "specs": {
    "vendor": "fortinet",
    "model": "FortiGate-60F",
    "version": "v7.2.5.F",
    "domain": "",
    "hostname": "fg-branch-vpn-01"
  },
  "config": {
    "file": "fg-branch-vpn-01.cfg",
    "lines": 19,
    "object": ".objects/fg-branch-vpn-01.list"
  }
}
 ]]
+ true
+ first=false
+ printf ' "%s": { "devices": ' fortinet
++ jq -n --arg file fg-branch-vpn-01.cfg --argjson lines 26 --arg path .objects/fg-branch-vpn-01.list --arg specs '{
  "vendor": "fortinet",
  "model": "FortiGate-60F",
  "version": "v7.2.5.F",
  "domain": "",
  "hostname": "fg-branch-vpn-01"
}' '{
            specs: ($specs | fromjson),
            config: {
              file: $file,
              lines: $lines,
              object: $path
            }
          }'
+ print '{
  "specs": {
    "vendor": "fortinet",
    "model": "FortiGate-60F",
    "version": "v7.2.5.F",
    "domain": "",
    "hostname": "fg-branch-vpn-01"
  },
  "config": {
    "file": "fg-branch-vpn-01.cfg",
    "lines": 19,
    "object": ".objects/fg-branch-vpn-01.list"
  }
}
'
+ [[ -n {
  "specs": {
    "vendor": "fortinet",
    "model": "FortiGate-60F",
    "version": "v7.2.5.F",
    "domain": "",
    "hostname": "fg-branch-vpn-01"
  },
  "config": {
    "file": "fg-branch-vpn-01.cfg",
    "lines": 19,
    "object": ".objects/fg-branch-vpn-01.list"
  }
}
 ]]
+ jq -s .
+ echo -en '{
  "specs": {
    "vendor": "fortinet",
    "model": "FortiGate-60F",
    "version": "v7.2.5.F",
    "domain": "",
    "hostname": "fg-branch-vpn-01"
  },
  "config": {
    "file": "fg-branch-vpn-01.cfg",
    "lines": 19,
    "object": ".objects/fg-branch-vpn-01.list"
  }
}
'
++ wc -l
++ tr -d ' '
+ cfg_lines=26
++ awk '
          BEGIN { in_json=0; depth=0; }
          {
            if (!in_json && $0 ~ /^[[:space:]]*{/) in_json=1;
            if (in_json) {
              print;
              depth += gsub(/{/, "{");
              depth -= gsub(/}/, "}");
              if (depth == 0) exit;
            }
          }
        ' reports/198.51.100.75/fortinet/fg-branch-vpn-01.cfg
+ json_spec='{
  "specs": {
    "vendor": "cisco",
    "model": "ASA",
    "version": "9.14(3)",
    "domain": "edge.dc.example.com",
    "hostname": "perimeter-fw1"
  },
  "config": {
    "file": "perimeter-fw1.cfg",
    "lines": 33,
    "object": ".objects/perimeter-fw1.list"
  }
}'
+ site_device_map["${site}"]+='{
  "specs": {
    "vendor": "cisco",
    "model": "ASA",
    "version": "9.14(3)",
    "domain": "edge.dc.example.com",
    "hostname": "perimeter-fw1"
  },
  "config": {
    "file": "perimeter-fw1.cfg",
    "lines": 33,
    "object": ".objects/perimeter-fw1.list"
  }
}
'
+ IFS=
+ read -r config_file
+ [[ ! -f reports/203.0.113.25/cisco/dmz-fw2-backup.cfg ]]
+ rel_path=cisco/dmz-fw2-backup.cfg
+ site=cisco
+ device=dmz-fw2-backup.cfg
+ [[ ! -d reports/203.0.113.25/cisco ]]
+ json_head='{
  "vendor": "fortinet",
  "model": "FortiGate-60F",
  "version": "v7.2.5.F",
  "domain": "",
  "hostname": "fg-branch-vpn-01"
}'
++ wc -l
+ echo '{
  "vendor": "fortinet",
  "model": "FortiGate-60F",
  "version": "v7.2.5.F",
  "domain": "",
  "hostname": "fg-branch-vpn-01"
}'
++ tr -d ' '
+ jq -e .
+ printf ' } '
+ for site in $(printf '%s\n' "${!site_device_map[@]}" | sort -u)
+ [[ -z {
  "specs": {
    "vendor": "cisco",
    "model": "",
    "version": "",
    "domain": "",
    "hostname": ""
  },
  "config": {
    "file": "fw3.cfg",
    "lines": 14,
    "object": ".objects/fw3.list"
  }
}
{
  "specs": {
    "vendor": "cisco",
    "model": "",
    "version": "",
    "domain": "",
    "hostname": ""
  },
  "config": {
    "file": "fw1.cfg",
    "lines": 13,
    "object": ".objects/fw1.list"
  }
}
{
  "specs": {
    "vendor": "cisco",
    "model": "",
    "version": "",
    "domain": "",
    "hostname": ""
  },
  "config": {
    "file": "switch1.conf",
    "lines": 11,
    "object": ".objects/switch1.list"
  }
}
 ]]
+ false
+ printf ,
+ json_spec='{
+ printf ' "%s": { "devices": ' misc
  "specs": {
    "vendor": "fortinet",
    "model": "FortiGate-60F",
    "version": "v7.2.5.F",
    "domain": "",
    "hostname": "fg-branch-vpn-01"
  },
  "config": {
    "file": "fg-branch-vpn-01.cfg",
    "lines": 26,
    "object": ".objects/fg-branch-vpn-01.list"
  }
}'
+ site_device_map["${site}"]+='{
  "specs": {
    "vendor": "fortinet",
    "model": "FortiGate-60F",
    "version": "v7.2.5.F",
    "domain": "",
    "hostname": "fg-branch-vpn-01"
  },
  "config": {
    "file": "fg-branch-vpn-01.cfg",
    "lines": 26,
    "object": ".objects/fg-branch-vpn-01.list"
  }
}
'
+ IFS=
+ read -r config_file
+ print '{
  "specs": {
    "vendor": "cisco",
    "model": "",
    "version": "",
    "domain": "",
    "hostname": ""
  },
  "config": {
    "file": "fw3.cfg",
    "lines": 14,
    "object": ".objects/fw3.list"
  }
}
{
  "specs": {
    "vendor": "cisco",
    "model": "",
    "version": "",
    "domain": "",
    "hostname": ""
  },
  "config": {
    "file": "fw1.cfg",
    "lines": 13,
    "object": ".objects/fw1.list"
  }
}
{
  "specs": {
    "vendor": "cisco",
    "model": "",
    "version": "",
    "domain": "",
    "hostname": ""
  },
  "config": {
    "file": "switch1.conf",
    "lines": 11,
    "object": ".objects/switch1.list"
  }
}
'
+ printf ' { "target": "%s", "locations": { ' 192.168.2.12
+ jq -s .
+ [[ -n {
  "specs": {
    "vendor": "cisco",
    "model": "",
    "version": "",
    "domain": "",
+ first=true
    "hostname": ""
  },
  "config": {
    "file": "fw3.cfg",
    "lines": 14,
    "object": ".objects/fw3.list"
  }
}
{
  "specs": {
    "vendor": "cisco",
    "model": "",
    "version": "",
    "domain": "",
    "hostname": ""
  },
  "config": {
    "file": "fw1.cfg",
    "lines": 13,
    "object": ".objects/fw1.list"
  }
}
{
  "specs": {
    "vendor": "cisco",
    "model": "",
    "version": "",
    "domain": "",
    "hostname": ""
  },
  "config": {
    "file": "switch1.conf",
    "lines": 11,
    "object": ".objects/switch1.list"
  }
}
 ]]
+ echo -en '{
  "specs": {
    "vendor": "cisco",
    "model": "",
    "version": "",
    "domain": "",
    "hostname": ""
  },
  "config": {
    "file": "fw3.cfg",
    "lines": 14,
    "object": ".objects/fw3.list"
  }
}
{
  "specs": {
    "vendor": "cisco",
    "model": "",
    "version": "",
    "domain": "",
    "hostname": ""
  },
  "config": {
    "file": "fw1.cfg",
    "lines": 13,
    "object": ".objects/fw1.list"
  }
}
{
  "specs": {
    "vendor": "cisco",
    "model": "",
    "version": "",
    "domain": "",
    "hostname": ""
  },
  "config": {
    "file": "switch1.conf",
    "lines": 11,
    "object": ".objects/switch1.list"
  }
}
'
+ jq .
+ cfg_lines=16
++ awk '
          BEGIN { in_json=0; depth=0; }
          {
            if (!in_json && $0 ~ /^[[:space:]]*{/) in_json=1;
            if (in_json) {
              print;
              depth += gsub(/{/, "{");
              depth -= gsub(/}/, "}");
              if (depth == 0) exit;
            }
          }
        ' reports/203.0.113.25/cisco/dmz-fw2-backup.cfg
++ printf '%s\n' fortinet misc cisco
++ sort -u
+ json_head='{
  "vendor": "cisco",
  "model": "ASA",
  "version": "9.12(4)",
  "domain": "global.dmz.example.net",
  "hostname": "dmz-fw2-backup"
}'
+ for site in $(printf '%s\n' "${!site_device_map[@]}" | sort -u)
+ [[ -z {
  "specs": {
    "vendor": "cisco",
    "model": "",
    "version": "16.9",
    "domain": "",
    "hostname": "branch-isr-02"
  },
  "config": {
    "file": "branch-isr-02.cfg",
    "lines": 20,
    "object": ".objects/branch-isr-02.list"
  }
}
 ]]
+ true
+ first=false
+ printf ' "%s": { "devices": ' cisco
+ echo '{
  "vendor": "cisco",
  "model": "ASA",
  "version": "9.12(4)",
  "domain": "global.dmz.example.net",
  "hostname": "dmz-fw2-backup"
}'
+ jq -e .
+ print '{
  "specs": {
    "vendor": "cisco",
    "model": "",
    "version": "16.9",
    "domain": "",
    "hostname": "branch-isr-02"
  },
  "config": {
    "file": "branch-isr-02.cfg",
    "lines": 20,
    "object": ".objects/branch-isr-02.list"
  }
}
'
+ [[ -n {
  "specs": {
    "vendor": "cisco",
    "model": "",
    "version": "16.9",
    "domain": "",
    "hostname": "branch-isr-02"
  },
  "config": {
    "file": "branch-isr-02.cfg",
    "lines": 20,
    "object": ".objects/branch-isr-02.list"
  }
}
 ]]
+ echo -en '{
  "specs": {
    "vendor": "cisco",
    "model": "",
    "version": "16.9",
    "domain": "",
    "hostname": "branch-isr-02"
  },
  "config": {
    "file": "branch-isr-02.cfg",
    "lines": 20,
    "object": ".objects/branch-isr-02.list"
  }
}
'
+ jq -s .
++ jq -n --arg file fg-branch-vpn-01.cfg --argjson lines 26 --arg path .objects/fg-branch-vpn-01.list --arg specs '{
  "vendor": "fortinet",
  "model": "FortiGate-60F",
  "version": "v7.2.5.F",
  "domain": "",
  "hostname": "fg-branch-vpn-01"
}' '{
            specs: ($specs | fromjson),
            config: {
              file: $file,
              lines: $lines,
              object: $path
            }
          }'
+ printf ' } '
+ printf ' } } '
+ return 0
+ printf ' } '
+ for site in $(printf '%s\n' "${!site_device_map[@]}" | sort -u)
+ [[ -z {
  "specs": {
    "vendor": "fortinet",
    "model": "FortiGate-200F",
    "version": "",
    "domain": "",
    "hostname": "fg-campus-core"
  },
  "config": {
    "file": "fg-campus-core.cfg",
    "lines": 18,
    "object": ".objects/fg-campus-core.list"
  }
}
{
  "specs": {
    "vendor": "fortinet",
    "model": "FortiGate-60F",
    "version": "v7.2.5.F",
    "domain": "",
    "hostname": "fg-branch-vpn-01"
  },
  "config": {
    "file": "fg-branch-vpn-01.cfg",
    "lines": 26,
    "object": ".objects/fg-branch-vpn-01.list"
  }
}
 ]]
+ false
+ printf ,
+ printf ' "%s": { "devices": ' fortinet
++ jq -n --arg file dmz-fw2-backup.cfg --argjson lines 16 --arg path .objects/dmz-fw2-backup.list --arg specs '{
  "vendor": "cisco",
  "model": "ASA",
  "version": "9.12(4)",
  "domain": "global.dmz.example.net",
  "hostname": "dmz-fw2-backup"
}' '{
            specs: ($specs | fromjson),
            config: {
              file: $file,
              lines: $lines,
              object: $path
            }
          }'
+ print '{
  "specs": {
    "vendor": "fortinet",
    "model": "FortiGate-200F",
    "version": "",
    "domain": "",
    "hostname": "fg-campus-core"
  },
  "config": {
    "file": "fg-campus-core.cfg",
    "lines": 18,
    "object": ".objects/fg-campus-core.list"
  }
}
{
  "specs": {
    "vendor": "fortinet",
    "model": "FortiGate-60F",
    "version": "v7.2.5.F",
    "domain": "",
    "hostname": "fg-branch-vpn-01"
  },
  "config": {
    "file": "fg-branch-vpn-01.cfg",
    "lines": 26,
    "object": ".objects/fg-branch-vpn-01.list"
+ jq -s .
  }
}
'
+ [[ -n {
  "specs": {
    "vendor": "fortinet",
    "model": "FortiGate-200F",
    "version": "",
    "domain": "",
    "hostname": "fg-campus-core"
  },
  "config": {
    "file": "fg-campus-core.cfg",
    "lines": 18,
    "object": ".objects/fg-campus-core.list"
  }
}
{
  "specs": {
    "vendor": "fortinet",
    "model": "FortiGate-60F",
    "version": "v7.2.5.F",
    "domain": "",
    "hostname": "fg-branch-vpn-01"
  },
  "config": {
    "file": "fg-branch-vpn-01.cfg",
    "lines": 26,
    "object": ".objects/fg-branch-vpn-01.list"
  }
}
 ]]
+ echo -en '{
  "specs": {
    "vendor": "fortinet",
    "model": "FortiGate-200F",
    "version": "",
    "domain": "",
    "hostname": "fg-campus-core"
  },
  "config": {
    "file": "fg-campus-core.cfg",
    "lines": 18,
    "object": ".objects/fg-campus-core.list"
  }
}
{
  "specs": {
    "vendor": "fortinet",
    "model": "FortiGate-60F",
    "version": "v7.2.5.F",
    "domain": "",
    "hostname": "fg-branch-vpn-01"
  },
  "config": {
    "file": "fg-branch-vpn-01.cfg",
    "lines": 26,
    "object": ".objects/fg-branch-vpn-01.list"
  }
}
'
+ json_spec='{
  "specs": {
    "vendor": "fortinet",
    "model": "FortiGate-60F",
    "version": "v7.2.5.F",
    "domain": "",
    "hostname": "fg-branch-vpn-01"
  },
  "config": {
    "file": "fg-branch-vpn-01.cfg",
    "lines": 26,
    "object": ".objects/fg-branch-vpn-01.list"
  }
}'
+ site_device_map["${site}"]+='{
  "specs": {
    "vendor": "fortinet",
    "model": "FortiGate-60F",
    "version": "v7.2.5.F",
    "domain": "",
    "hostname": "fg-branch-vpn-01"
  },
  "config": {
    "file": "fg-branch-vpn-01.cfg",
    "lines": 26,
    "object": ".objects/fg-branch-vpn-01.list"
  }
}
'
+ IFS=
+ read -r config_file
+ printf ' { "target": "%s", "locations": { ' 198.51.100.75
+ first=true
+ jq .
++ printf '%s\n' fortinet misc cisco
++ sort -u
+ for site in $(printf '%s\n' "${!site_device_map[@]}" | sort -u)
+ [[ -z {
  "specs": {
    "vendor": "cisco",
    "model": "",
    "version": "16.9",
    "domain": "",
    "hostname": "branch-isr-02"
  },
  "config": {
    "file": "branch-isr-02.cfg",
    "lines": 20,
    "object": ".objects/branch-isr-02.list"
  }
}
{
  "specs": {
    "vendor": "cisco",
    "model": "ASA",
    "version": "9.12(4)",
    "domain": "global.dmz.example.net",
    "hostname": "dmz-fw2-backup"
  },
  "config": {
    "file": "dmz-fw2-backup.cfg",
    "lines": 17,
    "object": ".objects/dmz-fw2-backup.list"
  }
}
 ]]
+ true
+ first=false
+ printf ' "%s": { "devices": ' cisco
+ print '{
  "specs": {
    "vendor": "cisco",
    "model": "",
    "version": "16.9",
    "domain": "",
    "hostname": "branch-isr-02"
  },
  "config": {
    "file": "branch-isr-02.cfg",
    "lines": 20,
    "object": ".objects/branch-isr-02.list"
  }
}
{
  "specs": {
    "vendor": "cisco",
    "model": "ASA",
    "version": "9.12(4)",
    "domain": "global.dmz.example.net",
    "hostname": "dmz-fw2-backup"
  },
  "config": {
    "file": "dmz-fw2-backup.cfg",
    "lines": 17,
    "object": ".objects/dmz-fw2-backup.list"
  }
}
'
+ jq -s .
+ [[ -n {
  "specs": {
    "vendor": "cisco",
    "model": "",
    "version": "16.9",
    "domain": "",
    "hostname": "branch-isr-02"
  },
  "config": {
    "file": "branch-isr-02.cfg",
    "lines": 20,
    "object": ".objects/branch-isr-02.list"
  }
}
{
  "specs": {
    "vendor": "cisco",
    "model": "ASA",
    "version": "9.12(4)",
    "domain": "global.dmz.example.net",
    "hostname": "dmz-fw2-backup"
  },
  "config": {
    "file": "dmz-fw2-backup.cfg",
    "lines": 17,
    "object": ".objects/dmz-fw2-backup.list"
  }
}
 ]]
+ echo -en '{
  "specs": {
    "vendor": "cisco",
    "model": "",
    "version": "16.9",
    "domain": "",
    "hostname": "branch-isr-02"
  },
  "config": {
    "file": "branch-isr-02.cfg",
    "lines": 20,
    "object": ".objects/branch-isr-02.list"
  }
}
{
  "specs": {
    "vendor": "cisco",
    "model": "ASA",
    "version": "9.12(4)",
    "domain": "global.dmz.example.net",
    "hostname": "dmz-fw2-backup"
  },
  "config": {
    "file": "dmz-fw2-backup.cfg",
    "lines": 17,
    "object": ".objects/dmz-fw2-backup.list"
  }
}
'
+ json_spec='{
  "specs": {
    "vendor": "cisco",
    "model": "ASA",
    "version": "9.12(4)",
    "domain": "global.dmz.example.net",
    "hostname": "dmz-fw2-backup"
  },
  "config": {
    "file": "dmz-fw2-backup.cfg",
    "lines": 16,
    "object": ".objects/dmz-fw2-backup.list"
  }
}'
+ printf ' } '
+ for site in $(printf '%s\n' "${!site_device_map[@]}" | sort -u)
+ site_device_map["${site}"]+='{
  "specs": {
    "vendor": "cisco",
    "model": "ASA",
    "version": "9.12(4)",
    "domain": "global.dmz.example.net",
    "hostname": "dmz-fw2-backup"
  },
+ [[ -z {
  "config": {
  "specs": {
    "file": "dmz-fw2-backup.cfg",
    "vendor": "cisco",
    "lines": 16,
    "model": "",
    "object": ".objects/dmz-fw2-backup.list"
    "version": "",
  }
    "domain": "",
}
    "hostname": ""
'
  },
  "config": {
    "file": "fw1.cfg",
    "lines": 14,
    "object": ".objects/fw1.list"
  }
}
 ]]
+ false
+ IFS=
+ printf ,
+ read -r config_file
+ printf ' "%s": { "devices": ' misc
+ [[ ! -f reports/203.0.113.25/fortinet/fg-branch-vpn-01.cfg ]]
+ rel_path=fortinet/fg-branch-vpn-01.cfg
+ site=fortinet
+ device=fg-branch-vpn-01.cfg
+ [[ ! -d reports/203.0.113.25/fortinet ]]
+ print '{
  "specs": {
    "vendor": "cisco",
    "model": "",
    "version": "",
    "domain": "",
    "hostname": ""
  },
  "config": {
    "file": "fw1.cfg",
    "lines": 14,
    "object": ".objects/fw1.list"
  }
}
'
+ [[ -n {
  "specs": {
    "vendor": "cisco",
    "model": "",
    "version": "",
    "domain": "",
    "hostname": ""
  },
  "config": {
    "file": "fw1.cfg",
    "lines": 14,
    "object": ".objects/fw1.list"
  }
}
 ]]
+ echo -en '{
  "specs": {
    "vendor": "cisco",
    "model": "",
    "version": "",
    "domain": "",
    "hostname": ""
  },
  "config": {
    "file": "fw1.cfg",
    "lines": 14,
    "object": ".objects/fw1.list"
  }
}
'
+ jq -s .
++ wc -l
++ tr -d ' '
+ cfg_lines=19
++ awk '
          BEGIN { in_json=0; depth=0; }
          {
            if (!in_json && $0 ~ /^[[:space:]]*{/) in_json=1;
            if (in_json) {
              print;
              depth += gsub(/{/, "{");
              depth -= gsub(/}/, "}");
              if (depth == 0) exit;
            }
          }
        ' reports/203.0.113.25/fortinet/fg-branch-vpn-01.cfg
+ printf ' } '
+ for site in $(printf '%s\n' "${!site_device_map[@]}" | sort -u)
+ json_head='{
+ [[ -z {
  "vendor": "fortinet",
  "specs": {
  "model": "FortiGate-60F",
    "vendor": "fortinet",
  "version": "v7.2.5.F",
    "model": "FortiGate-60F",
  "domain": "",
    "version": "v7.2.5.F",
  "hostname": "fg-branch-vpn-01"
    "domain": "",
}'
    "hostname": "fg-branch-vpn-01"
  },
  "config": {
    "file": "fg-branch-vpn-01.cfg",
    "lines": 26,
    "object": ".objects/fg-branch-vpn-01.list"
  }
}
 ]]
+ false
+ printf ,
+ printf ' "%s": { "devices": ' fortinet
+ echo '{
  "vendor": "fortinet",
  "model": "FortiGate-60F",
  "version": "v7.2.5.F",
  "domain": "",
  "hostname": "fg-branch-vpn-01"
}'
+ print '{
  "specs": {
    "vendor": "fortinet",
    "model": "FortiGate-60F",
    "version": "v7.2.5.F",
    "domain": "",
    "hostname": "fg-branch-vpn-01"
  },
  "config": {
    "file": "fg-branch-vpn-01.cfg",
    "lines": 26,
    "object": ".objects/fg-branch-vpn-01.list"
  }
}
'
+ [[ -n {
  "specs": {
    "vendor": "fortinet",
    "model": "FortiGate-60F",
    "version": "v7.2.5.F",
+ jq -e .
    "domain": "",
    "hostname": "fg-branch-vpn-01"
  },
+ jq -s .
  "config": {
    "file": "fg-branch-vpn-01.cfg",
    "lines": 26,
    "object": ".objects/fg-branch-vpn-01.list"
  }
}
 ]]
+ echo -en '{
  "specs": {
    "vendor": "fortinet",
    "model": "FortiGate-60F",
    "version": "v7.2.5.F",
    "domain": "",
    "hostname": "fg-branch-vpn-01"
  },
  "config": {
    "file": "fg-branch-vpn-01.cfg",
    "lines": 26,
    "object": ".objects/fg-branch-vpn-01.list"
  }
}
'
+ printf ' } '
+ printf ' } } '
+ return 0
+ printf ' } '
+ for site in $(printf '%s\n' "${!site_device_map[@]}" | sort -u)
+ [[ -z {
  "specs": {
    "vendor": "cisco",
    "model": "",
    "version": "",
    "domain": "",
    "hostname": ""
  },
  "config": {
    "file": "fw1.cfg",
    "lines": 17,
    "object": ".objects/fw1.list"
  }
}
 ]]
+ false
+ printf ,
+ printf ' "%s": { "devices": ' misc
+ print '{
  "specs": {
    "vendor": "cisco",
++ jq -n --arg file fg-branch-vpn-01.cfg --argjson lines 19 --arg path .objects/fg-branch-vpn-01.list --arg specs '{
    "model": "",
  "vendor": "fortinet",
    "version": "",
  "model": "FortiGate-60F",
    "domain": "",
  "version": "v7.2.5.F",
    "hostname": ""
  "domain": "",
  },
  "hostname": "fg-branch-vpn-01"
  "config": {
}' '{
    "file": "fw1.cfg",
            specs: ($specs | fromjson),
    "lines": 17,
            config: {
    "object": ".objects/fw1.list"
              file: $file,
  }
              lines: $lines,
}
              object: $path
'
            }
          }'
+ jq -s .
+ [[ -n {
  "specs": {
    "vendor": "cisco",
    "model": "",
    "version": "",
    "domain": "",
    "hostname": ""
  },
  "config": {
    "file": "fw1.cfg",
    "lines": 17,
    "object": ".objects/fw1.list"
  }
}
 ]]
+ echo -en '{
  "specs": {
    "vendor": "cisco",
    "model": "",
    "version": "",
    "domain": "",
    "hostname": ""
  },
  "config": {
    "file": "fw1.cfg",
    "lines": 17,
    "object": ".objects/fw1.list"
  }
}
'
+ json_spec='{
  "specs": {
    "vendor": "fortinet",
    "model": "FortiGate-60F",
    "version": "v7.2.5.F",
    "domain": "",
    "hostname": "fg-branch-vpn-01"
  },
  "config": {
    "file": "fg-branch-vpn-01.cfg",
    "lines": 19,
    "object": ".objects/fg-branch-vpn-01.list"
+ printf ' } '
  }
}'
+ printf ' } } '
+ site_device_map["${site}"]+='{
  "specs": {
    "vendor": "fortinet",
    "model": "FortiGate-60F",
    "version": "v7.2.5.F",
    "domain": "",
    "hostname": "fg-branch-vpn-01"
  },
  "config": {
    "file": "fg-branch-vpn-01.cfg",
    "lines": 19,
    "object": ".objects/fg-branch-vpn-01.list"
  }
}
'
+ IFS=
+ read -r config_file
+ printf ' { "target": "%s", "locations": { ' 203.0.113.25
+ first=true
+ jq .
+ return 0
++ printf '%s\n' fortinet misc cisco
++ sort -u
+ for site in $(printf '%s\n' "${!site_device_map[@]}" | sort -u)
+ [[ -z {
  "specs": {
    "vendor": "cisco",
    "model": "ASA",
    "version": "9.14(3)",
    "domain": "edge.dc.example.com",
    "hostname": "perimeter-fw1"
  },
  "config": {
    "file": "perimeter-fw1.cfg",
    "lines": 33,
    "object": ".objects/perimeter-fw1.list"
  }
}
{
  "specs": {
    "vendor": "cisco",
    "model": "ASA",
    "version": "9.12(4)",
    "domain": "global.dmz.example.net",
    "hostname": "dmz-fw2-backup"
  },
  "config": {
    "file": "dmz-fw2-backup.cfg",
    "lines": 16,
    "object": ".objects/dmz-fw2-backup.list"
  }
}
 ]]
+ true
+ first=false
+ printf ' "%s": { "devices": ' cisco
+ print '{
  "specs": {
    "vendor": "cisco",
    "model": "ASA",
    "version": "9.14(3)",
    "domain": "edge.dc.example.com",
    "hostname": "perimeter-fw1"
  },
  "config": {
    "file": "perimeter-fw1.cfg",
    "lines": 33,
    "object": ".objects/perimeter-fw1.list"
  }
}
{
  "specs": {
    "vendor": "cisco",
    "model": "ASA",
    "version": "9.12(4)",
    "domain": "global.dmz.example.net",
    "hostname": "dmz-fw2-backup"
  },
  "config": {
    "file": "dmz-fw2-backup.cfg",
    "lines": 16,
    "object": ".objects/dmz-fw2-backup.list"
  }
}
'
+ jq -s .
+ [[ -n {
  "specs": {
    "vendor": "cisco",
    "model": "ASA",
    "version": "9.14(3)",
    "domain": "edge.dc.example.com",
    "hostname": "perimeter-fw1"
  },
  "config": {
    "file": "perimeter-fw1.cfg",
    "lines": 33,
    "object": ".objects/perimeter-fw1.list"
  }
}
{
  "specs": {
    "vendor": "cisco",
    "model": "ASA",
    "version": "9.12(4)",
    "domain": "global.dmz.example.net",
    "hostname": "dmz-fw2-backup"
  },
  "config": {
    "file": "dmz-fw2-backup.cfg",
    "lines": 16,
    "object": ".objects/dmz-fw2-backup.list"
  }
}
 ]]
+ echo -en '{
  "specs": {
    "vendor": "cisco",
    "model": "ASA",
    "version": "9.14(3)",
    "domain": "edge.dc.example.com",
    "hostname": "perimeter-fw1"
  },
  "config": {
    "file": "perimeter-fw1.cfg",
    "lines": 33,
    "object": ".objects/perimeter-fw1.list"
  }
}
{
  "specs": {
    "vendor": "cisco",
    "model": "ASA",
    "version": "9.12(4)",
    "domain": "global.dmz.example.net",
    "hostname": "dmz-fw2-backup"
  },
  "config": {
    "file": "dmz-fw2-backup.cfg",
    "lines": 16,
    "object": ".objects/dmz-fw2-backup.list"
  }
}
'
+ printf ' } '
+ for site in $(printf '%s\n' "${!site_device_map[@]}" | sort -u)
+ [[ -z {
  "specs": {
    "vendor": "fortinet",
    "model": "FortiGate-60F",
    "version": "v7.2.5.F",
    "domain": "",
    "hostname": "fg-branch-vpn-01"
  },
  "config": {
    "file": "fg-branch-vpn-01.cfg",
    "lines": 19,
    "object": ".objects/fg-branch-vpn-01.list"
  }
}
 ]]
+ false
+ printf ,
+ printf ' "%s": { "devices": ' fortinet
+ print '{
  "specs": {
    "vendor": "fortinet",
    "model": "FortiGate-60F",
    "version": "v7.2.5.F",
    "domain": "",
    "hostname": "fg-branch-vpn-01"
  },
  "config": {
    "file": "fg-branch-vpn-01.cfg",
    "lines": 19,
    "object": ".objects/fg-branch-vpn-01.list"
  }
}
'
+ [[ -n {
  "specs": {
    "vendor": "fortinet",
    "model": "FortiGate-60F",
+ jq -s .
    "version": "v7.2.5.F",
    "domain": "",
    "hostname": "fg-branch-vpn-01"
  },
  "config": {
    "file": "fg-branch-vpn-01.cfg",
    "lines": 19,
    "object": ".objects/fg-branch-vpn-01.list"
  }
}
 ]]
+ echo -en '{
  "specs": {
    "vendor": "fortinet",
    "model": "FortiGate-60F",
    "version": "v7.2.5.F",
    "domain": "",
    "hostname": "fg-branch-vpn-01"
  },
  "config": {
    "file": "fg-branch-vpn-01.cfg",
    "lines": 19,
    "object": ".objects/fg-branch-vpn-01.list"
  }
}
'
+ printf ' } '
+ for site in $(printf '%s\n' "${!site_device_map[@]}" | sort -u)
+ [[ -z {
  "specs": {
    "vendor": "cisco",
    "model": "",
    "version": "",
    "domain": "",
    "hostname": ""
  },
  "config": {
    "file": "fw3.cfg",
    "lines": 13,
    "object": ".objects/fw3.list"
  }
}
{
  "specs": {
    "vendor": "cisco",
    "model": "",
    "version": "",
    "domain": "",
    "hostname": ""
  },
  "config": {
    "file": "fw1.cfg",
    "lines": 17,
    "object": ".objects/fw1.list"
  }
}
 ]]
+ false
+ printf ,
+ printf ' "%s": { "devices": ' misc
+ print '{
  "specs": {
    "vendor": "cisco",
    "model": "",
    "version": "",
    "domain": "",
    "hostname": ""
  },
  "config": {
    "file": "fw3.cfg",
    "lines": 13,
    "object": ".objects/fw3.list"
  }
}
{
  "specs": {
    "vendor": "cisco",
    "model": "",
    "version": "",
    "domain": "",
    "hostname": ""
  },
  "config": {
    "file": "fw1.cfg",
    "lines": 17,
    "object": ".objects/fw1.list"
  }
}
'
+ jq -s .
+ [[ -n {
  "specs": {
    "vendor": "cisco",
    "model": "",
    "version": "",
    "domain": "",
    "hostname": ""
  },
  "config": {
    "file": "fw3.cfg",
    "lines": 13,
    "object": ".objects/fw3.list"
  }
}
{
  "specs": {
    "vendor": "cisco",
    "model": "",
    "version": "",
    "domain": "",
    "hostname": ""
  },
  "config": {
    "file": "fw1.cfg",
    "lines": 17,
    "object": ".objects/fw1.list"
  }
}
 ]]
+ echo -en '{
  "specs": {
    "vendor": "cisco",
    "model": "",
    "version": "",
    "domain": "",
    "hostname": ""
  },
  "config": {
    "file": "fw3.cfg",
    "lines": 13,
    "object": ".objects/fw3.list"
  }
}
{
  "specs": {
    "vendor": "cisco",
    "model": "",
    "version": "",
    "domain": "",
    "hostname": ""
  },
  "config": {
    "file": "fw1.cfg",
    "lines": 17,
    "object": ".objects/fw1.list"
  }
}
'
+ printf ' } '
+ printf ' } } '
+ return 0
