+ local configs_matching__script=configs-matching
+ targets_jobs_pid=()
+ declare -ga targets_jobs_pid
+ targets_jobs2ips_mapping=()
+ declare -gA targets_jobs2ips_mapping
+ for ip_address in "${target_listing[@]}"
+ local report_path=reports/10.0.0.1
+ local configs_objects=/var/folders/vp/4k9xy96d7zx8lhmgrr4khsj80000gn/T/tmp.Z8K565yDD2/configs-targets--10.0.0.1.list
+ :
+ [[ -d reports/10.0.0.1 ]]
+ for ext in "${file_extensions[@]}"
+ find reports/10.0.0.1 -type f -name '*.cfg'
+ for ext in "${file_extensions[@]}"
+ find reports/10.0.0.1 -type f -name '*.conf'
+ [[ ! -s /var/folders/vp/4k9xy96d7zx8lhmgrr4khsj80000gn/T/tmp.Z8K565yDD2/configs-targets--10.0.0.1.list ]]
+ local target_config=targets/10.0.0.1.json
+ local configs_targets__console=/var/folders/vp/4k9xy96d7zx8lhmgrr4khsj80000gn/T/tmp.Z8K565yDD2/configs-targets--10.0.0.1
+ local job_pid=19334
+ targets_jobs_pid+=("${job_pid}")
+ targets_jobs2ips_mapping["${job_pid}"]=10.0.0.1
+ for ip_address in "${target_listing[@]}"
+ local report_path=reports/203.0.113.25
+ local configs_objects=/var/folders/vp/4k9xy96d7zx8lhmgrr4khsj80000gn/T/tmp.Z8K565yDD2/configs-targets--203.0.113.25.list
+ :
+ [[ -d reports/203.0.113.25 ]]
+ for ext in "${file_extensions[@]}"
+ find reports/203.0.113.25 -type f -name '*.cfg'
+ configs_targets --search=10.0.0.1 --source=/var/folders/vp/4k9xy96d7zx8lhmgrr4khsj80000gn/T/tmp.Z8K565yDD2/configs-targets--10.0.0.1.list --target=targets/10.0.0.1.json --logger=/var/folders/vp/4k9xy96d7zx8lhmgrr4khsj80000gn/T/tmp.Z8K565yDD2/configs-targets--10.0.0.1.console --verbose
+ for ext in "${file_extensions[@]}"
+ find reports/203.0.113.25 -type f -name '*.conf'
+ [[ ! -s /var/folders/vp/4k9xy96d7zx8lhmgrr4khsj80000gn/T/tmp.Z8K565yDD2/configs-targets--203.0.113.25.list ]]
+ local target_config=targets/203.0.113.25.json
+ local configs_targets__console=/var/folders/vp/4k9xy96d7zx8lhmgrr4khsj80000gn/T/tmp.Z8K565yDD2/configs-targets--203.0.113.25
+ local job_pid=19343
+ targets_jobs_pid+=("${job_pid}")
+ targets_jobs2ips_mapping["${job_pid}"]=203.0.113.25
+ ((  2 > 0  ))
+ valid_targets_jobs_pid=()
+ local valid_targets_jobs_pid
+ for pid in "${targets_jobs_pid[@]}"
+ kill -0 19334
+ valid_targets_jobs_pid+=("${pid}")
+ for pid in "${targets_jobs_pid[@]}"
+ kill -0 19343
+ valid_targets_jobs_pid+=("${pid}")
+ targets_jobs_pid=("${valid_targets_jobs_pid[@]}")
+ sleep 0.1
+ configs_targets --search=203.0.113.25 --source=/var/folders/vp/4k9xy96d7zx8lhmgrr4khsj80000gn/T/tmp.Z8K565yDD2/configs-targets--203.0.113.25.list --target=targets/203.0.113.25.json --logger=/var/folders/vp/4k9xy96d7zx8lhmgrr4khsj80000gn/T/tmp.Z8K565yDD2/configs-targets--203.0.113.25.console --verbose
+ ((  2 > 0  ))
+ valid_targets_jobs_pid=()
+ local valid_targets_jobs_pid
+ for pid in "${targets_jobs_pid[@]}"
+ kill -0 19334
+ valid_targets_jobs_pid+=("${pid}")
+ for pid in "${targets_jobs_pid[@]}"
+ kill -0 19343
+ valid_targets_jobs_pid+=("${pid}")
+ targets_jobs_pid=("${valid_targets_jobs_pid[@]}")
+ sleep 0.1
+ ((  2 > 0  ))
+ valid_targets_jobs_pid=()
+ local valid_targets_jobs_pid
+ for pid in "${targets_jobs_pid[@]}"
+ kill -0 19334
+ logger=10.0.0.1
+ for pid in "${targets_jobs_pid[@]}"
+ kill -0 19343
+ logger=203.0.113.25
+ targets_jobs_pid=("${valid_targets_jobs_pid[@]}")
+ sleep 0.1
+ ((  0 > 0  ))
+ [[ true == true ]]
+ message 'Completed background jobs for matched IPs (2):'
+ [[ -n Completed background jobs for matched IPs (2): ]]
+ local 'message=Completed background jobs for matched IPs (2):'
+ echo -e 'Completed background jobs for matched IPs (2):'
+ message -------------------------------------
+ [[ -n ------------------------------------- ]]
+ local message=-------------------------------------
+ echo -e -------------------------------------
+ message ' Index  | PID    | IP Address       |'
+ [[ -n  Index  | PID    | IP Address       | ]]
+ local 'message= Index  | PID    | IP Address       |'
+ echo -e ' Index  | PID    | IP Address       |'
+ message -------------------------------------
+ [[ -n ------------------------------------- ]]
+ local message=-------------------------------------
+ echo -e -------------------------------------
+ for pid in "${!targets_jobs2ips_mapping[@]}"
+ ip_address=203.0.113.25
+ printf '%-6s | %-15s\n' 19343 203.0.113.25
+ for pid in "${!targets_jobs2ips_mapping[@]}"
+ ip_address=10.0.0.1
+ printf '%-6s | %-15s\n' 19334 10.0.0.1
+ cat -n
+ newline
+ local count=1
+ (( i = 0 ))
+ (( i < count ))
+ echo
+ (( i++ ))
+ (( i < count ))
+ for pid in "${!targets_jobs2ips_mapping[@]}"
+ ip_address=203.0.113.25
+ target_config=targets/203.0.113.25.json
+ [[ -s targets/203.0.113.25.json ]]
+ [[ -f targets/203.0.113.25.json ]]
+ message 'Completed Configuration Targets (IP): targets/203.0.113.25.json'
+ [[ -n Completed Configuration Targets (IP): targets/203.0.113.25.json ]]
+ local 'message=Completed Configuration Targets (IP): targets/203.0.113.25.json'
+ echo -e 'Completed Configuration Targets (IP): targets/203.0.113.25.json'
+ jq -r . targets/203.0.113.25.json
+ for pid in "${!targets_jobs2ips_mapping[@]}"
+ ip_address=10.0.0.1
+ target_config=targets/10.0.0.1.json
+ [[ -s targets/10.0.0.1.json ]]
+ [[ -f targets/10.0.0.1.json ]]
+ message 'Completed Configuration Targets (IP): targets/10.0.0.1.json'
+ [[ -n Completed Configuration Targets (IP): targets/10.0.0.1.json ]]
+ local 'message=Completed Configuration Targets (IP): targets/10.0.0.1.json'
+ echo -e 'Completed Configuration Targets (IP): targets/10.0.0.1.json'
+ jq -r . targets/10.0.0.1.json
+ return 0
== \d\e\b\u\g ]]
+ [[ verbose == \d\r\y\-\r\u\n ]]
+ [[ verbose == \v\e\r\b\o\s\e ]]
+ local verbose=true
+ IFS=' 	
'
+ [[ -z true ]]
+ [[ -z false ]]
+ [[ -z true ]]
+ [[ -z /var/folders/vp/4k9xy96d7zx8lhmgrr4khsj80000gn/T/tmp.Z8K565yDD2/configs-targets--10.0.0.1.console ]]
+ [[ -z /var/folders/vp/4k9xy96d7zx8lhmgrr4khsj80000gn/T/tmp.Z8K565yDD2/configs-targets--10.0.0.1.list ]]
+ [[ ! -s /var/folders/vp/4k9xy96d7zx8lhmgrr4khsj80000gn/T/tmp.Z8K565yDD2/configs-targets--10.0.0.1.list ]]
+ site_device_map=()
+ declare -A site_device_map
+ local rel_path site device cfg_lines json_head json_spec
+ IFS=
+ read -r config_file
+ [[ ! -f reports/10.0.0.1/cisco/perimeter-fw1.cfg ]]
+ rel_path=cisco/perimeter-fw1.cfg
+ site=cisco
+ device=perimeter-fw1.cfg
+ [[ ! -d reports/10.0.0.1/cisco ]]
++ echo -e --logger=/var/folders/vp/4k9xy96d7zx8lhmgrr4khsj80000gn/T/tmp.Z8K565yDD2/configs-targets--203.0.113.25.console
++ sed -e '1s|^\(-\)\{1,\}||'
++ wc -l
++ tr -d ' '
+ [[ logger =~ ^(search|p)$ ]]
+ [[ logger =~ ^(source|s)$ ]]
+ [[ logger =~ ^(target|t)$ ]]
+ [[ logger =~ ^(logger|l)$ ]]
+ local target_logfile=/var/folders/vp/4k9xy96d7zx8lhmgrr4khsj80000gn/T/tmp.Z8K565yDD2/configs-targets--203.0.113.25.console
+ [[ logger == \d\e\b\u\g ]]
+ [[ logger == \d\r\y\-\r\u\n ]]
+ [[ logger == \v\e\r\b\o\s\e ]]
+ for xitem in "${@}"
+ IFS==
+ read -r key value
+ cfg_lines=22
++ echo -e --verbose
++ awk '
          BEGIN { in_json=0; depth=0; }
          {
            if (!in_json && $0 ~ /^[[:space:]]*{/) in_json=1;
            if (in_json) {
              print;
              depth += gsub(/{/, "{");
              depth -= gsub(/}/, "}");
              if (depth == 0) exit;
            }
          }
        ' reports/10.0.0.1/cisco/perimeter-fw1.cfg
++ sed -e '1s|^\(-\)\{1,\}||'
+ json_head='{
  "vendor": "cisco",
  "model": "ASA",
  "version": "9.14(3)",
  "domain": "edge.dc.example.com",
  "hostname": "perimeter-fw1"
}'
+ [[ verbose =~ ^(search|p)$ ]]
+ [[ verbose =~ ^(source|s)$ ]]
+ [[ verbose =~ ^(target|t)$ ]]
+ [[ verbose =~ ^(logger|l)$ ]]
+ [[ verbose == \d\e\b\u\g ]]
+ [[ verbose == \d\r\y\-\r\u\n ]]
+ [[ verbose == \v\e\r\b\o\s\e ]]
+ local verbose=true
+ IFS=' 	
'
+ [[ -z true ]]
+ [[ -z false ]]
+ [[ -z true ]]
+ [[ -z /var/folders/vp/4k9xy96d7zx8lhmgrr4khsj80000gn/T/tmp.Z8K565yDD2/configs-targets--203.0.113.25.console ]]
+ [[ -z /var/folders/vp/4k9xy96d7zx8lhmgrr4khsj80000gn/T/tmp.Z8K565yDD2/configs-targets--203.0.113.25.list ]]
+ [[ ! -s /var/folders/vp/4k9xy96d7zx8lhmgrr4khsj80000gn/T/tmp.Z8K565yDD2/configs-targets--203.0.113.25.list ]]
+ site_device_map=()
+ declare -A site_device_map
+ local rel_path site device cfg_lines json_head json_spec
+ IFS=
+ read -r config_file
+ [[ ! -f reports/203.0.113.25/misc/fw3.cfg ]]
+ rel_path=misc/fw3.cfg
+ site=misc
+ echo '{
+ device=fw3.cfg
  "vendor": "cisco",
  "model": "ASA",
+ [[ ! -d reports/203.0.113.25/misc ]]
  "version": "9.14(3)",
  "domain": "edge.dc.example.com",
  "hostname": "perimeter-fw1"
}'
+ jq -e .
++ wc -l
++ tr -d ' '
+ cfg_lines=13
++ awk '
          BEGIN { in_json=0; depth=0; }
          {
            if (!in_json && $0 ~ /^[[:space:]]*{/) in_json=1;
            if (in_json) {
              print;
              depth += gsub(/{/, "{");
              depth -= gsub(/}/, "}");
              if (depth == 0) exit;
            }
          }
        ' reports/203.0.113.25/misc/fw3.cfg
+ json_head='{
  "vendor": "cisco",
  "model": "",
  "version": "",
  "domain": "",
  "hostname": ""
}'
+ echo '{
  "vendor": "cisco",
  "model": "",
  "version": "",
  "domain": "",
  "hostname": ""
}'
+ jq -e .
++ jq -n --arg file perimeter-fw1.cfg --argjson lines 22 --arg path .objects/perimeter-fw1.list --arg specs '{
  "vendor": "cisco",
  "model": "ASA",
  "version": "9.14(3)",
  "domain": "edge.dc.example.com",
  "hostname": "perimeter-fw1"
}' '{
            specs: ($specs | fromjson),
            config: {
              file: $file,
              lines: $lines,
              object: $path
            }
          }'
++ jq -n --arg file fw3.cfg --argjson lines 13 --arg path .objects/fw3.list --arg specs '{
  "vendor": "cisco",
  "model": "",
  "version": "",
  "domain": "",
  "hostname": ""
}' '{
            specs: ($specs | fromjson),
            config: {
              file: $file,
              lines: $lines,
              object: $path
            }
          }'
+ json_spec='{
  "specs": {
    "vendor": "cisco",
    "model": "ASA",
    "version": "9.14(3)",
    "domain": "edge.dc.example.com",
    "hostname": "perimeter-fw1"
  },
  "config": {
    "file": "perimeter-fw1.cfg",
    "lines": 22,
    "object": ".objects/perimeter-fw1.list"
  }
}'
+ site_device_map["${site}"]+='{
  "specs": {
    "vendor": "cisco",
    "model": "ASA",
    "version": "9.14(3)",
    "domain": "edge.dc.example.com",
    "hostname": "perimeter-fw1"
  },
  "config": {
    "file": "perimeter-fw1.cfg",
    "lines": 22,
    "object": ".objects/perimeter-fw1.list"
  }
}
'
+ IFS=
+ read -r config_file
+ [[ ! -f reports/10.0.0.1/fortinet/fg-branch-vpn-01.cfg ]]
+ rel_path=fortinet/fg-branch-vpn-01.cfg
+ site=fortinet
+ device=fg-branch-vpn-01.cfg
+ [[ ! -d reports/10.0.0.1/fortinet ]]
++ wc -l
++ tr -d ' '
+ cfg_lines=26
++ awk '
          BEGIN { in_json=0; depth=0; }
          {
            if (!in_json && $0 ~ /^[[:space:]]*{/) in_json=1;
            if (in_json) {
              print;
              depth += gsub(/{/, "{");
              depth -= gsub(/}/, "}");
              if (depth == 0) exit;
            }
          }
        ' reports/10.0.0.1/fortinet/fg-branch-vpn-01.cfg
+ json_head='{
  "vendor": "fortinet",
  "model": "FortiGate-60F",
  "version": "v7.2.5.F",
  "domain": "",
  "hostname": "fg-branch-vpn-01"
}'
+ json_spec='{
  "specs": {
    "vendor": "cisco",
    "model": "",
    "version": "",
    "domain": "",
    "hostname": ""
  },
  "config": {
    "file": "fw3.cfg",
    "lines": 13,
    "object": ".objects/fw3.list"
  }
}'
+ site_device_map["${site}"]+='{
  "specs": {
    "vendor": "cisco",
    "model": "",
    "version": "",
    "domain": "",
    "hostname": ""
  },
  "config": {
    "file": "fw3.cfg",
    "lines": 13,
    "object": ".objects/fw3.list"
  }
}
'
+ IFS=
+ read -r config_file
+ [[ ! -f reports/203.0.113.25/misc/fw1.cfg ]]
+ rel_path=misc/fw1.cfg
+ site=misc
+ device=fw1.cfg
+ [[ ! -d reports/203.0.113.25/misc ]]
+ echo '{
  "vendor": "fortinet",
  "model": "FortiGate-60F",
  "version": "v7.2.5.F",
  "domain": "",
  "hostname": "fg-branch-vpn-01"
}'
+ jq -e .
++ wc -l
++ tr -d ' '
+ cfg_lines=17
++ awk '
          BEGIN { in_json=0; depth=0; }
          {
            if (!in_json && $0 ~ /^[[:space:]]*{/) in_json=1;
            if (in_json) {
              print;
              depth += gsub(/{/, "{");
              depth -= gsub(/}/, "}");
              if (depth == 0) exit;
            }
          }
        ' reports/203.0.113.25/misc/fw1.cfg
+ json_head='{
  "vendor": "cisco",
  "model": "",
  "version": "",
  "domain": "",
  "hostname": ""
}'
+ echo '{
  "vendor": "cisco",
  "model": "",
  "version": "",
  "domain": "",
  "hostname": ""
}'
+ jq -e .
++ jq -n --arg file fg-branch-vpn-01.cfg --argjson lines 26 --arg path .objects/fg-branch-vpn-01.list --arg specs '{
  "vendor": "fortinet",
  "model": "FortiGate-60F",
  "version": "v7.2.5.F",
  "domain": "",
  "hostname": "fg-branch-vpn-01"
}' '{
            specs: ($specs | fromjson),
            config: {
              file: $file,
              lines: $lines,
              object: $path
            }
          }'
++ jq -n --arg file fw1.cfg --argjson lines 17 --arg path .objects/fw1.list --arg specs '{
  "vendor": "cisco",
  "model": "",
  "version": "",
  "domain": "",
  "hostname": ""
}' '{
            specs: ($specs | fromjson),
            config: {
              file: $file,
              lines: $lines,
              object: $path
            }
          }'
+ json_spec='{
  "specs": {
    "vendor": "fortinet",
    "model": "FortiGate-60F",
    "version": "v7.2.5.F",
    "domain": "",
    "hostname": "fg-branch-vpn-01"
  },
  "config": {
    "file": "fg-branch-vpn-01.cfg",
    "lines": 26,
    "object": ".objects/fg-branch-vpn-01.list"
  }
}'
+ site_device_map["${site}"]+='{
  "specs": {
    "vendor": "fortinet",
    "model": "FortiGate-60F",
    "version": "v7.2.5.F",
    "domain": "",
    "hostname": "fg-branch-vpn-01"
  },
  "config": {
    "file": "fg-branch-vpn-01.cfg",
    "lines": 26,
    "object": ".objects/fg-branch-vpn-01.list"
  }
}
'
+ IFS=
+ read -r config_file
+ [[ ! -f reports/10.0.0.1/misc/switch3.conf ]]
+ rel_path=misc/switch3.conf
+ site=misc
+ device=switch3.conf
+ [[ ! -d reports/10.0.0.1/misc ]]
++ wc -l
++ tr -d ' '
+ cfg_lines=16
++ awk '
          BEGIN { in_json=0; depth=0; }
          {
            if (!in_json && $0 ~ /^[[:space:]]*{/) in_json=1;
            if (in_json) {
              print;
              depth += gsub(/{/, "{");
              depth -= gsub(/}/, "}");
              if (depth == 0) exit;
            }
          }
        ' reports/10.0.0.1/misc/switch3.conf
+ json_head='{
  "vendor": "cisco",
  "model": "",
  "version": "",
  "domain": "",
  "hostname": ""
}'
+ json_spec='{
  "specs": {
    "vendor": "cisco",
    "model": "",
    "version": "",
    "domain": "",
    "hostname": ""
  },
  "config": {
    "file": "fw1.cfg",
    "lines": 17,
    "object": ".objects/fw1.list"
  }
}'
+ site_device_map["${site}"]+='{
  "specs": {
    "vendor": "cisco",
    "model": "",
    "version": "",
    "domain": "",
    "hostname": ""
  },
  "config": {
    "file": "fw1.cfg",
    "lines": 17,
    "object": ".objects/fw1.list"
  }
}
'
+ IFS=
+ read -r config_file
+ [[ ! -f reports/203.0.113.25/cisco/perimeter-fw1.cfg ]]
+ rel_path=cisco/perimeter-fw1.cfg
+ site=cisco
+ device=perimeter-fw1.cfg
+ [[ ! -d reports/203.0.113.25/cisco ]]
+ echo '{
  "vendor": "cisco",
  "model": "",
  "version": "",
  "domain": "",
  "hostname": ""
}'
+ jq -e .
++ wc -l
++ tr -d ' '
+ cfg_lines=33
++ awk '
          BEGIN { in_json=0; depth=0; }
          {
            if (!in_json && $0 ~ /^[[:space:]]*{/) in_json=1;
            if (in_json) {
              print;
              depth += gsub(/{/, "{");
              depth -= gsub(/}/, "}");
              if (depth == 0) exit;
            }
          }
        ' reports/203.0.113.25/cisco/perimeter-fw1.cfg
+ json_head='{
  "vendor": "cisco",
  "model": "ASA",
  "version": "9.14(3)",
  "domain": "edge.dc.example.com",
  "hostname": "perimeter-fw1"
}'
+ echo '{
  "vendor": "cisco",
  "model": "ASA",
  "version": "9.14(3)",
  "domain": "edge.dc.example.com",
  "hostname": "perimeter-fw1"
}'
+ jq -e .
++ jq -n --arg file switch3.conf --argjson lines 16 --arg path .objects/switch3.list --arg specs '{
  "vendor": "cisco",
  "model": "",
  "version": "",
  "domain": "",
  "hostname": ""
}' '{
            specs: ($specs | fromjson),
            config: {
              file: $file,
              lines: $lines,
              object: $path
            }
          }'
++ jq -n --arg file perimeter-fw1.cfg --argjson lines 33 --arg path .objects/perimeter-fw1.list --arg specs '{
  "vendor": "cisco",
  "model": "ASA",
  "version": "9.14(3)",
  "domain": "edge.dc.example.com",
  "hostname": "perimeter-fw1"
}' '{
            specs: ($specs | fromjson),
            config: {
              file: $file,
              lines: $lines,
              object: $path
            }
          }'
+ json_spec='{
  "specs": {
    "vendor": "cisco",
    "model": "",
    "version": "",
    "domain": "",
    "hostname": ""
  },
  "config": {
    "file": "switch3.conf",
    "lines": 16,
    "object": ".objects/switch3.list"
  }
}'
+ site_device_map["${site}"]+='{
  "specs": {
    "vendor": "cisco",
    "model": "",
    "version": "",
    "domain": "",
    "hostname": ""
  },
  "config": {
    "file": "switch3.conf",
    "lines": 16,
    "object": ".objects/switch3.list"
  }
}
'
+ IFS=
+ read -r config_file
+ [[ ! -f reports/10.0.0.1/misc/switch1.conf ]]
+ rel_path=misc/switch1.conf
+ site=misc
+ device=switch1.conf
+ [[ ! -d reports/10.0.0.1/misc ]]
++ wc -l
++ tr -d ' '
+ cfg_lines=13
++ awk '
          BEGIN { in_json=0; depth=0; }
          {
            if (!in_json && $0 ~ /^[[:space:]]*{/) in_json=1;
            if (in_json) {
              print;
              depth += gsub(/{/, "{");
              depth -= gsub(/}/, "}");
              if (depth == 0) exit;
            }
          }
        ' reports/10.0.0.1/misc/switch1.conf
+ json_head='{
  "vendor": "cisco",
  "model": "",
  "version": "",
  "domain": "",
  "hostname": ""
}'
+ json_spec='{
  "specs": {
    "vendor": "cisco",
    "model": "ASA",
    "version": "9.14(3)",
    "domain": "edge.dc.example.com",
    "hostname": "perimeter-fw1"
  },
  "config": {
    "file": "perimeter-fw1.cfg",
    "lines": 33,
    "object": ".objects/perimeter-fw1.list"
  }
}'
+ site_device_map["${site}"]+='{
  "specs": {
    "vendor": "cisco",
    "model": "ASA",
    "version": "9.14(3)",
    "domain": "edge.dc.example.com",
    "hostname": "perimeter-fw1"
  },
  "config": {
    "file": "perimeter-fw1.cfg",
    "lines": 33,
    "object": ".objects/perimeter-fw1.list"
  }
}
'
+ IFS=
+ read -r config_file
+ [[ ! -f reports/203.0.113.25/cisco/dmz-fw2-backup.cfg ]]
+ rel_path=cisco/dmz-fw2-backup.cfg
+ site=cisco
+ device=dmz-fw2-backup.cfg
+ [[ ! -d reports/203.0.113.25/cisco ]]
+ echo '{
  "vendor": "cisco",
  "model": "",
  "version": "",
  "domain": "",
  "hostname": ""
}'
+ jq -e .
++ wc -l
++ tr -d ' '
+ cfg_lines=16
++ awk '
          BEGIN { in_json=0; depth=0; }
          {
            if (!in_json && $0 ~ /^[[:space:]]*{/) in_json=1;
            if (in_json) {
              print;
              depth += gsub(/{/, "{");
              depth -= gsub(/}/, "}");
              if (depth == 0) exit;
            }
          }
        ' reports/203.0.113.25/cisco/dmz-fw2-backup.cfg
+ json_head='{
  "vendor": "cisco",
  "model": "ASA",
  "version": "9.12(4)",
  "domain": "global.dmz.example.net",
  "hostname": "dmz-fw2-backup"
}'
+ echo '{
  "vendor": "cisco",
  "model": "ASA",
  "version": "9.12(4)",
  "domain": "global.dmz.example.net",
  "hostname": "dmz-fw2-backup"
}'
+ jq -e .
++ jq -n --arg file switch1.conf --argjson lines 13 --arg path .objects/switch1.list --arg specs '{
  "vendor": "cisco",
  "model": "",
  "version": "",
  "domain": "",
  "hostname": ""
}' '{
            specs: ($specs | fromjson),
            config: {
              file: $file,
              lines: $lines,
              object: $path
            }
          }'
++ jq -n --arg file dmz-fw2-backup.cfg --argjson lines 16 --arg path .objects/dmz-fw2-backup.list --arg specs '{
  "vendor": "cisco",
  "model": "ASA",
  "version": "9.12(4)",
  "domain": "global.dmz.example.net",
  "hostname": "dmz-fw2-backup"
}' '{
            specs: ($specs | fromjson),
            config: {
              file: $file,
              lines: $lines,
              object: $path
            }
          }'
+ json_spec='{
  "specs": {
    "vendor": "cisco",
    "model": "",
    "version": "",
    "domain": "",
    "hostname": ""
  },
  "config": {
    "file": "switch1.conf",
    "lines": 13,
    "object": ".objects/switch1.list"
  }
}'
+ site_device_map["${site}"]+='{
  "specs": {
    "vendor": "cisco",
    "model": "",
    "version": "",
    "domain": "",
    "hostname": ""
  },
  "config": {
    "file": "switch1.conf",
    "lines": 13,
    "object": ".objects/switch1.list"
  }
}
'
+ IFS=
+ read -r config_file
+ printf ' { "target": "%s", "locations": { ' 10.0.0.1
+ first=true
+ jq .
++ printf '%s\n' fortinet misc cisco
++ sort -u
+ for site in $(printf '%s\n' "${!site_device_map[@]}" | sort -u)
+ [[ -z {
  "specs": {
    "vendor": "cisco",
    "model": "ASA",
    "version": "9.14(3)",
    "domain": "edge.dc.example.com",
    "hostname": "perimeter-fw1"
  },
  "config": {
    "file": "perimeter-fw1.cfg",
    "lines": 22,
    "object": ".objects/perimeter-fw1.list"
  }
}
 ]]
+ true
+ first=false
+ printf ' "%s": { "devices": ' cisco
+ print '{
  "specs": {
    "vendor": "cisco",
    "model": "ASA",
    "version": "9.14(3)",
    "domain": "edge.dc.example.com",
    "hostname": "perimeter-fw1"
  },
  "config": {
    "file": "perimeter-fw1.cfg",
    "lines": 22,
    "object": ".objects/perimeter-fw1.list"
  }
}
'
+ jq -s .
+ [[ -n {
  "specs": {
    "vendor": "cisco",
    "model": "ASA",
    "version": "9.14(3)",
    "domain": "edge.dc.example.com",
    "hostname": "perimeter-fw1"
  },
  "config": {
    "file": "perimeter-fw1.cfg",
    "lines": 22,
    "object": ".objects/perimeter-fw1.list"
  }
}
 ]]
+ echo -en '{
  "specs": {
    "vendor": "cisco",
    "model": "ASA",
    "version": "9.14(3)",
    "domain": "edge.dc.example.com",
    "hostname": "perimeter-fw1"
  },
  "config": {
    "file": "perimeter-fw1.cfg",
    "lines": 22,
    "object": ".objects/perimeter-fw1.list"
  }
}
'
+ json_spec='{
  "specs": {
    "vendor": "cisco",
    "model": "ASA",
    "version": "9.12(4)",
    "domain": "global.dmz.example.net",
    "hostname": "dmz-fw2-backup"
  },
  "config": {
    "file": "dmz-fw2-backup.cfg",
    "lines": 16,
    "object": ".objects/dmz-fw2-backup.list"
  }
}'
+ site_device_map["${site}"]+='{
  "specs": {
    "vendor": "cisco",
    "model": "ASA",
    "version": "9.12(4)",
    "domain": "global.dmz.example.net",
    "hostname": "dmz-fw2-backup"
  },
  "config": {
    "file": "dmz-fw2-backup.cfg",
    "lines": 16,
    "object": ".objects/dmz-fw2-backup.list"
  }
}
'
+ IFS=
+ read -r config_file
+ [[ ! -f reports/203.0.113.25/fortinet/fg-branch-vpn-01.cfg ]]
+ rel_path=fortinet/fg-branch-vpn-01.cfg
+ site=fortinet
+ device=fg-branch-vpn-01.cfg
+ [[ ! -d reports/203.0.113.25/fortinet ]]
++ wc -l
++ tr -d ' '
+ cfg_lines=19
++ awk '
          BEGIN { in_json=0; depth=0; }
          {
            if (!in_json && $0 ~ /^[[:space:]]*{/) in_json=1;
            if (in_json) {
              print;
              depth += gsub(/{/, "{");
              depth -= gsub(/}/, "}");
              if (depth == 0) exit;
            }
          }
        ' reports/203.0.113.25/fortinet/fg-branch-vpn-01.cfg
+ printf ' } '
+ for site in $(printf '%s\n' "${!site_device_map[@]}" | sort -u)
+ [[ -z {
  "specs": {
    "vendor": "fortinet",
    "model": "FortiGate-60F",
    "version": "v7.2.5.F",
    "domain": "",
    "hostname": "fg-branch-vpn-01"
  },
  "config": {
    "file": "fg-branch-vpn-01.cfg",
    "lines": 26,
    "object": ".objects/fg-branch-vpn-01.list"
  }
}
 ]]
+ false
+ printf ,
+ printf ' "%s": { "devices": ' fortinet
+ json_head='{
  "vendor": "fortinet",
  "model": "FortiGate-60F",
  "version": "v7.2.5.F",
  "domain": "",
  "hostname": "fg-branch-vpn-01"
}'
+ print '{
  "specs": {
    "vendor": "fortinet",
    "model": "FortiGate-60F",
    "version": "v7.2.5.F",
    "domain": "",
    "hostname": "fg-branch-vpn-01"
  },
  "config": {
    "file": "fg-branch-vpn-01.cfg",
    "lines": 26,
    "object": ".objects/fg-branch-vpn-01.list"
  }
}
'
+ jq -s .
+ [[ -n {
  "specs": {
    "vendor": "fortinet",
    "model": "FortiGate-60F",
    "version": "v7.2.5.F",
    "domain": "",
    "hostname": "fg-branch-vpn-01"
  },
  "config": {
    "file": "fg-branch-vpn-01.cfg",
    "lines": 26,
    "object": ".objects/fg-branch-vpn-01.list"
  }
}
 ]]
+ echo -en '{
  "specs": {
    "vendor": "fortinet",
    "model": "FortiGate-60F",
    "version": "v7.2.5.F",
    "domain": "",
    "hostname": "fg-branch-vpn-01"
  },
  "config": {
    "file": "fg-branch-vpn-01.cfg",
    "lines": 26,
    "object": ".objects/fg-branch-vpn-01.list"
  }
}
'
+ echo '{
  "vendor": "fortinet",
  "model": "FortiGate-60F",
  "version": "v7.2.5.F",
  "domain": "",
  "hostname": "fg-branch-vpn-01"
}'
+ jq -e .
+ printf ' } '
+ for site in $(printf '%s\n' "${!site_device_map[@]}" | sort -u)
+ [[ -z {
  "specs": {
    "vendor": "cisco",
    "model": "",
    "version": "",
    "domain": "",
    "hostname": ""
  },
  "config": {
    "file": "switch3.conf",
    "lines": 16,
    "object": ".objects/switch3.list"
  }
}
{
  "specs": {
    "vendor": "cisco",
    "model": "",
    "version": "",
    "domain": "",
    "hostname": ""
  },
  "config": {
    "file": "switch1.conf",
    "lines": 13,
    "object": ".objects/switch1.list"
  }
}
 ]]
+ false
+ printf ,
+ printf ' "%s": { "devices": ' misc
++ jq -n --arg file fg-branch-vpn-01.cfg --argjson lines 19 --arg path .objects/fg-branch-vpn-01.list --arg specs '{
  "vendor": "fortinet",
  "model": "FortiGate-60F",
  "version": "v7.2.5.F",
  "domain": "",
+ print '{
  "specs": {
  "hostname": "fg-branch-vpn-01"
    "vendor": "cisco",
    "model": "",
}' '{
    "version": "",
            specs: ($specs | fromjson),
    "domain": "",
            config: {
    "hostname": ""
              file: $file,
  },
              lines: $lines,
  "config": {
              object: $path
    "file": "switch3.conf",
            }
    "lines": 16,
          }'
    "object": ".objects/switch3.list"
  }
}
{
  "specs": {
    "vendor": "cisco",
    "model": "",
    "version": "",
    "domain": "",
    "hostname": ""
+ jq -s .
  },
  "config": {
    "file": "switch1.conf",
    "lines": 13,
    "object": ".objects/switch1.list"
  }
}
'
+ [[ -n {
  "specs": {
    "vendor": "cisco",
    "model": "",
    "version": "",
    "domain": "",
    "hostname": ""
  },
  "config": {
    "file": "switch3.conf",
    "lines": 16,
    "object": ".objects/switch3.list"
  }
}
{
  "specs": {
    "vendor": "cisco",
    "model": "",
    "version": "",
    "domain": "",
    "hostname": ""
  },
  "config": {
    "file": "switch1.conf",
    "lines": 13,
    "object": ".objects/switch1.list"
  }
}
 ]]
+ echo -en '{
  "specs": {
    "vendor": "cisco",
    "model": "",
    "version": "",
    "domain": "",
    "hostname": ""
  },
  "config": {
    "file": "switch3.conf",
    "lines": 16,
    "object": ".objects/switch3.list"
  }
}
{
  "specs": {
    "vendor": "cisco",
    "model": "",
    "version": "",
    "domain": "",
    "hostname": ""
  },
  "config": {
    "file": "switch1.conf",
    "lines": 13,
    "object": ".objects/switch1.list"
  }
}
'
+ json_spec='{
  "specs": {
    "vendor": "fortinet",
    "model": "FortiGate-60F",
    "version": "v7.2.5.F",
+ printf ' } '
    "domain": "",
    "hostname": "fg-branch-vpn-01"
  },
  "config": {
    "file": "fg-branch-vpn-01.cfg",
+ printf ' } } '
    "lines": 19,
    "object": ".objects/fg-branch-vpn-01.list"
  }
}'
+ site_device_map["${site}"]+='{
  "specs": {
    "vendor": "fortinet",
    "model": "FortiGate-60F",
    "version": "v7.2.5.F",
    "domain": "",
    "hostname": "fg-branch-vpn-01"
  },
  "config": {
    "file": "fg-branch-vpn-01.cfg",
    "lines": 19,
    "object": ".objects/fg-branch-vpn-01.list"
  }
}
'
+ IFS=
+ read -r config_file
+ printf ' { "target": "%s", "locations": { ' 203.0.113.25
+ first=true
+ jq .
+ return 0
++ printf '%s\n' fortinet misc cisco
++ sort -u
+ for site in $(printf '%s\n' "${!site_device_map[@]}" | sort -u)
+ [[ -z {
  "specs": {
    "vendor": "cisco",
    "model": "ASA",
    "version": "9.14(3)",
    "domain": "edge.dc.example.com",
    "hostname": "perimeter-fw1"
  },
  "config": {
    "file": "perimeter-fw1.cfg",
    "lines": 33,
    "object": ".objects/perimeter-fw1.list"
  }
}
{
  "specs": {
    "vendor": "cisco",
    "model": "ASA",
    "version": "9.12(4)",
    "domain": "global.dmz.example.net",
    "hostname": "dmz-fw2-backup"
  },
  "config": {
    "file": "dmz-fw2-backup.cfg",
    "lines": 16,
    "object": ".objects/dmz-fw2-backup.list"
  }
}
 ]]
+ true
+ first=false
+ printf ' "%s": { "devices": ' cisco
+ print '{
  "specs": {
    "vendor": "cisco",
    "model": "ASA",
    "version": "9.14(3)",
    "domain": "edge.dc.example.com",
    "hostname": "perimeter-fw1"
  },
  "config": {
    "file": "perimeter-fw1.cfg",
    "lines": 33,
    "object": ".objects/perimeter-fw1.list"
  }
}
{
  "specs": {
    "vendor": "cisco",
    "model": "ASA",
    "version": "9.12(4)",
    "domain": "global.dmz.example.net",
    "hostname": "dmz-fw2-backup"
  },
  "config": {
    "file": "dmz-fw2-backup.cfg",
    "lines": 16,
    "object": ".objects/dmz-fw2-backup.list"
  }
+ jq -s .
}
'
+ [[ -n {
  "specs": {
    "vendor": "cisco",
    "model": "ASA",
    "version": "9.14(3)",
    "domain": "edge.dc.example.com",
    "hostname": "perimeter-fw1"
  },
  "config": {
    "file": "perimeter-fw1.cfg",
    "lines": 33,
    "object": ".objects/perimeter-fw1.list"
  }
}
{
  "specs": {
    "vendor": "cisco",
    "model": "ASA",
    "version": "9.12(4)",
    "domain": "global.dmz.example.net",
    "hostname": "dmz-fw2-backup"
  },
  "config": {
    "file": "dmz-fw2-backup.cfg",
    "lines": 16,
    "object": ".objects/dmz-fw2-backup.list"
  }
}
 ]]
+ echo -en '{
  "specs": {
    "vendor": "cisco",
    "model": "ASA",
    "version": "9.14(3)",
    "domain": "edge.dc.example.com",
    "hostname": "perimeter-fw1"
  },
  "config": {
    "file": "perimeter-fw1.cfg",
    "lines": 33,
    "object": ".objects/perimeter-fw1.list"
  }
}
{
  "specs": {
    "vendor": "cisco",
    "model": "ASA",
    "version": "9.12(4)",
    "domain": "global.dmz.example.net",
    "hostname": "dmz-fw2-backup"
  },
  "config": {
    "file": "dmz-fw2-backup.cfg",
    "lines": 16,
    "object": ".objects/dmz-fw2-backup.list"
  }
}
'
+ printf ' } '
+ for site in $(printf '%s\n' "${!site_device_map[@]}" | sort -u)
+ [[ -z {
  "specs": {
    "vendor": "fortinet",
    "model": "FortiGate-60F",
    "version": "v7.2.5.F",
    "domain": "",
    "hostname": "fg-branch-vpn-01"
  },
  "config": {
    "file": "fg-branch-vpn-01.cfg",
    "lines": 19,
    "object": ".objects/fg-branch-vpn-01.list"
  }
}
 ]]
+ false
+ printf ,
+ printf ' "%s": { "devices": ' fortinet
+ print '{
  "specs": {
    "vendor": "fortinet",
    "model": "FortiGate-60F",
    "version": "v7.2.5.F",
    "domain": "",
    "hostname": "fg-branch-vpn-01"
  },
  "config": {
    "file": "fg-branch-vpn-01.cfg",
    "lines": 19,
    "object": ".objects/fg-branch-vpn-01.list"
  }
}
'
+ jq -s .
+ [[ -n {
  "specs": {
    "vendor": "fortinet",
    "model": "FortiGate-60F",
    "version": "v7.2.5.F",
    "domain": "",
    "hostname": "fg-branch-vpn-01"
  },
  "config": {
    "file": "fg-branch-vpn-01.cfg",
    "lines": 19,
    "object": ".objects/fg-branch-vpn-01.list"
  }
}
 ]]
+ echo -en '{
  "specs": {
    "vendor": "fortinet",
    "model": "FortiGate-60F",
    "version": "v7.2.5.F",
    "domain": "",
    "hostname": "fg-branch-vpn-01"
  },
  "config": {
    "file": "fg-branch-vpn-01.cfg",
    "lines": 19,
    "object": ".objects/fg-branch-vpn-01.list"
  }
}
'
+ printf ' } '
+ for site in $(printf '%s\n' "${!site_device_map[@]}" | sort -u)
+ [[ -z {
  "specs": {
    "vendor": "cisco",
    "model": "",
    "version": "",
    "domain": "",
    "hostname": ""
  },
  "config": {
    "file": "fw3.cfg",
    "lines": 13,
    "object": ".objects/fw3.list"
  }
}
{
  "specs": {
    "vendor": "cisco",
    "model": "",
    "version": "",
    "domain": "",
    "hostname": ""
  },
  "config": {
    "file": "fw1.cfg",
    "lines": 17,
    "object": ".objects/fw1.list"
  }
}
 ]]
+ false
+ printf ,
+ printf ' "%s": { "devices": ' misc
+ print '{
  "specs": {
    "vendor": "cisco",
    "model": "",
    "version": "",
    "domain": "",
    "hostname": ""
  },
  "config": {
    "file": "fw3.cfg",
    "lines": 13,
    "object": ".objects/fw3.list"
  }
}
{
  "specs": {
    "vendor": "cisco",
    "model": "",
    "version": "",
    "domain": "",
    "hostname": ""
  },
  "config": {
    "file": "fw1.cfg",
    "lines": 17,
    "object": ".objects/fw1.list"
  }
}
'
+ jq -s .
+ [[ -n {
  "specs": {
    "vendor": "cisco",
    "model": "",
    "version": "",
    "domain": "",
    "hostname": ""
  },
  "config": {
    "file": "fw3.cfg",
    "lines": 13,
    "object": ".objects/fw3.list"
  }
}
{
  "specs": {
    "vendor": "cisco",
    "model": "",
    "version": "",
    "domain": "",
    "hostname": ""
  },
  "config": {
    "file": "fw1.cfg",
    "lines": 17,
    "object": ".objects/fw1.list"
  }
}
 ]]
+ echo -en '{
  "specs": {
    "vendor": "cisco",
    "model": "",
    "version": "",
    "domain": "",
    "hostname": ""
  },
  "config": {
    "file": "fw3.cfg",
    "lines": 13,
    "object": ".objects/fw3.list"
  }
}
{
  "specs": {
    "vendor": "cisco",
    "model": "",
    "version": "",
    "domain": "",
    "hostname": ""
  },
  "config": {
    "file": "fw1.cfg",
    "lines": 17,
    "object": ".objects/fw1.list"
  }
}
'
+ printf ' } '
+ printf ' } } '
+ return 0
