+ oIFS=' 	
'
+ for xitem in "${@}"
+ IFS==
+ read -r key value
++ echo -e --search=203.0.113.25
++ sed -e '1s|^\(-\)\{1,\}||'
+ [[ search =~ ^(search|s)$ ]]
+ local target_pattern=203.0.113.25
+ [[ search =~ ^(source|o)$ ]]
+ [[ search =~ ^(target|t)$ ]]
+ [[ search =~ ^(logger|l)$ ]]
+ [[ search == \d\e\b\u\g ]]
+ [[ search == \d\r\y\-\r\u\n ]]
+ [[ search == \v\e\r\b\o\s\e ]]
+ for xitem in "${@}"
+ IFS==
+ read -r key value
++ echo -e '--source=object network Sentinel-NAT--ZGV2b3BzLXJlc291cmNlcy5zaGVsbA--  host 203.0.113.25--ZGV2b3BzLXJlc291cmNlcy5zaGVsbA--  description Corporate NAT edge'
++ sed -e '1s|^\(-\)\{1,\}||'
+ [[ source =~ ^(search|s)$ ]]
+ [[ source =~ ^(source|o)$ ]]
+ local 'source_object=object network Sentinel-NAT--ZGV2b3BzLXJlc291cmNlcy5zaGVsbA--  host 203.0.113.25--ZGV2b3BzLXJlc291cmNlcy5zaGVsbA--  description Corporate NAT edge'
+ [[ source =~ ^(target|t)$ ]]
+ [[ source =~ ^(logger|l)$ ]]
+ [[ source == \d\e\b\u\g ]]
+ [[ source == \d\r\y\-\r\u\n ]]
+ [[ source == \v\e\r\b\o\s\e ]]
+ for xitem in "${@}"
+ IFS==
+ read -r key value
++ echo -e --target=/var/folders/vp/4k9xy96d7zx8lhmgrr4khsj80000gn/T/tmp.90hwuJyGl8/dmz-fw2-backup.list.objects
++ sed -e '1s|^\(-\)\{1,\}||'
+ [[ target =~ ^(search|s)$ ]]
+ [[ target =~ ^(source|o)$ ]]
+ [[ target =~ ^(target|t)$ ]]
+ local target_object=/var/folders/vp/4k9xy96d7zx8lhmgrr4khsj80000gn/T/tmp.90hwuJyGl8/dmz-fw2-backup.list.objects
+ [[ target =~ ^(logger|l)$ ]]
+ [[ target == \d\e\b\u\g ]]
+ [[ target == \d\r\y\-\r\u\n ]]
+ [[ target == \v\e\r\b\o\s\e ]]
+ for xitem in "${@}"
+ IFS==
+ read -r key value
++ echo -e --logger=/var/folders/vp/4k9xy96d7zx8lhmgrr4khsj80000gn/T/tmp.90hwuJyGl8/configs-obj2json--203.0.113.25--cisco--dmz-fw2-backup.console
++ sed -e '1s|^\(-\)\{1,\}||'
+ [[ logger =~ ^(search|s)$ ]]
+ [[ logger =~ ^(source|o)$ ]]
+ [[ logger =~ ^(target|t)$ ]]
+ [[ logger =~ ^(logger|l)$ ]]
+ local target_console=/var/folders/vp/4k9xy96d7zx8lhmgrr4khsj80000gn/T/tmp.90hwuJyGl8/configs-obj2json--203.0.113.25--cisco--dmz-fw2-backup.console
+ [[ logger == \d\e\b\u\g ]]
+ [[ logger == \d\r\y\-\r\u\n ]]
+ [[ logger == \v\e\r\b\o\s\e ]]
+ IFS=' 	
'
+ [[ -z true ]]
+ [[ -z false ]]
+ [[ -z true ]]
+ local target_console=console/configs-obj2json.console
+ mapfile -t restored_block
++ printf '%s\n' 'object network Sentinel-NAT
  host 203.0.113.25
  description Corporate NAT edge'
+ local 'object_header=object network Sentinel-NAT'
+ local object_keyword type_value partner_value
+ read -a header_tokens
+ object_keyword=object
+ [[ object == \c\o\n\f\i\g ]]
+ ((  3 == 3  ))
+ type_value=network
+ partner_value=Sentinel-NAT
+ data_sets=()
+ local -a data_sets
+ local description_value=false
+ for line in "${restored_block[@]}"
++ sed -E 's/^[[:space:]]*//;s/[[:space:]]*$//'
+ local 'trimmed=object network Sentinel-NAT'
+ [[ -z object network Sentinel-NAT ]]
+ [[ object network sentinel-nat =~ ^description[[:space:]] ]]
+ [[ object network sentinel-nat =~ ^edit[[:space:]]+".+" ]]
+ [[ object network sentinel-nat =~ ^set[[:space:]]+comment[[:space:]] ]]
+ [[ object network sentinel-nat == \n\e\x\t ]]
+ [[ object network sentinel-nat == \e\n\d ]]
+ data_sets+=("${trimmed}")
+ for line in "${restored_block[@]}"
++ sed -E 's/^[[:space:]]*//;s/[[:space:]]*$//'
+ local 'trimmed=host 203.0.113.25'
+ [[ -z host 203.0.113.25 ]]
+ [[ host 203.0.113.25 =~ ^description[[:space:]] ]]
+ [[ host 203.0.113.25 =~ ^edit[[:space:]]+".+" ]]
+ [[ host 203.0.113.25 =~ ^set[[:space:]]+comment[[:space:]] ]]
+ [[ host 203.0.113.25 == \n\e\x\t ]]
+ [[ host 203.0.113.25 == \e\n\d ]]
+ data_sets+=("${trimmed}")
+ for line in "${restored_block[@]}"
++ sed -E 's/^[[:space:]]*//;s/[[:space:]]*$//'
+ local 'trimmed=description Corporate NAT edge'
+ [[ -z description Corporate NAT edge ]]
+ [[ description corporate nat edge =~ ^description[[:space:]] ]]
++ sed -E 's/^description[[:space:]]+//'
+ description_value='Corporate NAT edge'
+ continue
+ [[ object network Sentinel-NAT == \o\b\j\e\c\t\ \n\e\t\w\o\r\k\ \S\e\n\t\i\n\e\l\-\N\A\T ]]
+ data_sets=("${data_sets[@]:1}")
+ items=()
+ local -a items
+ others=()
+ local -a others
+ for line in "${data_sets[@]}"
+ grep -Eq '(^|[^0-9.])203\.0\.113\.25([^0-9.]|$)'
+ items+=("$(sed -E 's/^[[:space:]]+//;s/[[:space:]]+$//' <<< "${line}")")
++ sed -E 's/^[[:space:]]+//;s/[[:space:]]+$//'
++ printf '%s\n' 'host 203.0.113.25'
++ jq -R .
++ jq --slurp .
+ local 'items_json=[
  "host 203.0.113.25"
]'
++ printf '%s\n'
++ sed '/^[[:space:]]*$/d'
++ jq -R .
++ jq --slurp .
+ local 'others_json=[]'
+ local group_value=Unclassified
+ [[ true == true ]]
+ local object_key
++ awk '{print $NF}'
++ sed -E 's/[[:punct:]]*$//'
+ object_key=network
++ jq -r --arg key network 'map( select( .match[]? | contains( $key ) ) ) | .[0].group'
+ group_value=null
+ [[ -z null ]]
+ [[ null == \n\u\l\l ]]
++ jq -r --arg desc 'Corporate NAT edge' 'map( select( .match[]? == $desc ) ) | .[0].group'
+ group_value=null
+ [[ -z null ]]
+ [[ null == \n\u\l\l ]]
+ group_value=Unclassified
++ jq -n --arg object object --arg type network --arg partner Sentinel-NAT --arg description 'Corporate NAT edge' --argjson items '[
  "host 203.0.113.25"
]' --argjson others '[]' --arg group Unclassified '{
          object: $object,
          type: ( $type // false ),
          partner: ( $partner | select(. != "" and . != "null" and . != "false") // false ),
          description: ( $description | select(. != "" and . != "null" and . != "false") // false ),
          items: $items,
          others: $others,
          group: $group
        }'
+ local 'target_json={
  "object": "object",
  "type": "network",
  "partner": "Sentinel-NAT",
  "description": "Corporate NAT edge",
  "items": [
    "host 203.0.113.25"
  ],
  "others": [],
  "group": "Unclassified"
}'
+ [[ true == true ]]
+ newline
+ local count=1
+ (( i = 0 ))
+ (( i < count ))
+ echo
+ (( i++ ))
+ (( i < count ))
+ for object in "${restored_block[@]}"
+ message 'object network Sentinel-NAT'
+ [[ -n object network Sentinel-NAT ]]
+ local 'message=object network Sentinel-NAT'
+ echo -e 'object network Sentinel-NAT'
+ for object in "${restored_block[@]}"
+ message '  host 203.0.113.25'
+ [[ -n   host 203.0.113.25 ]]
+ local 'message=  host 203.0.113.25'
+ echo -e '  host 203.0.113.25'
+ for object in "${restored_block[@]}"
+ message '  description Corporate NAT edge'
+ [[ -n   description Corporate NAT edge ]]
+ local 'message=  description Corporate NAT edge'
+ echo -e '  description Corporate NAT edge'
+ newline
+ local count=1
+ (( i = 0 ))
+ (( i < count ))
+ echo
+ (( i++ ))
+ (( i < count ))
+ message 'JSON Object (output):'
+ [[ -n JSON Object (output): ]]
+ local 'message=JSON Object (output):'
+ echo -e 'JSON Object (output):'
+ jq -r .
+ [[ -n {
  "object": "object",
  "type": "network",
  "partner": "Sentinel-NAT",
  "description": "Corporate NAT edge",
  "items": [
    "host 203.0.113.25"
  ],
  "others": [],
  "group": "Unclassified"
} ]]
+ jq -r .
+ cat -n /var/folders/vp/4k9xy96d7zx8lhmgrr4khsj80000gn/T/tmp.90hwuJyGl8/dmz-fw2-backup.list.objects
     1	{
     2	  "object": "interface",
     3	  "type": "GigabitEthernet0/1",
     4	  "partner": false,
     5	  "description": "Inside LAN segment",
     6	  "items": [
     7	    "ip address 192.168.100.100 255.255.255.0"
     8	  ],
     9	  "others": [
    10	    "nameif inside"
    11	  ],
    12	  "group": "Unclassified"
    13	}
    14	{
    15	  "object": "object",
    16	  "type": "network",
    17	  "partner": "Sentinel-NAT",
    18	  "description": "Corporate NAT edge",
    19	  "items": [
    20	    "host 203.0.113.25"
    21	  ],
    22	  "others": [],
    23	  "group": "Unclassified"
    24	}
+ return 0
