+ oIFS=' 	
'
+ for xitem in "${@}"
+ IFS==
+ read -r key value
++ echo -e --config=reports/192.168.1.10/misc/.objects/switch1.list
++ sed -e '1s|^\(-\)\{1,\}||'
+ [[ config =~ ^(config|c)$ ]]
+ export config_filename=reports/192.168.1.10/misc/.objects/switch1.list
+ config_filename=reports/192.168.1.10/misc/.objects/switch1.list
+ [[ config =~ ^(search|s)$ ]]
+ [[ config =~ ^(listing|g)$ ]]
+ [[ config =~ ^(output|o)$ ]]
+ [[ config =~ ^(logger|l)$ ]]
+ [[ config == \d\e\b\u\g ]]
+ [[ config == \d\r\y\-\r\u\n ]]
+ [[ config == \v\e\r\b\o\s\e ]]
+ for xitem in "${@}"
+ IFS==
+ read -r key value
++ echo -e --search=192.168.1.10
++ sed -e '1s|^\(-\)\{1,\}||'
+ [[ search =~ ^(config|c)$ ]]
+ [[ search =~ ^(search|s)$ ]]
+ local target_pattern=192.168.1.10
+ [[ search =~ ^(listing|g)$ ]]
+ [[ search =~ ^(output|o)$ ]]
+ [[ search =~ ^(logger|l)$ ]]
+ [[ search == \d\e\b\u\g ]]
+ [[ search == \d\r\y\-\r\u\n ]]
+ [[ search == \v\e\r\b\o\s\e ]]
+ for xitem in "${@}"
+ IFS==
+ read -r key value
++ echo -e --listing=targets/192.168.1.10.json
++ sed -e '1s|^\(-\)\{1,\}||'
+ [[ listing =~ ^(config|c)$ ]]
+ [[ listing =~ ^(search|s)$ ]]
+ [[ listing =~ ^(listing|g)$ ]]
+ local target_listing=targets/192.168.1.10.json
+ [[ listing =~ ^(output|o)$ ]]
+ [[ listing =~ ^(logger|l)$ ]]
+ [[ listing == \d\e\b\u\g ]]
+ [[ listing == \d\r\y\-\r\u\n ]]
+ [[ listing == \v\e\r\b\o\s\e ]]
+ for xitem in "${@}"
+ IFS==
+ read -r key value
++ echo -e --output=/var/folders/vp/4k9xy96d7zx8lhmgrr4khsj80000gn/T/tmp.thUdFZFM2F/192.168.1.10/fragments--switch1.list--20623.json
++ sed -e '1s|^\(-\)\{1,\}||'
+ [[ output =~ ^(config|c)$ ]]
+ [[ output =~ ^(search|s)$ ]]
+ [[ output =~ ^(listing|g)$ ]]
+ [[ output =~ ^(output|o)$ ]]
+ local json_output=/var/folders/vp/4k9xy96d7zx8lhmgrr4khsj80000gn/T/tmp.thUdFZFM2F/192.168.1.10/fragments--switch1.list--20623.json
+ [[ output =~ ^(logger|l)$ ]]
+ [[ output == \d\e\b\u\g ]]
+ [[ output == \d\r\y\-\r\u\n ]]
+ [[ output == \v\e\r\b\o\s\e ]]
+ for xitem in "${@}"
+ IFS==
+ read -r key value
++ echo -e --logger=/var/folders/vp/4k9xy96d7zx8lhmgrr4khsj80000gn/T/tmp.thUdFZFM2F/switch1.console
++ sed -e '1s|^\(-\)\{1,\}||'
+ [[ logger =~ ^(config|c)$ ]]
+ [[ logger =~ ^(search|s)$ ]]
+ [[ logger =~ ^(listing|g)$ ]]
+ [[ logger =~ ^(output|o)$ ]]
+ [[ logger =~ ^(logger|l)$ ]]
+ local target_console=/var/folders/vp/4k9xy96d7zx8lhmgrr4khsj80000gn/T/tmp.thUdFZFM2F/switch1.console
+ [[ logger == \d\e\b\u\g ]]
+ [[ logger == \d\r\y\-\r\u\n ]]
+ [[ logger == \v\e\r\b\o\s\e ]]
+ IFS=' 	
'
+ [[ -z true ]]
+ [[ -z false ]]
+ [[ -z true ]]
+ [[ -z /var/folders/vp/4k9xy96d7zx8lhmgrr4khsj80000gn/T/tmp.thUdFZFM2F/switch1.console ]]
+ local target_console=console/configs-extract.console
++ basename reports/192.168.1.10/misc/.objects/switch1.list
+ local target_object=/var/folders/vp/4k9xy96d7zx8lhmgrr4khsj80000gn/T/tmp.thUdFZFM2F/switch1.list.objects
+ :
+ mapfile -t imported_content
++ sed '/^\s*$/d' reports/192.168.1.10/misc/.objects/switch1.list
+ message 'Divisor: [--ZGV2b3BzLXJlc291cmNlcy5zaGVsbA--]'
+ [[ -n Divisor: [--ZGV2b3BzLXJlc291cmNlcy5zaGVsbA--] ]]
+ local 'message=Divisor: [--ZGV2b3BzLXJlc291cmNlcy5zaGVsbA--]'
+ echo -e 'Divisor: [--ZGV2b3BzLXJlc291cmNlcy5zaGVsbA--]'
+ cat -vet
Divisor: [--ZGV2b3BzLXJlc291cmNlcy5zaGVsbA--]$
+ [[ true == true ]]
+ message 'Imported Configuration(s): '
+ [[ -n Imported Configuration(s):  ]]
+ local 'message=Imported Configuration(s): '
+ echo -e 'Imported Configuration(s): '
Imported Configuration(s): 
+ newline
+ local count=1
+ (( i = 0 ))
+ (( i < count ))
+ echo

+ (( i++ ))
+ (( i < count ))
+ for object in "${imported_content[@]}"
+ message 'interface Vlan20--ZGV2b3BzLXJlc291cmNlcy5zaGVsbA--  ip address 192.168.1.10 255.255.255.0'
+ [[ -n interface Vlan20--ZGV2b3BzLXJlc291cmNlcy5zaGVsbA--  ip address 192.168.1.10 255.255.255.0 ]]
+ local 'message=interface Vlan20--ZGV2b3BzLXJlc291cmNlcy5zaGVsbA--  ip address 192.168.1.10 255.255.255.0'
+ echo -e 'interface Vlan20--ZGV2b3BzLXJlc291cmNlcy5zaGVsbA--  ip address 192.168.1.10 255.255.255.0'
+ cat -n
     1	interface Vlan20--ZGV2b3BzLXJlc291cmNlcy5zaGVsbA--  ip address 192.168.1.10 255.255.255.0
+ local configs_obj2json__script=configs-obj2json
+ local obj2json_location=jobs/configs-obj2json/192.168.1.10
+ mkdir -p jobs/configs-obj2json/192.168.1.10
++ basename reports/192.168.1.10/misc/.objects/switch1.list
+ local cfg_basename=switch1.list
+ local logging_filename=switch1
+ expanded_content=()
+ local -a expanded_content
+ for block in "${imported_content[@]}"
+ [[ interface Vlan20--ZGV2b3BzLXJlc291cmNlcy5zaGVsbA--  ip address 192.168.1.10 255.255.255.0 =~ ^config[[:space:]] ]]
+ expanded_content+=("${block}")
+ imported_content=("${expanded_content[@]}")
+ for serialized_object in "${imported_content[@]}"
+ local rel_path=misc/.objects/switch1.list
+ local device_location=misc
+ local device_filename=switch1.list
+ local objects_dir=reports/192.168.1.10/misc
+ local objects_file=reports/192.168.1.10/misc/switch1.list
+ local configs_obj2json__console=/var/folders/vp/4k9xy96d7zx8lhmgrr4khsj80000gn/T/tmp.thUdFZFM2F/configs-obj2json
+ configs_obj2json__console+=--192.168.1.10--misc--switch1.console
+ local configs_obj2json__logger=/var/folders/vp/4k9xy96d7zx8lhmgrr4khsj80000gn/T/tmp.thUdFZFM2F/switch1
+ configs_obj2json --search=192.168.1.10 '--source=interface Vlan20--ZGV2b3BzLXJlc291cmNlcy5zaGVsbA--  ip address 192.168.1.10 255.255.255.0' --target=/var/folders/vp/4k9xy96d7zx8lhmgrr4khsj80000gn/T/tmp.thUdFZFM2F/switch1.list.objects --logger=/var/folders/vp/4k9xy96d7zx8lhmgrr4khsj80000gn/T/tmp.thUdFZFM2F/configs-obj2json--192.168.1.10--misc--switch1.console
+ [[ -s /var/folders/vp/4k9xy96d7zx8lhmgrr4khsj80000gn/T/tmp.thUdFZFM2F/switch1.list.objects ]]
+ companion_config=('reports/192.168.1.10/misc/switch1.conf')
+ local companion_config
++ awk '
                BEGIN { in_json = 0 }
                /^[[:space:]]*{/ { in_json = 1 }
                in_json { print }
                /^[[:space:]]*}/ { exit }
              ' reports/192.168.1.10/misc/switch1.conf
++ jq .
+ local 'specs_block={
  "vendor": "cisco",
  "model": "",
  "version": "",
  "domain": "",
  "hostname": ""
}'
+++ basename -s .list switch1.list
++ jq --slurp --arg site misc --arg device switch1 --argjson specs '{
  "vendor": "cisco",
  "model": "",
  "version": "",
  "domain": "",
  "hostname": ""
}' '{
              site: ( $site | gsub("^.*/"; "") ),
              specs: $specs,
              device: $device,
              objects: .
            }' /var/folders/vp/4k9xy96d7zx8lhmgrr4khsj80000gn/T/tmp.thUdFZFM2F/switch1.list.objects
+ wrapped_block='{
  "site": "misc",
  "specs": {
    "vendor": "cisco",
    "model": "",
    "version": "",
    "domain": "",
    "hostname": ""
  },
  "device": "switch1",
  "objects": [
    {
      "object": "interface",
      "type": "Vlan20",
      "partner": false,
      "description": false,
      "items": [
        "ip address 192.168.1.10 255.255.255.0"
      ],
      "others": [],
      "group": "Unclassified"
    }
  ]
}'
+ [[ true == true ]]
+ jq -e .
++ dirname /var/folders/vp/4k9xy96d7zx8lhmgrr4khsj80000gn/T/tmp.thUdFZFM2F/192.168.1.10/fragments--switch1.list--20623.json
+ mkdir -p /var/folders/vp/4k9xy96d7zx8lhmgrr4khsj80000gn/T/tmp.thUdFZFM2F/192.168.1.10
+ printf '%s\n' '{
  "site": "misc",
  "specs": {
    "vendor": "cisco",
    "model": "",
    "version": "",
    "domain": "",
    "hostname": ""
  },
  "device": "switch1",
  "objects": [
    {
      "object": "interface",
      "type": "Vlan20",
      "partner": false,
      "description": false,
      "items": [
        "ip address 192.168.1.10 255.255.255.0"
      ],
      "others": [],
      "group": "Unclassified"
    }
  ]
}'
+ local configs_obj2json__console=console/configs-obj2json.console
+ local 'search_pattern=/var/folders/vp/4k9xy96d7zx8lhmgrr4khsj80000gn/T/tmp.thUdFZFM2F/configs-obj2json--192.168.1.10--*.console'
+ :
+ for obj_console in ${search_pattern}
+ [[ -f /var/folders/vp/4k9xy96d7zx8lhmgrr4khsj80000gn/T/tmp.thUdFZFM2F/configs-obj2json--192.168.1.10--*.console ]]
+ cp -v console/configs-obj2json.console console/configs-obj2json.console
cp: console/configs-obj2json.console and console/configs-obj2json.console are identical (not copied).
