+ oIFS=' 	
'
+ for xitem in "${@}"
+ IFS==
+ read -r key value
++ echo -e '--listing=192.168.0.100 192.168.1.10 192.168.1.11 192.168.2.12 192.168.100.100 198.51.100.75 203.0.113.25'
++ sed -e '1s|^\(-\)\{1,\}||'
+ [[ listing =~ ^(listing|l)$ ]]
+ IFS=' '
+ read -r -a batch_listing
+ [[ true == true ]]
+ message '[DEBUG] Received 7 IPs in batch_listing:'
+ [[ -n [DEBUG] Received 7 IPs in batch_listing: ]]
+ local 'message=[DEBUG] Received 7 IPs in batch_listing:'
+ echo -e '[DEBUG] Received 7 IPs in batch_listing:'
[DEBUG] Received 7 IPs in batch_listing:
+ for ip in "${batch_listing[@]}"
+ message ' - 192.168.0.100'
+ [[ -n  - 192.168.0.100 ]]
+ local 'message= - 192.168.0.100'
+ echo -e ' - 192.168.0.100'
 - 192.168.0.100
+ for ip in "${batch_listing[@]}"
+ message ' - 192.168.1.10'
+ [[ -n  - 192.168.1.10 ]]
+ local 'message= - 192.168.1.10'
+ echo -e ' - 192.168.1.10'
 - 192.168.1.10
+ for ip in "${batch_listing[@]}"
+ message ' - 192.168.1.11'
+ [[ -n  - 192.168.1.11 ]]
+ local 'message= - 192.168.1.11'
+ echo -e ' - 192.168.1.11'
 - 192.168.1.11
+ for ip in "${batch_listing[@]}"
+ message ' - 192.168.2.12'
+ [[ -n  - 192.168.2.12 ]]
+ local 'message= - 192.168.2.12'
+ echo -e ' - 192.168.2.12'
 - 192.168.2.12
+ for ip in "${batch_listing[@]}"
+ message ' - 192.168.100.100'
+ [[ -n  - 192.168.100.100 ]]
+ local 'message= - 192.168.100.100'
+ echo -e ' - 192.168.100.100'
 - 192.168.100.100
+ for ip in "${batch_listing[@]}"
+ message ' - 198.51.100.75'
+ [[ -n  - 198.51.100.75 ]]
+ local 'message= - 198.51.100.75'
+ echo -e ' - 198.51.100.75'
 - 198.51.100.75
+ for ip in "${batch_listing[@]}"
+ message ' - 203.0.113.25'
+ [[ -n  - 203.0.113.25 ]]
+ local 'message= - 203.0.113.25'
+ echo -e ' - 203.0.113.25'
 - 203.0.113.25
+ [[ listing == \d\e\b\u\g ]]
+ [[ listing == \d\r\y\-\r\u\n ]]
+ [[ listing == \v\e\r\b\o\s\e ]]
+ IFS=' 	
'
+ [[ -z true ]]
+ [[ -z false ]]
+ [[ -z true ]]
+ local configs_parser__script=configs-parser
+ parser_jobs_pid=()
+ declare -a parser_jobs_pid
+ parser_jobs2ips_mapping=()
+ declare -A parser_jobs2ips_mapping
+ ip_index=0
+ local total_ips=7
+ mkdir -p jobs
+ ((  ip_index < total_ips  ))
+ ip_address=192.168.0.100
++ printf %01d 1
+ padded_index=1
+ local configs_parser__logger=/var/folders/vp/4k9xy96d7zx8lhmgrr4khsj80000gn/T/tmp.thUdFZFM2F/configs-parser--192.168.0.100
+ :
+ execute__configs_parser=('configs_parser' '--configs=reports/192.168.0.100' '--index=1' '--ip-addr=192.168.0.100' '--logger=/var/folders/vp/4k9xy96d7zx8lhmgrr4khsj80000gn/T/tmp.thUdFZFM2F/configs-parser--192.168.0.100.console' '--matrix=matrix.json' '--reports=reports')
+ declare -a execute__configs_parser
+ [[ true == true ]]
+ execute__configs_parser+=(--classify)
+ [[ false == true ]]
+ [[ true == true ]]
+ execute__configs_parser+=(--verbose)
+ [[ true == true ]]
+ execute__configs_parser+=(--debug)
+ [[ true == true ]]
+ message 'Parsing Configs: [ 192.168.0.100 ]'
+ [[ -n Parsing Configs: [ 192.168.0.100 ] ]]
+ local 'message=Parsing Configs: [ 192.168.0.100 ]'
+ echo -e 'Parsing Configs: [ 192.168.0.100 ]'
Parsing Configs: [ 192.168.0.100 ]
+ for parameter in "${execute__configs_parser[@]}"
+ message '\t\tconfigs_parser'
+ [[ -n \t\tconfigs_parser ]]
+ local 'message=\t\tconfigs_parser'
+ echo -e '\t\tconfigs_parser'
		configs_parser
+ for parameter in "${execute__configs_parser[@]}"
+ message '\t\t--configs=reports/192.168.0.100'
+ [[ -n \t\t--configs=reports/192.168.0.100 ]]
+ local 'message=\t\t--configs=reports/192.168.0.100'
+ echo -e '\t\t--configs=reports/192.168.0.100'
		--configs=reports/192.168.0.100
+ for parameter in "${execute__configs_parser[@]}"
+ message '\t\t--index=1'
+ [[ -n \t\t--index=1 ]]
+ local 'message=\t\t--index=1'
+ echo -e '\t\t--index=1'
		--index=1
+ for parameter in "${execute__configs_parser[@]}"
+ message '\t\t--ip-addr=192.168.0.100'
+ [[ -n \t\t--ip-addr=192.168.0.100 ]]
+ local 'message=\t\t--ip-addr=192.168.0.100'
+ echo -e '\t\t--ip-addr=192.168.0.100'
		--ip-addr=192.168.0.100
+ for parameter in "${execute__configs_parser[@]}"
+ message '\t\t--logger=/var/folders/vp/4k9xy96d7zx8lhmgrr4khsj80000gn/T/tmp.thUdFZFM2F/configs-parser--192.168.0.100.console'
+ [[ -n \t\t--logger=/var/folders/vp/4k9xy96d7zx8lhmgrr4khsj80000gn/T/tmp.thUdFZFM2F/configs-parser--192.168.0.100.console ]]
+ local 'message=\t\t--logger=/var/folders/vp/4k9xy96d7zx8lhmgrr4khsj80000gn/T/tmp.thUdFZFM2F/configs-parser--192.168.0.100.console'
+ echo -e '\t\t--logger=/var/folders/vp/4k9xy96d7zx8lhmgrr4khsj80000gn/T/tmp.thUdFZFM2F/configs-parser--192.168.0.100.console'
		--logger=/var/folders/vp/4k9xy96d7zx8lhmgrr4khsj80000gn/T/tmp.thUdFZFM2F/configs-parser--192.168.0.100.console
+ for parameter in "${execute__configs_parser[@]}"
+ message '\t\t--matrix=matrix.json'
+ [[ -n \t\t--matrix=matrix.json ]]
+ local 'message=\t\t--matrix=matrix.json'
+ echo -e '\t\t--matrix=matrix.json'
		--matrix=matrix.json
+ for parameter in "${execute__configs_parser[@]}"
+ message '\t\t--reports=reports'
+ [[ -n \t\t--reports=reports ]]
+ local 'message=\t\t--reports=reports'
+ echo -e '\t\t--reports=reports'
		--reports=reports
+ for parameter in "${execute__configs_parser[@]}"
+ message '\t\t--classify'
+ [[ -n \t\t--classify ]]
+ local 'message=\t\t--classify'
+ echo -e '\t\t--classify'
		--classify
+ for parameter in "${execute__configs_parser[@]}"
+ message '\t\t--verbose'
+ [[ -n \t\t--verbose ]]
+ local 'message=\t\t--verbose'
+ echo -e '\t\t--verbose'
		--verbose
+ for parameter in "${execute__configs_parser[@]}"
+ message '\t\t--debug'
+ [[ -n \t\t--debug ]]
+ local 'message=\t\t--debug'
+ echo -e '\t\t--debug'
		--debug
+ newline
+ local count=1
+ (( i = 0 ))
+ (( i < count ))
+ echo

+ (( i++ ))
+ (( i < count ))
+ local job_pid=18566
+ parser_jobs_pid+=("${job_pid}")
+ parser_jobs2ips_mapping["${ip_address}::${job_pid}"]=192.168.0.100
+ ((  ip_index < total_ips  ))
+ ip_address=192.168.1.10
+ local status=0
+ local module_logfile=jobs/configs-parser/192.168.0.100.job
++ printf %01d 2
++ dirname jobs/configs-parser/192.168.0.100.job
+ padded_index=2
+ local configs_parser__logger=/var/folders/vp/4k9xy96d7zx8lhmgrr4khsj80000gn/T/tmp.thUdFZFM2F/configs-parser--192.168.1.10
+ :
+ execute__configs_parser=('configs_parser' '--configs=reports/192.168.1.10' '--index=2' '--ip-addr=192.168.1.10' '--logger=/var/folders/vp/4k9xy96d7zx8lhmgrr4khsj80000gn/T/tmp.thUdFZFM2F/configs-parser--192.168.1.10.console' '--matrix=matrix.json' '--reports=reports')
+ declare -a execute__configs_parser
+ [[ true == true ]]
+ execute__configs_parser+=(--classify)
+ [[ false == true ]]
+ [[ true == true ]]
+ execute__configs_parser+=(--verbose)
+ [[ true == true ]]
+ execute__configs_parser+=(--debug)
+ [[ true == true ]]
+ message 'Parsing Configs: [ 192.168.1.10 ]'
+ [[ -n Parsing Configs: [ 192.168.1.10 ] ]]
+ local 'message=Parsing Configs: [ 192.168.1.10 ]'
+ echo -e 'Parsing Configs: [ 192.168.1.10 ]'
Parsing Configs: [ 192.168.1.10 ]
+ for parameter in "${execute__configs_parser[@]}"
+ message '\t\tconfigs_parser'
+ [[ -n \t\tconfigs_parser ]]
+ local 'message=\t\tconfigs_parser'
+ echo -e '\t\tconfigs_parser'
		configs_parser
+ for parameter in "${execute__configs_parser[@]}"
+ message '\t\t--configs=reports/192.168.1.10'
+ [[ -n \t\t--configs=reports/192.168.1.10 ]]
+ local 'message=\t\t--configs=reports/192.168.1.10'
+ echo -e '\t\t--configs=reports/192.168.1.10'
		--configs=reports/192.168.1.10
+ for parameter in "${execute__configs_parser[@]}"
+ message '\t\t--index=2'
+ [[ -n \t\t--index=2 ]]
+ local 'message=\t\t--index=2'
+ echo -e '\t\t--index=2'
		--index=2
+ for parameter in "${execute__configs_parser[@]}"
+ message '\t\t--ip-addr=192.168.1.10'
+ [[ -n \t\t--ip-addr=192.168.1.10 ]]
+ local 'message=\t\t--ip-addr=192.168.1.10'
+ echo -e '\t\t--ip-addr=192.168.1.10'
		--ip-addr=192.168.1.10
+ for parameter in "${execute__configs_parser[@]}"
+ message '\t\t--logger=/var/folders/vp/4k9xy96d7zx8lhmgrr4khsj80000gn/T/tmp.thUdFZFM2F/configs-parser--192.168.1.10.console'
+ [[ -n \t\t--logger=/var/folders/vp/4k9xy96d7zx8lhmgrr4khsj80000gn/T/tmp.thUdFZFM2F/configs-parser--192.168.1.10.console ]]
+ local 'message=\t\t--logger=/var/folders/vp/4k9xy96d7zx8lhmgrr4khsj80000gn/T/tmp.thUdFZFM2F/configs-parser--192.168.1.10.console'
+ echo -e '\t\t--logger=/var/folders/vp/4k9xy96d7zx8lhmgrr4khsj80000gn/T/tmp.thUdFZFM2F/configs-parser--192.168.1.10.console'
		--logger=/var/folders/vp/4k9xy96d7zx8lhmgrr4khsj80000gn/T/tmp.thUdFZFM2F/configs-parser--192.168.1.10.console
+ for parameter in "${execute__configs_parser[@]}"
+ message '\t\t--matrix=matrix.json'
+ [[ -n \t\t--matrix=matrix.json ]]
+ local 'message=\t\t--matrix=matrix.json'
+ echo -e '\t\t--matrix=matrix.json'
		--matrix=matrix.json
+ for parameter in "${execute__configs_parser[@]}"
+ message '\t\t--reports=reports'
+ [[ -n \t\t--reports=reports ]]
+ local 'message=\t\t--reports=reports'
+ echo -e '\t\t--reports=reports'
		--reports=reports
+ for parameter in "${execute__configs_parser[@]}"
+ message '\t\t--classify'
+ [[ -n \t\t--classify ]]
+ local 'message=\t\t--classify'
+ echo -e '\t\t--classify'
		--classify
+ for parameter in "${execute__configs_parser[@]}"
+ message '\t\t--verbose'
+ [[ -n \t\t--verbose ]]
+ local 'message=\t\t--verbose'
+ echo -e '\t\t--verbose'
		--verbose
+ for parameter in "${execute__configs_parser[@]}"
+ message '\t\t--debug'
+ [[ -n \t\t--debug ]]
+ local 'message=\t\t--debug'
+ echo -e '\t\t--debug'
		--debug
+ newline
+ local count=1
+ (( i = 0 ))
+ (( i < count ))
+ echo

+ (( i++ ))
+ (( i < count ))
+ local job_pid=18569
+ parser_jobs_pid+=("${job_pid}")
+ parser_jobs2ips_mapping["${ip_address}::${job_pid}"]=192.168.1.10
+ ((  ip_index < total_ips  ))
+ ip_address=192.168.1.11
+ mkdir -p jobs/configs-parser
+ local status=0
+ local module_logfile=jobs/configs-parser/192.168.1.10.job
++ printf %01d 3
++ dirname jobs/configs-parser/192.168.1.10.job
+ padded_index=3
+ local configs_parser__logger=/var/folders/vp/4k9xy96d7zx8lhmgrr4khsj80000gn/T/tmp.thUdFZFM2F/configs-parser--192.168.1.11
+ :
+ execute__configs_parser=('configs_parser' '--configs=reports/192.168.1.11' '--index=3' '--ip-addr=192.168.1.11' '--logger=/var/folders/vp/4k9xy96d7zx8lhmgrr4khsj80000gn/T/tmp.thUdFZFM2F/configs-parser--192.168.1.11.console' '--matrix=matrix.json' '--reports=reports')
+ declare -a execute__configs_parser
+ [[ true == true ]]
+ execute__configs_parser+=(--classify)
+ [[ false == true ]]
+ [[ true == true ]]
+ execute__configs_parser+=(--verbose)
+ [[ true == true ]]
+ execute__configs_parser+=(--debug)
+ [[ true == true ]]
+ message 'Parsing Configs: [ 192.168.1.11 ]'
+ [[ -n Parsing Configs: [ 192.168.1.11 ] ]]
+ local 'message=Parsing Configs: [ 192.168.1.11 ]'
+ echo -e 'Parsing Configs: [ 192.168.1.11 ]'
Parsing Configs: [ 192.168.1.11 ]
+ for parameter in "${execute__configs_parser[@]}"
+ message '\t\tconfigs_parser'
+ [[ -n \t\tconfigs_parser ]]
+ local 'message=\t\tconfigs_parser'
+ echo -e '\t\tconfigs_parser'
		configs_parser
+ for parameter in "${execute__configs_parser[@]}"
+ message '\t\t--configs=reports/192.168.1.11'
+ [[ -n \t\t--configs=reports/192.168.1.11 ]]
+ local 'message=\t\t--configs=reports/192.168.1.11'
+ echo -e '\t\t--configs=reports/192.168.1.11'
		--configs=reports/192.168.1.11
+ for parameter in "${execute__configs_parser[@]}"
+ message '\t\t--index=3'
+ [[ -n \t\t--index=3 ]]
+ local 'message=\t\t--index=3'
+ echo -e '\t\t--index=3'
		--index=3
+ for parameter in "${execute__configs_parser[@]}"
+ message '\t\t--ip-addr=192.168.1.11'
+ [[ -n \t\t--ip-addr=192.168.1.11 ]]
+ local 'message=\t\t--ip-addr=192.168.1.11'
+ echo -e '\t\t--ip-addr=192.168.1.11'
		--ip-addr=192.168.1.11
+ for parameter in "${execute__configs_parser[@]}"
+ message '\t\t--logger=/var/folders/vp/4k9xy96d7zx8lhmgrr4khsj80000gn/T/tmp.thUdFZFM2F/configs-parser--192.168.1.11.console'
+ [[ -n \t\t--logger=/var/folders/vp/4k9xy96d7zx8lhmgrr4khsj80000gn/T/tmp.thUdFZFM2F/configs-parser--192.168.1.11.console ]]
+ local 'message=\t\t--logger=/var/folders/vp/4k9xy96d7zx8lhmgrr4khsj80000gn/T/tmp.thUdFZFM2F/configs-parser--192.168.1.11.console'
+ echo -e '\t\t--logger=/var/folders/vp/4k9xy96d7zx8lhmgrr4khsj80000gn/T/tmp.thUdFZFM2F/configs-parser--192.168.1.11.console'
		--logger=/var/folders/vp/4k9xy96d7zx8lhmgrr4khsj80000gn/T/tmp.thUdFZFM2F/configs-parser--192.168.1.11.console
+ for parameter in "${execute__configs_parser[@]}"
+ message '\t\t--matrix=matrix.json'
+ [[ -n \t\t--matrix=matrix.json ]]
+ local 'message=\t\t--matrix=matrix.json'
+ echo -e '\t\t--matrix=matrix.json'
		--matrix=matrix.json
+ for parameter in "${execute__configs_parser[@]}"
+ message '\t\t--reports=reports'
+ [[ -n \t\t--reports=reports ]]
+ local 'message=\t\t--reports=reports'
+ echo -e '\t\t--reports=reports'
		--reports=reports
+ for parameter in "${execute__configs_parser[@]}"
+ message '\t\t--classify'
+ [[ -n \t\t--classify ]]
+ local 'message=\t\t--classify'
+ echo -e '\t\t--classify'
		--classify
+ for parameter in "${execute__configs_parser[@]}"
+ message '\t\t--verbose'
+ [[ -n \t\t--verbose ]]
+ local 'message=\t\t--verbose'
+ echo -e '\t\t--verbose'
		--verbose
+ for parameter in "${execute__configs_parser[@]}"
+ message '\t\t--debug'
+ [[ -n \t\t--debug ]]
+ local 'message=\t\t--debug'
+ echo -e '\t\t--debug'
		--debug
+ newline
+ local count=1
+ (( i = 0 ))
+ (( i < count ))
+ echo

+ (( i++ ))
+ (( i < count ))
+ :
+ local job_pid=18573
+ parser_jobs_pid+=("${job_pid}")
+ configs_parser --configs=reports/192.168.0.100 --index=1 --ip-addr=192.168.0.100 --logger=/var/folders/vp/4k9xy96d7zx8lhmgrr4khsj80000gn/T/tmp.thUdFZFM2F/configs-parser--192.168.0.100.console --matrix=matrix.json --reports=reports --classify --verbose --debug
+ parser_jobs2ips_mapping["${ip_address}::${job_pid}"]=192.168.1.11
+ ((  ip_index < total_ips  ))
+ ip_address=192.168.2.12
+ mkdir -p jobs/configs-parser
+ local status=0
+ local module_logfile=jobs/configs-parser/192.168.1.11.job
++ printf %01d 4
++ dirname jobs/configs-parser/192.168.1.11.job
+ padded_index=4
+ local configs_parser__logger=/var/folders/vp/4k9xy96d7zx8lhmgrr4khsj80000gn/T/tmp.thUdFZFM2F/configs-parser--192.168.2.12
+ :
+ execute__configs_parser=('configs_parser' '--configs=reports/192.168.2.12' '--index=4' '--ip-addr=192.168.2.12' '--logger=/var/folders/vp/4k9xy96d7zx8lhmgrr4khsj80000gn/T/tmp.thUdFZFM2F/configs-parser--192.168.2.12.console' '--matrix=matrix.json' '--reports=reports')
+ declare -a execute__configs_parser
+ [[ true == true ]]
+ execute__configs_parser+=(--classify)
+ [[ false == true ]]
+ [[ true == true ]]
+ execute__configs_parser+=(--verbose)
+ [[ true == true ]]
+ execute__configs_parser+=(--debug)
+ [[ true == true ]]
+ message 'Parsing Configs: [ 192.168.2.12 ]'
+ [[ -n Parsing Configs: [ 192.168.2.12 ] ]]
+ local 'message=Parsing Configs: [ 192.168.2.12 ]'
+ echo -e 'Parsing Configs: [ 192.168.2.12 ]'
Parsing Configs: [ 192.168.2.12 ]
+ for parameter in "${execute__configs_parser[@]}"
+ message '\t\tconfigs_parser'
+ [[ -n \t\tconfigs_parser ]]
+ local 'message=\t\tconfigs_parser'
+ echo -e '\t\tconfigs_parser'
		configs_parser
+ for parameter in "${execute__configs_parser[@]}"
+ message '\t\t--configs=reports/192.168.2.12'
+ [[ -n \t\t--configs=reports/192.168.2.12 ]]
+ local 'message=\t\t--configs=reports/192.168.2.12'
+ echo -e '\t\t--configs=reports/192.168.2.12'
		--configs=reports/192.168.2.12
+ for parameter in "${execute__configs_parser[@]}"
+ message '\t\t--index=4'
+ [[ -n \t\t--index=4 ]]
+ local 'message=\t\t--index=4'
+ echo -e '\t\t--index=4'
		--index=4
+ for parameter in "${execute__configs_parser[@]}"
+ message '\t\t--ip-addr=192.168.2.12'
+ [[ -n \t\t--ip-addr=192.168.2.12 ]]
+ local 'message=\t\t--ip-addr=192.168.2.12'
+ echo -e '\t\t--ip-addr=192.168.2.12'
		--ip-addr=192.168.2.12
+ for parameter in "${execute__configs_parser[@]}"
+ message '\t\t--logger=/var/folders/vp/4k9xy96d7zx8lhmgrr4khsj80000gn/T/tmp.thUdFZFM2F/configs-parser--192.168.2.12.console'
+ [[ -n \t\t--logger=/var/folders/vp/4k9xy96d7zx8lhmgrr4khsj80000gn/T/tmp.thUdFZFM2F/configs-parser--192.168.2.12.console ]]
+ local 'message=\t\t--logger=/var/folders/vp/4k9xy96d7zx8lhmgrr4khsj80000gn/T/tmp.thUdFZFM2F/configs-parser--192.168.2.12.console'
+ echo -e '\t\t--logger=/var/folders/vp/4k9xy96d7zx8lhmgrr4khsj80000gn/T/tmp.thUdFZFM2F/configs-parser--192.168.2.12.console'
		--logger=/var/folders/vp/4k9xy96d7zx8lhmgrr4khsj80000gn/T/tmp.thUdFZFM2F/configs-parser--192.168.2.12.console
+ for parameter in "${execute__configs_parser[@]}"
+ message '\t\t--matrix=matrix.json'
+ [[ -n \t\t--matrix=matrix.json ]]
+ local 'message=\t\t--matrix=matrix.json'
+ echo -e '\t\t--matrix=matrix.json'
		--matrix=matrix.json
+ for parameter in "${execute__configs_parser[@]}"
+ message '\t\t--reports=reports'
+ [[ -n \t\t--reports=reports ]]
+ local 'message=\t\t--reports=reports'
+ echo -e '\t\t--reports=reports'
		--reports=reports
+ for parameter in "${execute__configs_parser[@]}"
+ message '\t\t--classify'
+ [[ -n \t\t--classify ]]
+ local 'message=\t\t--classify'
+ echo -e '\t\t--classify'
		--classify
+ for parameter in "${execute__configs_parser[@]}"
+ :
+ message '\t\t--verbose'
+ [[ -n \t\t--verbose ]]
+ local 'message=\t\t--verbose'
+ echo -e '\t\t--verbose'
		--verbose
+ for parameter in "${execute__configs_parser[@]}"
+ message '\t\t--debug'
+ [[ -n \t\t--debug ]]
+ configs_parser --configs=reports/192.168.1.10 --index=2 --ip-addr=192.168.1.10 --logger=/var/folders/vp/4k9xy96d7zx8lhmgrr4khsj80000gn/T/tmp.thUdFZFM2F/configs-parser--192.168.1.10.console --matrix=matrix.json --reports=reports --classify --verbose --debug
+ local 'message=\t\t--debug'
+ echo -e '\t\t--debug'
		--debug
+ newline
+ local count=1
+ (( i = 0 ))
+ (( i < count ))
+ echo

+ (( i++ ))
+ (( i < count ))
+ local job_pid=18580
+ parser_jobs_pid+=("${job_pid}")
+ parser_jobs2ips_mapping["${ip_address}::${job_pid}"]=192.168.2.12
+ ((  ip_index < total_ips  ))
+ ip_address=192.168.100.100
+ mkdir -p jobs/configs-parser
+ local status=0
+ local module_logfile=jobs/configs-parser/192.168.2.12.job
++ printf %01d 5
++ dirname jobs/configs-parser/192.168.2.12.job
+ padded_index=5
+ local configs_parser__logger=/var/folders/vp/4k9xy96d7zx8lhmgrr4khsj80000gn/T/tmp.thUdFZFM2F/configs-parser--192.168.100.100
+ :
+ execute__configs_parser=('configs_parser' '--configs=reports/192.168.100.100' '--index=5' '--ip-addr=192.168.100.100' '--logger=/var/folders/vp/4k9xy96d7zx8lhmgrr4khsj80000gn/T/tmp.thUdFZFM2F/configs-parser--192.168.100.100.console' '--matrix=matrix.json' '--reports=reports')
+ declare -a execute__configs_parser
+ [[ true == true ]]
+ execute__configs_parser+=(--classify)
+ [[ false == true ]]
+ [[ true == true ]]
+ execute__configs_parser+=(--verbose)
+ [[ true == true ]]
+ execute__configs_parser+=(--debug)
+ [[ true == true ]]
+ message 'Parsing Configs: [ 192.168.100.100 ]'
+ [[ -n Parsing Configs: [ 192.168.100.100 ] ]]
+ local 'message=Parsing Configs: [ 192.168.100.100 ]'
+ echo -e 'Parsing Configs: [ 192.168.100.100 ]'
Parsing Configs: [ 192.168.100.100 ]
+ for parameter in "${execute__configs_parser[@]}"
+ message '\t\tconfigs_parser'
+ [[ -n \t\tconfigs_parser ]]
+ local 'message=\t\tconfigs_parser'
+ echo -e '\t\tconfigs_parser'
		configs_parser
+ for parameter in "${execute__configs_parser[@]}"
+ message '\t\t--configs=reports/192.168.100.100'
+ [[ -n \t\t--configs=reports/192.168.100.100 ]]
+ local 'message=\t\t--configs=reports/192.168.100.100'
+ echo -e '\t\t--configs=reports/192.168.100.100'
		--configs=reports/192.168.100.100
+ for parameter in "${execute__configs_parser[@]}"
+ message '\t\t--index=5'
+ [[ -n \t\t--index=5 ]]
+ local 'message=\t\t--index=5'
+ echo -e '\t\t--index=5'
		--index=5
+ for parameter in "${execute__configs_parser[@]}"
+ message '\t\t--ip-addr=192.168.100.100'
+ [[ -n \t\t--ip-addr=192.168.100.100 ]]
+ local 'message=\t\t--ip-addr=192.168.100.100'
+ echo -e '\t\t--ip-addr=192.168.100.100'
		--ip-addr=192.168.100.100
+ for parameter in "${execute__configs_parser[@]}"
+ message '\t\t--logger=/var/folders/vp/4k9xy96d7zx8lhmgrr4khsj80000gn/T/tmp.thUdFZFM2F/configs-parser--192.168.100.100.console'
+ [[ -n \t\t--logger=/var/folders/vp/4k9xy96d7zx8lhmgrr4khsj80000gn/T/tmp.thUdFZFM2F/configs-parser--192.168.100.100.console ]]
+ local 'message=\t\t--logger=/var/folders/vp/4k9xy96d7zx8lhmgrr4khsj80000gn/T/tmp.thUdFZFM2F/configs-parser--192.168.100.100.console'
+ echo -e '\t\t--logger=/var/folders/vp/4k9xy96d7zx8lhmgrr4khsj80000gn/T/tmp.thUdFZFM2F/configs-parser--192.168.100.100.console'
		--logger=/var/folders/vp/4k9xy96d7zx8lhmgrr4khsj80000gn/T/tmp.thUdFZFM2F/configs-parser--192.168.100.100.console
+ for parameter in "${execute__configs_parser[@]}"
+ message '\t\t--matrix=matrix.json'
+ [[ -n \t\t--matrix=matrix.json ]]
+ local 'message=\t\t--matrix=matrix.json'
+ echo -e '\t\t--matrix=matrix.json'
		--matrix=matrix.json
+ for parameter in "${execute__configs_parser[@]}"
+ message '\t\t--reports=reports'
+ [[ -n \t\t--reports=reports ]]
+ local 'message=\t\t--reports=reports'
+ echo -e '\t\t--reports=reports'
		--reports=reports
+ for parameter in "${execute__configs_parser[@]}"
+ message '\t\t--classify'
+ [[ -n \t\t--classify ]]
+ local 'message=\t\t--classify'
+ echo -e '\t\t--classify'
		--classify
+ for parameter in "${execute__configs_parser[@]}"
+ message '\t\t--verbose'
+ [[ -n \t\t--verbose ]]
+ local 'message=\t\t--verbose'
+ echo -e '\t\t--verbose'
		--verbose
+ for parameter in "${execute__configs_parser[@]}"
+ message '\t\t--debug'
+ [[ -n \t\t--debug ]]
+ local 'message=\t\t--debug'
+ echo -e '\t\t--debug'
		--debug
+ newline
+ local count=1
+ (( i = 0 ))
+ (( i < count ))
+ :
+ echo

+ (( i++ ))
+ (( i < count ))
+ configs_parser --configs=reports/192.168.1.11 --index=3 --ip-addr=192.168.1.11 --logger=/var/folders/vp/4k9xy96d7zx8lhmgrr4khsj80000gn/T/tmp.thUdFZFM2F/configs-parser--192.168.1.11.console --matrix=matrix.json --reports=reports --classify --verbose --debug
+ local job_pid=18590
+ parser_jobs_pid+=("${job_pid}")
+ parser_jobs2ips_mapping["${ip_address}::${job_pid}"]=192.168.100.100
+ ((  ip_index < total_ips  ))
+ ip_address=198.51.100.75
+ mkdir -p jobs/configs-parser
+ local status=0
+ local module_logfile=jobs/configs-parser/192.168.100.100.job
++ printf %01d 6
++ dirname jobs/configs-parser/192.168.100.100.job
+ padded_index=6
+ local configs_parser__logger=/var/folders/vp/4k9xy96d7zx8lhmgrr4khsj80000gn/T/tmp.thUdFZFM2F/configs-parser--198.51.100.75
+ :
+ execute__configs_parser=('configs_parser' '--configs=reports/198.51.100.75' '--index=6' '--ip-addr=198.51.100.75' '--logger=/var/folders/vp/4k9xy96d7zx8lhmgrr4khsj80000gn/T/tmp.thUdFZFM2F/configs-parser--198.51.100.75.console' '--matrix=matrix.json' '--reports=reports')
+ declare -a execute__configs_parser
+ [[ true == true ]]
+ execute__configs_parser+=(--classify)
+ [[ false == true ]]
+ [[ true == true ]]
+ execute__configs_parser+=(--verbose)
+ [[ true == true ]]
+ execute__configs_parser+=(--debug)
+ [[ true == true ]]
+ message 'Parsing Configs: [ 198.51.100.75 ]'
+ [[ -n Parsing Configs: [ 198.51.100.75 ] ]]
+ local 'message=Parsing Configs: [ 198.51.100.75 ]'
+ echo -e 'Parsing Configs: [ 198.51.100.75 ]'
Parsing Configs: [ 198.51.100.75 ]
+ for parameter in "${execute__configs_parser[@]}"
+ message '\t\tconfigs_parser'
+ [[ -n \t\tconfigs_parser ]]
+ local 'message=\t\tconfigs_parser'
+ echo -e '\t\tconfigs_parser'
		configs_parser
+ for parameter in "${execute__configs_parser[@]}"
+ message '\t\t--configs=reports/198.51.100.75'
+ [[ -n \t\t--configs=reports/198.51.100.75 ]]
+ local 'message=\t\t--configs=reports/198.51.100.75'
+ echo -e '\t\t--configs=reports/198.51.100.75'
		--configs=reports/198.51.100.75
+ for parameter in "${execute__configs_parser[@]}"
+ message '\t\t--index=6'
+ [[ -n \t\t--index=6 ]]
+ local 'message=\t\t--index=6'
+ echo -e '\t\t--index=6'
		--index=6
+ for parameter in "${execute__configs_parser[@]}"
+ message '\t\t--ip-addr=198.51.100.75'
+ [[ -n \t\t--ip-addr=198.51.100.75 ]]
+ local 'message=\t\t--ip-addr=198.51.100.75'
+ echo -e '\t\t--ip-addr=198.51.100.75'
		--ip-addr=198.51.100.75
+ for parameter in "${execute__configs_parser[@]}"
+ message '\t\t--logger=/var/folders/vp/4k9xy96d7zx8lhmgrr4khsj80000gn/T/tmp.thUdFZFM2F/configs-parser--198.51.100.75.console'
+ [[ -n \t\t--logger=/var/folders/vp/4k9xy96d7zx8lhmgrr4khsj80000gn/T/tmp.thUdFZFM2F/configs-parser--198.51.100.75.console ]]
+ local 'message=\t\t--logger=/var/folders/vp/4k9xy96d7zx8lhmgrr4khsj80000gn/T/tmp.thUdFZFM2F/configs-parser--198.51.100.75.console'
+ echo -e '\t\t--logger=/var/folders/vp/4k9xy96d7zx8lhmgrr4khsj80000gn/T/tmp.thUdFZFM2F/configs-parser--198.51.100.75.console'
		--logger=/var/folders/vp/4k9xy96d7zx8lhmgrr4khsj80000gn/T/tmp.thUdFZFM2F/configs-parser--198.51.100.75.console
+ for parameter in "${execute__configs_parser[@]}"
+ message '\t\t--matrix=matrix.json'
+ [[ -n \t\t--matrix=matrix.json ]]
+ local 'message=\t\t--matrix=matrix.json'
+ echo -e '\t\t--matrix=matrix.json'
		--matrix=matrix.json
+ for parameter in "${execute__configs_parser[@]}"
+ message '\t\t--reports=reports'
+ [[ -n \t\t--reports=reports ]]
+ local 'message=\t\t--reports=reports'
+ echo -e '\t\t--reports=reports'
		--reports=reports
+ for parameter in "${execute__configs_parser[@]}"
+ message '\t\t--classify'
+ [[ -n \t\t--classify ]]
+ local 'message=\t\t--classify'
+ echo -e '\t\t--classify'
		--classify
+ :
+ for parameter in "${execute__configs_parser[@]}"
+ message '\t\t--verbose'
+ [[ -n \t\t--verbose ]]
+ local 'message=\t\t--verbose'
+ echo -e '\t\t--verbose'
		--verbose
+ for parameter in "${execute__configs_parser[@]}"
+ message '\t\t--debug'
+ [[ -n \t\t--debug ]]
+ local 'message=\t\t--debug'
+ echo -e '\t\t--debug'
		--debug
+ newline
+ local count=1
+ configs_parser --configs=reports/192.168.2.12 --index=4 --ip-addr=192.168.2.12 --logger=/var/folders/vp/4k9xy96d7zx8lhmgrr4khsj80000gn/T/tmp.thUdFZFM2F/configs-parser--192.168.2.12.console --matrix=matrix.json --reports=reports --classify --verbose --debug
+ (( i = 0 ))
+ (( i < count ))
+ echo

+ (( i++ ))
+ (( i < count ))
+ mkdir -p jobs/configs-parser
+ local job_pid=18601
+ parser_jobs_pid+=("${job_pid}")
+ parser_jobs2ips_mapping["${ip_address}::${job_pid}"]=198.51.100.75
+ ((  ip_index < total_ips  ))
+ ip_address=203.0.113.25
+ local status=0
+ local module_logfile=jobs/configs-parser/198.51.100.75.job
++ printf %01d 7
++ dirname jobs/configs-parser/198.51.100.75.job
+ padded_index=7
+ local configs_parser__logger=/var/folders/vp/4k9xy96d7zx8lhmgrr4khsj80000gn/T/tmp.thUdFZFM2F/configs-parser--203.0.113.25
+ :
+ execute__configs_parser=('configs_parser' '--configs=reports/203.0.113.25' '--index=7' '--ip-addr=203.0.113.25' '--logger=/var/folders/vp/4k9xy96d7zx8lhmgrr4khsj80000gn/T/tmp.thUdFZFM2F/configs-parser--203.0.113.25.console' '--matrix=matrix.json' '--reports=reports')
+ declare -a execute__configs_parser
+ [[ true == true ]]
+ execute__configs_parser+=(--classify)
+ [[ false == true ]]
+ [[ true == true ]]
+ execute__configs_parser+=(--verbose)
+ [[ true == true ]]
+ execute__configs_parser+=(--debug)
+ [[ true == true ]]
+ message 'Parsing Configs: [ 203.0.113.25 ]'
+ [[ -n Parsing Configs: [ 203.0.113.25 ] ]]
+ local 'message=Parsing Configs: [ 203.0.113.25 ]'
+ echo -e 'Parsing Configs: [ 203.0.113.25 ]'
Parsing Configs: [ 203.0.113.25 ]
+ for parameter in "${execute__configs_parser[@]}"
+ message '\t\tconfigs_parser'
+ [[ -n \t\tconfigs_parser ]]
+ local 'message=\t\tconfigs_parser'
+ echo -e '\t\tconfigs_parser'
		configs_parser
+ for parameter in "${execute__configs_parser[@]}"
+ message '\t\t--configs=reports/203.0.113.25'
+ [[ -n \t\t--configs=reports/203.0.113.25 ]]
+ local 'message=\t\t--configs=reports/203.0.113.25'
+ echo -e '\t\t--configs=reports/203.0.113.25'
		--configs=reports/203.0.113.25
+ for parameter in "${execute__configs_parser[@]}"
+ message '\t\t--index=7'
+ [[ -n \t\t--index=7 ]]
+ local 'message=\t\t--index=7'
+ echo -e '\t\t--index=7'
		--index=7
+ for parameter in "${execute__configs_parser[@]}"
+ message '\t\t--ip-addr=203.0.113.25'
+ [[ -n \t\t--ip-addr=203.0.113.25 ]]
+ local 'message=\t\t--ip-addr=203.0.113.25'
+ echo -e '\t\t--ip-addr=203.0.113.25'
		--ip-addr=203.0.113.25
+ for parameter in "${execute__configs_parser[@]}"
+ message '\t\t--logger=/var/folders/vp/4k9xy96d7zx8lhmgrr4khsj80000gn/T/tmp.thUdFZFM2F/configs-parser--203.0.113.25.console'
+ [[ -n \t\t--logger=/var/folders/vp/4k9xy96d7zx8lhmgrr4khsj80000gn/T/tmp.thUdFZFM2F/configs-parser--203.0.113.25.console ]]
+ local 'message=\t\t--logger=/var/folders/vp/4k9xy96d7zx8lhmgrr4khsj80000gn/T/tmp.thUdFZFM2F/configs-parser--203.0.113.25.console'
+ echo -e '\t\t--logger=/var/folders/vp/4k9xy96d7zx8lhmgrr4khsj80000gn/T/tmp.thUdFZFM2F/configs-parser--203.0.113.25.console'
		--logger=/var/folders/vp/4k9xy96d7zx8lhmgrr4khsj80000gn/T/tmp.thUdFZFM2F/configs-parser--203.0.113.25.console
+ for parameter in "${execute__configs_parser[@]}"
+ message '\t\t--matrix=matrix.json'
+ [[ -n \t\t--matrix=matrix.json ]]
+ local 'message=\t\t--matrix=matrix.json'
+ echo -e '\t\t--matrix=matrix.json'
		--matrix=matrix.json
+ for parameter in "${execute__configs_parser[@]}"
+ message '\t\t--reports=reports'
+ [[ -n \t\t--reports=reports ]]
+ local 'message=\t\t--reports=reports'
+ echo -e '\t\t--reports=reports'
		--reports=reports
+ for parameter in "${execute__configs_parser[@]}"
+ message '\t\t--classify'
+ [[ -n \t\t--classify ]]
+ local 'message=\t\t--classify'
+ echo -e '\t\t--classify'
		--classify
+ :
+ for parameter in "${execute__configs_parser[@]}"
+ message '\t\t--verbose'
+ [[ -n \t\t--verbose ]]
+ local 'message=\t\t--verbose'
+ echo -e '\t\t--verbose'
		--verbose
+ for parameter in "${execute__configs_parser[@]}"
+ message '\t\t--debug'
+ [[ -n \t\t--debug ]]
+ configs_parser --configs=reports/192.168.100.100 --index=5 --ip-addr=192.168.100.100 --logger=/var/folders/vp/4k9xy96d7zx8lhmgrr4khsj80000gn/T/tmp.thUdFZFM2F/configs-parser--192.168.100.100.console --matrix=matrix.json --reports=reports --classify --verbose --debug
+ local 'message=\t\t--debug'
+ echo -e '\t\t--debug'
		--debug
+ newline
+ local count=1
+ (( i = 0 ))
+ (( i < count ))
+ echo

+ (( i++ ))
+ (( i < count ))
+ mkdir -p jobs/configs-parser
+ local job_pid=18616
+ parser_jobs_pid+=("${job_pid}")
+ parser_jobs2ips_mapping["${ip_address}::${job_pid}"]=203.0.113.25
+ ((  ip_index < total_ips  ))
+ ((  7 > 0  ))
+ valid_parser_jobs_pid=()
+ local valid_parser_jobs_pid
+ for pid in "${parser_jobs_pid[@]}"
+ kill -0 18566
+ valid_parser_jobs_pid+=("${pid}")
+ for pid in "${parser_jobs_pid[@]}"
+ kill -0 18569
+ valid_parser_jobs_pid+=("${pid}")
+ for pid in "${parser_jobs_pid[@]}"
+ kill -0 18573
+ valid_parser_jobs_pid+=("${pid}")
+ for pid in "${parser_jobs_pid[@]}"
+ kill -0 18580
+ valid_parser_jobs_pid+=("${pid}")
+ for pid in "${parser_jobs_pid[@]}"
+ kill -0 18590
+ valid_parser_jobs_pid+=("${pid}")
+ for pid in "${parser_jobs_pid[@]}"
+ kill -0 18601
+ valid_parser_jobs_pid+=("${pid}")
+ for pid in "${parser_jobs_pid[@]}"
+ local status=0
+ kill -0 18616
+ valid_parser_jobs_pid+=("${pid}")
+ local module_logfile=jobs/configs-parser/203.0.113.25.job
+ parser_jobs_pid=("${valid_parser_jobs_pid[@]}")
+ sleep 0.1
++ dirname jobs/configs-parser/203.0.113.25.job
+ :
+ configs_parser --configs=reports/198.51.100.75 --index=6 --ip-addr=198.51.100.75 --logger=/var/folders/vp/4k9xy96d7zx8lhmgrr4khsj80000gn/T/tmp.thUdFZFM2F/configs-parser--198.51.100.75.console --matrix=matrix.json --reports=reports --classify --verbose --debug
+ mkdir -p jobs/configs-parser
+ :
+ configs_parser --configs=reports/203.0.113.25 --index=7 --ip-addr=203.0.113.25 --logger=/var/folders/vp/4k9xy96d7zx8lhmgrr4khsj80000gn/T/tmp.thUdFZFM2F/configs-parser--203.0.113.25.console --matrix=matrix.json --reports=reports --classify --verbose --debug
+ ((  7 > 0  ))
+ valid_parser_jobs_pid=()
+ local valid_parser_jobs_pid
+ for pid in "${parser_jobs_pid[@]}"
+ kill -0 18566
+ valid_parser_jobs_pid+=("${pid}")
+ for pid in "${parser_jobs_pid[@]}"
+ kill -0 18569
+ valid_parser_jobs_pid+=("${pid}")
+ for pid in "${parser_jobs_pid[@]}"
+ kill -0 18573
+ valid_parser_jobs_pid+=("${pid}")
+ for pid in "${parser_jobs_pid[@]}"
+ kill -0 18580
+ valid_parser_jobs_pid+=("${pid}")
+ for pid in "${parser_jobs_pid[@]}"
+ kill -0 18590
+ valid_parser_jobs_pid+=("${pid}")
+ for pid in "${parser_jobs_pid[@]}"
+ kill -0 18601
+ valid_parser_jobs_pid+=("${pid}")
+ for pid in "${parser_jobs_pid[@]}"
+ kill -0 18616
+ valid_parser_jobs_pid+=("${pid}")
+ parser_jobs_pid=("${valid_parser_jobs_pid[@]}")
+ sleep 0.1
+ ((  7 > 0  ))
+ valid_parser_jobs_pid=()
+ local valid_parser_jobs_pid
+ for pid in "${parser_jobs_pid[@]}"
+ kill -0 18566
+ valid_parser_jobs_pid+=("${pid}")
+ for pid in "${parser_jobs_pid[@]}"
+ kill -0 18569
+ valid_parser_jobs_pid+=("${pid}")
+ for pid in "${parser_jobs_pid[@]}"
+ kill -0 18573
+ valid_parser_jobs_pid+=("${pid}")
+ for pid in "${parser_jobs_pid[@]}"
+ kill -0 18580
+ valid_parser_jobs_pid+=("${pid}")
+ for pid in "${parser_jobs_pid[@]}"
+ kill -0 18590
+ valid_parser_jobs_pid+=("${pid}")
+ for pid in "${parser_jobs_pid[@]}"
+ kill -0 18601
+ valid_parser_jobs_pid+=("${pid}")
+ for pid in "${parser_jobs_pid[@]}"
+ kill -0 18616
+ valid_parser_jobs_pid+=("${pid}")
+ parser_jobs_pid=("${valid_parser_jobs_pid[@]}")
+ sleep 0.1
+ ((  7 > 0  ))
+ valid_parser_jobs_pid=()
+ local valid_parser_jobs_pid
+ for pid in "${parser_jobs_pid[@]}"
+ kill -0 18566
+ valid_parser_jobs_pid+=("${pid}")
+ for pid in "${parser_jobs_pid[@]}"
+ kill -0 18569
+ valid_parser_jobs_pid+=("${pid}")
+ for pid in "${parser_jobs_pid[@]}"
+ kill -0 18573
+ valid_parser_jobs_pid+=("${pid}")
+ for pid in "${parser_jobs_pid[@]}"
+ kill -0 18580
+ valid_parser_jobs_pid+=("${pid}")
+ for pid in "${parser_jobs_pid[@]}"
+ kill -0 18590
+ valid_parser_jobs_pid+=("${pid}")
+ for pid in "${parser_jobs_pid[@]}"
+ kill -0 18601
+ valid_parser_jobs_pid+=("${pid}")
+ for pid in "${parser_jobs_pid[@]}"
+ kill -0 18616
+ valid_parser_jobs_pid+=("${pid}")
+ parser_jobs_pid=("${valid_parser_jobs_pid[@]}")
+ sleep 0.1
+ ((  7 > 0  ))
+ valid_parser_jobs_pid=()
+ local valid_parser_jobs_pid
+ for pid in "${parser_jobs_pid[@]}"
+ kill -0 18566
+ valid_parser_jobs_pid+=("${pid}")
+ for pid in "${parser_jobs_pid[@]}"
+ kill -0 18569
+ valid_parser_jobs_pid+=("${pid}")
+ for pid in "${parser_jobs_pid[@]}"
+ kill -0 18573
+ valid_parser_jobs_pid+=("${pid}")
+ for pid in "${parser_jobs_pid[@]}"
+ kill -0 18580
+ valid_parser_jobs_pid+=("${pid}")
+ for pid in "${parser_jobs_pid[@]}"
+ kill -0 18590
+ valid_parser_jobs_pid+=("${pid}")
+ for pid in "${parser_jobs_pid[@]}"
+ kill -0 18601
+ valid_parser_jobs_pid+=("${pid}")
+ for pid in "${parser_jobs_pid[@]}"
+ kill -0 18616
+ valid_parser_jobs_pid+=("${pid}")
+ parser_jobs_pid=("${valid_parser_jobs_pid[@]}")
+ sleep 0.1
+ ((  7 > 0  ))
+ valid_parser_jobs_pid=()
+ local valid_parser_jobs_pid
+ for pid in "${parser_jobs_pid[@]}"
+ kill -0 18566
+ valid_parser_jobs_pid+=("${pid}")
+ for pid in "${parser_jobs_pid[@]}"
+ kill -0 18569
+ valid_parser_jobs_pid+=("${pid}")
+ for pid in "${parser_jobs_pid[@]}"
+ kill -0 18573
+ valid_parser_jobs_pid+=("${pid}")
+ for pid in "${parser_jobs_pid[@]}"
+ kill -0 18580
+ valid_parser_jobs_pid+=("${pid}")
+ for pid in "${parser_jobs_pid[@]}"
+ kill -0 18590
+ valid_parser_jobs_pid+=("${pid}")
+ for pid in "${parser_jobs_pid[@]}"
+ kill -0 18601
+ valid_parser_jobs_pid+=("${pid}")
+ for pid in "${parser_jobs_pid[@]}"
+ kill -0 18616
+ valid_parser_jobs_pid+=("${pid}")
+ parser_jobs_pid=("${valid_parser_jobs_pid[@]}")
+ sleep 0.1
+ ((  7 > 0  ))
+ valid_parser_jobs_pid=()
+ local valid_parser_jobs_pid
+ for pid in "${parser_jobs_pid[@]}"
+ kill -0 18566
+ valid_parser_jobs_pid+=("${pid}")
+ for pid in "${parser_jobs_pid[@]}"
+ kill -0 18569
+ valid_parser_jobs_pid+=("${pid}")
+ for pid in "${parser_jobs_pid[@]}"
+ kill -0 18573
+ valid_parser_jobs_pid+=("${pid}")
+ for pid in "${parser_jobs_pid[@]}"
+ kill -0 18580
+ valid_parser_jobs_pid+=("${pid}")
+ for pid in "${parser_jobs_pid[@]}"
+ kill -0 18590
+ valid_parser_jobs_pid+=("${pid}")
+ for pid in "${parser_jobs_pid[@]}"
+ kill -0 18601
+ valid_parser_jobs_pid+=("${pid}")
+ for pid in "${parser_jobs_pid[@]}"
+ kill -0 18616
+ valid_parser_jobs_pid+=("${pid}")
+ parser_jobs_pid=("${valid_parser_jobs_pid[@]}")
+ sleep 0.1
+ ((  7 > 0  ))
+ valid_parser_jobs_pid=()
+ local valid_parser_jobs_pid
+ for pid in "${parser_jobs_pid[@]}"
+ kill -0 18566
+ valid_parser_jobs_pid+=("${pid}")
+ for pid in "${parser_jobs_pid[@]}"
+ kill -0 18569
+ valid_parser_jobs_pid+=("${pid}")
+ for pid in "${parser_jobs_pid[@]}"
+ kill -0 18573
+ valid_parser_jobs_pid+=("${pid}")
+ for pid in "${parser_jobs_pid[@]}"
+ kill -0 18580
+ valid_parser_jobs_pid+=("${pid}")
+ for pid in "${parser_jobs_pid[@]}"
+ kill -0 18590
+ valid_parser_jobs_pid+=("${pid}")
+ for pid in "${parser_jobs_pid[@]}"
+ kill -0 18601
+ valid_parser_jobs_pid+=("${pid}")
+ for pid in "${parser_jobs_pid[@]}"
+ kill -0 18616
+ valid_parser_jobs_pid+=("${pid}")
+ parser_jobs_pid=("${valid_parser_jobs_pid[@]}")
+ sleep 0.1
+ ((  7 > 0  ))
+ valid_parser_jobs_pid=()
+ local valid_parser_jobs_pid
+ for pid in "${parser_jobs_pid[@]}"
+ kill -0 18566
+ valid_parser_jobs_pid+=("${pid}")
+ for pid in "${parser_jobs_pid[@]}"
+ kill -0 18569
+ valid_parser_jobs_pid+=("${pid}")
+ for pid in "${parser_jobs_pid[@]}"
+ kill -0 18573
+ valid_parser_jobs_pid+=("${pid}")
+ for pid in "${parser_jobs_pid[@]}"
+ kill -0 18580
+ valid_parser_jobs_pid+=("${pid}")
+ for pid in "${parser_jobs_pid[@]}"
+ kill -0 18590
+ valid_parser_jobs_pid+=("${pid}")
+ for pid in "${parser_jobs_pid[@]}"
+ kill -0 18601
+ valid_parser_jobs_pid+=("${pid}")
+ for pid in "${parser_jobs_pid[@]}"
+ kill -0 18616
+ valid_parser_jobs_pid+=("${pid}")
+ parser_jobs_pid=("${valid_parser_jobs_pid[@]}")
+ sleep 0.1
+ ((  7 > 0  ))
+ valid_parser_jobs_pid=()
+ local valid_parser_jobs_pid
+ for pid in "${parser_jobs_pid[@]}"
+ kill -0 18566
+ valid_parser_jobs_pid+=("${pid}")
+ for pid in "${parser_jobs_pid[@]}"
+ kill -0 18569
+ valid_parser_jobs_pid+=("${pid}")
+ for pid in "${parser_jobs_pid[@]}"
+ kill -0 18573
+ valid_parser_jobs_pid+=("${pid}")
+ for pid in "${parser_jobs_pid[@]}"
+ kill -0 18580
+ valid_parser_jobs_pid+=("${pid}")
+ for pid in "${parser_jobs_pid[@]}"
+ kill -0 18590
+ valid_parser_jobs_pid+=("${pid}")
+ for pid in "${parser_jobs_pid[@]}"
+ kill -0 18601
+ valid_parser_jobs_pid+=("${pid}")
+ for pid in "${parser_jobs_pid[@]}"
+ kill -0 18616
+ valid_parser_jobs_pid+=("${pid}")
+ parser_jobs_pid=("${valid_parser_jobs_pid[@]}")
+ sleep 0.1
+ ((  7 > 0  ))
+ valid_parser_jobs_pid=()
+ local valid_parser_jobs_pid
+ for pid in "${parser_jobs_pid[@]}"
+ kill -0 18566
+ valid_parser_jobs_pid+=("${pid}")
+ for pid in "${parser_jobs_pid[@]}"
+ kill -0 18569
+ valid_parser_jobs_pid+=("${pid}")
+ for pid in "${parser_jobs_pid[@]}"
+ kill -0 18573
+ valid_parser_jobs_pid+=("${pid}")
+ for pid in "${parser_jobs_pid[@]}"
+ kill -0 18580
+ valid_parser_jobs_pid+=("${pid}")
+ for pid in "${parser_jobs_pid[@]}"
+ kill -0 18590
+ valid_parser_jobs_pid+=("${pid}")
+ for pid in "${parser_jobs_pid[@]}"
+ kill -0 18601
+ valid_parser_jobs_pid+=("${pid}")
+ for pid in "${parser_jobs_pid[@]}"
+ kill -0 18616
+ valid_parser_jobs_pid+=("${pid}")
+ parser_jobs_pid=("${valid_parser_jobs_pid[@]}")
+ sleep 0.1
+ ((  status != 0  ))
+ message 'Parsed IP Address: [ 192.168.1.11 ] configs :: exit 0'
+ [[ -n Parsed IP Address: [ 192.168.1.11 ] configs :: exit 0 ]]
+ local 'message=Parsed IP Address: [ 192.168.1.11 ] configs :: exit 0'
+ echo -e 'Parsed IP Address: [ 192.168.1.11 ] configs :: exit 0'
+ ((  status != 0  ))
+ message 'Parsed IP Address: [ 192.168.1.10 ] configs :: exit 0'
+ [[ -n Parsed IP Address: [ 192.168.1.10 ] configs :: exit 0 ]]
+ local 'message=Parsed IP Address: [ 192.168.1.10 ] configs :: exit 0'
+ echo -e 'Parsed IP Address: [ 192.168.1.10 ] configs :: exit 0'
+ ((  7 > 0  ))
+ valid_parser_jobs_pid=()
+ local valid_parser_jobs_pid
+ for pid in "${parser_jobs_pid[@]}"
+ kill -0 18566
+ valid_parser_jobs_pid+=("${pid}")
+ for pid in "${parser_jobs_pid[@]}"
+ kill -0 18569
+ logger=
+ for key in "${!parser_jobs2ips_mapping[@]}"
+ [[ 192.168.1.11::18573 == *\:\:\1\8\5\6\9 ]]
+ for key in "${!parser_jobs2ips_mapping[@]}"
+ [[ 192.168.0.100::18566 == *\:\:\1\8\5\6\9 ]]
+ for key in "${!parser_jobs2ips_mapping[@]}"
+ [[ 203.0.113.25::18616 == *\:\:\1\8\5\6\9 ]]
+ for key in "${!parser_jobs2ips_mapping[@]}"
+ [[ 192.168.1.10::18569 == *\:\:\1\8\5\6\9 ]]
+ logger=192.168.1.10
+ [[ true == true ]]
+ message '[DEBUG] Matched PID 18569 to IP '\''192.168.1.10'\'' via key '\''192.168.1.10::18569'\'''
+ [[ -n [DEBUG] Matched PID 18569 to IP '192.168.1.10' via key '192.168.1.10::18569' ]]
+ local 'message=[DEBUG] Matched PID 18569 to IP '\''192.168.1.10'\'' via key '\''192.168.1.10::18569'\'''
+ echo -e '[DEBUG] Matched PID 18569 to IP '\''192.168.1.10'\'' via key '\''192.168.1.10::18569'\'''
+ break
+ [[ -z 192.168.1.10 ]]
+ for pid in "${parser_jobs_pid[@]}"
+ kill -0 18573
+ logger=
+ for key in "${!parser_jobs2ips_mapping[@]}"
+ [[ 192.168.1.11::18573 == *\:\:\1\8\5\7\3 ]]
+ logger=192.168.1.11
+ [[ true == true ]]
+ message '[DEBUG] Matched PID 18573 to IP '\''192.168.1.11'\'' via key '\''192.168.1.11::18573'\'''
+ [[ -n [DEBUG] Matched PID 18573 to IP '192.168.1.11' via key '192.168.1.11::18573' ]]
+ local 'message=[DEBUG] Matched PID 18573 to IP '\''192.168.1.11'\'' via key '\''192.168.1.11::18573'\'''
+ echo -e '[DEBUG] Matched PID 18573 to IP '\''192.168.1.11'\'' via key '\''192.168.1.11::18573'\'''
+ break
+ [[ -z 192.168.1.11 ]]
+ for pid in "${parser_jobs_pid[@]}"
+ kill -0 18580
+ valid_parser_jobs_pid+=("${pid}")
+ for pid in "${parser_jobs_pid[@]}"
+ kill -0 18590
+ valid_parser_jobs_pid+=("${pid}")
+ for pid in "${parser_jobs_pid[@]}"
+ kill -0 18601
+ valid_parser_jobs_pid+=("${pid}")
+ for pid in "${parser_jobs_pid[@]}"
+ kill -0 18616
+ valid_parser_jobs_pid+=("${pid}")
+ parser_jobs_pid=("${valid_parser_jobs_pid[@]}")
+ sleep 0.1
+ ((  status != 0  ))
+ message 'Parsed IP Address: [ 192.168.0.100 ] configs :: exit 0'
+ [[ -n Parsed IP Address: [ 192.168.0.100 ] configs :: exit 0 ]]
+ local 'message=Parsed IP Address: [ 192.168.0.100 ] configs :: exit 0'
+ echo -e 'Parsed IP Address: [ 192.168.0.100 ] configs :: exit 0'
+ ((  5 > 0  ))
+ valid_parser_jobs_pid=()
+ local valid_parser_jobs_pid
+ for pid in "${parser_jobs_pid[@]}"
+ kill -0 18566
+ logger=
+ for key in "${!parser_jobs2ips_mapping[@]}"
+ [[ 192.168.1.11::18573 == *\:\:\1\8\5\6\6 ]]
+ for key in "${!parser_jobs2ips_mapping[@]}"
+ [[ 192.168.0.100::18566 == *\:\:\1\8\5\6\6 ]]
+ logger=192.168.0.100
+ [[ true == true ]]
+ message '[DEBUG] Matched PID 18566 to IP '\''192.168.0.100'\'' via key '\''192.168.0.100::18566'\'''
+ [[ -n [DEBUG] Matched PID 18566 to IP '192.168.0.100' via key '192.168.0.100::18566' ]]
+ local 'message=[DEBUG] Matched PID 18566 to IP '\''192.168.0.100'\'' via key '\''192.168.0.100::18566'\'''
+ echo -e '[DEBUG] Matched PID 18566 to IP '\''192.168.0.100'\'' via key '\''192.168.0.100::18566'\'''
+ break
+ [[ -z 192.168.0.100 ]]
+ for pid in "${parser_jobs_pid[@]}"
+ kill -0 18580
+ valid_parser_jobs_pid+=("${pid}")
+ for pid in "${parser_jobs_pid[@]}"
+ kill -0 18590
+ valid_parser_jobs_pid+=("${pid}")
+ for pid in "${parser_jobs_pid[@]}"
+ kill -0 18601
+ valid_parser_jobs_pid+=("${pid}")
+ for pid in "${parser_jobs_pid[@]}"
+ kill -0 18616
+ valid_parser_jobs_pid+=("${pid}")
+ parser_jobs_pid=("${valid_parser_jobs_pid[@]}")
+ sleep 0.1
+ ((  4 > 0  ))
+ valid_parser_jobs_pid=()
+ local valid_parser_jobs_pid
+ for pid in "${parser_jobs_pid[@]}"
+ kill -0 18580
+ valid_parser_jobs_pid+=("${pid}")
+ for pid in "${parser_jobs_pid[@]}"
+ kill -0 18590
+ valid_parser_jobs_pid+=("${pid}")
+ for pid in "${parser_jobs_pid[@]}"
+ kill -0 18601
+ valid_parser_jobs_pid+=("${pid}")
+ for pid in "${parser_jobs_pid[@]}"
+ kill -0 18616
+ valid_parser_jobs_pid+=("${pid}")
+ parser_jobs_pid=("${valid_parser_jobs_pid[@]}")
+ sleep 0.1
+ ((  status != 0  ))
+ message 'Parsed IP Address: [ 192.168.2.12 ] configs :: exit 0'
+ [[ -n Parsed IP Address: [ 192.168.2.12 ] configs :: exit 0 ]]
+ local 'message=Parsed IP Address: [ 192.168.2.12 ] configs :: exit 0'
+ echo -e 'Parsed IP Address: [ 192.168.2.12 ] configs :: exit 0'
+ ((  status != 0  ))
+ message 'Parsed IP Address: [ 198.51.100.75 ] configs :: exit 0'
+ [[ -n Parsed IP Address: [ 198.51.100.75 ] configs :: exit 0 ]]
+ local 'message=Parsed IP Address: [ 198.51.100.75 ] configs :: exit 0'
+ echo -e 'Parsed IP Address: [ 198.51.100.75 ] configs :: exit 0'
+ ((  4 > 0  ))
+ valid_parser_jobs_pid=()
+ local valid_parser_jobs_pid
+ for pid in "${parser_jobs_pid[@]}"
+ kill -0 18580
+ logger=
+ for key in "${!parser_jobs2ips_mapping[@]}"
+ [[ 192.168.1.11::18573 == *\:\:\1\8\5\8\0 ]]
+ for key in "${!parser_jobs2ips_mapping[@]}"
+ [[ 192.168.0.100::18566 == *\:\:\1\8\5\8\0 ]]
+ for key in "${!parser_jobs2ips_mapping[@]}"
+ [[ 203.0.113.25::18616 == *\:\:\1\8\5\8\0 ]]
+ for key in "${!parser_jobs2ips_mapping[@]}"
+ [[ 192.168.1.10::18569 == *\:\:\1\8\5\8\0 ]]
+ for key in "${!parser_jobs2ips_mapping[@]}"
+ [[ 192.168.100.100::18590 == *\:\:\1\8\5\8\0 ]]
+ for key in "${!parser_jobs2ips_mapping[@]}"
+ [[ 192.168.2.12::18580 == *\:\:\1\8\5\8\0 ]]
+ logger=192.168.2.12
+ [[ true == true ]]
+ message '[DEBUG] Matched PID 18580 to IP '\''192.168.2.12'\'' via key '\''192.168.2.12::18580'\'''
+ [[ -n [DEBUG] Matched PID 18580 to IP '192.168.2.12' via key '192.168.2.12::18580' ]]
+ local 'message=[DEBUG] Matched PID 18580 to IP '\''192.168.2.12'\'' via key '\''192.168.2.12::18580'\'''
+ echo -e '[DEBUG] Matched PID 18580 to IP '\''192.168.2.12'\'' via key '\''192.168.2.12::18580'\'''
+ break
+ [[ -z 192.168.2.12 ]]
+ for pid in "${parser_jobs_pid[@]}"
+ kill -0 18590
+ valid_parser_jobs_pid+=("${pid}")
+ for pid in "${parser_jobs_pid[@]}"
+ kill -0 18601
+ logger=
+ for key in "${!parser_jobs2ips_mapping[@]}"
+ [[ 192.168.1.11::18573 == *\:\:\1\8\6\0\1 ]]
+ for key in "${!parser_jobs2ips_mapping[@]}"
+ [[ 192.168.0.100::18566 == *\:\:\1\8\6\0\1 ]]
+ for key in "${!parser_jobs2ips_mapping[@]}"
+ [[ 203.0.113.25::18616 == *\:\:\1\8\6\0\1 ]]
+ for key in "${!parser_jobs2ips_mapping[@]}"
+ [[ 192.168.1.10::18569 == *\:\:\1\8\6\0\1 ]]
+ for key in "${!parser_jobs2ips_mapping[@]}"
+ [[ 192.168.100.100::18590 == *\:\:\1\8\6\0\1 ]]
+ for key in "${!parser_jobs2ips_mapping[@]}"
+ [[ 192.168.2.12::18580 == *\:\:\1\8\6\0\1 ]]
+ for key in "${!parser_jobs2ips_mapping[@]}"
+ [[ 198.51.100.75::18601 == *\:\:\1\8\6\0\1 ]]
+ logger=198.51.100.75
+ [[ true == true ]]
+ message '[DEBUG] Matched PID 18601 to IP '\''198.51.100.75'\'' via key '\''198.51.100.75::18601'\'''
+ [[ -n [DEBUG] Matched PID 18601 to IP '198.51.100.75' via key '198.51.100.75::18601' ]]
+ local 'message=[DEBUG] Matched PID 18601 to IP '\''198.51.100.75'\'' via key '\''198.51.100.75::18601'\'''
+ echo -e '[DEBUG] Matched PID 18601 to IP '\''198.51.100.75'\'' via key '\''198.51.100.75::18601'\'''
+ break
+ [[ -z 198.51.100.75 ]]
+ for pid in "${parser_jobs_pid[@]}"
+ kill -0 18616
+ valid_parser_jobs_pid+=("${pid}")
+ parser_jobs_pid=("${valid_parser_jobs_pid[@]}")
+ sleep 0.1
+ ((  status != 0  ))
+ message 'Parsed IP Address: [ 192.168.100.100 ] configs :: exit 0'
+ [[ -n Parsed IP Address: [ 192.168.100.100 ] configs :: exit 0 ]]
+ local 'message=Parsed IP Address: [ 192.168.100.100 ] configs :: exit 0'
+ echo -e 'Parsed IP Address: [ 192.168.100.100 ] configs :: exit 0'
+ ((  2 > 0  ))
+ valid_parser_jobs_pid=()
+ local valid_parser_jobs_pid
+ for pid in "${parser_jobs_pid[@]}"
+ kill -0 18590
+ logger=
+ for key in "${!parser_jobs2ips_mapping[@]}"
+ [[ 192.168.1.11::18573 == *\:\:\1\8\5\9\0 ]]
+ for key in "${!parser_jobs2ips_mapping[@]}"
+ [[ 192.168.0.100::18566 == *\:\:\1\8\5\9\0 ]]
+ for key in "${!parser_jobs2ips_mapping[@]}"
+ [[ 203.0.113.25::18616 == *\:\:\1\8\5\9\0 ]]
+ for key in "${!parser_jobs2ips_mapping[@]}"
+ [[ 192.168.1.10::18569 == *\:\:\1\8\5\9\0 ]]
+ for key in "${!parser_jobs2ips_mapping[@]}"
+ [[ 192.168.100.100::18590 == *\:\:\1\8\5\9\0 ]]
+ logger=192.168.100.100
+ [[ true == true ]]
+ message '[DEBUG] Matched PID 18590 to IP '\''192.168.100.100'\'' via key '\''192.168.100.100::18590'\'''
+ [[ -n [DEBUG] Matched PID 18590 to IP '192.168.100.100' via key '192.168.100.100::18590' ]]
+ local 'message=[DEBUG] Matched PID 18590 to IP '\''192.168.100.100'\'' via key '\''192.168.100.100::18590'\'''
+ echo -e '[DEBUG] Matched PID 18590 to IP '\''192.168.100.100'\'' via key '\''192.168.100.100::18590'\'''
+ break
+ [[ -z 192.168.100.100 ]]
+ for pid in "${parser_jobs_pid[@]}"
+ kill -0 18616
+ valid_parser_jobs_pid+=("${pid}")
+ parser_jobs_pid=("${valid_parser_jobs_pid[@]}")
+ sleep 0.1
+ ((  status != 0  ))
+ message 'Parsed IP Address: [ 203.0.113.25 ] configs :: exit 0'
+ [[ -n Parsed IP Address: [ 203.0.113.25 ] configs :: exit 0 ]]
+ local 'message=Parsed IP Address: [ 203.0.113.25 ] configs :: exit 0'
+ echo -e 'Parsed IP Address: [ 203.0.113.25 ] configs :: exit 0'
+ ((  1 > 0  ))
+ valid_parser_jobs_pid=()
+ local valid_parser_jobs_pid
+ for pid in "${parser_jobs_pid[@]}"
+ kill -0 18616
+ logger=
+ for key in "${!parser_jobs2ips_mapping[@]}"
+ [[ 192.168.1.11::18573 == *\:\:\1\8\6\1\6 ]]
+ for key in "${!parser_jobs2ips_mapping[@]}"
+ [[ 192.168.0.100::18566 == *\:\:\1\8\6\1\6 ]]
+ for key in "${!parser_jobs2ips_mapping[@]}"
+ [[ 203.0.113.25::18616 == *\:\:\1\8\6\1\6 ]]
+ logger=203.0.113.25
+ [[ true == true ]]
+ message '[DEBUG] Matched PID 18616 to IP '\''203.0.113.25'\'' via key '\''203.0.113.25::18616'\'''
+ [[ -n [DEBUG] Matched PID 18616 to IP '203.0.113.25' via key '203.0.113.25::18616' ]]
+ local 'message=[DEBUG] Matched PID 18616 to IP '\''203.0.113.25'\'' via key '\''203.0.113.25::18616'\'''
+ echo -e '[DEBUG] Matched PID 18616 to IP '\''203.0.113.25'\'' via key '\''203.0.113.25::18616'\'''
+ break
+ [[ -z 203.0.113.25 ]]
+ parser_jobs_pid=("${valid_parser_jobs_pid[@]}")
+ sleep 0.1
+ ((  0 > 0  ))
+ [[ true == true ]]
+ newline
+ local count=1
+ (( i = 0 ))
+ (( i < count ))
+ echo

+ (( i++ ))
+ (( i < count ))
+ message 'Background Jobs -> Managed Configs:'
+ [[ -n Background Jobs -> Managed Configs: ]]
+ local 'message=Background Jobs -> Managed Configs:'
+ echo -e 'Background Jobs -> Managed Configs:'
Background Jobs -> Managed Configs:
+ message 'PID             | IP Address ( 7 total )'
+ [[ -n PID             | IP Address ( 7 total ) ]]
+ local 'message=PID             | IP Address ( 7 total )'
+ echo -e 'PID             | IP Address ( 7 total )'
PID             | IP Address ( 7 total )
+ message ----------------+---------------------------
+ [[ -n ----------------+--------------------------- ]]
+ local message=----------------+---------------------------
+ echo -e ----------------+---------------------------
----------------+---------------------------
+ for key in "${!parser_jobs2ips_mapping[@]}"
+ ip_address=192.168.1.11
+ printf '%-15s | %s\n' 192.168.1.11::18573 192.168.1.11
192.168.1.11::18573 | 192.168.1.11
+ for key in "${!parser_jobs2ips_mapping[@]}"
+ ip_address=192.168.0.100
+ printf '%-15s | %s\n' 192.168.0.100::18566 192.168.0.100
192.168.0.100::18566 | 192.168.0.100
+ for key in "${!parser_jobs2ips_mapping[@]}"
+ ip_address=203.0.113.25
+ printf '%-15s | %s\n' 203.0.113.25::18616 203.0.113.25
203.0.113.25::18616 | 203.0.113.25
+ for key in "${!parser_jobs2ips_mapping[@]}"
+ ip_address=192.168.1.10
+ printf '%-15s | %s\n' 192.168.1.10::18569 192.168.1.10
192.168.1.10::18569 | 192.168.1.10
+ for key in "${!parser_jobs2ips_mapping[@]}"
+ ip_address=192.168.100.100
+ printf '%-15s | %s\n' 192.168.100.100::18590 192.168.100.100
192.168.100.100::18590 | 192.168.100.100
+ for key in "${!parser_jobs2ips_mapping[@]}"
+ ip_address=192.168.2.12
+ printf '%-15s | %s\n' 192.168.2.12::18580 192.168.2.12
192.168.2.12::18580 | 192.168.2.12
+ for key in "${!parser_jobs2ips_mapping[@]}"
+ ip_address=198.51.100.75
+ printf '%-15s | %s\n' 198.51.100.75::18601 198.51.100.75
198.51.100.75::18601 | 198.51.100.75
+ newline
+ local count=1
+ (( i = 0 ))
+ (( i < count ))
+ echo

+ (( i++ ))
+ (( i < count ))
+ message '[DEBUG] Collecting outputs from parser_jobs2ips_mapping (7 entries)'
+ [[ -n [DEBUG] Collecting outputs from parser_jobs2ips_mapping (7 entries) ]]
+ local 'message=[DEBUG] Collecting outputs from parser_jobs2ips_mapping (7 entries)'
+ echo -e '[DEBUG] Collecting outputs from parser_jobs2ips_mapping (7 entries)'
+ for key in "${!parser_jobs2ips_mapping[@]}"
+ ip_address=192.168.1.11
+ job_pid=18573
+ parser_config=reports/192.168.1.11.json
+ [[ -s reports/192.168.1.11.json ]]
+ warning '[MISSING] No output found for 192.168.1.11 (PID: 18573)'
+ [[ -n [MISSING] No output found for 192.168.1.11 (PID: 18573) ]]
+ local 'message=[MISSING] No output found for 192.168.1.11 (PID: 18573)'
+ echo -e '\nError: [MISSING] No output found for 192.168.1.11 (PID: 18573)'
+ newline
+ local count=1
+ (( i = 0 ))
+ (( i < count ))
+ echo
+ (( i++ ))
+ (( i < count ))
+ for key in "${!parser_jobs2ips_mapping[@]}"
+ ip_address=192.168.0.100
+ job_pid=18566
+ parser_config=reports/192.168.0.100.json
+ [[ -s reports/192.168.0.100.json ]]
+ warning '[MISSING] No output found for 192.168.0.100 (PID: 18566)'
+ [[ -n [MISSING] No output found for 192.168.0.100 (PID: 18566) ]]
+ local 'message=[MISSING] No output found for 192.168.0.100 (PID: 18566)'
+ echo -e '\nError: [MISSING] No output found for 192.168.0.100 (PID: 18566)'
+ newline
+ local count=1
+ (( i = 0 ))
+ (( i < count ))
+ echo
+ (( i++ ))
+ (( i < count ))
+ for key in "${!parser_jobs2ips_mapping[@]}"
+ ip_address=203.0.113.25
+ job_pid=18616
+ parser_config=reports/203.0.113.25.json
+ [[ -s reports/203.0.113.25.json ]]
+ warning '[MISSING] No output found for 203.0.113.25 (PID: 18616)'
+ [[ -n [MISSING] No output found for 203.0.113.25 (PID: 18616) ]]
+ local 'message=[MISSING] No output found for 203.0.113.25 (PID: 18616)'
+ echo -e '\nError: [MISSING] No output found for 203.0.113.25 (PID: 18616)'
+ newline
+ local count=1
+ (( i = 0 ))
+ (( i < count ))
+ echo
+ (( i++ ))
+ (( i < count ))
+ for key in "${!parser_jobs2ips_mapping[@]}"
+ ip_address=192.168.1.10
+ job_pid=18569
+ parser_config=reports/192.168.1.10.json
+ [[ -s reports/192.168.1.10.json ]]
+ warning '[MISSING] No output found for 192.168.1.10 (PID: 18569)'
+ [[ -n [MISSING] No output found for 192.168.1.10 (PID: 18569) ]]
+ local 'message=[MISSING] No output found for 192.168.1.10 (PID: 18569)'
+ echo -e '\nError: [MISSING] No output found for 192.168.1.10 (PID: 18569)'
+ newline
+ local count=1
+ (( i = 0 ))
+ (( i < count ))
+ echo
+ (( i++ ))
+ (( i < count ))
+ for key in "${!parser_jobs2ips_mapping[@]}"
+ ip_address=192.168.100.100
+ job_pid=18590
+ parser_config=reports/192.168.100.100.json
+ [[ -s reports/192.168.100.100.json ]]
+ warning '[MISSING] No output found for 192.168.100.100 (PID: 18590)'
+ [[ -n [MISSING] No output found for 192.168.100.100 (PID: 18590) ]]
+ local 'message=[MISSING] No output found for 192.168.100.100 (PID: 18590)'
+ echo -e '\nError: [MISSING] No output found for 192.168.100.100 (PID: 18590)'
+ newline
+ local count=1
+ (( i = 0 ))
+ (( i < count ))
+ echo
+ (( i++ ))
+ (( i < count ))
+ for key in "${!parser_jobs2ips_mapping[@]}"
+ ip_address=192.168.2.12
+ job_pid=18580
+ parser_config=reports/192.168.2.12.json
+ [[ -s reports/192.168.2.12.json ]]
+ warning '[MISSING] No output found for 192.168.2.12 (PID: 18580)'
+ [[ -n [MISSING] No output found for 192.168.2.12 (PID: 18580) ]]
+ local 'message=[MISSING] No output found for 192.168.2.12 (PID: 18580)'
+ echo -e '\nError: [MISSING] No output found for 192.168.2.12 (PID: 18580)'
+ newline
+ local count=1
+ (( i = 0 ))
+ (( i < count ))
+ echo
+ (( i++ ))
+ (( i < count ))
+ for key in "${!parser_jobs2ips_mapping[@]}"
+ ip_address=198.51.100.75
+ job_pid=18601
+ parser_config=reports/198.51.100.75.json
+ [[ -s reports/198.51.100.75.json ]]
+ warning '[MISSING] No output found for 198.51.100.75 (PID: 18601)'
+ [[ -n [MISSING] No output found for 198.51.100.75 (PID: 18601) ]]
+ local 'message=[MISSING] No output found for 198.51.100.75 (PID: 18601)'
+ echo -e '\nError: [MISSING] No output found for 198.51.100.75 (PID: 18601)'
+ newline
+ local count=1
+ (( i = 0 ))
+ (( i < count ))
+ echo
+ (( i++ ))
+ (( i < count ))
+ return 0
