+ oIFS=' 	
'
+ for xitem in "${@}"
+ IFS==
+ read -r key value
++ echo -e --search=192.168.0.1
++ sed -e '1s|^\(-\)\{1,\}||'
+ [[ search =~ ^(search|s)$ ]]
+ local target_pattern=192.168.0.1
+ [[ search =~ ^(source|o)$ ]]
+ [[ search =~ ^(target|t)$ ]]
+ [[ search =~ ^(logger|l)$ ]]
+ [[ search == \d\e\b\u\g ]]
+ [[ search == \d\r\y\-\r\u\n ]]
+ [[ search == \v\e\r\b\o\s\e ]]
+ for xitem in "${@}"
+ IFS==
+ read -r key value
++ echo -e '--source=config firewall address--ZGV2b3BzLXJlc291cmNlcy5zaGVsbA--  edit "Guardians-Relay"--ZGV2b3BzLXJlc291cmNlcy5zaGVsbA--   set subnet 192.168.0.1 255.255.255.255--ZGV2b3BzLXJlc291cmNlcy5zaGVsbA--   set comment "Backup uplink for Milano crew"--ZGV2b3BzLXJlc291cmNlcy5zaGVsbA--  next--ZGV2b3BzLXJlc291cmNlcy5zaGVsbA--end'
++ sed -e '1s|^\(-\)\{1,\}||'
+ [[ source =~ ^(search|s)$ ]]
+ [[ source =~ ^(source|o)$ ]]
+ local 'source_object=config firewall address--ZGV2b3BzLXJlc291cmNlcy5zaGVsbA--  edit "Guardians-Relay"--ZGV2b3BzLXJlc291cmNlcy5zaGVsbA--   set subnet 192.168.0.1 255.255.255.255--ZGV2b3BzLXJlc291cmNlcy5zaGVsbA--   set comment "Backup uplink for Milano crew"--ZGV2b3BzLXJlc291cmNlcy5zaGVsbA--  next--ZGV2b3BzLXJlc291cmNlcy5zaGVsbA--end'
+ [[ source =~ ^(target|t)$ ]]
+ [[ source =~ ^(logger|l)$ ]]
+ [[ source == \d\e\b\u\g ]]
+ [[ source == \d\r\y\-\r\u\n ]]
+ [[ source == \v\e\r\b\o\s\e ]]
+ for xitem in "${@}"
+ IFS==
+ read -r key value
++ echo -e --target=/var/folders/vp/4k9xy96d7zx8lhmgrr4khsj80000gn/T/tmp.thUdFZFM2F/fg-branch-vpn-01.list.objects
++ sed -e '1s|^\(-\)\{1,\}||'
+ [[ target =~ ^(search|s)$ ]]
+ [[ target =~ ^(source|o)$ ]]
+ [[ target =~ ^(target|t)$ ]]
+ local target_object=/var/folders/vp/4k9xy96d7zx8lhmgrr4khsj80000gn/T/tmp.thUdFZFM2F/fg-branch-vpn-01.list.objects
+ [[ target =~ ^(logger|l)$ ]]
+ [[ target == \d\e\b\u\g ]]
+ [[ target == \d\r\y\-\r\u\n ]]
+ [[ target == \v\e\r\b\o\s\e ]]
+ for xitem in "${@}"
+ IFS==
+ read -r key value
++ echo -e --logger=/var/folders/vp/4k9xy96d7zx8lhmgrr4khsj80000gn/T/tmp.thUdFZFM2F/configs-obj2json--192.168.0.1--fortinet--fg-branch-vpn-01.console
++ sed -e '1s|^\(-\)\{1,\}||'
+ [[ logger =~ ^(search|s)$ ]]
+ [[ logger =~ ^(source|o)$ ]]
+ [[ logger =~ ^(target|t)$ ]]
+ [[ logger =~ ^(logger|l)$ ]]
+ local target_console=/var/folders/vp/4k9xy96d7zx8lhmgrr4khsj80000gn/T/tmp.thUdFZFM2F/configs-obj2json--192.168.0.1--fortinet--fg-branch-vpn-01.console
+ [[ logger == \d\e\b\u\g ]]
+ [[ logger == \d\r\y\-\r\u\n ]]
+ [[ logger == \v\e\r\b\o\s\e ]]
+ IFS=' 	
'
+ [[ -z true ]]
+ [[ -z false ]]
+ [[ -z true ]]
+ local target_console=console/configs-obj2json.console
+ mapfile -t restored_block
++ printf '%s\n' 'config firewall address
  edit "Guardians-Relay"
   set subnet 192.168.0.1 255.255.255.255
   set comment "Backup uplink for Milano crew"
  next
end'
+ local 'object_header=config firewall address'
+ local object_keyword type_value partner_value
+ read -a header_tokens
+ object_keyword=config
+ [[ config == \c\o\n\f\i\g ]]
++ printf '%s ' firewall address
++ sed 's/[[:space:]]*$//'
+ type_value='firewall address'
+ partner_value=false
+ data_sets=()
+ local -a data_sets
+ local description_value=false
+ for line in "${restored_block[@]}"
++ sed -E 's/^[[:space:]]*//;s/[[:space:]]*$//'
+ local 'trimmed=config firewall address'
+ [[ -z config firewall address ]]
+ [[ config firewall address =~ ^description[[:space:]] ]]
+ [[ config firewall address =~ ^edit[[:space:]]+".+" ]]
+ [[ config firewall address =~ ^set[[:space:]]+comment[[:space:]] ]]
+ [[ config firewall address == \n\e\x\t ]]
+ [[ config firewall address == \e\n\d ]]
+ data_sets+=("${trimmed}")
+ for line in "${restored_block[@]}"
++ sed -E 's/^[[:space:]]*//;s/[[:space:]]*$//'
+ local 'trimmed=edit "Guardians-Relay"'
+ [[ -z edit "Guardians-Relay" ]]
+ [[ edit "guardians-relay" =~ ^description[[:space:]] ]]
+ [[ edit "guardians-relay" =~ ^edit[[:space:]]+".+" ]]
++ sed -E 's/^edit[[:space:]]+"(.+)"$/\1/'
+ partner_value=Guardians-Relay
+ continue
+ for line in "${restored_block[@]}"
++ sed -E 's/^[[:space:]]*//;s/[[:space:]]*$//'
+ local 'trimmed=set subnet 192.168.0.1 255.255.255.255'
+ [[ -z set subnet 192.168.0.1 255.255.255.255 ]]
+ [[ set subnet 192.168.0.1 255.255.255.255 =~ ^description[[:space:]] ]]
+ [[ set subnet 192.168.0.1 255.255.255.255 =~ ^edit[[:space:]]+".+" ]]
+ [[ set subnet 192.168.0.1 255.255.255.255 =~ ^set[[:space:]]+comment[[:space:]] ]]
+ [[ set subnet 192.168.0.1 255.255.255.255 == \n\e\x\t ]]
+ [[ set subnet 192.168.0.1 255.255.255.255 == \e\n\d ]]
+ data_sets+=("${trimmed}")
+ for line in "${restored_block[@]}"
++ sed -E 's/^[[:space:]]*//;s/[[:space:]]*$//'
+ local 'trimmed=set comment "Backup uplink for Milano crew"'
+ [[ -z set comment "Backup uplink for Milano crew" ]]
+ [[ set comment "backup uplink for milano crew" =~ ^description[[:space:]] ]]
+ [[ set comment "backup uplink for milano crew" =~ ^edit[[:space:]]+".+" ]]
+ [[ set comment "backup uplink for milano crew" =~ ^set[[:space:]]+comment[[:space:]] ]]
++ sed -E 's/^set[[:space:]]+comment[[:space:]]+//'
++ sed -E 's/^"(.*)"$/\1/'
+ description_value='Backup uplink for Milano crew'
+ continue
+ for line in "${restored_block[@]}"
++ sed -E 's/^[[:space:]]*//;s/[[:space:]]*$//'
+ local trimmed=next
+ [[ -z next ]]
+ [[ next =~ ^description[[:space:]] ]]
+ [[ next =~ ^edit[[:space:]]+".+" ]]
+ [[ next =~ ^set[[:space:]]+comment[[:space:]] ]]
+ [[ next == \n\e\x\t ]]
+ continue
+ for line in "${restored_block[@]}"
++ sed -E 's/^[[:space:]]*//;s/[[:space:]]*$//'
+ local trimmed=end
+ [[ -z end ]]
+ [[ end =~ ^description[[:space:]] ]]
+ [[ end =~ ^edit[[:space:]]+".+" ]]
+ [[ end =~ ^set[[:space:]]+comment[[:space:]] ]]
+ [[ end == \n\e\x\t ]]
+ [[ end == \e\n\d ]]
+ continue
+ [[ config firewall address == \c\o\n\f\i\g\ \f\i\r\e\w\a\l\l\ \a\d\d\r\e\s\s ]]
+ data_sets=("${data_sets[@]:1}")
+ items=()
+ local -a items
+ others=()
+ local -a others
+ for line in "${data_sets[@]}"
+ grep -Eq '(^|[^0-9.])192\.168\.0\.1([^0-9.]|$)'
+ items+=("$(sed -E 's/^[[:space:]]+//;s/[[:space:]]+$//' <<< "${line}")")
++ sed -E 's/^[[:space:]]+//;s/[[:space:]]+$//'
++ printf '%s\n' 'set subnet 192.168.0.1 255.255.255.255'
++ jq -R .
++ jq --slurp .
+ local 'items_json=[
  "set subnet 192.168.0.1 255.255.255.255"
]'
++ printf '%s\n'
++ sed '/^[[:space:]]*$/d'
++ jq -R .
++ jq --slurp .
+ local 'others_json=[]'
+ local group_value=Unclassified
+ [[ true == true ]]
+ local object_key
++ awk '{print $NF}'
++ sed -E 's/[[:punct:]]*$//'
+ object_key=address
++ jq -r --arg key address 'map( select( .match[]? | contains( $key ) ) ) | .[0].group'
+ group_value=null
+ [[ -z null ]]
+ [[ null == \n\u\l\l ]]
++ jq -r --arg desc 'Backup uplink for Milano crew' 'map( select( .match[]? == $desc ) ) | .[0].group'
+ group_value=null
+ [[ -z null ]]
+ [[ null == \n\u\l\l ]]
+ group_value=Unclassified
++ jq -n --arg object config --arg type 'firewall address' --arg partner Guardians-Relay --arg description 'Backup uplink for Milano crew' --argjson items '[
  "set subnet 192.168.0.1 255.255.255.255"
]' --argjson others '[]' --arg group Unclassified '{
          object: $object,
          type: ( $type // false ),
          partner: ( $partner | select(. != "" and . != "null" and . != "false") // false ),
          description: ( $description | select(. != "" and . != "null" and . != "false") // false ),
          items: $items,
          others: $others,
          group: $group
        }'
+ local 'target_json={
  "object": "config",
  "type": "firewall address",
  "partner": "Guardians-Relay",
  "description": "Backup uplink for Milano crew",
  "items": [
    "set subnet 192.168.0.1 255.255.255.255"
  ],
  "others": [],
  "group": "Unclassified"
}'
+ [[ true == true ]]
+ newline
+ local count=1
+ (( i = 0 ))
+ (( i < count ))
+ echo
+ (( i++ ))
+ (( i < count ))
+ for object in "${restored_block[@]}"
+ message 'config firewall address'
+ [[ -n config firewall address ]]
+ local 'message=config firewall address'
+ echo -e 'config firewall address'
+ for object in "${restored_block[@]}"
+ message '  edit "Guardians-Relay"'
+ [[ -n   edit "Guardians-Relay" ]]
+ local 'message=  edit "Guardians-Relay"'
+ echo -e '  edit "Guardians-Relay"'
+ for object in "${restored_block[@]}"
+ message '   set subnet 192.168.0.1 255.255.255.255'
+ [[ -n    set subnet 192.168.0.1 255.255.255.255 ]]
+ local 'message=   set subnet 192.168.0.1 255.255.255.255'
+ echo -e '   set subnet 192.168.0.1 255.255.255.255'
+ for object in "${restored_block[@]}"
+ message '   set comment "Backup uplink for Milano crew"'
+ [[ -n    set comment "Backup uplink for Milano crew" ]]
+ local 'message=   set comment "Backup uplink for Milano crew"'
+ echo -e '   set comment "Backup uplink for Milano crew"'
+ for object in "${restored_block[@]}"
+ message '  next'
+ [[ -n   next ]]
+ local 'message=  next'
+ echo -e '  next'
+ for object in "${restored_block[@]}"
+ message end
+ [[ -n end ]]
+ local message=end
+ echo -e end
+ newline
+ local count=1
+ (( i = 0 ))
+ (( i < count ))
+ echo
+ (( i++ ))
+ (( i < count ))
+ message 'JSON Object (output):'
+ [[ -n JSON Object (output): ]]
+ local 'message=JSON Object (output):'
+ echo -e 'JSON Object (output):'
+ jq -r .
+ [[ -n {
  "object": "config",
  "type": "firewall address",
  "partner": "Guardians-Relay",
  "description": "Backup uplink for Milano crew",
  "items": [
    "set subnet 192.168.0.1 255.255.255.255"
  ],
  "others": [],
  "group": "Unclassified"
} ]]
+ jq -r .
+ cat -n /var/folders/vp/4k9xy96d7zx8lhmgrr4khsj80000gn/T/tmp.thUdFZFM2F/fg-branch-vpn-01.list.objects
     1	{
     2	  "object": "config",
     3	  "type": "firewall address",
     4	  "partner": "Spidey-Sandbox",
     5	  "description": "QA node in Peter's Lab",
     6	  "items": [
     7	    "set subnet 10.0.1.2 255.255.255.255"
     8	  ],
     9	  "others": [],
    10	  "group": "Unclassified"
    11	}
    12	{
    13	  "object": "config",
    14	  "type": "firewall address",
    15	  "partner": "IronMan-HQ",
    16	  "description": "Main node at Stark Tower",
    17	  "items": [
    18	    "set subnet 10.0.0.1 255.255.255.255"
    19	  ],
    20	  "others": [],
    21	  "group": "Unclassified"
    22	}
    23	{
    24	  "object": "config",
    25	  "type": "firewall address",
    26	  "partner": "Guardians-Relay",
    27	  "description": "Backup uplink for Milano crew",
    28	  "items": [
    29	    "set subnet 192.168.0.1 255.255.255.255"
    30	  ],
    31	  "others": [],
    32	  "group": "Unclassified"
    33	}
+ return 0
