+ oIFS=' 	
'
+ for xitem in "${@}"
+ IFS==
+ read -r key value
++ echo -e --search=198.51.100.75
++ sed -e '1s|^\(-\)\{1,\}||'
+ [[ search =~ ^(search|s)$ ]]
+ local target_pattern=198.51.100.75
+ [[ search =~ ^(source|o)$ ]]
+ [[ search =~ ^(target|t)$ ]]
+ [[ search =~ ^(logger|l)$ ]]
+ [[ search == \d\e\b\u\g ]]
+ [[ search == \d\r\y\-\r\u\n ]]
+ [[ search == \v\e\r\b\o\s\e ]]
+ for xitem in "${@}"
+ IFS==
+ read -r key value
++ echo -e '--source=object network Hydra-Link--ZGV2b3BzLXJlc291cmNlcy5zaGVsbA--  host 198.51.100.75--ZGV2b3BzLXJlc291cmNlcy5zaGVsbA--  description Branch NAT egress'
++ sed -e '1s|^\(-\)\{1,\}||'
+ [[ source =~ ^(search|s)$ ]]
+ [[ source =~ ^(source|o)$ ]]
+ local 'source_object=object network Hydra-Link--ZGV2b3BzLXJlc291cmNlcy5zaGVsbA--  host 198.51.100.75--ZGV2b3BzLXJlc291cmNlcy5zaGVsbA--  description Branch NAT egress'
+ [[ source =~ ^(target|t)$ ]]
+ [[ source =~ ^(logger|l)$ ]]
+ [[ source == \d\e\b\u\g ]]
+ [[ source == \d\r\y\-\r\u\n ]]
+ [[ source == \v\e\r\b\o\s\e ]]
+ for xitem in "${@}"
+ IFS==
+ read -r key value
++ echo -e --target=/var/folders/vp/4k9xy96d7zx8lhmgrr4khsj80000gn/T/tmp.CiEK7yRWrn/branch-isr-02.list.objects
++ sed -e '1s|^\(-\)\{1,\}||'
+ [[ target =~ ^(search|s)$ ]]
+ [[ target =~ ^(source|o)$ ]]
+ [[ target =~ ^(target|t)$ ]]
+ local target_object=/var/folders/vp/4k9xy96d7zx8lhmgrr4khsj80000gn/T/tmp.CiEK7yRWrn/branch-isr-02.list.objects
+ [[ target =~ ^(logger|l)$ ]]
+ [[ target == \d\e\b\u\g ]]
+ [[ target == \d\r\y\-\r\u\n ]]
+ [[ target == \v\e\r\b\o\s\e ]]
+ for xitem in "${@}"
+ IFS==
+ read -r key value
++ echo -e --logger=/var/folders/vp/4k9xy96d7zx8lhmgrr4khsj80000gn/T/tmp.CiEK7yRWrn/configs-obj2json--198.51.100.75--cisco--branch-isr-02.console
++ sed -e '1s|^\(-\)\{1,\}||'
+ [[ logger =~ ^(search|s)$ ]]
+ [[ logger =~ ^(source|o)$ ]]
+ [[ logger =~ ^(target|t)$ ]]
+ [[ logger =~ ^(logger|l)$ ]]
+ local target_console=/var/folders/vp/4k9xy96d7zx8lhmgrr4khsj80000gn/T/tmp.CiEK7yRWrn/configs-obj2json--198.51.100.75--cisco--branch-isr-02.console
+ [[ logger == \d\e\b\u\g ]]
+ [[ logger == \d\r\y\-\r\u\n ]]
+ [[ logger == \v\e\r\b\o\s\e ]]
+ IFS=' 	
'
+ [[ -z true ]]
+ [[ -z false ]]
+ [[ -z true ]]
+ local target_console=console/configs-obj2json.console
+ mapfile -t restored_block
++ printf '%s\n' 'object network Hydra-Link
  host 198.51.100.75
  description Branch NAT egress'
+ local 'object_header=object network Hydra-Link'
+ local object_keyword type_value partner_value
+ read -a header_tokens
+ object_keyword=object
+ [[ object == \c\o\n\f\i\g ]]
+ ((  3 == 3  ))
+ type_value=network
+ partner_value=Hydra-Link
+ data_sets=()
+ local -a data_sets
+ local description_value=false
+ for line in "${restored_block[@]}"
++ sed -E 's/^[[:space:]]*//;s/[[:space:]]*$//'
+ local 'trimmed=object network Hydra-Link'
+ [[ -z object network Hydra-Link ]]
+ [[ object network hydra-link =~ ^description[[:space:]] ]]
+ [[ object network hydra-link =~ ^edit[[:space:]]+".+" ]]
+ [[ object network hydra-link =~ ^set[[:space:]]+comment[[:space:]] ]]
+ [[ object network hydra-link == \n\e\x\t ]]
+ [[ object network hydra-link == \e\n\d ]]
+ data_sets+=("${trimmed}")
+ for line in "${restored_block[@]}"
++ sed -E 's/^[[:space:]]*//;s/[[:space:]]*$//'
+ local 'trimmed=host 198.51.100.75'
+ [[ -z host 198.51.100.75 ]]
+ [[ host 198.51.100.75 =~ ^description[[:space:]] ]]
+ [[ host 198.51.100.75 =~ ^edit[[:space:]]+".+" ]]
+ [[ host 198.51.100.75 =~ ^set[[:space:]]+comment[[:space:]] ]]
+ [[ host 198.51.100.75 == \n\e\x\t ]]
+ [[ host 198.51.100.75 == \e\n\d ]]
+ data_sets+=("${trimmed}")
+ for line in "${restored_block[@]}"
++ sed -E 's/^[[:space:]]*//;s/[[:space:]]*$//'
+ local 'trimmed=description Branch NAT egress'
+ [[ -z description Branch NAT egress ]]
+ [[ description branch nat egress =~ ^description[[:space:]] ]]
++ sed -E 's/^description[[:space:]]+//'
+ description_value='Branch NAT egress'
+ continue
+ [[ object network Hydra-Link == \o\b\j\e\c\t\ \n\e\t\w\o\r\k\ \H\y\d\r\a\-\L\i\n\k ]]
+ data_sets=("${data_sets[@]:1}")
+ items=()
+ local -a items
+ others=()
+ local -a others
+ for line in "${data_sets[@]}"
+ grep -Eq '(^|[^0-9.])198\.51\.100\.75([^0-9.]|$)'
+ items+=("$(sed -E 's/^[[:space:]]+//;s/[[:space:]]+$//' <<< "${line}")")
++ sed -E 's/^[[:space:]]+//;s/[[:space:]]+$//'
++ printf '%s\n' 'host 198.51.100.75'
++ jq -R .
++ jq --slurp .
+ local 'items_json=[
  "host 198.51.100.75"
]'
++ printf '%s\n'
++ sed '/^[[:space:]]*$/d'
++ jq -R .
++ jq --slurp .
+ local 'others_json=[]'
+ local group_value=Unclassified
+ [[ true == true ]]
+ local object_key
++ awk '{print $NF}'
++ sed -E 's/[[:punct:]]*$//'
+ object_key=network
++ jq -r --arg key network 'map( select( .match[]? | contains( $key ) ) ) | .[0].group'
+ group_value=null
+ [[ -z null ]]
+ [[ null == \n\u\l\l ]]
++ jq -r --arg desc 'Branch NAT egress' 'map( select( .match[]? == $desc ) ) | .[0].group'
+ group_value=null
+ [[ -z null ]]
+ [[ null == \n\u\l\l ]]
+ group_value=Unclassified
++ jq -n --arg object object --arg type network --arg partner Hydra-Link --arg description 'Branch NAT egress' --argjson items '[
  "host 198.51.100.75"
]' --argjson others '[]' --arg group Unclassified '{
          object: $object,
          type: ( $type // false ),
          partner: ( $partner | select(. != "" and . != "null" and . != "false") // false ),
          description: ( $description | select(. != "" and . != "null" and . != "false") // false ),
          items: $items,
          others: $others,
          group: $group
        }'
+ local 'target_json={
  "object": "object",
  "type": "network",
  "partner": "Hydra-Link",
  "description": "Branch NAT egress",
  "items": [
    "host 198.51.100.75"
  ],
  "others": [],
  "group": "Unclassified"
}'
+ [[ true == true ]]
+ newline
+ local count=1
+ (( i = 0 ))
+ (( i < count ))
+ echo
+ (( i++ ))
+ (( i < count ))
+ for object in "${restored_block[@]}"
+ message 'object network Hydra-Link'
+ [[ -n object network Hydra-Link ]]
+ local 'message=object network Hydra-Link'
+ echo -e 'object network Hydra-Link'
+ for object in "${restored_block[@]}"
+ message '  host 198.51.100.75'
+ [[ -n   host 198.51.100.75 ]]
+ local 'message=  host 198.51.100.75'
+ echo -e '  host 198.51.100.75'
+ for object in "${restored_block[@]}"
+ message '  description Branch NAT egress'
+ [[ -n   description Branch NAT egress ]]
+ local 'message=  description Branch NAT egress'
+ echo -e '  description Branch NAT egress'
+ newline
+ local count=1
+ (( i = 0 ))
+ (( i < count ))
+ echo
+ (( i++ ))
+ (( i < count ))
+ message 'JSON Object (output):'
+ [[ -n JSON Object (output): ]]
+ local 'message=JSON Object (output):'
+ echo -e 'JSON Object (output):'
+ jq -r .
+ [[ -n {
  "object": "object",
  "type": "network",
  "partner": "Hydra-Link",
  "description": "Branch NAT egress",
  "items": [
    "host 198.51.100.75"
  ],
  "others": [],
  "group": "Unclassified"
} ]]
+ jq -r .
+ cat -n /var/folders/vp/4k9xy96d7zx8lhmgrr4khsj80000gn/T/tmp.CiEK7yRWrn/branch-isr-02.list.objects
     1	{
     2	  "object": "interface",
     3	  "type": "GigabitEthernet0/0/1",
     4	  "partner": false,
     5	  "description": "Workstation LAN",
     6	  "items": [
     7	    "ip address 192.168.2.12 255.255.255.0"
     8	  ],
     9	  "others": [],
    10	  "group": "Unclassified"
    11	}
    12	{
    13	  "object": "object-group",
    14	  "type": "network",
    15	  "partner": "Lantern-DMZ",
    16	  "description": "Protected but public-facing zone",
    17	  "items": [
    18	    "network-object host 192.168.1.11"
    19	  ],
    20	  "others": [
    21	    "network-object host 172.18.1.20"
    22	  ],
    23	  "group": "Unclassified"
    24	}
    25	{
    26	  "object": "object",
    27	  "type": "network",
    28	  "partner": "Hydra-Link",
    29	  "description": "Branch NAT egress",
    30	  "items": [
    31	    "host 198.51.100.75"
    32	  ],
    33	  "others": [],
    34	  "group": "Unclassified"
    35	}
+ return 0
+ oIFS=' 	
'
+ for xitem in "${@}"
+ IFS==
+ read -r key value
++ echo -e --search=198.51.100.75
++ sed -e '1s|^\(-\)\{1,\}||'
+ [[ search =~ ^(search|s)$ ]]
+ local target_pattern=198.51.100.75
+ [[ search =~ ^(source|o)$ ]]
+ [[ search =~ ^(target|t)$ ]]
+ [[ search =~ ^(logger|l)$ ]]
+ [[ search == \d\e\b\u\g ]]
+ [[ search == \d\r\y\-\r\u\n ]]
+ [[ search == \v\e\r\b\o\s\e ]]
+ for xitem in "${@}"
+ IFS==
+ read -r key value
++ echo -e '--source=object-group network Hydra-Edge--ZGV2b3BzLXJlc291cmNlcy5zaGVsbA--  description Remote site uplink--ZGV2b3BzLXJlc291cmNlcy5zaGVsbA--  network-object host 192.168.2.12--ZGV2b3BzLXJlc291cmNlcy5zaGVsbA--  network-object host 198.51.100.75'
++ sed -e '1s|^\(-\)\{1,\}||'
+ [[ source =~ ^(search|s)$ ]]
+ [[ source =~ ^(source|o)$ ]]
+ local 'source_object=object-group network Hydra-Edge--ZGV2b3BzLXJlc291cmNlcy5zaGVsbA--  description Remote site uplink--ZGV2b3BzLXJlc291cmNlcy5zaGVsbA--  network-object host 192.168.2.12--ZGV2b3BzLXJlc291cmNlcy5zaGVsbA--  network-object host 198.51.100.75'
+ [[ source =~ ^(target|t)$ ]]
+ [[ source =~ ^(logger|l)$ ]]
+ [[ source == \d\e\b\u\g ]]
+ [[ source == \d\r\y\-\r\u\n ]]
+ [[ source == \v\e\r\b\o\s\e ]]
+ for xitem in "${@}"
+ IFS==
+ read -r key value
++ echo -e --target=/var/folders/vp/4k9xy96d7zx8lhmgrr4khsj80000gn/T/tmp.CiEK7yRWrn/branch-isr-02.list.objects
++ sed -e '1s|^\(-\)\{1,\}||'
+ [[ target =~ ^(search|s)$ ]]
+ [[ target =~ ^(source|o)$ ]]
+ [[ target =~ ^(target|t)$ ]]
+ local target_object=/var/folders/vp/4k9xy96d7zx8lhmgrr4khsj80000gn/T/tmp.CiEK7yRWrn/branch-isr-02.list.objects
+ [[ target =~ ^(logger|l)$ ]]
+ [[ target == \d\e\b\u\g ]]
+ [[ target == \d\r\y\-\r\u\n ]]
+ [[ target == \v\e\r\b\o\s\e ]]
+ for xitem in "${@}"
+ IFS==
+ read -r key value
++ echo -e --logger=/var/folders/vp/4k9xy96d7zx8lhmgrr4khsj80000gn/T/tmp.CiEK7yRWrn/configs-obj2json--198.51.100.75--cisco--branch-isr-02.console
++ sed -e '1s|^\(-\)\{1,\}||'
+ [[ logger =~ ^(search|s)$ ]]
+ [[ logger =~ ^(source|o)$ ]]
+ [[ logger =~ ^(target|t)$ ]]
+ [[ logger =~ ^(logger|l)$ ]]
+ local target_console=/var/folders/vp/4k9xy96d7zx8lhmgrr4khsj80000gn/T/tmp.CiEK7yRWrn/configs-obj2json--198.51.100.75--cisco--branch-isr-02.console
+ [[ logger == \d\e\b\u\g ]]
+ [[ logger == \d\r\y\-\r\u\n ]]
+ [[ logger == \v\e\r\b\o\s\e ]]
+ IFS=' 	
'
+ [[ -z true ]]
+ [[ -z false ]]
+ [[ -z true ]]
+ local target_console=console/configs-obj2json.console
+ mapfile -t restored_block
++ printf '%s\n' 'object-group network Hydra-Edge
  description Remote site uplink
  network-object host 192.168.2.12
  network-object host 198.51.100.75'
+ local 'object_header=object-group network Hydra-Edge'
+ local object_keyword type_value partner_value
+ read -a header_tokens
+ object_keyword=object-group
+ [[ object-group == \c\o\n\f\i\g ]]
+ ((  3 == 3  ))
+ type_value=network
+ partner_value=Hydra-Edge
+ data_sets=()
+ local -a data_sets
+ local description_value=false
+ for line in "${restored_block[@]}"
++ sed -E 's/^[[:space:]]*//;s/[[:space:]]*$//'
+ local 'trimmed=object-group network Hydra-Edge'
+ [[ -z object-group network Hydra-Edge ]]
+ [[ object-group network hydra-edge =~ ^description[[:space:]] ]]
+ [[ object-group network hydra-edge =~ ^edit[[:space:]]+".+" ]]
+ [[ object-group network hydra-edge =~ ^set[[:space:]]+comment[[:space:]] ]]
+ [[ object-group network hydra-edge == \n\e\x\t ]]
+ [[ object-group network hydra-edge == \e\n\d ]]
+ data_sets+=("${trimmed}")
+ for line in "${restored_block[@]}"
++ sed -E 's/^[[:space:]]*//;s/[[:space:]]*$//'
+ local 'trimmed=description Remote site uplink'
+ [[ -z description Remote site uplink ]]
+ [[ description remote site uplink =~ ^description[[:space:]] ]]
++ sed -E 's/^description[[:space:]]+//'
+ description_value='Remote site uplink'
+ continue
+ for line in "${restored_block[@]}"
++ sed -E 's/^[[:space:]]*//;s/[[:space:]]*$//'
+ local 'trimmed=network-object host 192.168.2.12'
+ [[ -z network-object host 192.168.2.12 ]]
+ [[ network-object host 192.168.2.12 =~ ^description[[:space:]] ]]
+ [[ network-object host 192.168.2.12 =~ ^edit[[:space:]]+".+" ]]
+ [[ network-object host 192.168.2.12 =~ ^set[[:space:]]+comment[[:space:]] ]]
+ [[ network-object host 192.168.2.12 == \n\e\x\t ]]
+ [[ network-object host 192.168.2.12 == \e\n\d ]]
+ data_sets+=("${trimmed}")
+ for line in "${restored_block[@]}"
++ sed -E 's/^[[:space:]]*//;s/[[:space:]]*$//'
+ local 'trimmed=network-object host 198.51.100.75'
+ [[ -z network-object host 198.51.100.75 ]]
+ [[ network-object host 198.51.100.75 =~ ^description[[:space:]] ]]
+ [[ network-object host 198.51.100.75 =~ ^edit[[:space:]]+".+" ]]
+ [[ network-object host 198.51.100.75 =~ ^set[[:space:]]+comment[[:space:]] ]]
+ [[ network-object host 198.51.100.75 == \n\e\x\t ]]
+ [[ network-object host 198.51.100.75 == \e\n\d ]]
+ data_sets+=("${trimmed}")
+ [[ object-group network Hydra-Edge == \o\b\j\e\c\t\-\g\r\o\u\p\ \n\e\t\w\o\r\k\ \H\y\d\r\a\-\E\d\g\e ]]
+ data_sets=("${data_sets[@]:1}")
+ items=()
+ local -a items
+ others=()
+ local -a others
+ for line in "${data_sets[@]}"
+ grep -Eq '(^|[^0-9.])198\.51\.100\.75([^0-9.]|$)'
+ others+=("$(sed -E 's/^[[:space:]]+//;s/[[:space:]]+$//' <<< "${line}")")
++ sed -E 's/^[[:space:]]+//;s/[[:space:]]+$//'
+ for line in "${data_sets[@]}"
+ grep -Eq '(^|[^0-9.])198\.51\.100\.75([^0-9.]|$)'
+ items+=("$(sed -E 's/^[[:space:]]+//;s/[[:space:]]+$//' <<< "${line}")")
++ sed -E 's/^[[:space:]]+//;s/[[:space:]]+$//'
++ printf '%s\n' 'network-object host 198.51.100.75'
++ jq -R .
++ jq --slurp .
+ local 'items_json=[
  "network-object host 198.51.100.75"
]'
++ printf '%s\n' 'network-object host 192.168.2.12'
++ sed '/^[[:space:]]*$/d'
++ jq -R .
++ jq --slurp .
+ local 'others_json=[
  "network-object host 192.168.2.12"
]'
+ local group_value=Unclassified
+ [[ true == true ]]
+ local object_key
++ awk '{print $NF}'
++ sed -E 's/[[:punct:]]*$//'
+ object_key=network
++ jq -r --arg key network 'map( select( .match[]? | contains( $key ) ) ) | .[0].group'
+ group_value=null
+ [[ -z null ]]
+ [[ null == \n\u\l\l ]]
++ jq -r --arg desc 'Remote site uplink' 'map( select( .match[]? == $desc ) ) | .[0].group'
+ group_value=null
+ [[ -z null ]]
+ [[ null == \n\u\l\l ]]
+ group_value=Unclassified
++ jq -n --arg object object-group --arg type network --arg partner Hydra-Edge --arg description 'Remote site uplink' --argjson items '[
  "network-object host 198.51.100.75"
]' --argjson others '[
  "network-object host 192.168.2.12"
]' --arg group Unclassified '{
          object: $object,
          type: ( $type // false ),
          partner: ( $partner | select(. != "" and . != "null" and . != "false") // false ),
          description: ( $description | select(. != "" and . != "null" and . != "false") // false ),
          items: $items,
          others: $others,
          group: $group
        }'
+ local 'target_json={
  "object": "object-group",
  "type": "network",
  "partner": "Hydra-Edge",
  "description": "Remote site uplink",
  "items": [
    "network-object host 198.51.100.75"
  ],
  "others": [
    "network-object host 192.168.2.12"
  ],
  "group": "Unclassified"
}'
+ [[ true == true ]]
+ newline
+ local count=1
+ (( i = 0 ))
+ (( i < count ))
+ echo
+ (( i++ ))
+ (( i < count ))
+ for object in "${restored_block[@]}"
+ message 'object-group network Hydra-Edge'
+ [[ -n object-group network Hydra-Edge ]]
+ local 'message=object-group network Hydra-Edge'
+ echo -e 'object-group network Hydra-Edge'
+ for object in "${restored_block[@]}"
+ message '  description Remote site uplink'
+ [[ -n   description Remote site uplink ]]
+ local 'message=  description Remote site uplink'
+ echo -e '  description Remote site uplink'
+ for object in "${restored_block[@]}"
+ message '  network-object host 192.168.2.12'
+ [[ -n   network-object host 192.168.2.12 ]]
+ local 'message=  network-object host 192.168.2.12'
+ echo -e '  network-object host 192.168.2.12'
+ for object in "${restored_block[@]}"
+ message '  network-object host 198.51.100.75'
+ [[ -n   network-object host 198.51.100.75 ]]
+ local 'message=  network-object host 198.51.100.75'
+ echo -e '  network-object host 198.51.100.75'
+ newline
+ local count=1
+ (( i = 0 ))
+ (( i < count ))
+ echo
+ (( i++ ))
+ (( i < count ))
+ message 'JSON Object (output):'
+ [[ -n JSON Object (output): ]]
+ local 'message=JSON Object (output):'
+ echo -e 'JSON Object (output):'
+ jq -r .
+ [[ -n {
  "object": "object-group",
  "type": "network",
  "partner": "Hydra-Edge",
  "description": "Remote site uplink",
  "items": [
    "network-object host 198.51.100.75"
  ],
  "others": [
    "network-object host 192.168.2.12"
  ],
  "group": "Unclassified"
} ]]
+ jq -r .
+ cat -n /var/folders/vp/4k9xy96d7zx8lhmgrr4khsj80000gn/T/tmp.CiEK7yRWrn/branch-isr-02.list.objects
     1	{
     2	  "object": "interface",
     3	  "type": "GigabitEthernet0/0/1",
     4	  "partner": false,
     5	  "description": "Workstation LAN",
     6	  "items": [
     7	    "ip address 192.168.2.12 255.255.255.0"
     8	  ],
     9	  "others": [],
    10	  "group": "Unclassified"
    11	}
    12	{
    13	  "object": "object-group",
    14	  "type": "network",
    15	  "partner": "Lantern-DMZ",
    16	  "description": "Protected but public-facing zone",
    17	  "items": [
    18	    "network-object host 192.168.1.11"
    19	  ],
    20	  "others": [
    21	    "network-object host 172.18.1.20"
    22	  ],
    23	  "group": "Unclassified"
    24	}
    25	{
    26	  "object": "object",
    27	  "type": "network",
    28	  "partner": "Hydra-Link",
    29	  "description": "Branch NAT egress",
    30	  "items": [
    31	    "host 198.51.100.75"
    32	  ],
    33	  "others": [],
    34	  "group": "Unclassified"
    35	}
    36	{
    37	  "object": "object-group",
    38	  "type": "network",
    39	  "partner": "Hydra-Edge",
    40	  "description": "Remote site uplink",
    41	  "items": [
    42	    "network-object host 192.168.2.12"
    43	  ],
    44	  "others": [
    45	    "network-object host 198.51.100.75"
    46	  ],
    47	  "group": "Unclassified"
    48	}
    49	{
    50	  "object": "object-group",
    51	  "type": "network",
    52	  "partner": "Hydra-Edge",
    53	  "description": "Remote site uplink",
    54	  "items": [
    55	    "network-object host 198.51.100.75"
    56	  ],
    57	  "others": [
    58	    "network-object host 192.168.2.12"
    59	  ],
    60	  "group": "Unclassified"
    61	}
+ return 0
