+ oIFS=' 	
'
+ for xitem in "${@}"
+ IFS==
+ read -r key value
++ echo -e --search=198.51.100.75
++ sed -e '1s|^\(-\)\{1,\}||'
+ [[ search =~ ^(search|s)$ ]]
+ local target_pattern=198.51.100.75
+ [[ search =~ ^(source|o)$ ]]
+ [[ search =~ ^(target|t)$ ]]
+ [[ search =~ ^(logger|l)$ ]]
+ [[ search == \d\e\b\u\g ]]
+ [[ search == \d\r\y\-\r\u\n ]]
+ [[ search == \v\e\r\b\o\s\e ]]
+ for xitem in "${@}"
+ IFS==
+ read -r key value
++ echo -e '--source=interface GigabitEthernet0/2--ZGV2b3BzLXJlc291cmNlcy5zaGVsbA--  nameif outside--ZGV2b3BzLXJlc291cmNlcy5zaGVsbA--  ip address 198.51.100.75 255.255.255.0--ZGV2b3BzLXJlc291cmNlcy5zaGVsbA--  description Outbound Internet NAT interface'
++ sed -e '1s|^\(-\)\{1,\}||'
+ [[ source =~ ^(search|s)$ ]]
+ [[ source =~ ^(source|o)$ ]]
+ local 'source_object=interface GigabitEthernet0/2--ZGV2b3BzLXJlc291cmNlcy5zaGVsbA--  nameif outside--ZGV2b3BzLXJlc291cmNlcy5zaGVsbA--  ip address 198.51.100.75 255.255.255.0--ZGV2b3BzLXJlc291cmNlcy5zaGVsbA--  description Outbound Internet NAT interface'
+ [[ source =~ ^(target|t)$ ]]
+ [[ source =~ ^(logger|l)$ ]]
+ [[ source == \d\e\b\u\g ]]
+ [[ source == \d\r\y\-\r\u\n ]]
+ [[ source == \v\e\r\b\o\s\e ]]
+ for xitem in "${@}"
+ IFS==
+ read -r key value
++ echo -e --target=/var/folders/vp/4k9xy96d7zx8lhmgrr4khsj80000gn/T/tmp.X0CG1HZyIo/dmz-fw2-backup.list.objects
++ sed -e '1s|^\(-\)\{1,\}||'
+ [[ target =~ ^(search|s)$ ]]
+ [[ target =~ ^(source|o)$ ]]
+ [[ target =~ ^(target|t)$ ]]
+ local target_object=/var/folders/vp/4k9xy96d7zx8lhmgrr4khsj80000gn/T/tmp.X0CG1HZyIo/dmz-fw2-backup.list.objects
+ [[ target =~ ^(logger|l)$ ]]
+ [[ target == \d\e\b\u\g ]]
+ [[ target == \d\r\y\-\r\u\n ]]
+ [[ target == \v\e\r\b\o\s\e ]]
+ for xitem in "${@}"
+ IFS==
+ read -r key value
++ echo -e --logger=/var/folders/vp/4k9xy96d7zx8lhmgrr4khsj80000gn/T/tmp.X0CG1HZyIo/configs-obj2json--198.51.100.75--cisco--dmz-fw2-backup.console
++ sed -e '1s|^\(-\)\{1,\}||'
+ [[ logger =~ ^(search|s)$ ]]
+ [[ logger =~ ^(source|o)$ ]]
+ [[ logger =~ ^(target|t)$ ]]
+ [[ logger =~ ^(logger|l)$ ]]
+ local target_console=/var/folders/vp/4k9xy96d7zx8lhmgrr4khsj80000gn/T/tmp.X0CG1HZyIo/configs-obj2json--198.51.100.75--cisco--dmz-fw2-backup.console
+ [[ logger == \d\e\b\u\g ]]
+ [[ logger == \d\r\y\-\r\u\n ]]
+ [[ logger == \v\e\r\b\o\s\e ]]
+ IFS=' 	
'
+ [[ -z true ]]
+ [[ -z false ]]
+ [[ -z true ]]
+ local target_console=console/configs-obj2json.console
+ mapfile -t restored_block
++ printf '%s\n' 'interface GigabitEthernet0/2
  nameif outside
  ip address 198.51.100.75 255.255.255.0
  description Outbound Internet NAT interface'
+ local 'object_header=interface GigabitEthernet0/2'
+ local object_keyword type_value partner_value
+ read -a header_tokens
+ object_keyword=interface
+ [[ interface == \c\o\n\f\i\g ]]
+ ((  2 == 3  ))
+ ((  2 > 3  ))
+ type_value=GigabitEthernet0/2
+ partner_value=false
+ data_sets=()
+ local -a data_sets
+ local description_value=false
+ for line in "${restored_block[@]}"
++ sed -E 's/^[[:space:]]*//;s/[[:space:]]*$//'
+ local 'trimmed=interface GigabitEthernet0/2'
+ [[ -z interface GigabitEthernet0/2 ]]
+ [[ interface gigabitethernet0/2 =~ ^description[[:space:]] ]]
+ [[ interface gigabitethernet0/2 =~ ^edit[[:space:]]+".+" ]]
+ [[ interface gigabitethernet0/2 =~ ^set[[:space:]]+comment[[:space:]] ]]
+ [[ interface gigabitethernet0/2 == \n\e\x\t ]]
+ [[ interface gigabitethernet0/2 == \e\n\d ]]
+ data_sets+=("${trimmed}")
+ for line in "${restored_block[@]}"
++ sed -E 's/^[[:space:]]*//;s/[[:space:]]*$//'
+ local 'trimmed=nameif outside'
+ [[ -z nameif outside ]]
+ [[ nameif outside =~ ^description[[:space:]] ]]
+ [[ nameif outside =~ ^edit[[:space:]]+".+" ]]
+ [[ nameif outside =~ ^set[[:space:]]+comment[[:space:]] ]]
+ [[ nameif outside == \n\e\x\t ]]
+ [[ nameif outside == \e\n\d ]]
+ data_sets+=("${trimmed}")
+ for line in "${restored_block[@]}"
++ sed -E 's/^[[:space:]]*//;s/[[:space:]]*$//'
+ local 'trimmed=ip address 198.51.100.75 255.255.255.0'
+ [[ -z ip address 198.51.100.75 255.255.255.0 ]]
+ [[ ip address 198.51.100.75 255.255.255.0 =~ ^description[[:space:]] ]]
+ [[ ip address 198.51.100.75 255.255.255.0 =~ ^edit[[:space:]]+".+" ]]
+ [[ ip address 198.51.100.75 255.255.255.0 =~ ^set[[:space:]]+comment[[:space:]] ]]
+ [[ ip address 198.51.100.75 255.255.255.0 == \n\e\x\t ]]
+ [[ ip address 198.51.100.75 255.255.255.0 == \e\n\d ]]
+ data_sets+=("${trimmed}")
+ for line in "${restored_block[@]}"
++ sed -E 's/^[[:space:]]*//;s/[[:space:]]*$//'
+ local 'trimmed=description Outbound Internet NAT interface'
+ [[ -z description Outbound Internet NAT interface ]]
+ [[ description outbound internet nat interface =~ ^description[[:space:]] ]]
++ sed -E 's/^description[[:space:]]+//'
+ description_value='Outbound Internet NAT interface'
+ continue
+ [[ interface GigabitEthernet0/2 == \i\n\t\e\r\f\a\c\e\ \G\i\g\a\b\i\t\E\t\h\e\r\n\e\t\0\/\2 ]]
+ data_sets=("${data_sets[@]:1}")
+ items=()
+ local -a items
+ others=()
+ local -a others
+ for line in "${data_sets[@]}"
+ grep -Eq '(^|[^0-9.])198\.51\.100\.75([^0-9.]|$)'
+ others+=("$(sed -E 's/^[[:space:]]+//;s/[[:space:]]+$//' <<< "${line}")")
++ sed -E 's/^[[:space:]]+//;s/[[:space:]]+$//'
+ for line in "${data_sets[@]}"
+ grep -Eq '(^|[^0-9.])198\.51\.100\.75([^0-9.]|$)'
+ items+=("$(sed -E 's/^[[:space:]]+//;s/[[:space:]]+$//' <<< "${line}")")
++ sed -E 's/^[[:space:]]+//;s/[[:space:]]+$//'
++ printf '%s\n' 'ip address 198.51.100.75 255.255.255.0'
++ jq -R .
++ jq --slurp .
+ local 'items_json=[
  "ip address 198.51.100.75 255.255.255.0"
]'
++ printf '%s\n' 'nameif outside'
++ sed '/^[[:space:]]*$/d'
++ jq -R .
++ jq --slurp .
+ local 'others_json=[
  "nameif outside"
]'
+ local group_value=Unclassified
+ [[ true == true ]]
+ local object_key
++ awk '{print $NF}'
++ sed -E 's/[[:punct:]]*$//'
+ object_key=GigabitEthernet0/2
++ jq -r --arg key GigabitEthernet0/2 'map( select( .match[]? | contains( $key ) ) ) | .[0].group'
+ group_value=null
+ [[ -z null ]]
+ [[ null == \n\u\l\l ]]
++ jq -r --arg desc 'Outbound Internet NAT interface' 'map( select( .match[]? == $desc ) ) | .[0].group'
+ group_value=null
+ [[ -z null ]]
+ [[ null == \n\u\l\l ]]
+ group_value=Unclassified
++ jq -n --arg object interface --arg type GigabitEthernet0/2 --arg partner false --arg description 'Outbound Internet NAT interface' --argjson items '[
  "ip address 198.51.100.75 255.255.255.0"
]' --argjson others '[
  "nameif outside"
]' --arg group Unclassified '{
          object: $object,
          type: ( $type // false ),
          partner: ( $partner | select(. != "" and . != "null" and . != "false") // false ),
          description: ( $description | select(. != "" and . != "null" and . != "false") // false ),
          items: $items,
          others: $others,
          group: $group
        }'
+ local 'target_json={
  "object": "interface",
  "type": "GigabitEthernet0/2",
  "partner": false,
  "description": "Outbound Internet NAT interface",
  "items": [
    "ip address 198.51.100.75 255.255.255.0"
  ],
  "others": [
    "nameif outside"
  ],
  "group": "Unclassified"
}'
+ [[ true == true ]]
+ newline
+ local count=1
+ (( i = 0 ))
+ (( i < count ))
+ echo
+ (( i++ ))
+ (( i < count ))
+ for object in "${restored_block[@]}"
+ message 'interface GigabitEthernet0/2'
+ [[ -n interface GigabitEthernet0/2 ]]
+ local 'message=interface GigabitEthernet0/2'
+ echo -e 'interface GigabitEthernet0/2'
+ for object in "${restored_block[@]}"
+ message '  nameif outside'
+ [[ -n   nameif outside ]]
+ local 'message=  nameif outside'
+ echo -e '  nameif outside'
+ for object in "${restored_block[@]}"
+ message '  ip address 198.51.100.75 255.255.255.0'
+ [[ -n   ip address 198.51.100.75 255.255.255.0 ]]
+ local 'message=  ip address 198.51.100.75 255.255.255.0'
+ echo -e '  ip address 198.51.100.75 255.255.255.0'
+ for object in "${restored_block[@]}"
+ message '  description Outbound Internet NAT interface'
+ [[ -n   description Outbound Internet NAT interface ]]
+ local 'message=  description Outbound Internet NAT interface'
+ echo -e '  description Outbound Internet NAT interface'
+ newline
+ local count=1
+ (( i = 0 ))
+ (( i < count ))
+ echo
+ (( i++ ))
+ (( i < count ))
+ message 'JSON Object (output):'
+ [[ -n JSON Object (output): ]]
+ local 'message=JSON Object (output):'
+ echo -e 'JSON Object (output):'
+ jq -r .
+ [[ -n {
  "object": "interface",
  "type": "GigabitEthernet0/2",
  "partner": false,
  "description": "Outbound Internet NAT interface",
  "items": [
    "ip address 198.51.100.75 255.255.255.0"
  ],
  "others": [
    "nameif outside"
  ],
  "group": "Unclassified"
} ]]
+ jq -r .
+ cat -n /var/folders/vp/4k9xy96d7zx8lhmgrr4khsj80000gn/T/tmp.X0CG1HZyIo/dmz-fw2-backup.list.objects
     1	{
     2	  "object": "object",
     3	  "type": "network",
     4	  "partner": "Sentinel-NAT",
     5	  "description": "Corporate NAT edge",
     6	  "items": [
     7	    "host 203.0.113.25"
     8	  ],
     9	  "others": [],
    10	  "group": "Unclassified"
    11	}
    12	{
    13	  "object": "interface",
    14	  "type": "GigabitEthernet0/2",
    15	  "partner": false,
    16	  "description": "Outbound Internet NAT interface",
    17	  "items": [
    18	    "ip address 198.51.100.75 255.255.255.0"
    19	  ],
    20	  "others": [
    21	    "nameif outside"
    22	  ],
    23	  "group": "Unclassified"
    24	}
+ return 0
