+ oIFS=' 	
'
+ for xitem in "${@}"
+ IFS==
+ read -r key value
++ echo -e --config=reports/198.51.100.75/misc/.objects/fw1.list
++ sed -e '1s|^\(-\)\{1,\}||'
+ [[ config =~ ^(config|c)$ ]]
+ export config_filename=reports/198.51.100.75/misc/.objects/fw1.list
+ config_filename=reports/198.51.100.75/misc/.objects/fw1.list
+ [[ config =~ ^(search|s)$ ]]
+ [[ config =~ ^(listing|g)$ ]]
+ [[ config =~ ^(output|o)$ ]]
+ [[ config =~ ^(logger|l)$ ]]
+ [[ config == \d\e\b\u\g ]]
+ [[ config == \d\r\y\-\r\u\n ]]
+ [[ config == \v\e\r\b\o\s\e ]]
+ for xitem in "${@}"
+ IFS==
+ read -r key value
++ echo -e --search=198.51.100.75
++ sed -e '1s|^\(-\)\{1,\}||'
+ [[ search =~ ^(config|c)$ ]]
+ [[ search =~ ^(search|s)$ ]]
+ local target_pattern=198.51.100.75
+ [[ search =~ ^(listing|g)$ ]]
+ [[ search =~ ^(output|o)$ ]]
+ [[ search =~ ^(logger|l)$ ]]
+ [[ search == \d\e\b\u\g ]]
+ [[ search == \d\r\y\-\r\u\n ]]
+ [[ search == \v\e\r\b\o\s\e ]]
+ for xitem in "${@}"
+ IFS==
+ read -r key value
++ echo -e --listing=targets/198.51.100.75.json
++ sed -e '1s|^\(-\)\{1,\}||'
+ [[ listing =~ ^(config|c)$ ]]
+ [[ listing =~ ^(search|s)$ ]]
+ [[ listing =~ ^(listing|g)$ ]]
+ local target_listing=targets/198.51.100.75.json
+ [[ listing =~ ^(output|o)$ ]]
+ [[ listing =~ ^(logger|l)$ ]]
+ [[ listing == \d\e\b\u\g ]]
+ [[ listing == \d\r\y\-\r\u\n ]]
+ [[ listing == \v\e\r\b\o\s\e ]]
+ for xitem in "${@}"
+ IFS==
+ read -r key value
++ echo -e --output=/var/folders/vp/4k9xy96d7zx8lhmgrr4khsj80000gn/T/tmp.thUdFZFM2F/198.51.100.75/fragments--fw1.list--5031.json
++ sed -e '1s|^\(-\)\{1,\}||'
+ [[ output =~ ^(config|c)$ ]]
+ [[ output =~ ^(search|s)$ ]]
+ [[ output =~ ^(listing|g)$ ]]
+ [[ output =~ ^(output|o)$ ]]
+ local json_output=/var/folders/vp/4k9xy96d7zx8lhmgrr4khsj80000gn/T/tmp.thUdFZFM2F/198.51.100.75/fragments--fw1.list--5031.json
+ [[ output =~ ^(logger|l)$ ]]
+ [[ output == \d\e\b\u\g ]]
+ [[ output == \d\r\y\-\r\u\n ]]
+ [[ output == \v\e\r\b\o\s\e ]]
+ for xitem in "${@}"
+ IFS==
+ read -r key value
++ echo -e --logger=/var/folders/vp/4k9xy96d7zx8lhmgrr4khsj80000gn/T/tmp.thUdFZFM2F/fw1.console
++ sed -e '1s|^\(-\)\{1,\}||'
+ [[ logger =~ ^(config|c)$ ]]
+ [[ logger =~ ^(search|s)$ ]]
+ [[ logger =~ ^(listing|g)$ ]]
+ [[ logger =~ ^(output|o)$ ]]
+ [[ logger =~ ^(logger|l)$ ]]
+ local target_console=/var/folders/vp/4k9xy96d7zx8lhmgrr4khsj80000gn/T/tmp.thUdFZFM2F/fw1.console
+ [[ logger == \d\e\b\u\g ]]
+ [[ logger == \d\r\y\-\r\u\n ]]
+ [[ logger == \v\e\r\b\o\s\e ]]
+ IFS=' 	
'
+ [[ -z true ]]
+ [[ -z false ]]
+ [[ -z true ]]
+ [[ -z /var/folders/vp/4k9xy96d7zx8lhmgrr4khsj80000gn/T/tmp.thUdFZFM2F/fw1.console ]]
+ local target_console=console/configs-extract.console
++ basename reports/198.51.100.75/misc/.objects/fw1.list
+ local target_object=/var/folders/vp/4k9xy96d7zx8lhmgrr4khsj80000gn/T/tmp.thUdFZFM2F/fw1.list.objects
+ :
+ mapfile -t imported_content
++ sed '/^\s*$/d' reports/198.51.100.75/misc/.objects/fw1.list
+ message 'Divisor: [--ZGV2b3BzLXJlc291cmNlcy5zaGVsbA--]'
+ [[ -n Divisor: [--ZGV2b3BzLXJlc291cmNlcy5zaGVsbA--] ]]
+ local 'message=Divisor: [--ZGV2b3BzLXJlc291cmNlcy5zaGVsbA--]'
+ echo -e 'Divisor: [--ZGV2b3BzLXJlc291cmNlcy5zaGVsbA--]'
+ cat -vet
Divisor: [--ZGV2b3BzLXJlc291cmNlcy5zaGVsbA--]$
+ [[ true == true ]]
+ message 'Imported Configuration(s): '
+ [[ -n Imported Configuration(s):  ]]
+ local 'message=Imported Configuration(s): '
+ echo -e 'Imported Configuration(s): '
Imported Configuration(s): 
+ newline
+ local count=1
+ (( i = 0 ))
+ (( i < count ))
+ echo

+ (( i++ ))
+ (( i < count ))
+ for object in "${imported_content[@]}"
+ message 'object-group network Krypton-Cloud--ZGV2b3BzLXJlc291cmNlcy5zaGVsbA--  description Cloud-facing external nodes--ZGV2b3BzLXJlc291cmNlcy5zaGVsbA--  network-object host 198.51.100.75--ZGV2b3BzLXJlc291cmNlcy5zaGVsbA--  network-object host 203.0.113.25'
+ [[ -n object-group network Krypton-Cloud--ZGV2b3BzLXJlc291cmNlcy5zaGVsbA--  description Cloud-facing external nodes--ZGV2b3BzLXJlc291cmNlcy5zaGVsbA--  network-object host 198.51.100.75--ZGV2b3BzLXJlc291cmNlcy5zaGVsbA--  network-object host 203.0.113.25 ]]
+ local 'message=object-group network Krypton-Cloud--ZGV2b3BzLXJlc291cmNlcy5zaGVsbA--  description Cloud-facing external nodes--ZGV2b3BzLXJlc291cmNlcy5zaGVsbA--  network-object host 198.51.100.75--ZGV2b3BzLXJlc291cmNlcy5zaGVsbA--  network-object host 203.0.113.25'
+ echo -e 'object-group network Krypton-Cloud--ZGV2b3BzLXJlc291cmNlcy5zaGVsbA--  description Cloud-facing external nodes--ZGV2b3BzLXJlc291cmNlcy5zaGVsbA--  network-object host 198.51.100.75--ZGV2b3BzLXJlc291cmNlcy5zaGVsbA--  network-object host 203.0.113.25'
+ for object in "${imported_content[@]}"
+ message 'object network External-Failover--ZGV2b3BzLXJlc291cmNlcy5zaGVsbA--  host 198.51.100.75--ZGV2b3BzLXJlc291cmNlcy5zaGVsbA--  description Secondary outbound route for edge'
+ [[ -n object network External-Failover--ZGV2b3BzLXJlc291cmNlcy5zaGVsbA--  host 198.51.100.75--ZGV2b3BzLXJlc291cmNlcy5zaGVsbA--  description Secondary outbound route for edge ]]
+ local 'message=object network External-Failover--ZGV2b3BzLXJlc291cmNlcy5zaGVsbA--  host 198.51.100.75--ZGV2b3BzLXJlc291cmNlcy5zaGVsbA--  description Secondary outbound route for edge'
+ echo -e 'object network External-Failover--ZGV2b3BzLXJlc291cmNlcy5zaGVsbA--  host 198.51.100.75--ZGV2b3BzLXJlc291cmNlcy5zaGVsbA--  description Secondary outbound route for edge'
+ cat -n
     1	object-group network Krypton-Cloud--ZGV2b3BzLXJlc291cmNlcy5zaGVsbA--  description Cloud-facing external nodes--ZGV2b3BzLXJlc291cmNlcy5zaGVsbA--  network-object host 198.51.100.75--ZGV2b3BzLXJlc291cmNlcy5zaGVsbA--  network-object host 203.0.113.25
     2	object network External-Failover--ZGV2b3BzLXJlc291cmNlcy5zaGVsbA--  host 198.51.100.75--ZGV2b3BzLXJlc291cmNlcy5zaGVsbA--  description Secondary outbound route for edge
+ local configs_obj2json__script=configs-obj2json
+ local obj2json_location=jobs/configs-obj2json/198.51.100.75
+ mkdir -p jobs/configs-obj2json/198.51.100.75
++ basename reports/198.51.100.75/misc/.objects/fw1.list
+ local cfg_basename=fw1.list
+ local logging_filename=fw1
+ expanded_content=()
+ local -a expanded_content
+ for block in "${imported_content[@]}"
+ [[ object-group network Krypton-Cloud--ZGV2b3BzLXJlc291cmNlcy5zaGVsbA--  description Cloud-facing external nodes--ZGV2b3BzLXJlc291cmNlcy5zaGVsbA--  network-object host 198.51.100.75--ZGV2b3BzLXJlc291cmNlcy5zaGVsbA--  network-object host 203.0.113.25 =~ ^config[[:space:]] ]]
+ expanded_content+=("${block}")
+ for block in "${imported_content[@]}"
+ [[ object network External-Failover--ZGV2b3BzLXJlc291cmNlcy5zaGVsbA--  host 198.51.100.75--ZGV2b3BzLXJlc291cmNlcy5zaGVsbA--  description Secondary outbound route for edge =~ ^config[[:space:]] ]]
+ expanded_content+=("${block}")
+ imported_content=("${expanded_content[@]}")
+ for serialized_object in "${imported_content[@]}"
+ local rel_path=misc/.objects/fw1.list
+ local device_location=misc
+ local device_filename=fw1.list
+ local objects_dir=reports/198.51.100.75/misc
+ local objects_file=reports/198.51.100.75/misc/fw1.list
+ local configs_obj2json__console=/var/folders/vp/4k9xy96d7zx8lhmgrr4khsj80000gn/T/tmp.thUdFZFM2F/configs-obj2json
+ configs_obj2json__console+=--198.51.100.75--misc--fw1.console
+ local configs_obj2json__logger=/var/folders/vp/4k9xy96d7zx8lhmgrr4khsj80000gn/T/tmp.thUdFZFM2F/fw1
+ configs_obj2json --search=198.51.100.75 '--source=object-group network Krypton-Cloud--ZGV2b3BzLXJlc291cmNlcy5zaGVsbA--  description Cloud-facing external nodes--ZGV2b3BzLXJlc291cmNlcy5zaGVsbA--  network-object host 198.51.100.75--ZGV2b3BzLXJlc291cmNlcy5zaGVsbA--  network-object host 203.0.113.25' --target=/var/folders/vp/4k9xy96d7zx8lhmgrr4khsj80000gn/T/tmp.thUdFZFM2F/fw1.list.objects --logger=/var/folders/vp/4k9xy96d7zx8lhmgrr4khsj80000gn/T/tmp.thUdFZFM2F/configs-obj2json--198.51.100.75--misc--fw1.console
+ [[ -s /var/folders/vp/4k9xy96d7zx8lhmgrr4khsj80000gn/T/tmp.thUdFZFM2F/fw1.list.objects ]]
+ companion_config=('reports/198.51.100.75/misc/fw1.cfg')
+ local companion_config
++ awk '
                BEGIN { in_json = 0 }
                /^[[:space:]]*{/ { in_json = 1 }
                in_json { print }
                /^[[:space:]]*}/ { exit }
              ' reports/198.51.100.75/misc/fw1.cfg
++ jq .
+ local 'specs_block={
  "vendor": "cisco",
  "model": "",
  "version": "",
  "domain": "",
  "hostname": ""
}'
+++ basename -s .list fw1.list
++ jq --slurp --arg site misc --arg device fw1 --argjson specs '{
  "vendor": "cisco",
  "model": "",
  "version": "",
  "domain": "",
  "hostname": ""
}' '{
              site: ( $site | gsub("^.*/"; "") ),
              specs: $specs,
              device: $device,
              objects: .
            }' /var/folders/vp/4k9xy96d7zx8lhmgrr4khsj80000gn/T/tmp.thUdFZFM2F/fw1.list.objects
+ wrapped_block='{
  "site": "misc",
  "specs": {
    "vendor": "cisco",
    "model": "",
    "version": "",
    "domain": "",
    "hostname": ""
  },
  "device": "fw1",
  "objects": [
    {
      "object": "object-group",
      "type": "network",
      "partner": "Fortress-Wireless",
      "description": "Secure wireless access layer",
      "items": [
        "network-object host 192.168.1.10"
      ],
      "others": [
        "network-object host 172.18.1.20"
      ],
      "group": "Unclassified"
    },
    {
      "object": "object-group",
      "type": "network",
      "partner": "Krypton-Cloud",
      "description": "Cloud-facing external nodes",
      "items": [
        "network-object host 203.0.113.25"
      ],
      "others": [
        "network-object host 198.51.100.75"
      ],
      "group": "Unclassified"
    },
    {
      "object": "object-group",
      "type": "network",
      "partner": "Krypton-Cloud",
      "description": "Cloud-facing external nodes",
      "items": [
        "network-object host 198.51.100.75"
      ],
      "others": [
        "network-object host 203.0.113.25"
      ],
      "group": "Unclassified"
    },
    {
      "object": "object-group",
      "type": "network",
      "partner": "Metropolis-Internal",
      "description": "Core internal LAN for application clusters",
      "items": [
        "network-object host 192.168.2.12"
      ],
      "others": [
        "network-object host 10.0.2.3",
        "network-object 192.168.2.0 255.255.255.0"
      ],
      "group": "Unclassified"
    }
  ]
}'
+ [[ true == true ]]
+ jq -e .
++ dirname /var/folders/vp/4k9xy96d7zx8lhmgrr4khsj80000gn/T/tmp.thUdFZFM2F/198.51.100.75/fragments--fw1.list--5031.json
+ mkdir -p /var/folders/vp/4k9xy96d7zx8lhmgrr4khsj80000gn/T/tmp.thUdFZFM2F/198.51.100.75
+ printf '%s\n' '{
  "site": "misc",
  "specs": {
    "vendor": "cisco",
    "model": "",
    "version": "",
    "domain": "",
    "hostname": ""
  },
  "device": "fw1",
  "objects": [
    {
      "object": "object-group",
      "type": "network",
      "partner": "Fortress-Wireless",
      "description": "Secure wireless access layer",
      "items": [
        "network-object host 192.168.1.10"
      ],
      "others": [
        "network-object host 172.18.1.20"
      ],
      "group": "Unclassified"
    },
    {
      "object": "object-group",
      "type": "network",
      "partner": "Krypton-Cloud",
      "description": "Cloud-facing external nodes",
      "items": [
        "network-object host 203.0.113.25"
      ],
      "others": [
        "network-object host 198.51.100.75"
      ],
      "group": "Unclassified"
    },
    {
      "object": "object-group",
      "type": "network",
      "partner": "Krypton-Cloud",
      "description": "Cloud-facing external nodes",
      "items": [
        "network-object host 198.51.100.75"
      ],
      "others": [
        "network-object host 203.0.113.25"
      ],
      "group": "Unclassified"
    },
    {
      "object": "object-group",
      "type": "network",
      "partner": "Metropolis-Internal",
      "description": "Core internal LAN for application clusters",
      "items": [
        "network-object host 192.168.2.12"
      ],
      "others": [
        "network-object host 10.0.2.3",
        "network-object 192.168.2.0 255.255.255.0"
      ],
      "group": "Unclassified"
    }
  ]
}'
+ for serialized_object in "${imported_content[@]}"
+ local rel_path=misc/.objects/fw1.list
+ local device_location=misc
+ local device_filename=fw1.list
+ local objects_dir=reports/198.51.100.75/misc
+ local objects_file=reports/198.51.100.75/misc/fw1.list
+ local configs_obj2json__console=/var/folders/vp/4k9xy96d7zx8lhmgrr4khsj80000gn/T/tmp.thUdFZFM2F/configs-obj2json
+ configs_obj2json__console+=--198.51.100.75--misc--fw1.console
+ local configs_obj2json__logger=/var/folders/vp/4k9xy96d7zx8lhmgrr4khsj80000gn/T/tmp.thUdFZFM2F/fw1
+ configs_obj2json --search=198.51.100.75 '--source=object network External-Failover--ZGV2b3BzLXJlc291cmNlcy5zaGVsbA--  host 198.51.100.75--ZGV2b3BzLXJlc291cmNlcy5zaGVsbA--  description Secondary outbound route for edge' --target=/var/folders/vp/4k9xy96d7zx8lhmgrr4khsj80000gn/T/tmp.thUdFZFM2F/fw1.list.objects --logger=/var/folders/vp/4k9xy96d7zx8lhmgrr4khsj80000gn/T/tmp.thUdFZFM2F/configs-obj2json--198.51.100.75--misc--fw1.console
+ [[ -s /var/folders/vp/4k9xy96d7zx8lhmgrr4khsj80000gn/T/tmp.thUdFZFM2F/fw1.list.objects ]]
+ companion_config=('reports/198.51.100.75/misc/fw1.cfg')
+ local companion_config
++ awk '
                BEGIN { in_json = 0 }
                /^[[:space:]]*{/ { in_json = 1 }
                in_json { print }
                /^[[:space:]]*}/ { exit }
              ' reports/198.51.100.75/misc/fw1.cfg
++ jq .
+ local 'specs_block={
  "vendor": "cisco",
  "model": "",
  "version": "",
  "domain": "",
  "hostname": ""
}'
+++ basename -s .list fw1.list
++ jq --slurp --arg site misc --arg device fw1 --argjson specs '{
  "vendor": "cisco",
  "model": "",
  "version": "",
  "domain": "",
  "hostname": ""
}' '{
              site: ( $site | gsub("^.*/"; "") ),
              specs: $specs,
              device: $device,
              objects: .
            }' /var/folders/vp/4k9xy96d7zx8lhmgrr4khsj80000gn/T/tmp.thUdFZFM2F/fw1.list.objects
+ wrapped_block='{
  "site": "misc",
  "specs": {
    "vendor": "cisco",
    "model": "",
    "version": "",
    "domain": "",
    "hostname": ""
  },
  "device": "fw1",
  "objects": [
    {
      "object": "object-group",
      "type": "network",
      "partner": "Fortress-Wireless",
      "description": "Secure wireless access layer",
      "items": [
        "network-object host 192.168.1.10"
      ],
      "others": [
        "network-object host 172.18.1.20"
      ],
      "group": "Unclassified"
    },
    {
      "object": "object-group",
      "type": "network",
      "partner": "Krypton-Cloud",
      "description": "Cloud-facing external nodes",
      "items": [
        "network-object host 203.0.113.25"
      ],
      "others": [
        "network-object host 198.51.100.75"
      ],
      "group": "Unclassified"
    },
    {
      "object": "object-group",
      "type": "network",
      "partner": "Krypton-Cloud",
      "description": "Cloud-facing external nodes",
      "items": [
        "network-object host 198.51.100.75"
      ],
      "others": [
        "network-object host 203.0.113.25"
      ],
      "group": "Unclassified"
    },
    {
      "object": "object-group",
      "type": "network",
      "partner": "Metropolis-Internal",
      "description": "Core internal LAN for application clusters",
      "items": [
        "network-object host 192.168.2.12"
      ],
      "others": [
        "network-object host 10.0.2.3",
        "network-object 192.168.2.0 255.255.255.0"
      ],
      "group": "Unclassified"
    },
    {
      "object": "object",
      "type": "network",
      "partner": "External-Failover",
      "description": "Secondary outbound route for edge",
      "items": [
        "host 198.51.100.75"
      ],
      "others": [],
      "group": "Unclassified"
    },
    {
      "object": "object",
      "type": "network",
      "partner": "Krypton-Gateway",
      "description": "Secure NAT boundary for cloud access",
      "items": [
        "host 203.0.113.25"
      ],
      "others": [],
      "group": "Unclassified"
    }
  ]
}'
+ [[ true == true ]]
+ jq -e .
++ dirname /var/folders/vp/4k9xy96d7zx8lhmgrr4khsj80000gn/T/tmp.thUdFZFM2F/198.51.100.75/fragments--fw1.list--5031.json
+ mkdir -p /var/folders/vp/4k9xy96d7zx8lhmgrr4khsj80000gn/T/tmp.thUdFZFM2F/198.51.100.75
+ printf '%s\n' '{
  "site": "misc",
  "specs": {
    "vendor": "cisco",
    "model": "",
    "version": "",
    "domain": "",
    "hostname": ""
  },
  "device": "fw1",
  "objects": [
    {
      "object": "object-group",
      "type": "network",
      "partner": "Fortress-Wireless",
      "description": "Secure wireless access layer",
      "items": [
        "network-object host 192.168.1.10"
      ],
      "others": [
        "network-object host 172.18.1.20"
      ],
      "group": "Unclassified"
    },
    {
      "object": "object-group",
      "type": "network",
      "partner": "Krypton-Cloud",
      "description": "Cloud-facing external nodes",
      "items": [
        "network-object host 203.0.113.25"
      ],
      "others": [
        "network-object host 198.51.100.75"
      ],
      "group": "Unclassified"
    },
    {
      "object": "object-group",
      "type": "network",
      "partner": "Krypton-Cloud",
      "description": "Cloud-facing external nodes",
      "items": [
        "network-object host 198.51.100.75"
      ],
      "others": [
        "network-object host 203.0.113.25"
      ],
      "group": "Unclassified"
    },
    {
      "object": "object-group",
      "type": "network",
      "partner": "Metropolis-Internal",
      "description": "Core internal LAN for application clusters",
      "items": [
        "network-object host 192.168.2.12"
      ],
      "others": [
        "network-object host 10.0.2.3",
        "network-object 192.168.2.0 255.255.255.0"
      ],
      "group": "Unclassified"
    },
    {
      "object": "object",
      "type": "network",
      "partner": "External-Failover",
      "description": "Secondary outbound route for edge",
      "items": [
        "host 198.51.100.75"
      ],
      "others": [],
      "group": "Unclassified"
    },
    {
      "object": "object",
      "type": "network",
      "partner": "Krypton-Gateway",
      "description": "Secure NAT boundary for cloud access",
      "items": [
        "host 203.0.113.25"
      ],
      "others": [],
      "group": "Unclassified"
    }
  ]
}'
+ local configs_obj2json__console=console/configs-obj2json.console
+ local 'search_pattern=/var/folders/vp/4k9xy96d7zx8lhmgrr4khsj80000gn/T/tmp.thUdFZFM2F/configs-obj2json--198.51.100.75--*.console'
+ :
+ for obj_console in ${search_pattern}
+ [[ -f /var/folders/vp/4k9xy96d7zx8lhmgrr4khsj80000gn/T/tmp.thUdFZFM2F/configs-obj2json--198.51.100.75--*.console ]]
+ cp -v console/configs-obj2json.console console/configs-obj2json.console
cp: console/configs-obj2json.console and console/configs-obj2json.console are identical (not copied).
